{"C:\\Users\\Hospi\\.local\\bin\\trek-coverage\\client\\src\\components\\shared\\CustomDateTimePicker.tsx": {"path":"C:\\Users\\Hospi\\.local\\bin\\trek-coverage\\client\\src\\components\\shared\\CustomDateTimePicker.tsx","statementMap":{"0":{"start":{"line":7,"column":2},"end":{"line":7,"column":null}},"1":{"start":{"line":10,"column":2},"end":{"line":10,"column":null}},"2":{"start":{"line":12,"column":23},"end":{"line":12,"column":null}},"3":{"start":{"line":38,"column":18},"end":{"line":38,"column":null}},"4":{"start":{"line":39,"column":15},"end":{"line":39,"column":null}},"5":{"start":{"line":40,"column":15},"end":{"line":40,"column":null}},"6":{"start":{"line":41,"column":24},"end":{"line":41,"column":null}},"7":{"start":{"line":42,"column":8},"end":{"line":42,"column":null}},"8":{"start":{"line":43,"column":8},"end":{"line":43,"column":null}},"9":{"start":{"line":45,"column":17},"end":{"line":45,"column":null}},"10":{"start":{"line":46,"column":19},"end":{"line":46,"column":null}},"11":{"start":{"line":47,"column":20},"end":{"line":47,"column":null}},"12":{"start":{"line":49,"column":2},"end":{"line":57,"column":null}},"13":{"start":{"line":50,"column":10},"end":{"line":54,"column":null}},"14":{"start":{"line":51,"column":6},"end":{"line":51,"column":null}},"15":{"start":{"line":51,"column":51},"end":{"line":51,"column":null}},"16":{"start":{"line":52,"column":6},"end":{"line":52,"column":null}},"17":{"start":{"line":52,"column":55},"end":{"line":52,"column":null}},"18":{"start":{"line":53,"column":6},"end":{"line":53,"column":null}},"19":{"start":{"line":55,"column":4},"end":{"line":55,"column":null}},"20":{"start":{"line":55,"column":14},"end":{"line":55,"column":null}},"21":{"start":{"line":56,"column":4},"end":{"line":56,"column":null}},"22":{"start":{"line":56,"column":17},"end":{"line":56,"column":null}},"23":{"start":{"line":59,"column":2},"end":{"line":73,"column":null}},"24":{"start":{"line":60,"column":4},"end":{"line":72,"column":null}},"25":{"start":{"line":61,"column":6},"end":{"line":70,"column":null}},"26":{"start":{"line":62,"column":8},"end":{"line":62,"column":null}},"27":{"start":{"line":63,"column":8},"end":{"line":63,"column":null}},"28":{"start":{"line":64,"column":13},"end":{"line":70,"column":null}},"29":{"start":{"line":67,"column":23},"end":{"line":67,"column":null}},"30":{"start":{"line":68,"column":8},"end":{"line":68,"column":null}},"31":{"start":{"line":69,"column":8},"end":{"line":69,"column":null}},"32":{"start":{"line":71,"column":6},"end":{"line":71,"column":null}},"33":{"start":{"line":75,"column":8},"end":{"line":80,"column":null}},"34":{"start":{"line":76,"column":4},"end":{"line":79,"column":null}},"35":{"start":{"line":77,"column":6},"end":{"line":77,"column":null}},"36":{"start":{"line":78,"column":6},"end":{"line":78,"column":null}},"37":{"start":{"line":78,"column":25},"end":{"line":78,"column":30}},"38":{"start":{"line":79,"column":11},"end":{"line":79,"column":null}},"39":{"start":{"line":79,"column":31},"end":{"line":79,"column":36}},"40":{"start":{"line":81,"column":8},"end":{"line":86,"column":null}},"41":{"start":{"line":82,"column":4},"end":{"line":85,"column":null}},"42":{"start":{"line":83,"column":6},"end":{"line":83,"column":null}},"43":{"start":{"line":84,"column":6},"end":{"line":84,"column":null}},"44":{"start":{"line":84,"column":25},"end":{"line":84,"column":30}},"45":{"start":{"line":85,"column":11},"end":{"line":85,"column":null}},"46":{"start":{"line":85,"column":31},"end":{"line":85,"column":36}},"47":{"start":{"line":88,"column":8},"end":{"line":92,"column":null}},"48":{"start":{"line":89,"column":4},"end":{"line":91,"column":null}},"49":{"start":{"line":89,"column":25},"end":{"line":89,"column":null}},"50":{"start":{"line":90,"column":9},"end":{"line":91,"column":null}},"51":{"start":{"line":90,"column":32},"end":{"line":90,"column":null}},"52":{"start":{"line":90,"column":51},"end":{"line":90,"column":56}},"53":{"start":{"line":91,"column":9},"end":{"line":91,"column":null}},"54":{"start":{"line":91,"column":33},"end":{"line":91,"column":51}},"55":{"start":{"line":93,"column":8},"end":{"line":97,"column":null}},"56":{"start":{"line":94,"column":4},"end":{"line":96,"column":null}},"57":{"start":{"line":94,"column":25},"end":{"line":94,"column":null}},"58":{"start":{"line":95,"column":9},"end":{"line":96,"column":null}},"59":{"start":{"line":95,"column":32},"end":{"line":95,"column":null}},"60":{"start":{"line":95,"column":51},"end":{"line":95,"column":56}},"61":{"start":{"line":96,"column":9},"end":{"line":96,"column":null}},"62":{"start":{"line":96,"column":33},"end":{"line":96,"column":51}},"63":{"start":{"line":101,"column":4},"end":{"line":105,"column":null}},"64":{"start":{"line":108,"column":4},"end":{"line":112,"column":null}},"65":{"start":{"line":116,"column":4},"end":{"line":120,"column":null}},"66":{"start":{"line":122,"column":21},"end":{"line":122,"column":null}},"67":{"start":{"line":123,"column":25},"end":{"line":123,"column":null}},"68":{"start":{"line":124,"column":22},"end":{"line":124,"column":null}},"69":{"start":{"line":126,"column":8},"end":{"line":133,"column":null}},"70":{"start":{"line":127,"column":4},"end":{"line":132,"column":null}},"71":{"start":{"line":128,"column":6},"end":{"line":128,"column":null}},"72":{"start":{"line":129,"column":11},"end":{"line":132,"column":null}},"73":{"start":{"line":130,"column":6},"end":{"line":130,"column":null}},"74":{"start":{"line":131,"column":6},"end":{"line":131,"column":null}},"75":{"start":{"line":135,"column":15},"end":{"line":135,"column":null}},"76":{"start":{"line":136,"column":8},"end":{"line":136,"column":null}},"77":{"start":{"line":137,"column":19},"end":{"line":139,"column":null}},"78":{"start":{"line":138,"column":4},"end":{"line":138,"column":null}},"79":{"start":{"line":141,"column":21},"end":{"line":143,"column":null}},"80":{"start":{"line":142,"column":4},"end":{"line":142,"column":null}},"81":{"start":{"line":144,"column":16},"end":{"line":144,"column":null}},"82":{"start":{"line":144,"column":65},"end":{"line":144,"column":82}},"83":{"start":{"line":146,"column":23},"end":{"line":153,"column":null}},"84":{"start":{"line":155,"column":21},"end":{"line":162,"column":null}},"85":{"start":{"line":166,"column":8},"end":{"line":166,"column":null}},"86":{"start":{"line":166,"column":41},"end":{"line":166,"column":null}},"87":{"start":{"line":168,"column":8},"end":{"line":176,"column":null}},"88":{"start":{"line":169,"column":14},"end":{"line":169,"column":null}},"89":{"start":{"line":170,"column":14},"end":{"line":170,"column":null}},"90":{"start":{"line":171,"column":14},"end":{"line":171,"column":null}},"91":{"start":{"line":172,"column":16},"end":{"line":172,"column":null}},"92":{"start":{"line":173,"column":4},"end":{"line":173,"column":null}},"93":{"start":{"line":173,"column":27},"end":{"line":173,"column":null}},"94":{"start":{"line":174,"column":4},"end":{"line":174,"column":null}},"95":{"start":{"line":175,"column":4},"end":{"line":175,"column":null}},"96":{"start":{"line":178,"column":8},"end":{"line":181,"column":null}},"97":{"start":{"line":179,"column":4},"end":{"line":179,"column":null}},"98":{"start":{"line":180,"column":4},"end":{"line":180,"column":null}},"99":{"start":{"line":183,"column":8},"end":{"line":186,"column":null}},"100":{"start":{"line":184,"column":4},"end":{"line":184,"column":null}},"101":{"start":{"line":185,"column":4},"end":{"line":185,"column":null}},"102":{"start":{"line":189,"column":4},"end":{"line":189,"column":null}},"103":{"start":{"line":190,"column":16},"end":{"line":190,"column":null}},"104":{"start":{"line":191,"column":8},"end":{"line":192,"column":null}},"105":{"start":{"line":192,"column":4},"end":{"line":192,"column":null}},"106":{"start":{"line":194,"column":20},"end":{"line":194,"column":null}},"107":{"start":{"line":195,"column":19},"end":{"line":195,"column":null}},"108":{"start":{"line":197,"column":8},"end":{"line":243,"column":null}},"109":{"start":{"line":198,"column":4},"end":{"line":198,"column":null}},"110":{"start":{"line":199,"column":4},"end":{"line":199,"column":null}},"111":{"start":{"line":199,"column":27},"end":{"line":199,"column":null}},"112":{"start":{"line":200,"column":18},"end":{"line":200,"column":null}},"113":{"start":{"line":203,"column":4},"end":{"line":207,"column":null}},"114":{"start":{"line":204,"column":6},"end":{"line":204,"column":null}},"115":{"start":{"line":204,"column":31},"end":{"line":204,"column":null}},"116":{"start":{"line":205,"column":6},"end":{"line":205,"column":null}},"117":{"start":{"line":206,"column":6},"end":{"line":206,"column":null}},"118":{"start":{"line":210,"column":18},"end":{"line":212,"column":null}},"119":{"start":{"line":213,"column":18},"end":{"line":215,"column":null}},"120":{"start":{"line":214,"column":21},"end":{"line":214,"column":62}},"121":{"start":{"line":215,"column":18},"end":{"line":215,"column":52}},"122":{"start":{"line":218,"column":17},"end":{"line":222,"column":null}},"123":{"start":{"line":223,"column":4},"end":{"line":223,"column":null}},"124":{"start":{"line":223,"column":27},"end":{"line":223,"column":null}},"125":{"start":{"line":226,"column":10},"end":{"line":226,"column":null}},"126":{"start":{"line":226,"column":53},"end":{"line":226,"column":null}},"127":{"start":{"line":227,"column":12},"end":{"line":227,"column":null}},"128":{"start":{"line":228,"column":10},"end":{"line":228,"column":null}},"129":{"start":{"line":229,"column":14},"end":{"line":229,"column":null}},"130":{"start":{"line":230,"column":4},"end":{"line":230,"column":null}},"131":{"start":{"line":230,"column":42},"end":{"line":230,"column":null}},"132":{"start":{"line":233,"column":4},"end":{"line":237,"column":null}},"133":{"start":{"line":234,"column":18},"end":{"line":234,"column":null}},"134":{"start":{"line":235,"column":6},"end":{"line":235,"column":null}},"135":{"start":{"line":236,"column":6},"end":{"line":236,"column":null}},"136":{"start":{"line":238,"column":17},"end":{"line":238,"column":null}},"137":{"start":{"line":239,"column":4},"end":{"line":239,"column":null}},"138":{"start":{"line":239,"column":44},"end":{"line":239,"column":null}},"139":{"start":{"line":240,"column":16},"end":{"line":240,"column":null}},"140":{"start":{"line":241,"column":4},"end":{"line":241,"column":null}},"141":{"start":{"line":241,"column":27},"end":{"line":241,"column":null}},"142":{"start":{"line":242,"column":4},"end":{"line":242,"column":null}},"143":{"start":{"line":245,"column":8},"end":{"line":255,"column":null}},"144":{"start":{"line":245,"column":87},"end":{"line":255,"column":null}},"145":{"start":{"line":257,"column":2},"end":{"line":657,"column":null}},"146":{"start":{"line":264,"column":27},"end":{"line":264,"column":null}},"147":{"start":{"line":266,"column":12},"end":{"line":266,"column":null}},"148":{"start":{"line":266,"column":35},"end":{"line":266,"column":null}},"149":{"start":{"line":267,"column":12},"end":{"line":267,"column":null}},"150":{"start":{"line":267,"column":36},"end":{"line":267,"column":null}},"151":{"start":{"line":289,"column":27},"end":{"line":289,"column":null}},"152":{"start":{"line":289,"column":42},"end":{"line":289,"column":44}},"153":{"start":{"line":310,"column":34},"end":{"line":310,"column":null}},"154":{"start":{"line":312,"column":14},"end":{"line":312,"column":null}},"155":{"start":{"line":312,"column":25},"end":{"line":312,"column":null}},"156":{"start":{"line":326,"column":16},"end":{"line":326,"column":null}},"157":{"start":{"line":327,"column":16},"end":{"line":327,"column":null}},"158":{"start":{"line":344,"column":16},"end":{"line":344,"column":null}},"159":{"start":{"line":345,"column":16},"end":{"line":345,"column":null}},"160":{"start":{"line":348,"column":16},"end":{"line":348,"column":null}},"161":{"start":{"line":349,"column":16},"end":{"line":349,"column":null}},"162":{"start":{"line":367,"column":26},"end":{"line":367,"column":null}},"163":{"start":{"line":368,"column":16},"end":{"line":368,"column":null}},"164":{"start":{"line":368,"column":24},"end":{"line":368,"column":null}},"165":{"start":{"line":369,"column":26},"end":{"line":369,"column":null}},"166":{"start":{"line":370,"column":24},"end":{"line":370,"column":null}},"167":{"start":{"line":371,"column":22},"end":{"line":371,"column":null}},"168":{"start":{"line":372,"column":27},"end":{"line":372,"column":null}},"169":{"start":{"line":373,"column":27},"end":{"line":373,"column":null}},"170":{"start":{"line":374,"column":27},"end":{"line":374,"column":null}},"171":{"start":{"line":375,"column":26},"end":{"line":375,"column":null}},"172":{"start":{"line":376,"column":16},"end":{"line":376,"column":null}},"173":{"start":{"line":376,"column":41},"end":{"line":376,"column":null}},"174":{"start":{"line":377,"column":16},"end":{"line":377,"column":null}},"175":{"start":{"line":377,"column":40},"end":{"line":377,"column":null}},"176":{"start":{"line":378,"column":16},"end":{"line":378,"column":null}},"177":{"start":{"line":379,"column":16},"end":{"line":379,"column":null}},"178":{"start":{"line":379,"column":30},"end":{"line":379,"column":null}},"179":{"start":{"line":380,"column":16},"end":{"line":380,"column":null}},"180":{"start":{"line":410,"column":38},"end":{"line":410,"column":null}},"181":{"start":{"line":411,"column":38},"end":{"line":411,"column":null}},"182":{"start":{"line":432,"column":40},"end":{"line":432,"column":null}},"183":{"start":{"line":433,"column":40},"end":{"line":433,"column":null}},"184":{"start":{"line":454,"column":38},"end":{"line":454,"column":null}},"185":{"start":{"line":455,"column":38},"end":{"line":455,"column":null}},"186":{"start":{"line":466,"column":20},"end":{"line":477,"column":null}},"187":{"start":{"line":482,"column":20},"end":{"line":482,"column":null}},"188":{"start":{"line":485,"column":30},"end":{"line":485,"column":null}},"189":{"start":{"line":486,"column":32},"end":{"line":486,"column":null}},"190":{"start":{"line":487,"column":31},"end":{"line":487,"column":null}},"191":{"start":{"line":488,"column":36},"end":{"line":488,"column":null}},"192":{"start":{"line":489,"column":37},"end":{"line":489,"column":null}},"193":{"start":{"line":490,"column":38},"end":{"line":495,"column":null}},"194":{"start":{"line":496,"column":20},"end":{"line":522,"column":null}},"195":{"start":{"line":500,"column":39},"end":{"line":500,"column":null}},"196":{"start":{"line":515,"column":26},"end":{"line":515,"column":null}},"197":{"start":{"line":515,"column":49},"end":{"line":515,"column":null}},"198":{"start":{"line":518,"column":26},"end":{"line":518,"column":null}},"199":{"start":{"line":518,"column":36},"end":{"line":518,"column":null}},"200":{"start":{"line":533,"column":30},"end":{"line":533,"column":null}},"201":{"start":{"line":534,"column":30},"end":{"line":534,"column":null}},"202":{"start":{"line":535,"column":36},"end":{"line":538,"column":null}},"203":{"start":{"line":539,"column":18},"end":{"line":559,"column":null}},"204":{"start":{"line":543,"column":37},"end":{"line":543,"column":null}},"205":{"start":{"line":552,"column":24},"end":{"line":552,"column":null}},"206":{"start":{"line":552,"column":34},"end":{"line":552,"column":null}},"207":{"start":{"line":555,"column":24},"end":{"line":555,"column":null}},"208":{"start":{"line":555,"column":34},"end":{"line":555,"column":null}},"209":{"start":{"line":569,"column":30},"end":{"line":569,"column":null}},"210":{"start":{"line":570,"column":30},"end":{"line":570,"column":null}},"211":{"start":{"line":571,"column":18},"end":{"line":591,"column":null}},"212":{"start":{"line":575,"column":37},"end":{"line":575,"column":null}},"213":{"start":{"line":584,"column":24},"end":{"line":584,"column":null}},"214":{"start":{"line":584,"column":34},"end":{"line":584,"column":null}},"215":{"start":{"line":587,"column":24},"end":{"line":587,"column":null}},"216":{"start":{"line":587,"column":34},"end":{"line":587,"column":null}},"217":{"start":{"line":604,"column":20},"end":{"line":604,"column":null}},"218":{"start":{"line":605,"column":20},"end":{"line":605,"column":null}},"219":{"start":{"line":606,"column":20},"end":{"line":606,"column":null}},"220":{"start":{"line":619,"column":40},"end":{"line":619,"column":null}},"221":{"start":{"line":620,"column":40},"end":{"line":620,"column":null}},"222":{"start":{"line":632,"column":20},"end":{"line":632,"column":null}},"223":{"start":{"line":633,"column":20},"end":{"line":633,"column":null}},"224":{"start":{"line":645,"column":40},"end":{"line":645,"column":null}},"225":{"start":{"line":646,"column":40},"end":{"line":646,"column":null}},"226":{"start":{"line":669,"column":10},"end":{"line":669,"column":null}},"227":{"start":{"line":670,"column":19},"end":{"line":670,"column":null}},"228":{"start":{"line":672,"column":8},"end":{"line":674,"column":null}},"229":{"start":{"line":673,"column":4},"end":{"line":673,"column":null}},"230":{"start":{"line":675,"column":8},"end":{"line":678,"column":null}},"231":{"start":{"line":676,"column":14},"end":{"line":676,"column":null}},"232":{"start":{"line":677,"column":4},"end":{"line":677,"column":null}},"233":{"start":{"line":680,"column":2},"end":{"line":686,"column":null}}},"fnMap":{"0":{"name":"daysInMonth","decl":{"start":{"line":6,"column":9},"end":{"line":6,"column":21}},"loc":{"start":{"line":6,"column":58},"end":{"line":8,"column":null}},"line":6},"1":{"name":"getWeekday","decl":{"start":{"line":9,"column":9},"end":{"line":9,"column":20}},"loc":{"start":{"line":9,"column":70},"end":{"line":11,"column":null}},"line":9},"2":{"name":"CustomDatePicker","decl":{"start":{"line":28,"column":16},"end":{"line":28,"column":33}},"loc":{"start":{"line":37,"column":26},"end":{"line":659,"column":null}},"line":37},"3":{"name":"(anonymous_3)","decl":{"start":{"line":49,"column":2},"end":{"line":49,"column":18}},"loc":{"start":{"line":49,"column":18},"end":{"line":57,"column":5}},"line":49},"4":{"name":"(anonymous_4)","decl":{"start":{"line":50,"column":10},"end":{"line":50,"column":21}},"loc":{"start":{"line":50,"column":39},"end":{"line":54,"column":null}},"line":50},"5":{"name":"(anonymous_5)","decl":{"start":{"line":56,"column":4},"end":{"line":56,"column":17}},"loc":{"start":{"line":56,"column":17},"end":{"line":56,"column":null}},"line":56},"6":{"name":"(anonymous_6)","decl":{"start":{"line":59,"column":2},"end":{"line":59,"column":18}},"loc":{"start":{"line":59,"column":18},"end":{"line":73,"column":5}},"line":59},"7":{"name":"(anonymous_7)","decl":{"start":{"line":75,"column":8},"end":{"line":75,"column":26}},"loc":{"start":{"line":75,"column":26},"end":{"line":80,"column":null}},"line":75},"8":{"name":"(anonymous_8)","decl":{"start":{"line":78,"column":6},"end":{"line":78,"column":19}},"loc":{"start":{"line":78,"column":25},"end":{"line":78,"column":30}},"line":78},"9":{"name":"(anonymous_9)","decl":{"start":{"line":79,"column":11},"end":{"line":79,"column":25}},"loc":{"start":{"line":79,"column":31},"end":{"line":79,"column":36}},"line":79},"10":{"name":"(anonymous_10)","decl":{"start":{"line":81,"column":8},"end":{"line":81,"column":26}},"loc":{"start":{"line":81,"column":26},"end":{"line":86,"column":null}},"line":81},"11":{"name":"(anonymous_11)","decl":{"start":{"line":84,"column":6},"end":{"line":84,"column":19}},"loc":{"start":{"line":84,"column":25},"end":{"line":84,"column":30}},"line":84},"12":{"name":"(anonymous_12)","decl":{"start":{"line":85,"column":11},"end":{"line":85,"column":25}},"loc":{"start":{"line":85,"column":31},"end":{"line":85,"column":36}},"line":85},"13":{"name":"(anonymous_13)","decl":{"start":{"line":88,"column":8},"end":{"line":88,"column":27}},"loc":{"start":{"line":88,"column":27},"end":{"line":92,"column":null}},"line":88},"14":{"name":"(anonymous_14)","decl":{"start":{"line":90,"column":32},"end":{"line":90,"column":45}},"loc":{"start":{"line":90,"column":51},"end":{"line":90,"column":56}},"line":90},"15":{"name":"(anonymous_15)","decl":{"start":{"line":91,"column":9},"end":{"line":91,"column":27}},"loc":{"start":{"line":91,"column":33},"end":{"line":91,"column":51}},"line":91},"16":{"name":"(anonymous_16)","decl":{"start":{"line":93,"column":8},"end":{"line":93,"column":27}},"loc":{"start":{"line":93,"column":27},"end":{"line":97,"column":null}},"line":93},"17":{"name":"(anonymous_17)","decl":{"start":{"line":95,"column":32},"end":{"line":95,"column":45}},"loc":{"start":{"line":95,"column":51},"end":{"line":95,"column":56}},"line":95},"18":{"name":"(anonymous_18)","decl":{"start":{"line":96,"column":9},"end":{"line":96,"column":27}},"loc":{"start":{"line":96,"column":33},"end":{"line":96,"column":51}},"line":96},"19":{"name":"(anonymous_19)","decl":{"start":{"line":126,"column":8},"end":{"line":126,"column":34}},"loc":{"start":{"line":126,"column":34},"end":{"line":133,"column":null}},"line":126},"20":{"name":"(anonymous_20)","decl":{"start":{"line":137,"column":42},"end":{"line":137,"column":46}},"loc":{"start":{"line":138,"column":4},"end":{"line":138,"column":null}},"line":138},"21":{"name":"(anonymous_21)","decl":{"start":{"line":141,"column":45},"end":{"line":141,"column":49}},"loc":{"start":{"line":142,"column":4},"end":{"line":142,"column":null}},"line":142},"22":{"name":"(anonymous_22)","decl":{"start":{"line":144,"column":52},"end":{"line":144,"column":56}},"loc":{"start":{"line":144,"column":65},"end":{"line":144,"column":82}},"line":144},"23":{"name":"(anonymous_23)","decl":{"start":{"line":166,"column":8},"end":{"line":166,"column":24}},"loc":{"start":{"line":166,"column":41},"end":{"line":166,"column":null}},"line":166},"24":{"name":"(anonymous_24)","decl":{"start":{"line":168,"column":8},"end":{"line":168,"column":21}},"loc":{"start":{"line":168,"column":37},"end":{"line":176,"column":null}},"line":168},"25":{"name":"(anonymous_25)","decl":{"start":{"line":178,"column":8},"end":{"line":178,"column":23}},"loc":{"start":{"line":178,"column":41},"end":{"line":181,"column":null}},"line":178},"26":{"name":"(anonymous_26)","decl":{"start":{"line":183,"column":8},"end":{"line":183,"column":22}},"loc":{"start":{"line":183,"column":39},"end":{"line":186,"column":null}},"line":183},"27":{"name":"(anonymous_27)","decl":{"start":{"line":191,"column":8},"end":{"line":191,"column":19}},"loc":{"start":{"line":192,"column":4},"end":{"line":192,"column":null}},"line":192},"28":{"name":"(anonymous_28)","decl":{"start":{"line":197,"column":8},"end":{"line":197,"column":33}},"loc":{"start":{"line":197,"column":33},"end":{"line":243,"column":null}},"line":197},"29":{"name":"(anonymous_29)","decl":{"start":{"line":214,"column":7},"end":{"line":214,"column":15}},"loc":{"start":{"line":214,"column":21},"end":{"line":214,"column":62}},"line":214},"30":{"name":"(anonymous_30)","decl":{"start":{"line":215,"column":7},"end":{"line":215,"column":12}},"loc":{"start":{"line":215,"column":18},"end":{"line":215,"column":52}},"line":215},"31":{"name":"(anonymous_31)","decl":{"start":{"line":226,"column":10},"end":{"line":226,"column":17}},"loc":{"start":{"line":226,"column":53},"end":{"line":226,"column":null}},"line":226},"32":{"name":"(anonymous_32)","decl":{"start":{"line":245,"column":8},"end":{"line":245,"column":25}},"loc":{"start":{"line":245,"column":87},"end":{"line":255,"column":null}},"line":245},"33":{"name":"(anonymous_33)","decl":{"start":{"line":264,"column":10},"end":{"line":264,"column":21}},"loc":{"start":{"line":264,"column":27},"end":{"line":264,"column":null}},"line":264},"34":{"name":"(anonymous_34)","decl":{"start":{"line":265,"column":10},"end":{"line":265,"column":22}},"loc":{"start":{"line":265,"column":28},"end":{"line":268,"column":null}},"line":265},"35":{"name":"(anonymous_35)","decl":{"start":{"line":289,"column":12},"end":{"line":289,"column":27}},"loc":{"start":{"line":289,"column":27},"end":{"line":289,"column":null}},"line":289},"36":{"name":"(anonymous_36)","decl":{"start":{"line":289,"column":27},"end":{"line":289,"column":36}},"loc":{"start":{"line":289,"column":42},"end":{"line":289,"column":44}},"line":289},"37":{"name":"(anonymous_37)","decl":{"start":{"line":310,"column":12},"end":{"line":310,"column":27}},"loc":{"start":{"line":310,"column":34},"end":{"line":310,"column":null}},"line":310},"38":{"name":"(anonymous_38)","decl":{"start":{"line":311,"column":12},"end":{"line":311,"column":27}},"loc":{"start":{"line":311,"column":33},"end":{"line":313,"column":null}},"line":311},"39":{"name":"(anonymous_39)","decl":{"start":{"line":325,"column":14},"end":{"line":325,"column":29}},"loc":{"start":{"line":325,"column":29},"end":{"line":328,"column":null}},"line":325},"40":{"name":"(anonymous_40)","decl":{"start":{"line":343,"column":14},"end":{"line":343,"column":29}},"loc":{"start":{"line":343,"column":35},"end":{"line":346,"column":null}},"line":343},"41":{"name":"(anonymous_41)","decl":{"start":{"line":347,"column":14},"end":{"line":347,"column":29}},"loc":{"start":{"line":347,"column":35},"end":{"line":350,"column":null}},"line":347},"42":{"name":"(anonymous_42)","decl":{"start":{"line":366,"column":14},"end":{"line":366,"column":24}},"loc":{"start":{"line":366,"column":24},"end":{"line":381,"column":17}},"line":366},"43":{"name":"(anonymous_43)","decl":{"start":{"line":410,"column":16},"end":{"line":410,"column":31}},"loc":{"start":{"line":410,"column":38},"end":{"line":410,"column":null}},"line":410},"44":{"name":"(anonymous_44)","decl":{"start":{"line":411,"column":16},"end":{"line":411,"column":31}},"loc":{"start":{"line":411,"column":38},"end":{"line":411,"column":null}},"line":411},"45":{"name":"(anonymous_45)","decl":{"start":{"line":432,"column":18},"end":{"line":432,"column":33}},"loc":{"start":{"line":432,"column":40},"end":{"line":432,"column":null}},"line":432},"46":{"name":"(anonymous_46)","decl":{"start":{"line":433,"column":18},"end":{"line":433,"column":33}},"loc":{"start":{"line":433,"column":40},"end":{"line":433,"column":null}},"line":433},"47":{"name":"(anonymous_47)","decl":{"start":{"line":454,"column":16},"end":{"line":454,"column":31}},"loc":{"start":{"line":454,"column":38},"end":{"line":454,"column":null}},"line":454},"48":{"name":"(anonymous_48)","decl":{"start":{"line":455,"column":16},"end":{"line":455,"column":31}},"loc":{"start":{"line":455,"column":38},"end":{"line":455,"column":null}},"line":455},"49":{"name":"(anonymous_49)","decl":{"start":{"line":465,"column":28},"end":{"line":465,"column":33}},"loc":{"start":{"line":466,"column":20},"end":{"line":477,"column":null}},"line":466},"50":{"name":"(anonymous_50)","decl":{"start":{"line":481,"column":49},"end":{"line":481,"column":53}},"loc":{"start":{"line":482,"column":20},"end":{"line":482,"column":null}},"line":482},"51":{"name":"(anonymous_51)","decl":{"start":{"line":484,"column":45},"end":{"line":484,"column":49}},"loc":{"start":{"line":484,"column":58},"end":{"line":524,"column":19}},"line":484},"52":{"name":"(anonymous_52)","decl":{"start":{"line":500,"column":24},"end":{"line":500,"column":39}},"loc":{"start":{"line":500,"column":39},"end":{"line":500,"column":null}},"line":500},"53":{"name":"(anonymous_53)","decl":{"start":{"line":514,"column":24},"end":{"line":514,"column":39}},"loc":{"start":{"line":514,"column":45},"end":{"line":516,"column":null}},"line":514},"54":{"name":"(anonymous_54)","decl":{"start":{"line":517,"column":24},"end":{"line":517,"column":39}},"loc":{"start":{"line":517,"column":45},"end":{"line":519,"column":null}},"line":517},"55":{"name":"(anonymous_55)","decl":{"start":{"line":532,"column":28},"end":{"line":532,"column":33}},"loc":{"start":{"line":532,"column":45},"end":{"line":561,"column":17}},"line":532},"56":{"name":"(anonymous_56)","decl":{"start":{"line":543,"column":22},"end":{"line":543,"column":37}},"loc":{"start":{"line":543,"column":37},"end":{"line":543,"column":null}},"line":543},"57":{"name":"(anonymous_57)","decl":{"start":{"line":551,"column":22},"end":{"line":551,"column":37}},"loc":{"start":{"line":551,"column":43},"end":{"line":553,"column":null}},"line":551},"58":{"name":"(anonymous_58)","decl":{"start":{"line":554,"column":22},"end":{"line":554,"column":37}},"loc":{"start":{"line":554,"column":43},"end":{"line":556,"column":null}},"line":554},"59":{"name":"(anonymous_59)","decl":{"start":{"line":568,"column":23},"end":{"line":568,"column":28}},"loc":{"start":{"line":568,"column":37},"end":{"line":593,"column":17}},"line":568},"60":{"name":"(anonymous_60)","decl":{"start":{"line":575,"column":22},"end":{"line":575,"column":37}},"loc":{"start":{"line":575,"column":37},"end":{"line":575,"column":null}},"line":575},"61":{"name":"(anonymous_61)","decl":{"start":{"line":583,"column":22},"end":{"line":583,"column":37}},"loc":{"start":{"line":583,"column":43},"end":{"line":585,"column":null}},"line":583},"62":{"name":"(anonymous_62)","decl":{"start":{"line":586,"column":22},"end":{"line":586,"column":37}},"loc":{"start":{"line":586,"column":43},"end":{"line":588,"column":null}},"line":586},"63":{"name":"(anonymous_63)","decl":{"start":{"line":603,"column":18},"end":{"line":603,"column":33}},"loc":{"start":{"line":603,"column":33},"end":{"line":607,"column":null}},"line":603},"64":{"name":"(anonymous_64)","decl":{"start":{"line":619,"column":18},"end":{"line":619,"column":33}},"loc":{"start":{"line":619,"column":40},"end":{"line":619,"column":null}},"line":619},"65":{"name":"(anonymous_65)","decl":{"start":{"line":620,"column":18},"end":{"line":620,"column":33}},"loc":{"start":{"line":620,"column":40},"end":{"line":620,"column":null}},"line":620},"66":{"name":"(anonymous_66)","decl":{"start":{"line":631,"column":18},"end":{"line":631,"column":33}},"loc":{"start":{"line":631,"column":33},"end":{"line":634,"column":null}},"line":631},"67":{"name":"(anonymous_67)","decl":{"start":{"line":645,"column":18},"end":{"line":645,"column":33}},"loc":{"start":{"line":645,"column":40},"end":{"line":645,"column":null}},"line":645},"68":{"name":"(anonymous_68)","decl":{"start":{"line":646,"column":18},"end":{"line":646,"column":33}},"loc":{"start":{"line":646,"column":40},"end":{"line":646,"column":null}},"line":646},"69":{"name":"CustomDateTimePicker","decl":{"start":{"line":668,"column":16},"end":{"line":668,"column":37}},"loc":{"start":{"line":668,"column":110},"end":{"line":688,"column":null}},"line":668},"70":{"name":"(anonymous_70)","decl":{"start":{"line":672,"column":8},"end":{"line":672,"column":28}},"loc":{"start":{"line":672,"column":42},"end":{"line":674,"column":null}},"line":672},"71":{"name":"(anonymous_71)","decl":{"start":{"line":675,"column":8},"end":{"line":675,"column":28}},"loc":{"start":{"line":675,"column":42},"end":{"line":678,"column":null}},"line":675}},"branchMap":{"0":{"loc":{"start":{"line":32,"column":2},"end":{"line":32,"column":null}},"type":"default-arg","locations":[{"start":{"line":32,"column":10},"end":{"line":32,"column":null}}],"line":32},"1":{"loc":{"start":{"line":33,"column":2},"end":{"line":33,"column":null}},"type":"default-arg","locations":[{"start":{"line":33,"column":12},"end":{"line":33,"column":null}}],"line":33},"2":{"loc":{"start":{"line":34,"column":2},"end":{"line":34,"column":null}},"type":"default-arg","locations":[{"start":{"line":34,"column":15},"end":{"line":34,"column":null}}],"line":34},"3":{"loc":{"start":{"line":45,"column":17},"end":{"line":45,"column":null}},"type":"cond-expr","locations":[{"start":{"line":45,"column":25},"end":{"line":45,"column":58}},{"start":{"line":45,"column":58},"end":{"line":45,"column":null}}],"line":45},"4":{"loc":{"start":{"line":46,"column":43},"end":{"line":46,"column":95}},"type":"binary-expr","locations":[{"start":{"line":46,"column":43},"end":{"line":46,"column":71}},{"start":{"line":46,"column":71},"end":{"line":46,"column":95}}],"line":46},"5":{"loc":{"start":{"line":47,"column":45},"end":{"line":47,"column":91}},"type":"binary-expr","locations":[{"start":{"line":47,"column":45},"end":{"line":47,"column":70}},{"start":{"line":47,"column":70},"end":{"line":47,"column":91}}],"line":47},"6":{"loc":{"start":{"line":51,"column":6},"end":{"line":51,"column":null}},"type":"if","locations":[{"start":{"line":51,"column":6},"end":{"line":51,"column":null}},{"start":{},"end":{}}],"line":51},"7":{"loc":{"start":{"line":52,"column":6},"end":{"line":52,"column":null}},"type":"if","locations":[{"start":{"line":52,"column":6},"end":{"line":52,"column":null}},{"start":{},"end":{}}],"line":52},"8":{"loc":{"start":{"line":55,"column":4},"end":{"line":55,"column":null}},"type":"if","locations":[{"start":{"line":55,"column":4},"end":{"line":55,"column":null}},{"start":{},"end":{}}],"line":55},"9":{"loc":{"start":{"line":60,"column":4},"end":{"line":72,"column":null}},"type":"if","locations":[{"start":{"line":60,"column":4},"end":{"line":72,"column":null}},{"start":{},"end":{}}],"line":60},"10":{"loc":{"start":{"line":61,"column":6},"end":{"line":70,"column":null}},"type":"if","locations":[{"start":{"line":61,"column":6},"end":{"line":70,"column":null}},{"start":{"line":64,"column":13},"end":{"line":70,"column":null}}],"line":61},"11":{"loc":{"start":{"line":64,"column":13},"end":{"line":70,"column":null}},"type":"if","locations":[{"start":{"line":64,"column":13},"end":{"line":70,"column":null}},{"start":{},"end":{}}],"line":64},"12":{"loc":{"start":{"line":64,"column":17},"end":{"line":64,"column":29}},"type":"binary-expr","locations":[{"start":{"line":64,"column":17},"end":{"line":64,"column":24}},{"start":{"line":64,"column":24},"end":{"line":64,"column":29}}],"line":64},"13":{"loc":{"start":{"line":67,"column":33},"end":{"line":67,"column":47}},"type":"binary-expr","locations":[{"start":{"line":67,"column":33},"end":{"line":67,"column":40}},{"start":{"line":67,"column":40},"end":{"line":67,"column":47}}],"line":67},"14":{"loc":{"start":{"line":76,"column":4},"end":{"line":79,"column":null}},"type":"if","locations":[{"start":{"line":76,"column":4},"end":{"line":79,"column":null}},{"start":{"line":79,"column":11},"end":{"line":79,"column":null}}],"line":76},"15":{"loc":{"start":{"line":82,"column":4},"end":{"line":85,"column":null}},"type":"if","locations":[{"start":{"line":82,"column":4},"end":{"line":85,"column":null}},{"start":{"line":85,"column":11},"end":{"line":85,"column":null}}],"line":82},"16":{"loc":{"start":{"line":89,"column":4},"end":{"line":91,"column":null}},"type":"if","locations":[{"start":{"line":89,"column":4},"end":{"line":91,"column":null}},{"start":{"line":90,"column":9},"end":{"line":91,"column":null}}],"line":89},"17":{"loc":{"start":{"line":90,"column":9},"end":{"line":91,"column":null}},"type":"if","locations":[{"start":{"line":90,"column":9},"end":{"line":91,"column":null}},{"start":{"line":91,"column":9},"end":{"line":91,"column":null}}],"line":90},"18":{"loc":{"start":{"line":94,"column":4},"end":{"line":96,"column":null}},"type":"if","locations":[{"start":{"line":94,"column":4},"end":{"line":96,"column":null}},{"start":{"line":95,"column":9},"end":{"line":96,"column":null}}],"line":94},"19":{"loc":{"start":{"line":95,"column":9},"end":{"line":96,"column":null}},"type":"if","locations":[{"start":{"line":95,"column":9},"end":{"line":96,"column":null}},{"start":{"line":96,"column":9},"end":{"line":96,"column":null}}],"line":95},"20":{"loc":{"start":{"line":101,"column":4},"end":{"line":105,"column":null}},"type":"cond-expr","locations":[{"start":{"line":102,"column":8},"end":{"line":102,"column":null}},{"start":{"line":103,"column":8},"end":{"line":105,"column":null}}],"line":101},"21":{"loc":{"start":{"line":103,"column":8},"end":{"line":105,"column":null}},"type":"cond-expr","locations":[{"start":{"line":104,"column":10},"end":{"line":104,"column":null}},{"start":{"line":105,"column":10},"end":{"line":105,"column":null}}],"line":103},"22":{"loc":{"start":{"line":108,"column":4},"end":{"line":112,"column":null}},"type":"cond-expr","locations":[{"start":{"line":109,"column":8},"end":{"line":109,"column":null}},{"start":{"line":110,"column":8},"end":{"line":112,"column":null}}],"line":108},"23":{"loc":{"start":{"line":110,"column":8},"end":{"line":112,"column":null}},"type":"cond-expr","locations":[{"start":{"line":111,"column":10},"end":{"line":111,"column":null}},{"start":{"line":112,"column":10},"end":{"line":112,"column":null}}],"line":110},"24":{"loc":{"start":{"line":116,"column":4},"end":{"line":120,"column":null}},"type":"cond-expr","locations":[{"start":{"line":117,"column":8},"end":{"line":117,"column":null}},{"start":{"line":118,"column":8},"end":{"line":120,"column":null}}],"line":116},"25":{"loc":{"start":{"line":118,"column":8},"end":{"line":120,"column":null}},"type":"cond-expr","locations":[{"start":{"line":119,"column":10},"end":{"line":119,"column":null}},{"start":{"line":120,"column":10},"end":{"line":120,"column":null}}],"line":118},"26":{"loc":{"start":{"line":124,"column":22},"end":{"line":124,"column":null}},"type":"cond-expr","locations":[{"start":{"line":124,"column":40},"end":{"line":124,"column":53}},{"start":{"line":124,"column":53},"end":{"line":124,"column":null}}],"line":124},"27":{"loc":{"start":{"line":124,"column":53},"end":{"line":124,"column":null}},"type":"cond-expr","locations":[{"start":{"line":124,"column":73},"end":{"line":124,"column":92}},{"start":{"line":124,"column":92},"end":{"line":124,"column":null}}],"line":124},"28":{"loc":{"start":{"line":127,"column":4},"end":{"line":132,"column":null}},"type":"if","locations":[{"start":{"line":127,"column":4},"end":{"line":132,"column":null}},{"start":{"line":129,"column":11},"end":{"line":132,"column":null}}],"line":127},"29":{"loc":{"start":{"line":129,"column":11},"end":{"line":132,"column":null}},"type":"if","locations":[{"start":{"line":129,"column":11},"end":{"line":132,"column":null}},{"start":{},"end":{}}],"line":129},"30":{"loc":{"start":{"line":146,"column":23},"end":{"line":153,"column":null}},"type":"cond-expr","locations":[{"start":{"line":147,"column":6},"end":{"line":152,"column":null}},{"start":{"line":153,"column":6},"end":{"line":153,"column":null}}],"line":146},"31":{"loc":{"start":{"line":149,"column":8},"end":{"line":151,"column":null}},"type":"cond-expr","locations":[{"start":{"line":150,"column":12},"end":{"line":150,"column":null}},{"start":{"line":151,"column":12},"end":{"line":151,"column":null}}],"line":149},"32":{"loc":{"start":{"line":155,"column":21},"end":{"line":162,"column":null}},"type":"cond-expr","locations":[{"start":{"line":156,"column":6},"end":{"line":161,"column":null}},{"start":{"line":162,"column":6},"end":{"line":162,"column":null}}],"line":155},"33":{"loc":{"start":{"line":166,"column":41},"end":{"line":166,"column":null}},"type":"binary-expr","locations":[{"start":{"line":166,"column":41},"end":{"line":166,"column":50}},{"start":{"line":166,"column":50},"end":{"line":166,"column":65}},{"start":{"line":166,"column":65},"end":{"line":166,"column":74}},{"start":{"line":166,"column":74},"end":{"line":166,"column":null}}],"line":166},"34":{"loc":{"start":{"line":173,"column":4},"end":{"line":173,"column":null}},"type":"if","locations":[{"start":{"line":173,"column":4},"end":{"line":173,"column":null}},{"start":{},"end":{}}],"line":173},"35":{"loc":{"start":{"line":189,"column":4},"end":{"line":189,"column":null}},"type":"cond-expr","locations":[{"start":{"line":189,"column":91},"end":{"line":189,"column":113}},{"start":{"line":189,"column":113},"end":{"line":189,"column":null}}],"line":189},"36":{"loc":{"start":{"line":189,"column":4},"end":{"line":189,"column":91}},"type":"binary-expr","locations":[{"start":{"line":189,"column":4},"end":{"line":189,"column":14}},{"start":{"line":189,"column":14},"end":{"line":189,"column":54}},{"start":{"line":189,"column":54},"end":{"line":189,"column":91}}],"line":189},"37":{"loc":{"start":{"line":192,"column":4},"end":{"line":192,"column":null}},"type":"binary-expr","locations":[{"start":{"line":192,"column":4},"end":{"line":192,"column":40}},{"start":{"line":192,"column":40},"end":{"line":192,"column":74}},{"start":{"line":192,"column":74},"end":{"line":192,"column":null}}],"line":192},"38":{"loc":{"start":{"line":199,"column":4},"end":{"line":199,"column":null}},"type":"if","locations":[{"start":{"line":199,"column":4},"end":{"line":199,"column":null}},{"start":{},"end":{}}],"line":199},"39":{"loc":{"start":{"line":203,"column":4},"end":{"line":207,"column":null}},"type":"if","locations":[{"start":{"line":203,"column":4},"end":{"line":207,"column":null}},{"start":{},"end":{}}],"line":203},"40":{"loc":{"start":{"line":204,"column":6},"end":{"line":204,"column":null}},"type":"if","locations":[{"start":{"line":204,"column":6},"end":{"line":204,"column":null}},{"start":{},"end":{}}],"line":204},"41":{"loc":{"start":{"line":223,"column":4},"end":{"line":223,"column":null}},"type":"if","locations":[{"start":{"line":223,"column":4},"end":{"line":223,"column":null}},{"start":{},"end":{}}],"line":223},"42":{"loc":{"start":{"line":230,"column":4},"end":{"line":230,"column":null}},"type":"if","locations":[{"start":{"line":230,"column":4},"end":{"line":230,"column":null}},{"start":{},"end":{}}],"line":230},"43":{"loc":{"start":{"line":230,"column":8},"end":{"line":230,"column":42}},"type":"binary-expr","locations":[{"start":{"line":230,"column":8},"end":{"line":230,"column":20}},{"start":{"line":230,"column":20},"end":{"line":230,"column":32}},{"start":{"line":230,"column":32},"end":{"line":230,"column":42}}],"line":230},"44":{"loc":{"start":{"line":233,"column":4},"end":{"line":237,"column":null}},"type":"if","locations":[{"start":{"line":233,"column":4},"end":{"line":237,"column":null}},{"start":{},"end":{}}],"line":233},"45":{"loc":{"start":{"line":233,"column":8},"end":{"line":233,"column":27}},"type":"binary-expr","locations":[{"start":{"line":233,"column":8},"end":{"line":233,"column":18}},{"start":{"line":233,"column":18},"end":{"line":233,"column":27}}],"line":233},"46":{"loc":{"start":{"line":238,"column":17},"end":{"line":238,"column":null}},"type":"cond-expr","locations":[{"start":{"line":238,"column":27},"end":{"line":238,"column":38}},{"start":{"line":238,"column":38},"end":{"line":238,"column":null}}],"line":238},"47":{"loc":{"start":{"line":239,"column":4},"end":{"line":239,"column":null}},"type":"if","locations":[{"start":{"line":239,"column":4},"end":{"line":239,"column":null}},{"start":{},"end":{}}],"line":239},"48":{"loc":{"start":{"line":239,"column":8},"end":{"line":239,"column":44}},"type":"binary-expr","locations":[{"start":{"line":239,"column":8},"end":{"line":239,"column":17}},{"start":{"line":239,"column":17},"end":{"line":239,"column":27}},{"start":{"line":239,"column":27},"end":{"line":239,"column":36}},{"start":{"line":239,"column":36},"end":{"line":239,"column":44}}],"line":239},"49":{"loc":{"start":{"line":241,"column":4},"end":{"line":241,"column":null}},"type":"if","locations":[{"start":{"line":241,"column":4},"end":{"line":241,"column":null}},{"start":{},"end":{}}],"line":241},"50":{"loc":{"start":{"line":248,"column":16},"end":{"line":248,"column":null}},"type":"cond-expr","locations":[{"start":{"line":248,"column":27},"end":{"line":248,"column":45}},{"start":{"line":248,"column":45},"end":{"line":248,"column":null}}],"line":248},"51":{"loc":{"start":{"line":249,"column":11},"end":{"line":249,"column":null}},"type":"cond-expr","locations":[{"start":{"line":249,"column":22},"end":{"line":249,"column":45}},{"start":{"line":249,"column":45},"end":{"line":249,"column":null}}],"line":249},"52":{"loc":{"start":{"line":250,"column":16},"end":{"line":250,"column":null}},"type":"cond-expr","locations":[{"start":{"line":250,"column":27},"end":{"line":250,"column":33}},{"start":{"line":250,"column":33},"end":{"line":250,"column":null}}],"line":250},"53":{"loc":{"start":{"line":250,"column":33},"end":{"line":250,"column":null}},"type":"cond-expr","locations":[{"start":{"line":250,"column":43},"end":{"line":250,"column":49}},{"start":{"line":250,"column":49},"end":{"line":250,"column":null}}],"line":250},"54":{"loc":{"start":{"line":252,"column":13},"end":{"line":252,"column":null}},"type":"cond-expr","locations":[{"start":{"line":252,"column":36},"end":{"line":252,"column":72}},{"start":{"line":252,"column":72},"end":{"line":252,"column":null}}],"line":252},"55":{"loc":{"start":{"line":252,"column":13},"end":{"line":252,"column":36}},"type":"binary-expr","locations":[{"start":{"line":252,"column":13},"end":{"line":252,"column":24}},{"start":{"line":252,"column":24},"end":{"line":252,"column":36}}],"line":252},"56":{"loc":{"start":{"line":259,"column":7},"end":{"line":355,"column":null}},"type":"cond-expr","locations":[{"start":{"line":260,"column":8},"end":{"line":285,"column":9}},{"start":{"line":285,"column":8},"end":{"line":355,"column":null}}],"line":259},"57":{"loc":{"start":{"line":266,"column":12},"end":{"line":266,"column":null}},"type":"if","locations":[{"start":{"line":266,"column":12},"end":{"line":266,"column":null}},{"start":{},"end":{}}],"line":266},"58":{"loc":{"start":{"line":267,"column":12},"end":{"line":267,"column":null}},"type":"if","locations":[{"start":{"line":267,"column":12},"end":{"line":267,"column":null}},{"start":{},"end":{}}],"line":267},"59":{"loc":{"start":{"line":290,"column":24},"end":{"line":290,"column":null}},"type":"binary-expr","locations":[{"start":{"line":290,"column":24},"end":{"line":290,"column":40}},{"start":{"line":290,"column":40},"end":{"line":290,"column":55}},{"start":{"line":290,"column":55},"end":{"line":290,"column":null}}],"line":290},"60":{"loc":{"start":{"line":298,"column":19},"end":{"line":298,"column":null}},"type":"cond-expr","locations":[{"start":{"line":298,"column":29},"end":{"line":298,"column":33}},{"start":{"line":298,"column":33},"end":{"line":298,"column":null}}],"line":298},"61":{"loc":{"start":{"line":299,"column":23},"end":{"line":299,"column":null}},"type":"cond-expr","locations":[{"start":{"line":299,"column":33},"end":{"line":299,"column":45}},{"start":{"line":299,"column":45},"end":{"line":299,"column":null}}],"line":299},"62":{"loc":{"start":{"line":300,"column":28},"end":{"line":300,"column":null}},"type":"cond-expr","locations":[{"start":{"line":300,"column":38},"end":{"line":300,"column":42}},{"start":{"line":300,"column":42},"end":{"line":300,"column":null}}],"line":300},"63":{"loc":{"start":{"line":301,"column":22},"end":{"line":301,"column":null}},"type":"cond-expr","locations":[{"start":{"line":301,"column":35},"end":{"line":301,"column":44}},{"start":{"line":301,"column":44},"end":{"line":301,"column":null}}],"line":301},"64":{"loc":{"start":{"line":302,"column":26},"end":{"line":302,"column":null}},"type":"cond-expr","locations":[{"start":{"line":302,"column":39},"end":{"line":302,"column":55}},{"start":{"line":302,"column":55},"end":{"line":302,"column":null}}],"line":302},"65":{"loc":{"start":{"line":303,"column":21},"end":{"line":303,"column":null}},"type":"cond-expr","locations":[{"start":{"line":303,"column":36},"end":{"line":303,"column":60}},{"start":{"line":303,"column":60},"end":{"line":303,"column":null}}],"line":303},"66":{"loc":{"start":{"line":312,"column":14},"end":{"line":312,"column":null}},"type":"if","locations":[{"start":{"line":312,"column":14},"end":{"line":312,"column":null}},{"start":{},"end":{}}],"line":312},"67":{"loc":{"start":{"line":315,"column":13},"end":{"line":316,"column":13}},"type":"binary-expr","locations":[{"start":{"line":315,"column":13},"end":{"line":315,"column":25}},{"start":{"line":315,"column":25},"end":{"line":316,"column":13}}],"line":315},"68":{"loc":{"start":{"line":317,"column":15},"end":{"line":317,"column":null}},"type":"binary-expr","locations":[{"start":{"line":317,"column":15},"end":{"line":317,"column":31}},{"start":{"line":317,"column":31},"end":{"line":317,"column":46}},{"start":{"line":317,"column":46},"end":{"line":317,"column":null}}],"line":317},"69":{"loc":{"start":{"line":322,"column":11},"end":{"line":355,"column":null}},"type":"binary-expr","locations":[{"start":{"line":322,"column":11},"end":{"line":322,"column":23}},{"start":{"line":322,"column":23},"end":{"line":322,"column":null}},{"start":{"line":323,"column":12},"end":{"line":355,"column":null}}],"line":322},"70":{"loc":{"start":{"line":326,"column":29},"end":{"line":326,"column":45}},"type":"binary-expr","locations":[{"start":{"line":326,"column":29},"end":{"line":326,"column":43}},{"start":{"line":326,"column":43},"end":{"line":326,"column":45}}],"line":326},"71":{"loc":{"start":{"line":358,"column":7},"end":{"line":654,"column":null}},"type":"binary-expr","locations":[{"start":{"line":358,"column":7},"end":{"line":358,"column":null}},{"start":{"line":359,"column":8},"end":{"line":654,"column":null}}],"line":358},"72":{"loc":{"start":{"line":368,"column":16},"end":{"line":368,"column":null}},"type":"if","locations":[{"start":{"line":368,"column":16},"end":{"line":368,"column":null}},{"start":{},"end":{}}],"line":368},"73":{"loc":{"start":{"line":373,"column":27},"end":{"line":373,"column":null}},"type":"binary-expr","locations":[{"start":{"line":373,"column":27},"end":{"line":373,"column":60}},{"start":{"line":373,"column":60},"end":{"line":373,"column":null}}],"line":373},"74":{"loc":{"start":{"line":376,"column":16},"end":{"line":376,"column":null}},"type":"if","locations":[{"start":{"line":376,"column":16},"end":{"line":376,"column":null}},{"start":{},"end":{}}],"line":376},"75":{"loc":{"start":{"line":377,"column":16},"end":{"line":377,"column":null}},"type":"if","locations":[{"start":{"line":377,"column":16},"end":{"line":377,"column":null}},{"start":{},"end":{}}],"line":377},"76":{"loc":{"start":{"line":379,"column":16},"end":{"line":379,"column":null}},"type":"if","locations":[{"start":{"line":379,"column":16},"end":{"line":379,"column":null}},{"start":{},"end":{}}],"line":379},"77":{"loc":{"start":{"line":417,"column":15},"end":{"line":438,"column":null}},"type":"cond-expr","locations":[{"start":{"line":418,"column":16},"end":{"line":438,"column":17}},{"start":{"line":438,"column":16},"end":{"line":438,"column":null}}],"line":417},"78":{"loc":{"start":{"line":462,"column":13},"end":{"line":526,"column":null}},"type":"binary-expr","locations":[{"start":{"line":462,"column":13},"end":{"line":462,"column":null}},{"start":{"line":463,"column":14},"end":{"line":526,"column":null}}],"line":462},"79":{"loc":{"start":{"line":512,"column":30},"end":{"line":512,"column":null}},"type":"cond-expr","locations":[{"start":{"line":512,"column":41},"end":{"line":512,"column":83}},{"start":{"line":512,"column":83},"end":{"line":512,"column":null}}],"line":512},"80":{"loc":{"start":{"line":515,"column":26},"end":{"line":515,"column":null}},"type":"if","locations":[{"start":{"line":515,"column":26},"end":{"line":515,"column":null}},{"start":{},"end":{}}],"line":515},"81":{"loc":{"start":{"line":515,"column":30},"end":{"line":515,"column":49}},"type":"binary-expr","locations":[{"start":{"line":515,"column":30},"end":{"line":515,"column":38}},{"start":{"line":515,"column":38},"end":{"line":515,"column":49}}],"line":515},"82":{"loc":{"start":{"line":518,"column":26},"end":{"line":518,"column":null}},"type":"if","locations":[{"start":{"line":518,"column":26},"end":{"line":518,"column":null}},{"start":{},"end":{}}],"line":518},"83":{"loc":{"start":{"line":530,"column":13},"end":{"line":562,"column":null}},"type":"binary-expr","locations":[{"start":{"line":530,"column":13},"end":{"line":530,"column":null}},{"start":{"line":531,"column":14},"end":{"line":562,"column":null}}],"line":530},"84":{"loc":{"start":{"line":533,"column":33},"end":{"line":533,"column":null}},"type":"binary-expr","locations":[{"start":{"line":533,"column":33},"end":{"line":533,"column":43}},{"start":{"line":533,"column":43},"end":{"line":533,"column":83}},{"start":{"line":533,"column":83},"end":{"line":533,"column":null}}],"line":533},"85":{"loc":{"start":{"line":534,"column":30},"end":{"line":534,"column":null}},"type":"binary-expr","locations":[{"start":{"line":534,"column":30},"end":{"line":534,"column":66}},{"start":{"line":534,"column":66},"end":{"line":534,"column":null}}],"line":534},"86":{"loc":{"start":{"line":552,"column":24},"end":{"line":552,"column":null}},"type":"if","locations":[{"start":{"line":552,"column":24},"end":{"line":552,"column":null}},{"start":{},"end":{}}],"line":552},"87":{"loc":{"start":{"line":555,"column":24},"end":{"line":555,"column":null}},"type":"if","locations":[{"start":{"line":555,"column":24},"end":{"line":555,"column":null}},{"start":{},"end":{}}],"line":555},"88":{"loc":{"start":{"line":566,"column":13},"end":{"line":594,"column":null}},"type":"binary-expr","locations":[{"start":{"line":566,"column":13},"end":{"line":566,"column":null}},{"start":{"line":567,"column":14},"end":{"line":594,"column":null}}],"line":566},"89":{"loc":{"start":{"line":569,"column":33},"end":{"line":569,"column":null}},"type":"binary-expr","locations":[{"start":{"line":569,"column":33},"end":{"line":569,"column":43}},{"start":{"line":569,"column":43},"end":{"line":569,"column":null}}],"line":569},"90":{"loc":{"start":{"line":584,"column":24},"end":{"line":584,"column":null}},"type":"if","locations":[{"start":{"line":584,"column":24},"end":{"line":584,"column":null}},{"start":{},"end":{}}],"line":584},"91":{"loc":{"start":{"line":587,"column":24},"end":{"line":587,"column":null}},"type":"if","locations":[{"start":{"line":587,"column":24},"end":{"line":587,"column":null}},{"start":{},"end":{}}],"line":587},"92":{"loc":{"start":{"line":600,"column":15},"end":{"line":628,"column":null}},"type":"cond-expr","locations":[{"start":{"line":601,"column":16},"end":{"line":625,"column":17}},{"start":{"line":625,"column":16},"end":{"line":628,"column":null}}],"line":600},"93":{"loc":{"start":{"line":600,"column":15},"end":{"line":600,"column":null}},"type":"binary-expr","locations":[{"start":{"line":600,"column":15},"end":{"line":600,"column":26}},{"start":{"line":600,"column":26},"end":{"line":600,"column":null}}],"line":600},"94":{"loc":{"start":{"line":605,"column":33},"end":{"line":605,"column":49}},"type":"binary-expr","locations":[{"start":{"line":605,"column":33},"end":{"line":605,"column":47}},{"start":{"line":605,"column":47},"end":{"line":605,"column":49}}],"line":605},"95":{"loc":{"start":{"line":628,"column":15},"end":{"line":651,"column":null}},"type":"binary-expr","locations":[{"start":{"line":628,"column":15},"end":{"line":628,"column":null}},{"start":{"line":629,"column":16},"end":{"line":651,"column":null}}],"line":628},"96":{"loc":{"start":{"line":668,"column":69},"end":{"line":668,"column":110}},"type":"default-arg","locations":[{"start":{"line":668,"column":77},"end":{"line":668,"column":110}}],"line":668},"97":{"loc":{"start":{"line":670,"column":32},"end":{"line":670,"column":45}},"type":"binary-expr","locations":[{"start":{"line":670,"column":32},"end":{"line":670,"column":41}},{"start":{"line":670,"column":41},"end":{"line":670,"column":45}}],"line":670},"98":{"loc":{"start":{"line":673,"column":13},"end":{"line":673,"column":51}},"type":"cond-expr","locations":[{"start":{"line":673,"column":17},"end":{"line":673,"column":49}},{"start":{"line":673,"column":49},"end":{"line":673,"column":51}}],"line":673},"99":{"loc":{"start":{"line":673,"column":25},"end":{"line":673,"column":49}},"type":"binary-expr","locations":[{"start":{"line":673,"column":25},"end":{"line":673,"column":37}},{"start":{"line":673,"column":37},"end":{"line":673,"column":49}}],"line":673},"100":{"loc":{"start":{"line":676,"column":14},"end":{"line":676,"column":null}},"type":"binary-expr","locations":[{"start":{"line":676,"column":14},"end":{"line":676,"column":26}},{"start":{"line":676,"column":26},"end":{"line":676,"column":null}}],"line":676},"101":{"loc":{"start":{"line":677,"column":13},"end":{"line":677,"column":32}},"type":"cond-expr","locations":[{"start":{"line":677,"column":17},"end":{"line":677,"column":31}},{"start":{"line":677,"column":31},"end":{"line":677,"column":32}}],"line":677},"102":{"loc":{"start":{"line":682,"column":31},"end":{"line":682,"column":47}},"type":"binary-expr","locations":[{"start":{"line":682,"column":31},"end":{"line":682,"column":43}},{"start":{"line":682,"column":43},"end":{"line":682,"column":47}}],"line":682},"103":{"loc":{"start":{"line":684,"column":33},"end":{"line":684,"column":49}},"type":"binary-expr","locations":[{"start":{"line":684,"column":33},"end":{"line":684,"column":45}},{"start":{"line":684,"column":45},"end":{"line":684,"column":49}}],"line":684}},"s":{"0":196,"1":196,"2":1,"3":196,"4":196,"5":196,"6":196,"7":196,"8":196,"9":196,"10":196,"11":196,"12":196,"13":101,"14":27,"15":1,"16":26,"17":24,"18":2,"19":101,"20":36,"21":101,"22":101,"23":196,"24":101,"25":36,"26":30,"27":30,"28":6,"29":2,"30":2,"31":2,"32":36,"33":196,"34":2,"35":1,"36":1,"37":1,"38":1,"39":1,"40":196,"41":2,"42":1,"43":1,"44":1,"45":1,"46":1,"47":196,"48":5,"49":2,"50":3,"51":2,"52":2,"53":1,"54":1,"55":196,"56":5,"57":2,"58":3,"59":1,"60":1,"61":2,"62":2,"63":196,"64":196,"65":196,"66":196,"67":196,"68":196,"69":196,"70":18,"71":12,"72":6,"73":6,"74":6,"75":196,"76":196,"77":196,"78":1372,"79":196,"80":2352,"81":196,"82":2352,"83":196,"84":196,"85":196,"86":2359,"87":196,"88":3,"89":3,"90":3,"91":3,"92":3,"93":0,"94":3,"95":3,"96":196,"97":1,"98":1,"99":196,"100":1,"101":1,"102":196,"103":196,"104":196,"105":2350,"106":196,"107":196,"108":196,"109":9,"110":9,"111":1,"112":8,"113":8,"114":2,"115":1,"116":1,"117":1,"118":6,"119":6,"120":30,"121":18,"122":6,"123":6,"124":1,"125":5,"126":15,"127":5,"128":5,"129":5,"130":5,"131":0,"132":5,"133":1,"134":1,"135":1,"136":5,"137":9,"138":1,"139":4,"140":4,"141":1,"142":3,"143":196,"144":2662,"145":196,"146":8,"147":9,"148":8,"149":9,"150":1,"151":36,"152":36,"153":23,"154":18,"155":1,"156":11,"157":11,"158":6,"159":6,"160":1,"161":1,"162":102,"163":102,"164":0,"165":102,"166":102,"167":102,"168":102,"169":102,"170":102,"171":102,"172":102,"173":2,"174":102,"175":2,"176":102,"177":102,"178":2,"179":102,"180":3,"181":1,"182":10,"183":3,"184":3,"185":1,"186":532,"187":382,"188":2350,"189":2350,"190":2350,"191":2350,"192":2350,"193":2350,"194":2350,"195":3,"196":5,"197":4,"198":2,"199":1,"200":204,"201":204,"202":204,"203":204,"204":1,"205":3,"206":2,"207":2,"208":1,"209":108,"210":108,"211":108,"212":1,"213":3,"214":2,"215":2,"216":1,"217":2,"218":2,"219":2,"220":1,"221":1,"222":2,"223":2,"224":2,"225":1,"226":6,"227":6,"228":6,"229":2,"230":6,"231":4,"232":4,"233":6},"f":{"0":196,"1":196,"2":196,"3":101,"4":27,"5":101,"6":101,"7":2,"8":1,"9":1,"10":2,"11":1,"12":1,"13":5,"14":2,"15":1,"16":5,"17":1,"18":2,"19":18,"20":1372,"21":2352,"22":2352,"23":2359,"24":3,"25":1,"26":1,"27":2350,"28":9,"29":30,"30":18,"31":15,"32":2662,"33":8,"34":9,"35":36,"36":36,"37":23,"38":18,"39":11,"40":6,"41":1,"42":102,"43":3,"44":1,"45":10,"46":3,"47":3,"48":1,"49":532,"50":382,"51":2350,"52":3,"53":5,"54":2,"55":204,"56":1,"57":3,"58":2,"59":108,"60":1,"61":3,"62":2,"63":2,"64":1,"65":1,"66":2,"67":2,"68":1,"69":6,"70":2,"71":4},"b":{"0":[196],"1":[196],"2":[196],"3":[131,65],"4":[196,65],"5":[196,65],"6":[1,26],"7":[24,2],"8":[36,65],"9":[36,65],"10":[30,6],"11":[2,4],"12":[6,5],"13":[2,1],"14":[1,1],"15":[1,1],"16":[2,3],"17":[2,1],"18":[2,3],"19":[1,2],"20":[169,27],"21":[18,9],"22":[169,27],"23":[18,9],"24":[169,27],"25":[18,9],"26":[169,27],"27":[18,9],"28":[12,6],"29":[6,0],"30":[131,65],"31":[5,126],"32":[131,65],"33":[2359,251,2296,249],"34":[0,3],"35":[123,73],"36":[196,131,126],"37":[2350,2288,310],"38":[1,8],"39":[2,6],"40":[1,1],"41":[1,5],"42":[0,5],"43":[5,5,5],"44":[1,4],"45":[5,2],"46":[1,4],"47":[1,8],"48":[9,5,4,4],"49":[1,3],"50":[80,2582],"51":[80,2582],"52":[80,2582],"53":[24,2558],"54":[24,2638],"55":[2662,31],"56":[21,175],"57":[8,1],"58":[1,8],"59":[175,45,44],"60":[7,168],"61":[7,168],"62":[7,168],"63":[1,174],"64":[1,174],"65":[130,45],"66":[1,17],"67":[175,168],"68":[175,45,44],"69":[175,168,167],"70":[11,11],"71":[196,102],"72":[0,102],"73":[102,100],"74":[2,100],"75":[2,100],"76":[2,100],"77":[93,9],"78":[102,76],"79":[181,2169],"80":[4,1],"81":[5,4],"82":[1,1],"83":[102,17],"84":[204,204,168],"85":[204,168],"86":[2,1],"87":[1,1],"88":[102,9],"89":[108,108],"90":[2,1],"91":[1,1],"92":[4,98],"93":[102,98],"94":[2,1],"95":[102,90],"96":[6],"97":[6,3],"98":[1,1],"99":[1,1],"100":[4,1],"101":[3,1],"102":[6,3],"103":[6,3]},"meta":{"lastBranch":104,"lastFunction":72,"lastStatement":234,"seen":{"f:6:9:6:21":0,"s:7:2:7:Infinity":0,"f:9:9:9:20":1,"s:10:2:10:Infinity":1,"s:12:23:12:Infinity":2,"f:28:16:28:33":2,"b:32:10:32:Infinity":0,"b:33:12:33:Infinity":1,"b:34:15:34:Infinity":2,"s:38:18:38:Infinity":3,"s:39:15:39:Infinity":4,"s:40:15:40:Infinity":5,"s:41:24:41:Infinity":6,"s:42:8:42:Infinity":7,"s:43:8:43:Infinity":8,"s:45:17:45:Infinity":9,"b:45:25:45:58:45:58:45:Infinity":3,"s:46:19:46:Infinity":10,"b:46:43:46:71:46:71:46:95":4,"s:47:20:47:Infinity":11,"b:47:45:47:70:47:70:47:91":5,"s:49:2:57:Infinity":12,"f:49:2:49:18":3,"s:50:10:54:Infinity":13,"f:50:10:50:21":4,"b:51:6:51:Infinity:undefined:undefined:undefined:undefined":6,"s:51:6:51:Infinity":14,"s:51:51:51:Infinity":15,"b:52:6:52:Infinity:undefined:undefined:undefined:undefined":7,"s:52:6:52:Infinity":16,"s:52:55:52:Infinity":17,"s:53:6:53:Infinity":18,"b:55:4:55:Infinity:undefined:undefined:undefined:undefined":8,"s:55:4:55:Infinity":19,"s:55:14:55:Infinity":20,"s:56:4:56:Infinity":21,"f:56:4:56:17":5,"s:56:17:56:Infinity":22,"s:59:2:73:Infinity":23,"f:59:2:59:18":6,"b:60:4:72:Infinity:undefined:undefined:undefined:undefined":9,"s:60:4:72:Infinity":24,"b:61:6:70:Infinity:64:13:70:Infinity":10,"s:61:6:70:Infinity":25,"s:62:8:62:Infinity":26,"s:63:8:63:Infinity":27,"b:64:13:70:Infinity:undefined:undefined:undefined:undefined":11,"s:64:13:70:Infinity":28,"b:64:17:64:24:64:24:64:29":12,"s:67:23:67:Infinity":29,"b:67:33:67:40:67:40:67:47":13,"s:68:8:68:Infinity":30,"s:69:8:69:Infinity":31,"s:71:6:71:Infinity":32,"s:75:8:80:Infinity":33,"f:75:8:75:26":7,"b:76:4:79:Infinity:79:11:79:Infinity":14,"s:76:4:79:Infinity":34,"s:77:6:77:Infinity":35,"s:78:6:78:Infinity":36,"f:78:6:78:19":8,"s:78:25:78:30":37,"s:79:11:79:Infinity":38,"f:79:11:79:25":9,"s:79:31:79:36":39,"s:81:8:86:Infinity":40,"f:81:8:81:26":10,"b:82:4:85:Infinity:85:11:85:Infinity":15,"s:82:4:85:Infinity":41,"s:83:6:83:Infinity":42,"s:84:6:84:Infinity":43,"f:84:6:84:19":11,"s:84:25:84:30":44,"s:85:11:85:Infinity":45,"f:85:11:85:25":12,"s:85:31:85:36":46,"s:88:8:92:Infinity":47,"f:88:8:88:27":13,"b:89:4:91:Infinity:90:9:91:Infinity":16,"s:89:4:91:Infinity":48,"s:89:25:89:Infinity":49,"b:90:9:91:Infinity:91:9:91:Infinity":17,"s:90:9:91:Infinity":50,"s:90:32:90:Infinity":51,"f:90:32:90:45":14,"s:90:51:90:56":52,"s:91:9:91:Infinity":53,"f:91:9:91:27":15,"s:91:33:91:51":54,"s:93:8:97:Infinity":55,"f:93:8:93:27":16,"b:94:4:96:Infinity:95:9:96:Infinity":18,"s:94:4:96:Infinity":56,"s:94:25:94:Infinity":57,"b:95:9:96:Infinity:96:9:96:Infinity":19,"s:95:9:96:Infinity":58,"s:95:32:95:Infinity":59,"f:95:32:95:45":17,"s:95:51:95:56":60,"s:96:9:96:Infinity":61,"f:96:9:96:27":18,"s:96:33:96:51":62,"s:101:4:105:Infinity":63,"b:102:8:102:Infinity:103:8:105:Infinity":20,"b:104:10:104:Infinity:105:10:105:Infinity":21,"s:108:4:112:Infinity":64,"b:109:8:109:Infinity:110:8:112:Infinity":22,"b:111:10:111:Infinity:112:10:112:Infinity":23,"s:116:4:120:Infinity":65,"b:117:8:117:Infinity:118:8:120:Infinity":24,"b:119:10:119:Infinity:120:10:120:Infinity":25,"s:122:21:122:Infinity":66,"s:123:25:123:Infinity":67,"s:124:22:124:Infinity":68,"b:124:40:124:53:124:53:124:Infinity":26,"b:124:73:124:92:124:92:124:Infinity":27,"s:126:8:133:Infinity":69,"f:126:8:126:34":19,"b:127:4:132:Infinity:129:11:132:Infinity":28,"s:127:4:132:Infinity":70,"s:128:6:128:Infinity":71,"b:129:11:132:Infinity:undefined:undefined:undefined:undefined":29,"s:129:11:132:Infinity":72,"s:130:6:130:Infinity":73,"s:131:6:131:Infinity":74,"s:135:15:135:Infinity":75,"s:136:8:136:Infinity":76,"s:137:19:139:Infinity":77,"f:137:42:137:46":20,"s:138:4:138:Infinity":78,"s:141:21:143:Infinity":79,"f:141:45:141:49":21,"s:142:4:142:Infinity":80,"s:144:16:144:Infinity":81,"f:144:52:144:56":22,"s:144:65:144:82":82,"s:146:23:153:Infinity":83,"b:147:6:152:Infinity:153:6:153:Infinity":30,"b:150:12:150:Infinity:151:12:151:Infinity":31,"s:155:21:162:Infinity":84,"b:156:6:161:Infinity:162:6:162:Infinity":32,"s:166:8:166:Infinity":85,"f:166:8:166:24":23,"s:166:41:166:Infinity":86,"b:166:41:166:50:166:50:166:65:166:65:166:74:166:74:166:Infinity":33,"s:168:8:176:Infinity":87,"f:168:8:168:21":24,"s:169:14:169:Infinity":88,"s:170:14:170:Infinity":89,"s:171:14:171:Infinity":90,"s:172:16:172:Infinity":91,"b:173:4:173:Infinity:undefined:undefined:undefined:undefined":34,"s:173:4:173:Infinity":92,"s:173:27:173:Infinity":93,"s:174:4:174:Infinity":94,"s:175:4:175:Infinity":95,"s:178:8:181:Infinity":96,"f:178:8:178:23":25,"s:179:4:179:Infinity":97,"s:180:4:180:Infinity":98,"s:183:8:186:Infinity":99,"f:183:8:183:22":26,"s:184:4:184:Infinity":100,"s:185:4:185:Infinity":101,"s:189:4:189:Infinity":102,"b:189:91:189:113:189:113:189:Infinity":35,"b:189:4:189:14:189:14:189:54:189:54:189:91":36,"s:190:16:190:Infinity":103,"s:191:8:192:Infinity":104,"f:191:8:191:19":27,"s:192:4:192:Infinity":105,"b:192:4:192:40:192:40:192:74:192:74:192:Infinity":37,"s:194:20:194:Infinity":106,"s:195:19:195:Infinity":107,"s:197:8:243:Infinity":108,"f:197:8:197:33":28,"s:198:4:198:Infinity":109,"b:199:4:199:Infinity:undefined:undefined:undefined:undefined":38,"s:199:4:199:Infinity":110,"s:199:27:199:Infinity":111,"s:200:18:200:Infinity":112,"b:203:4:207:Infinity:undefined:undefined:undefined:undefined":39,"s:203:4:207:Infinity":113,"b:204:6:204:Infinity:undefined:undefined:undefined:undefined":40,"s:204:6:204:Infinity":114,"s:204:31:204:Infinity":115,"s:205:6:205:Infinity":116,"s:206:6:206:Infinity":117,"s:210:18:212:Infinity":118,"s:213:18:215:Infinity":119,"f:214:7:214:15":29,"s:214:21:214:62":120,"f:215:7:215:12":30,"s:215:18:215:52":121,"s:218:17:222:Infinity":122,"b:223:4:223:Infinity:undefined:undefined:undefined:undefined":41,"s:223:4:223:Infinity":123,"s:223:27:223:Infinity":124,"s:226:10:226:Infinity":125,"f:226:10:226:17":31,"s:226:53:226:Infinity":126,"s:227:12:227:Infinity":127,"s:228:10:228:Infinity":128,"s:229:14:229:Infinity":129,"b:230:4:230:Infinity:undefined:undefined:undefined:undefined":42,"s:230:4:230:Infinity":130,"b:230:8:230:20:230:20:230:32:230:32:230:42":43,"s:230:42:230:Infinity":131,"b:233:4:237:Infinity:undefined:undefined:undefined:undefined":44,"s:233:4:237:Infinity":132,"b:233:8:233:18:233:18:233:27":45,"s:234:18:234:Infinity":133,"s:235:6:235:Infinity":134,"s:236:6:236:Infinity":135,"s:238:17:238:Infinity":136,"b:238:27:238:38:238:38:238:Infinity":46,"b:239:4:239:Infinity:undefined:undefined:undefined:undefined":47,"s:239:4:239:Infinity":137,"b:239:8:239:17:239:17:239:27:239:27:239:36:239:36:239:44":48,"s:239:44:239:Infinity":138,"s:240:16:240:Infinity":139,"b:241:4:241:Infinity:undefined:undefined:undefined:undefined":49,"s:241:4:241:Infinity":140,"s:241:27:241:Infinity":141,"s:242:4:242:Infinity":142,"s:245:8:255:Infinity":143,"f:245:8:245:25":32,"s:245:87:255:Infinity":144,"b:248:27:248:45:248:45:248:Infinity":50,"b:249:22:249:45:249:45:249:Infinity":51,"b:250:27:250:33:250:33:250:Infinity":52,"b:250:43:250:49:250:49:250:Infinity":53,"b:252:36:252:72:252:72:252:Infinity":54,"b:252:13:252:24:252:24:252:36":55,"s:257:2:657:Infinity":145,"b:260:8:285:9:285:8:355:Infinity":56,"f:264:10:264:21":33,"s:264:27:264:Infinity":146,"f:265:10:265:22":34,"b:266:12:266:Infinity:undefined:undefined:undefined:undefined":57,"s:266:12:266:Infinity":147,"s:266:35:266:Infinity":148,"b:267:12:267:Infinity:undefined:undefined:undefined:undefined":58,"s:267:12:267:Infinity":149,"s:267:36:267:Infinity":150,"f:289:12:289:27":35,"s:289:27:289:Infinity":151,"f:289:27:289:36":36,"s:289:42:289:44":152,"b:290:24:290:40:290:40:290:55:290:55:290:Infinity":59,"b:298:29:298:33:298:33:298:Infinity":60,"b:299:33:299:45:299:45:299:Infinity":61,"b:300:38:300:42:300:42:300:Infinity":62,"b:301:35:301:44:301:44:301:Infinity":63,"b:302:39:302:55:302:55:302:Infinity":64,"b:303:36:303:60:303:60:303:Infinity":65,"f:310:12:310:27":37,"s:310:34:310:Infinity":153,"f:311:12:311:27":38,"b:312:14:312:Infinity:undefined:undefined:undefined:undefined":66,"s:312:14:312:Infinity":154,"s:312:25:312:Infinity":155,"b:315:13:315:25:315:25:316:13":67,"b:317:15:317:31:317:31:317:46:317:46:317:Infinity":68,"b:322:11:322:23:322:23:322:Infinity:323:12:355:Infinity":69,"f:325:14:325:29":39,"s:326:16:326:Infinity":156,"b:326:29:326:43:326:43:326:45":70,"s:327:16:327:Infinity":157,"f:343:14:343:29":40,"s:344:16:344:Infinity":158,"s:345:16:345:Infinity":159,"f:347:14:347:29":41,"s:348:16:348:Infinity":160,"s:349:16:349:Infinity":161,"b:358:7:358:Infinity:359:8:654:Infinity":71,"f:366:14:366:24":42,"s:367:26:367:Infinity":162,"b:368:16:368:Infinity:undefined:undefined:undefined:undefined":72,"s:368:16:368:Infinity":163,"s:368:24:368:Infinity":164,"s:369:26:369:Infinity":165,"s:370:24:370:Infinity":166,"s:371:22:371:Infinity":167,"s:372:27:372:Infinity":168,"s:373:27:373:Infinity":169,"b:373:27:373:60:373:60:373:Infinity":73,"s:374:27:374:Infinity":170,"s:375:26:375:Infinity":171,"b:376:16:376:Infinity:undefined:undefined:undefined:undefined":74,"s:376:16:376:Infinity":172,"s:376:41:376:Infinity":173,"b:377:16:377:Infinity:undefined:undefined:undefined:undefined":75,"s:377:16:377:Infinity":174,"s:377:40:377:Infinity":175,"s:378:16:378:Infinity":176,"b:379:16:379:Infinity:undefined:undefined:undefined:undefined":76,"s:379:16:379:Infinity":177,"s:379:30:379:Infinity":178,"s:380:16:380:Infinity":179,"f:410:16:410:31":43,"s:410:38:410:Infinity":180,"f:411:16:411:31":44,"s:411:38:411:Infinity":181,"b:418:16:438:17:438:16:438:Infinity":77,"f:432:18:432:33":45,"s:432:40:432:Infinity":182,"f:433:18:433:33":46,"s:433:40:433:Infinity":183,"f:454:16:454:31":47,"s:454:38:454:Infinity":184,"f:455:16:455:31":48,"s:455:38:455:Infinity":185,"b:462:13:462:Infinity:463:14:526:Infinity":78,"f:465:28:465:33":49,"s:466:20:477:Infinity":186,"f:481:49:481:53":50,"s:482:20:482:Infinity":187,"f:484:45:484:49":51,"s:485:30:485:Infinity":188,"s:486:32:486:Infinity":189,"s:487:31:487:Infinity":190,"s:488:36:488:Infinity":191,"s:489:37:489:Infinity":192,"s:490:38:495:Infinity":193,"s:496:20:522:Infinity":194,"f:500:24:500:39":52,"s:500:39:500:Infinity":195,"b:512:41:512:83:512:83:512:Infinity":79,"f:514:24:514:39":53,"b:515:26:515:Infinity:undefined:undefined:undefined:undefined":80,"s:515:26:515:Infinity":196,"b:515:30:515:38:515:38:515:49":81,"s:515:49:515:Infinity":197,"f:517:24:517:39":54,"b:518:26:518:Infinity:undefined:undefined:undefined:undefined":82,"s:518:26:518:Infinity":198,"s:518:36:518:Infinity":199,"b:530:13:530:Infinity:531:14:562:Infinity":83,"f:532:28:532:33":55,"s:533:30:533:Infinity":200,"b:533:33:533:43:533:43:533:83:533:83:533:Infinity":84,"s:534:30:534:Infinity":201,"b:534:30:534:66:534:66:534:Infinity":85,"s:535:36:538:Infinity":202,"s:539:18:559:Infinity":203,"f:543:22:543:37":56,"s:543:37:543:Infinity":204,"f:551:22:551:37":57,"b:552:24:552:Infinity:undefined:undefined:undefined:undefined":86,"s:552:24:552:Infinity":205,"s:552:34:552:Infinity":206,"f:554:22:554:37":58,"b:555:24:555:Infinity:undefined:undefined:undefined:undefined":87,"s:555:24:555:Infinity":207,"s:555:34:555:Infinity":208,"b:566:13:566:Infinity:567:14:594:Infinity":88,"f:568:23:568:28":59,"s:569:30:569:Infinity":209,"b:569:33:569:43:569:43:569:Infinity":89,"s:570:30:570:Infinity":210,"s:571:18:591:Infinity":211,"f:575:22:575:37":60,"s:575:37:575:Infinity":212,"f:583:22:583:37":61,"b:584:24:584:Infinity:undefined:undefined:undefined:undefined":90,"s:584:24:584:Infinity":213,"s:584:34:584:Infinity":214,"f:586:22:586:37":62,"b:587:24:587:Infinity:undefined:undefined:undefined:undefined":91,"s:587:24:587:Infinity":215,"s:587:34:587:Infinity":216,"b:601:16:625:17:625:16:628:Infinity":92,"b:600:15:600:26:600:26:600:Infinity":93,"f:603:18:603:33":63,"s:604:20:604:Infinity":217,"s:605:20:605:Infinity":218,"b:605:33:605:47:605:47:605:49":94,"s:606:20:606:Infinity":219,"f:619:18:619:33":64,"s:619:40:619:Infinity":220,"f:620:18:620:33":65,"s:620:40:620:Infinity":221,"b:628:15:628:Infinity:629:16:651:Infinity":95,"f:631:18:631:33":66,"s:632:20:632:Infinity":222,"s:633:20:633:Infinity":223,"f:645:18:645:33":67,"s:645:40:645:Infinity":224,"f:646:18:646:33":68,"s:646:40:646:Infinity":225,"f:668:16:668:37":69,"b:668:77:668:110":96,"s:669:10:669:Infinity":226,"s:670:19:670:Infinity":227,"b:670:32:670:41:670:41:670:45":97,"s:672:8:674:Infinity":228,"f:672:8:672:28":70,"s:673:4:673:Infinity":229,"b:673:17:673:49:673:49:673:51":98,"b:673:25:673:37:673:37:673:49":99,"s:675:8:678:Infinity":230,"f:675:8:675:28":71,"s:676:14:676:Infinity":231,"b:676:14:676:26:676:26:676:Infinity":100,"s:677:4:677:Infinity":232,"b:677:17:677:31:677:31:677:32":101,"s:680:2:686:Infinity":233,"b:682:31:682:43:682:43:682:47":102,"b:684:33:684:45:684:45:684:49":103},"fnNames":{}}}
,"C:\\Users\\Hospi\\.local\\bin\\trek-coverage\\client\\src\\components\\shared\\CustomTimePicker.tsx": {"path":"C:\\Users\\Hospi\\.local\\bin\\trek-coverage\\client\\src\\components\\shared\\CustomTimePicker.tsx","statementMap":{"0":{"start":{"line":7,"column":2},"end":{"line":7,"column":null}},"1":{"start":{"line":7,"column":12},"end":{"line":7,"column":null}},"2":{"start":{"line":8,"column":17},"end":{"line":8,"column":null}},"3":{"start":{"line":9,"column":2},"end":{"line":9,"column":null}},"4":{"start":{"line":9,"column":28},"end":{"line":9,"column":null}},"5":{"start":{"line":10,"column":2},"end":{"line":10,"column":null}},"6":{"start":{"line":10,"column":14},"end":{"line":10,"column":null}},"7":{"start":{"line":11,"column":17},"end":{"line":11,"column":null}},"8":{"start":{"line":12,"column":14},"end":{"line":12,"column":null}},"9":{"start":{"line":13,"column":2},"end":{"line":13,"column":null}},"10":{"start":{"line":24,"column":8},"end":{"line":24,"column":null}},"11":{"start":{"line":24,"column":38},"end":{"line":24,"column":60}},"12":{"start":{"line":25,"column":15},"end":{"line":25,"column":null}},"13":{"start":{"line":26,"column":23},"end":{"line":26,"column":null}},"14":{"start":{"line":27,"column":8},"end":{"line":27,"column":null}},"15":{"start":{"line":28,"column":8},"end":{"line":28,"column":null}},"16":{"start":{"line":30,"column":12},"end":{"line":30,"column":null}},"17":{"start":{"line":31,"column":15},"end":{"line":31,"column":null}},"18":{"start":{"line":32,"column":17},"end":{"line":32,"column":null}},"19":{"start":{"line":34,"column":2},"end":{"line":42,"column":null}},"20":{"start":{"line":35,"column":10},"end":{"line":39,"column":null}},"21":{"start":{"line":36,"column":6},"end":{"line":36,"column":null}},"22":{"start":{"line":36,"column":51},"end":{"line":36,"column":null}},"23":{"start":{"line":37,"column":6},"end":{"line":37,"column":null}},"24":{"start":{"line":37,"column":55},"end":{"line":37,"column":null}},"25":{"start":{"line":38,"column":6},"end":{"line":38,"column":null}},"26":{"start":{"line":40,"column":4},"end":{"line":40,"column":null}},"27":{"start":{"line":40,"column":14},"end":{"line":40,"column":null}},"28":{"start":{"line":41,"column":4},"end":{"line":41,"column":null}},"29":{"start":{"line":41,"column":17},"end":{"line":41,"column":null}},"30":{"start":{"line":44,"column":8},"end":{"line":48,"column":null}},"31":{"start":{"line":45,"column":15},"end":{"line":45,"column":null}},"32":{"start":{"line":46,"column":15},"end":{"line":46,"column":null}},"33":{"start":{"line":47,"column":4},"end":{"line":47,"column":null}},"34":{"start":{"line":50,"column":8},"end":{"line":50,"column":null}},"35":{"start":{"line":50,"column":24},"end":{"line":50,"column":null}},"36":{"start":{"line":51,"column":8},"end":{"line":51,"column":null}},"37":{"start":{"line":51,"column":24},"end":{"line":51,"column":null}},"38":{"start":{"line":52,"column":8},"end":{"line":56,"column":null}},"39":{"start":{"line":53,"column":10},"end":{"line":53,"column":null}},"40":{"start":{"line":54,"column":17},"end":{"line":54,"column":null}},"41":{"start":{"line":55,"column":4},"end":{"line":55,"column":null}},"42":{"start":{"line":57,"column":8},"end":{"line":61,"column":null}},"43":{"start":{"line":58,"column":10},"end":{"line":58,"column":null}},"44":{"start":{"line":59,"column":17},"end":{"line":59,"column":null}},"45":{"start":{"line":60,"column":4},"end":{"line":60,"column":null}},"46":{"start":{"line":63,"column":40},"end":{"line":67,"column":null}},"47":{"start":{"line":69,"column":8},"end":{"line":80,"column":null}},"48":{"start":{"line":70,"column":16},"end":{"line":70,"column":null}},"49":{"start":{"line":71,"column":4},"end":{"line":71,"column":null}},"50":{"start":{"line":72,"column":4},"end":{"line":72,"column":null}},"51":{"start":{"line":72,"column":15},"end":{"line":72,"column":null}},"52":{"start":{"line":73,"column":18},"end":{"line":73,"column":null}},"53":{"start":{"line":74,"column":4},"end":{"line":79,"column":null}},"54":{"start":{"line":74,"column":37},"end":{"line":74,"column":null}},"55":{"start":{"line":75,"column":9},"end":{"line":79,"column":null}},"56":{"start":{"line":75,"column":36},"end":{"line":75,"column":null}},"57":{"start":{"line":76,"column":9},"end":{"line":79,"column":null}},"58":{"start":{"line":77,"column":23},"end":{"line":77,"column":null}},"59":{"start":{"line":78,"column":6},"end":{"line":78,"column":null}},"60":{"start":{"line":82,"column":8},"end":{"line":115,"column":null}},"61":{"start":{"line":83,"column":4},"end":{"line":83,"column":null}},"62":{"start":{"line":83,"column":16},"end":{"line":83,"column":null}},"63":{"start":{"line":84,"column":16},"end":{"line":84,"column":null}},"64":{"start":{"line":87,"column":4},"end":{"line":98,"column":null}},"65":{"start":{"line":88,"column":22},"end":{"line":88,"column":null}},"66":{"start":{"line":89,"column":6},"end":{"line":97,"column":null}},"67":{"start":{"line":90,"column":16},"end":{"line":90,"column":null}},"68":{"start":{"line":91,"column":18},"end":{"line":91,"column":null}},"69":{"start":{"line":92,"column":21},"end":{"line":92,"column":null}},"70":{"start":{"line":93,"column":8},"end":{"line":94,"column":null}},"71":{"start":{"line":93,"column":22},"end":{"line":93,"column":null}},"72":{"start":{"line":94,"column":13},"end":{"line":94,"column":null}},"73":{"start":{"line":94,"column":23},"end":{"line":94,"column":null}},"74":{"start":{"line":95,"column":8},"end":{"line":95,"column":null}},"75":{"start":{"line":96,"column":8},"end":{"line":96,"column":null}},"76":{"start":{"line":100,"column":18},"end":{"line":100,"column":null}},"77":{"start":{"line":101,"column":4},"end":{"line":114,"column":null}},"78":{"start":{"line":102,"column":23},"end":{"line":102,"column":null}},"79":{"start":{"line":103,"column":16},"end":{"line":103,"column":null}},"80":{"start":{"line":104,"column":16},"end":{"line":104,"column":null}},"81":{"start":{"line":105,"column":6},"end":{"line":105,"column":null}},"82":{"start":{"line":106,"column":11},"end":{"line":114,"column":null}},"83":{"start":{"line":107,"column":16},"end":{"line":107,"column":null}},"84":{"start":{"line":108,"column":16},"end":{"line":108,"column":null}},"85":{"start":{"line":109,"column":16},"end":{"line":109,"column":null}},"86":{"start":{"line":110,"column":6},"end":{"line":110,"column":null}},"87":{"start":{"line":111,"column":11},"end":{"line":114,"column":null}},"88":{"start":{"line":112,"column":16},"end":{"line":112,"column":null}},"89":{"start":{"line":113,"column":6},"end":{"line":113,"column":null}},"90":{"start":{"line":117,"column":2},"end":{"line":248,"column":null}},"91":{"start":{"line":129,"column":25},"end":{"line":129,"column":null}},"92":{"start":{"line":130,"column":26},"end":{"line":130,"column":50}},"93":{"start":{"line":130,"column":50},"end":{"line":130,"column":63}},"94":{"start":{"line":141,"column":25},"end":{"line":141,"column":null}},"95":{"start":{"line":141,"column":38},"end":{"line":141,"column":40}},"96":{"start":{"line":147,"colu
[...]
"end":{"line":50,"column":66}},{"start":{"line":50,"column":66},"end":{"line":50,"column":67}}],"line":50},"17":{"loc":{"start":{"line":51,"column":33},"end":{"line":51,"column":46}},"type":"binary-expr","locations":[{"start":{"line":51,"column":33},"end":{"line":51,"column":41}},{"start":{"line":51,"column":41},"end":{"line":51,"column":46}}],"line":51},"18":{"loc":{"start":{"line":51,"column":60},"end":{"line":51,"column":71}},"type":"binary-expr","locations":[{"start":{"line":51,"column":60},"end":{"line":51,"column":70}},{"start":{"line":51,"column":70},"end":{"line":51,"column":71}}],"line":51},"19":{"loc":{"start":{"line":53,"column":19},"end":{"line":53,"column":35}},"type":"binary-expr","locations":[{"start":{"line":53,"column":19},"end":{"line":53,"column":29}},{"start":{"line":53,"column":29},"end":{"line":53,"column":35}}],"line":53},"20":{"loc":{"start":{"line":54,"column":17},"end":{"line":54,"column":null}},"type":"cond-expr","locations":[{"start":{"line":54,"column":35},"end":{"line":54,"column":66}},{"start":{"line":54,"column":66},"end":{"line":54,"column":null}}],"line":54},"21":{"loc":{"start":{"line":54,"column":25},"end":{"line":54,"column":42}},"type":"binary-expr","locations":[{"start":{"line":54,"column":25},"end":{"line":54,"column":35}},{"start":{"line":54,"column":35},"end":{"line":54,"column":42}}],"line":54},"22":{"loc":{"start":{"line":54,"column":42},"end":{"line":54,"column":55}},"type":"binary-expr","locations":[{"start":{"line":54,"column":42},"end":{"line":54,"column":50}},{"start":{"line":54,"column":50},"end":{"line":54,"column":55}}],"line":54},"23":{"loc":{"start":{"line":54,"column":66},"end":{"line":54,"column":null}},"type":"binary-expr","locations":[{"start":{"line":54,"column":66},"end":{"line":54,"column":74}},{"start":{"line":54,"column":74},"end":{"line":54,"column":null}}],"line":54},"24":{"loc":{"start":{"line":58,"column":19},"end":{"line":58,"column":34}},"type":"binary-expr","locations":[{"start":{"line":58,"column":19},"end":{"line":58,"column":29}},{"start":{"line":58,"column":29},"end":{"line":58,"column":34}}],"line":58},"25":{"loc":{"start":{"line":59,"column":17},"end":{"line":59,"column":null}},"type":"cond-expr","locations":[{"start":{"line":59,"column":35},"end":{"line":59,"column":71}},{"start":{"line":59,"column":71},"end":{"line":59,"column":null}}],"line":59},"26":{"loc":{"start":{"line":59,"column":25},"end":{"line":59,"column":42}},"type":"binary-expr","locations":[{"start":{"line":59,"column":25},"end":{"line":59,"column":35}},{"start":{"line":59,"column":35},"end":{"line":59,"column":42}}],"line":59},"27":{"loc":{"start":{"line":59,"column":42},"end":{"line":59,"column":55}},"type":"binary-expr","locations":[{"start":{"line":59,"column":42},"end":{"line":59,"column":50}},{"start":{"line":59,"column":50},"end":{"line":59,"column":55}}],"line":59},"28":{"loc":{"start":{"line":59,"column":71},"end":{"line":59,"column":null}},"type":"binary-expr","locations":[{"start":{"line":59,"column":71},"end":{"line":59,"column":79}},{"start":{"line":59,"column":79},"end":{"line":59,"column":null}}],"line":59},"29":{"loc":{"start":{"line":72,"column":4},"end":{"line":72,"column":null}},"type":"if","locations":[{"start":{"line":72,"column":4},"end":{"line":72,"column":null}},{"start":{},"end":{}}],"line":72},"30":{"loc":{"start":{"line":74,"column":4},"end":{"line":79,"column":null}},"type":"if","locations":[{"start":{"line":74,"column":4},"end":{"line":79,"column":null}},{"start":{"line":75,"column":9},"end":{"line":79,"column":null}}],"line":74},"31":{"loc":{"start":{"line":75,"column":9},"end":{"line":79,"column":null}},"type":"if","locations":[{"start":{"line":75,"column":9},"end":{"line":79,"column":null}},{"start":{"line":76,"column":9},"end":{"line":79,"column":null}}],"line":75},"32":{"loc":{"start":{"line":76,"column":9},"end":{"line":79,"column":null}},"type":"if","locations":[{"start":{"line":76,"column":9},"end":{"line":79,"column":null}},{"start":{},"end":{}}],"line":76},"33":{"loc":{"start":{"line":83,"column":4},"end":{"line":83,"column":null}},"type":"if","locations":[{"start":{"line":83,"column":4},"end":{"line":83,"column":null}},{"start":{},"end":{}}],"line":83},"34":{"loc":{"start":{"line":87,"column":4},"end":{"line":98,"column":null}},"type":"if","locations":[{"start":{"line":87,"column":4},"end":{"line":98,"column":null}},{"start":{},"end":{}}],"line":87},"35":{"loc":{"start":{"line":89,"column":6},"end":{"line":97,"column":null}},"type":"if","locations":[{"start":{"line":89,"column":6},"end":{"line":97,"column":null}},{"start":{},"end":{}}],"line":89},"36":{"loc":{"start":{"line":91,"column":18},"end":{"line":91,"column":null}},"type":"cond-expr","locations":[{"start":{"line":91,"column":31},"end":{"line":91,"column":54}},{"start":{"line":91,"column":54},"end":{"line":91,"column":null}}],"line":91},"37":{"loc":{"start":{"line":93,"column":8},"end":{"line":94,"column":null}},"type":"if","locations":[{"start":{"line":93,"column":8},"end":{"line":94,"column":null}},{"start":{"line":94,"column":13},"end":{"line":94,"column":null}}],"line":93},"38":{"loc":{"start":{"line":93,"column":26},"end":{"line":93,"column":null}},"type":"cond-expr","locations":[{"start":{"line":93,"column":33},"end":{"line":93,"column":38}},{"start":{"line":93,"column":38},"end":{"line":93,"column":null}}],"line":93},"39":{"loc":{"start":{"line":94,"column":13},"end":{"line":94,"column":null}},"type":"if","locations":[{"start":{"line":94,"column":13},"end":{"line":94,"column":null}},{"start":{},"end":{}}],"line":94},"40":{"loc":{"start":{"line":101,"column":4},"end":{"line":114,"column":null}},"type":"if","locations":[{"start":{"line":101,"column":4},"end":{"line":114,"column":null}},{"start":{"line":106,"column":11},"end":{"line":114,"column":null}}],"line":101},"41":{"loc":{"start":{"line":106,"column":11},"end":{"line":114,"column":null}},"type":"if","locations":[{"start":{"line":106,"column":11},"end":{"line":114,"column":null}},{"start":{"line":111,"column":11},"end":{"line":114,"column":null}}],"line":106},"42":{"loc":{"start":{"line":111,"column":11},"end":{"line":114,"column":null}},"type":"if","locations":[{"start":{"line":111,"column":11},"end":{"line":114,"column":null}},{"start":{},"end":{}}],"line":111},"43":{"loc":{"start":{"line":127,"column":17},"end":{"line":127,"column":null}},"type":"cond-expr","locations":[{"start":{"line":127,"column":32},"end":{"line":127,"column":40}},{"start":{"line":127,"column":40},"end":{"line":127,"column":null}}],"line":127},"44":{"loc":{"start":{"line":131,"column":23},"end":{"line":131,"column":null}},"type":"cond-expr","locations":[{"start":{"line":131,"column":31},"end":{"line":131,"column":43}},{"start":{"line":131,"column":43},"end":{"line":131,"column":null}}],"line":131},"45":{"loc":{"start":{"line":135,"column":19},"end":{"line":135,"column":null}},"type":"cond-expr","locations":[{"start":{"line":135,"column":27},"end":{"line":135,"column":51}},{"start":{"line":135,"column":51},"end":{"line":135,"column":null}}],"line":135},"46":{"loc":{"start":{"line":153,"column":7},"end":{"line":245,"column":null}},"type":"binary-expr","locations":[{"start":{"line":153,"column":7},"end":{"line":153,"column":15}},{"start":{"line":153,"column":15},"end":{"line":245,"column":null}}],"line":153},"47":{"loc":{"start":{"line":156,"column":79},"end":{"line":156,"column":100}},"type":"cond-expr","locations":[{"start":{"line":156,"column":83},"end":{"line":156,"column":98}},{"start":{"line":156,"column":98},"end":{"line":156,"column":100}}],"line":156},"48":{"loc":{"start":{"line":157,"column":80},"end":{"line":157,"column":95}},"type":"cond-expr","locations":[{"start":{"line":157,"column":84},"end":{"line":157,"column":93}},{"start":{"line":157,"column":93},"end":{"line":157,"column":95}}],"line":157},"49":{"loc":{"start":{"line":178,"column":15},"end":{"line":178,"column":null}},"type":"cond-expr","locations":[{"start":{"line":178,"column":32},"end":{"line":178,"column":130}},{"start":{"line":178,"column":130},"end":{"line":178,"column":null}}],"line":178},"50":{"loc":{"start":{"line":178,"column":32},"end":{"line":178,"column":130}},"type":"cond-expr","locations":[{"start":{"line":178,"column":40},"end":{"line":178,"column":97}},{"start":{"line":178,"column":97},"end":{"line":178,"column":130}}],"line":178},"51":{"loc":{"start":{"line":178,"column":47},"end":{"line":178,"column":93}},"type":"cond-expr","locations":[{"start":{"line":178,"column":60},"end":{"line":178,"column":65}},{"start":{"line":178,"column":65},"end":{"line":178,"column":93}}],"line":178},"52":{"loc":{"start":{"line":178,"column":65},"end":{"line":178,"column":93}},"type":"cond-expr","locations":[{"start":{"line":178,"column":77},"end":{"line":178,"column":89}},{"start":{"line":178,"column":89},"end":{"line":178,"column":93}}],"line":178},"53":{"loc":{"start":{"line":202,"column":15},"end":{"line":202,"column":null}},"type":"cond-expr","locations":[{"start":{"line":202,"column":33},"end":{"line":202,"column":67}},{"start":{"line":202,"column":67},"end":{"line":202,"column":null}}],"line":202},"54":{"loc":{"start":{"line":212,"column":11},"end":{"line":231,"column":null}},"type":"binary-expr","locations":[{"start":{"line":212,"column":11},"end":{"line":212,"column":20}},{"start":{"line":212,"column":20},"end":{"line":212,"column":null}},{"start":{"line":213,"column":12},"end":{"line":231,"column":null}}],"line":212},"55":{"loc":{"start":{"line":214,"column":53},"end":{"line":214,"column":136}},"type":"if","locations":[{"start":{"line":214,"column":53},"end":{"line":214,"column":136}},{"start":{"line":214,"column":105},"end":{"line":214,"column":136}}],"line":214},"56":{"loc":{"start":{"line":214,"column":86},"end":{"line":214,"column":97}},"type":"binary-expr","locations":[{"start":{"line":214,"column":86},"end":{"line":214,"column":96}},{"start":{"line":214,"column":96},"end":{"line":214,"column":97}}],"line":214},"57":{"loc":{"start":{"line":214,"column":123},"end":{"line":214,"column":134}},"type":"binary-expr","locations":[{"start":{"line":214,"column":123},"end":{"line":214,"column":133}},{"start":{"line":214,"column":133},"end":{"line":214,"column":134}}],"line":214},"58":{"loc":{"start":{"line":224,"column":17},"end":{"line":224,"column":null}},"type":"cond-expr","locations":[{"start":{"line":224,"column":30},"end":{"line":224,"column":37}},{"start":{"line":224,"column":37},"end":{"line":224,"column":null}}],"line":224},"59":{"loc":{"start":{"line":226,"column":53},"end":{"line":226,"column":136}},"type":"if","locations":[{"start":{"line":226,"column":53},"end":{"line":226,"column":136}},{"start":{"line":226,"column":105},"end":{"line":226,"column":136}}],"line":226},"60":{"loc":{"start":{"line":226,"column":86},"end":{"line":226,"column":97}},"type":"binary-expr","locations":[{"start":{"line":226,"column":86},"end":{"line":226,"column":96}},{"start":{"line":226,"column":96},"end":{"line":226,"column":97}}],"line":226},"61":{"loc":{"start":{"line":226,"column":123},"end":{"line":226,"column":134}},"type":"binary-expr","locations":[{"start":{"line":226,"column":123},"end":{"line":226,"column":133}},{"start":{"line":226,"column":133},"end":{"line":226,"column":134}}],"line":226},"62":{"loc":{"start":{"line":235,"column":11},"end":{"line":241,"column":null}},"type":"binary-expr","locations":[{"start":{"line":235,"column":11},"end":{"line":235,"column":null}},{"start":{"line":236,"column":12},"end":{"line":241,"column":null}}],"line":235}},"s":{"0":92,"1":13,"2":79,"3":79,"4":30,"5":49,"6":35,"7":14,"8":92,"9":92,"10":97,"11":97,"12":97,"13":97,"14":97,"15":97,"16":97,"17":97,"18":97,"19":97,"20":88,"21":10,"22":1,"23":9,"24":8,"25":1,"26":88,"27":28,"28":88,"29":88,"30":97,"31":23,"32":23,"33":23,"34":97,"35":4,"36":97,"37":2,"38":97,"39":5,"40":5,"41":5,"42":97,"43":5,"44":5,"45":5,"46":97,"47":97,"48":6,"49":6,"50":6,"51":1,"52":5,"53":5,"54":2,"55":3,"56":1,"57":2,"58":1,"59":1,"60":97,"61":13,"62":1,"63":12,"64":12,"65":6,"66":6,"67":5,"68":5,"69":5,"70":5,"71":2,"72":3,"73":2,"74":5,"75":5,"76":7,"77":7,"78":2,"79":2,"80":2,"81":2,"82":5,"83":3,"84":3,"85":3,"86":3,"87":2,"88":1,"89":1,"90":97,"91":5,"92":13,"93":13,"94":28,"95":28,"96":13,"97":8,"98":28,"99":28,"100":28,"101":28,"102":3,"103":1,"104":2,"105":1,"106":3,"107":1,"108":1,"109":1,"110":4,"111":1,"112":3,"113":2,"114":1,"115":3,"116":1,"117":2,"118":1,"119":1,"120":2,"121":2,"122":2,"123":1},"f":{"0":92,"1":97,"2":97,"3":88,"4":10,"5":88,"6":23,"7":4,"8":2,"9":5,"10":5,"11":6,"12":13,"13":5,"14":13,"15":28,"16":28,"17":13,"18":8,"19":28,"20":28,"21":3,"22":1,"23":2,"24":1,"25":3,"26":1,"27":1,"28":1,"29":4,"30":2,"31":1,"32":3,"33":1,"34":1,"35":2,"36":2,"37":1},"b":{"0":[13,79],"1":[30,49],"2":[79,64],"3":[35,14],"4":[8,6],"5":[3,11],"6":[8,3],"7":[97],"8":[97],"9":[97,13],"10":[15,82],"11":[42,55],"12":[1,9],"13":[8,1],"14":[28,60],"15":[4,1],"16":[4,2],"17":[2,1],"18":[2,1],"19":[5,2],"20":[2,3],"21":[5,2],"22":[2,1],"23":[3,1],"24":[5,2],"25":[2,3],"26":[5,2],"27":[2,1],"28":[3,1],"29":[1,5],"30":[2,3],"31":[1,2],"32":[1,1],"33":[1,12],"34":[6,6],"35":[5,1],"36":[4,1],"37":[2,3],"38":[1,1],"39":[2,1],"40":[2,5],"41":[3,2],"42":[1,1],"43":[5,92],"44":[27,70],"45":[84,13],"46":[97,28],"47":[28,0],"48":[28,0],"49":[22,6],"50":[6,16],"51":[1,5],"52":[4,1],"53":[20,8],"54":[28,6,6],"55":[1,3],"56":[1,0],"57":[3,1],"58":[4,2],"59":[1,2],"60":[1,0],"61":[2,1],"62":[28,26]},"meta":{"lastBranch":63,"lastFunction":38,"lastStatement":124,"seen":{"f:6:9:6:23":0,"b:7:2:7:Infinity:undefined:undefined:undefined:undefined":0,"s:7:2:7:Infinity":0,"s:7:12:7:Infinity":1,"s:8:17:8:Infinity":2,"b:9:2:9:Infinity:undefined:undefined:undefined:undefined":1,"s:9:2:9:Infinity":3,"b:9:6:9:18:9:18:9:28":2,"s:9:28:9:Infinity":4,"b:10:2:10:Infinity:undefined:undefined:undefined:undefined":3,"s:10:2:10:Infinity":5,"s:10:14:10:Infinity":6,"s:11:17:11:Infinity":7,"b:11:27:11:34:11:34:11:Infinity":4,"s:12:14:12:Infinity":8,"b:12:24:12:29:12:29:12:Infinity":5,"b:12:38:12:47:12:47:12:Infinity":6,"s:13:2:13:Infinity":9,"f:23:24:23:41":1,"b:23:74:23:83":7,"b:23:91:23:120":8,"s:24:8:24:Infinity":10,"f:24:16:24:33":2,"s:24:38:24:60":11,"s:25:15:25:Infinity":12,"s:26:23:26:Infinity":13,"s:27:8:27:Infinity":14,"s:28:8:28:Infinity":15,"s:30:12:30:Infinity":16,"b:30:18:30:27:30:27:30:31":9,"s:31:15:31:Infinity":17,"b:31:26:31:33:31:33:31:Infinity":10,"s:32:17:32:Infinity":18,"b:32:28:32:35:32:35:32:Infinity":11,"s:34:2:42:Infinity":19,"f:34:2:34:18":3,"s:35:10:39:Infinity":20,"f:35:10:35:21":4,"b:36:6:36:Infinity:undefined:undefined:undefined:undefined":12,"s:36:6:36:Infinity":21,"s:36:51:36:Infinity":22,"b:37:6:37:Infinity:undefined:undefined:undefined:undefined":13,"s:37:6:37:Infinity":23,"s:37:55:37:Infinity":24,"s:38:6:38:Infinity":25,"b:40:4:40:Infinity:undefined:undefined:undefined:undefined":14,"s:40:4:40:Infinity":26,"s:40:14:40:Infinity":27,"s:41:4:41:Infinity":28,"f:41:4:41:17":5,"s:41:17:41:Infinity":29,"s:44:8:48:Infinity":30,"f:44:8:44:18":6,"s:45:15:45:Infinity":31,"s:46:15:46:Infinity":32,"s:47:4:47:Infinity":33,"s:50:8:50:Infinity":34,"f:50:8:50:24":7,"s:50:24:50:Infinity":35,"b:50:33:50:41:50:41:50:47":15,"b:50:56:50:66:50:66:50:67":16,"s:51:8:51:Infinity":36,"f:51:8:51:24":8,"s:51:24:51:Infinity":37,"b:51:33:51:41:51:41:51:46":17,"b:51:60:51:70:51:70:51:71":18,"s:52:8:56:Infinity":38,"f:52:8:52:23":9,"s:53:10:53:Infinity":39,"b:53:19:53:29:53:29:53:35":19,"s:54:17:54:Infinity":40,"b:54:35:54:66:54:66:54:Infinity":20,"b:54:25:54:35:54:35:54:42":21,"b:54:42:54:50:54:50:54:55":22,"b:54:66:54:74:54:74:54:Infinity":23,"s:55:4:55:Infinity":41,"s:57:8:61:Infinity":42,"f:57:8:57:23":10,"s:58:10:58:Infinity":43,"b:58:19:58:29:58:29:58:34":24,"s:59:17:59:Infinity":44,"b:59:35:59:71:59:71:59:Infinity":25,"b:59:25:59:35:59:35:59:42":26,"b:59:42:59:50:59:50:59:55":27,"b:59:71:59:79:59:79:59:Infinity":28,"s:60:4:60:Infinity":45,"s:63:40:67:Infinity":46,"s:69:8:80:Infinity":47,"f:69:8:69:23":11,"s:70:16:70:Infinity":48,"s:71:4:71:Infinity":49,"b:72:4:72:Infinity:undefined:undefined:undefined:undefined":29,"s:72:4:72:Infinity":50,"s:72:15:72:Infinity":51,"s:73:18:73:Infinity":52,"b:74:4:79:Infinity:75:9:79:Infinity":30,"s:74:4:79:Infinity":53,"s:74:37:74:Infinity":54,"b:75:9:79:Infinity:76:9:79:Infinity":31,"s:75:9:79:Infinity":55,"s:75:36:75:Infinity":56,"b:76:9:79:Infinity:undefined:undefined:undefined:undefined":32,"s:76:9:79:Infinity":57,"s:77:23:77:Infinity":58,"s:78:6:78:Infinity":59,"s:82:8:115:Infinity":60,"f:82:8:82:27":12,"b:83:4:83:Infinity:undefined:undefined:undefined:undefined":33,"s:83:4:83:Infinity":61,"s:83:16:83:Infinity":62,"s:84:16:84:Infinity":63,"b:87:4:98:Infinity:undefined:undefined:undefined:undefined":34,"s:87:4:98:Infinity":64,"s:88:22:88:Infinity":65,"b:89:6:97:Infinity:undefined:undefined:undefined:undefined":35,"s:89:6:97:Infinity":66,"s:90:16:90:Infinity":67,"s:91:18:91:Infinity":68,"b:91:31:91:54:91:54:91:Infinity":36,"s:92:21:92:Infinity":69,"b:93:8:94:Infinity:94:13:94:Infinity":37,"s:93:8:94:Infinity":70,"s:93:22:93:Infinity":71,"b:93:33:93:38:93:38:93:Infinity":38,"b:94:13:94:Infinity:undefined:undefined:undefined:undefined":39,"s:94:13:94:Infinity":72,"s:94:23:94:Infinity":73,"s:95:8:95:Infinity":74,"s:96:8:96:Infinity":75,"s:100:18:100:Infinity":76,"b:101:4:114:Infinity:106:11:114:Infinity":40,"s:101:4:114:Infinity":77,"s:102:23:102:Infinity":78,"s:103:16:103:Infinity":79,"s:104:16:104:Infinity":80,"s:105:6:105:Infinity":81,"b:106:11:114:Infinity:111:11:114:Infinity":41,"s:106:11:114:Infinity":82,"s:107:16:107:Infinity":83,"s:108:16:108:Infinity":84,"s:109:16:109:Infinity":85,"s:110:6:110:Infinity":86,"b:111:11:114:Infinity:undefined:undefined:undefined:undefined":42,"s:111:11:114:Infinity":87,"s:112:16:112:Infinity":88,"s:113:6:113:Infinity":89,"s:117:2:248:Infinity":90,"b:127:32:127:40:127:40:127:Infinity":43,"f:129:10:129:25":13,"s:129:25:129:Infinity":91,"f:130:10:130:24":14,"s:130:26:130:50":92,"s:130:50:130:63":93,"b:131:31:131:43:131:43:131:Infinity":44,"b:135:27:135:51:135:51:135:Infinity":45,"f:141:10:141:25":15,"s:141:25:141:Infinity":94,"f:141:25:141:33":16,"s:141:38:141:40":95,"f:147:10:147:24":17,"s:147:29:147:Infinity":96,"f:148:10:148:24":18,"s:148:29:148:Infinity":97,"b:153:7:153:15:153:15:245:Infinity":46,"f:156:10:156:22":19,"s:156:34:156:72":98,"s:156:72:156:100":99,"b:156:83:156:98:156:98:156:100":47,"f:157:10:157:23":20,"s:157:35:157:73":100,"s:157:73:157:95":101,"b:157:84:157:93:157:93:157:95":48,"f:168:14:168:28":21,"s:168:33:168:Infinity":102,"f:169:14:169:28":22,"s:169:33:169:Infinity":103,"b:178:32:178:130:178:130:178:Infinity":49,"b:178:40:178:97:178:97:178:130":50,"b:178:60:178:65:178:65:178:93":51,"b:178:77:178:89:178:89:178:93":52,"f:181:14:181:28":23,"s:181:33:181:Infinity":104,"f:182:14:182:28":24,"s:182:33:182:Infinity":105,"f:192:14:192:28":25,"s:192:33:192:Infinity":106,"f:193:14:193:28":26,"s:193:33:193:Infinity":107,"b:202:33:202:67:202:67:202:Infinity":53,"f:205:14:205:28":27,"s:205:33:205:Infinity":108,"f:206:14:206:28":28,"s:206:33:206:Infinity":109,"b:212:11:212:20:212:20:212:Infinity:213:12:231:Infinity":54,"f:214:36:214:51":29,"b:214:53:214:136:214:105:214:136":55,"s:214:53:214:136":110,"s:214:68:214:105":111,"b:214:86:214:96:214:96:214:97":56,"s:214:105:214:136":112,"b:214:123:214:133:214:133:214:134":57,"f:215:16:215:30":30,"s:215:35:215:Infinity":113,"f:216:16:216:30":31,"s:216:35:216:Infinity":114,"b:224:30:224:37:224:37:224:Infinity":58,"f:226:36:226:51":32,"b:226:53:226:136:226:105:226:136":59,"s:226:53:226:136":115,"s:226:68:226:105":116,"b:226:86:226:96:226:96:226:97":60,"s:226:105:226:136":117,"b:226:123:226:133:226:133:226:134":61,"f:227:16:227:30":33,"s:227:35:227:Infinity":118,"f:228:16:228:30":34,"s:228:35:228:Infinity":119,"b:235:11:235:Infinity:236:12:241:Infinity":62,"f:236:34:236:49":35,"s:236:51:236:65":120,"s:236:65:236:80":121,"f:238:14:238:28":36,"s:238:33:238:Infinity":122,"f:239:14:239:28":37,"s:239:33:239:84":123},"fnNames":{}}}
}
