{"C:\\Users\\Hospi\\.local\\bin\\trek-coverage\\client\\src\\components\\shared\\CustomTimePicker.tsx": {"path":"C:\\Users\\Hospi\\.local\\bin\\trek-coverage\\client\\src\\components\\shared\\CustomTimePicker.tsx","statementMap":{"0":{"start":{"line":7,"column":2},"end":{"line":7,"column":null}},"1":{"start":{"line":7,"column":12},"end":{"line":7,"column":null}},"2":{"start":{"line":8,"column":17},"end":{"line":8,"column":null}},"3":{"start":{"line":9,"column":2},"end":{"line":9,"column":null}},"4":{"start":{"line":9,"column":28},"end":{"line":9,"column":null}},"5":{"start":{"line":10,"column":2},"end":{"line":10,"column":null}},"6":{"start":{"line":10,"column":14},"end":{"line":10,"column":null}},"7":{"start":{"line":11,"column":17},"end":{"line":11,"column":null}},"8":{"start":{"line":12,"column":14},"end":{"line":12,"column":null}},"9":{"start":{"line":13,"column":2},"end":{"line":13,"column":null}},"10":{"start":{"line":24,"column":8},"end":{"line":24,"column":null}},"11":{"start":{"line":24,"column":38},"end":{"line":24,"column":60}},"12":{"start":{"line":25,"column":15},"end":{"line":25,"column":null}},"13":{"start":{"line":26,"column":23},"end":{"line":26,"column":null}},"14":{"start":{"line":27,"column":8},"end":{"line":27,"column":null}},"15":{"start":{"line":28,"column":8},"end":{"line":28,"column":null}},"16":{"start":{"line":30,"column":12},"end":{"line":30,"column":null}},"17":{"start":{"line":31,"column":15},"end":{"line":31,"column":null}},"18":{"start":{"line":32,"column":17},"end":{"line":32,"column":null}},"19":{"start":{"line":34,"column":2},"end":{"line":42,"column":null}},"20":{"start":{"line":35,"column":10},"end":{"line":39,"column":null}},"21":{"start":{"line":36,"column":6},"end":{"line":36,"column":null}},"22":{"start":{"line":36,"column":51},"end":{"line":36,"column":null}},"23":{"start":{"line":37,"column":6},"end":{"line":37,"column":null}},"24":{"start":{"line":37,"column":55},"end":{"line":37,"column":null}},"25":{"start":{"line":38,"column":6},"end":{"line":38,"column":null}},"26":{"start":{"line":40,"column":4},"end":{"line":40,"column":null}},"27":{"start":{"line":40,"column":14},"end":{"line":40,"column":null}},"28":{"start":{"line":41,"column":4},"end":{"line":41,"column":null}},"29":{"start":{"line":41,"column":17},"end":{"line":41,"column":null}},"30":{"start":{"line":44,"column":8},"end":{"line":48,"column":null}},"31":{"start":{"line":45,"column":15},"end":{"line":45,"column":null}},"32":{"start":{"line":46,"column":15},"end":{"line":46,"column":null}},"33":{"start":{"line":47,"column":4},"end":{"line":47,"column":null}},"34":{"start":{"line":50,"column":8},"end":{"line":50,"column":null}},"35":{"start":{"line":50,"column":24},"end":{"line":50,"column":null}},"36":{"start":{"line":51,"column":8},"end":{"line":51,"column":null}},"37":{"start":{"line":51,"column":24},"end":{"line":51,"column":null}},"38":{"start":{"line":52,"column":8},"end":{"line":56,"column":null}},"39":{"start":{"line":53,"column":10},"end":{"line":53,"column":null}},"40":{"start":{"line":54,"column":17},"end":{"line":54,"column":null}},"41":{"start":{"line":55,"column":4},"end":{"line":55,"column":null}},"42":{"start":{"line":57,"column":8},"end":{"line":61,"column":null}},"43":{"start":{"line":58,"column":10},"end":{"line":58,"column":null}},"44":{"start":{"line":59,"column":17},"end":{"line":59,"column":null}},"45":{"start":{"line":60,"column":4},"end":{"line":60,"column":null}},"46":{"start":{"line":63,"column":40},"end":{"line":67,"column":null}},"47":{"start":{"line":69,"column":8},"end":{"line":80,"column":null}},"48":{"start":{"line":70,"column":16},"end":{"line":70,"column":null}},"49":{"start":{"line":71,"column":4},"end":{"line":71,"column":null}},"50":{"start":{"line":72,"column":4},"end":{"line":72,"column":null}},"51":{"start":{"line":72,"column":15},"end":{"line":72,"column":null}},"52":{"start":{"line":73,"column":18},"end":{"line":73,"column":null}},"53":{"start":{"line":74,"column":4},"end":{"line":79,"column":null}},"54":{"start":{"line":74,"column":37},"end":{"line":74,"column":null}},"55":{"start":{"line":75,"column":9},"end":{"line":79,"column":null}},"56":{"start":{"line":75,"column":36},"end":{"line":75,"column":null}},"57":{"start":{"line":76,"column":9},"end":{"line":79,"column":null}},"58":{"start":{"line":77,"column":23},"end":{"line":77,"column":null}},"59":{"start":{"line":78,"column":6},"end":{"line":78,"column":null}},"60":{"start":{"line":82,"column":8},"end":{"line":115,"column":null}},"61":{"start":{"line":83,"column":4},"end":{"line":83,"column":null}},"62":{"start":{"line":83,"column":16},"end":{"line":83,"column":null}},"63":{"start":{"line":84,"column":16},"end":{"line":84,"column":null}},"64":{"start":{"line":87,"column":4},"end":{"line":98,"column":null}},"65":{"start":{"line":88,"column":22},"end":{"line":88,"column":null}},"66":{"start":{"line":89,"column":6},"end":{"line":97,"column":null}},"67":{"start":{"line":90,"column":16},"end":{"line":90,"column":null}},"68":{"start":{"line":91,"column":18},"end":{"line":91,"column":null}},"69":{"start":{"line":92,"column":21},"end":{"line":92,"column":null}},"70":{"start":{"line":93,"column":8},"end":{"line":94,"column":null}},"71":{"start":{"line":93,"column":22},"end":{"line":93,"column":null}},"72":{"start":{"line":94,"column":13},"end":{"line":94,"column":null}},"73":{"start":{"line":94,"column":23},"end":{"line":94,"column":null}},"74":{"start":{"line":95,"column":8},"end":{"line":95,"column":null}},"75":{"start":{"line":96,"column":8},"end":{"line":96,"column":null}},"76":{"start":{"line":100,"column":18},"end":{"line":100,"column":null}},"77":{"start":{"line":101,"column":4},"end":{"line":114,"column":null}},"78":{"start":{"line":102,"column":23},"end":{"line":102,"column":null}},"79":{"start":{"line":103,"column":16},"end":{"line":103,"column":null}},"80":{"start":{"line":104,"column":16},"end":{"line":104,"column":null}},"81":{"start":{"line":105,"column":6},"end":{"line":105,"column":null}},"82":{"start":{"line":106,"column":11},"end":{"line":114,"column":null}},"83":{"start":{"line":107,"column":16},"end":{"line":107,"column":null}},"84":{"start":{"line":108,"column":16},"end":{"line":108,"column":null}},"85":{"start":{"line":109,"column":16},"end":{"line":109,"column":null}},"86":{"start":{"line":110,"column":6},"end":{"line":110,"column":null}},"87":{"start":{"line":111,"column":11},"end":{"line":114,"column":null}},"88":{"start":{"line":112,"column":16},"end":{"line":112,"column":null}},"89":{"start":{"line":113,"column":6},"end":{"line":113,"column":null}},"90":{"start":{"line":117,"column":2},"end":{"line":248,"column":null}},"91":{"start":{"line":129,"column":25},"end":{"line":129,"column":null}},"92":{"start":{"line":130,"column":26},"end":{"line":130,"column":50}},"93":{"start":{"line":130,"column":50},"end":{"line":130,"column":63}},"94":{"start":{"line":141,"column":25},"end":{"line":141,"column":null}},"95":{"start":{"line":141,"column":38},"end":{"line":141,"column":40}},"96":{"start":{"line":147,"column":29},"end":{"line":147,"column":null}},"97":{"start":{"line":148,"column":29},"end":{"line":148,"column":null}},"98":{"start":{"line":156,"column":34},"end":{"line":156,"column":72}},"99":{"start":{"line":156,"column":72},"end":{"line":156,"column":100}},"100":{"start":{"line":157,"column":35},"end":{"line":157,"column":73}},"101":{"start":{"line":157,"column":73},"end":{"line":157,"column":95}},"102":{"start":{"line":168,"column":33},"end":{"line":168,"column":null}},"103":{"start":{"line":169,"column":33},"end":{"line":169,"column":null}},"104":{"start":{"line":181,"column":33},"end":{"line":181,"column":null}},"105":{"start":{"line":182,"column":33},"end":{"line":182,"column":null}},"106":{"start":{"line":192,"column":33},"end":{"line":192,"column":null}},"107":{"start":{"line":193,"column":33},"end":{"line":193,"column":null}},"108":{"start":{"line":205,"column":33},"end":{"line":205,"column":null}},"109":{"start":{"line":206,"column":33},"end":{"line":206,"column":null}},"110":{"start":{"line":214,"column":53},"end":{"line":214,"column":136}},"111":{"start":{"line":214,"column":68},"end":{"line":214,"column":105}},"112":{"start":{"line":214,"column":105},"end":{"line":214,"column":136}},"113":{"start":{"line":215,"column":35},"end":{"line":215,"column":null}},"114":{"start":{"line":216,"column":35},"end":{"line":216,"column":null}},"115":{"start":{"line":226,"column":53},"end":{"line":226,"column":136}},"116":{"start":{"line":226,"column":68},"end":{"line":226,"column":105}},"117":{"start":{"line":226,"column":105},"end":{"line":226,"column":136}},"118":{"start":{"line":227,"column":35},"end":{"line":227,"column":null}},"119":{"start":{"line":228,"column":35},"end":{"line":228,"column":null}},"120":{"start":{"line":236,"column":51},"end":{"line":236,"column":65}},"121":{"start":{"line":236,"column":65},"end":{"line":236,"column":80}},"122":{"start":{"line":238,"column":33},"end":{"line":238,"column":null}},"123":{"start":{"line":239,"column":33},"end":{"line":239,"column":84}}},"fnMap":{"0":{"name":"formatDisplay","decl":{"start":{"line":6,"column":9},"end":{"line":6,"column":23}},"loc":{"start":{"line":6,"column":60},"end":{"line":14,"column":null}},"line":6},"1":{"name":"CustomTimePicker","decl":{"start":{"line":23,"column":24},"end":{"line":23,"column":41}},"loc":{"start":{"line":23,"column":120},"end":{"line":250,"column":null}},"line":23},"2":{"name":"(anonymous_2)","decl":{"start":{"line":24,"column":16},"end":{"line":24,"column":33}},"loc":{"start":{"line":24,"column":38},"end":{"line":24,"column":60}},"line":24},"3":{"name":"(anonymous_3)","decl":{"start":{"line":34,"column":2},"end":{"line":34,"column":18}},"loc":{"start":{"line":34,"column":18},"end":{"line":42,"column":5}},"line":34},"4":{"name":"(anonymous_4)","decl":{"start":{"line":35,"column":10},"end":{"line":35,"column":21}},"loc":{"start":{"line":35,"column":39},"end":{"line":39,"column":null}},"line":35},"5":{"name":"(anonymous_5)","decl":{"start":{"line":41,"column":4},"end":{"line":41,"column":17}},"loc":{"start":{"line":41,"column":17},"end":{"line":41,"column":null}},"line":41},"6":{"name":"(anonymous_6)","decl":{"start":{"line":44,"column":8},"end":{"line":44,"column":18}},"loc":{"start":{"line":44,"column":49},"end":{"line":48,"column":null}},"line":44},"7":{"name":"(anonymous_7)","decl":{"start":{"line":50,"column":8},"end":{"line":50,"column":24}},"loc":{"start":{"line":50,"column":24},"end":{"line":50,"column":null}},"line":50},"8":{"name":"(anonymous_8)","decl":{"start":{"line":51,"column":8},"end":{"line":51,"column":24}},"loc":{"start":{"line":51,"column":24},"end":{"line":51,"column":null}},"line":51},"9":{"name":"(anonymous_9)","decl":{"start":{"line":52,"column":8},"end":{"line":52,"column":23}},"loc":{"start":{"line":52,"column":23},"end":{"line":56,"column":null}},"line":52},"10":{"name":"(anonymous_10)","decl":{"start":{"line":57,"column":8},"end":{"line":57,"column":23}},"loc":{"start":{"line":57,"column":23},"end":{"line":61,"column":null}},"line":57},"11":{"name":"(anonymous_11)","decl":{"start":{"line":69,"column":8},"end":{"line":69,"column":23}},"loc":{"start":{"line":69,"column":66},"end":{"line":80,"column":null}},"line":69},"12":{"name":"(anonymous_12)","decl":{"start":{"line":82,"column":8},"end":{"line":82,"column":27}},"loc":{"start":{"line":82,"column":27},"end":{"line":115,"column":null}},"line":82},"13":{"name":"(anonymous_13)","decl":{"start":{"line":129,"column":10},"end":{"line":129,"column":25}},"loc":{"start":{"line":129,"column":25},"end":{"line":129,"column":null}},"line":129},"14":{"name":"(anonymous_14)","decl":{"start":{"line":130,"column":10},"end":{"line":130,"column":24}},"loc":{"start":{"line":130,"column":24},"end":{"line":130,"column":null}},"line":130},"15":{"name":"(anonymous_15)","decl":{"start":{"line":141,"column":10},"end":{"line":141,"column":25}},"loc":{"start":{"line":141,"column":25},"end":{"line":141,"column":null}},"line":141},"16":{"name":"(anonymous_16)","decl":{"start":{"line":141,"column":25},"end":{"line":141,"column":33}},"loc":{"start":{"line":141,"column":38},"end":{"line":141,"column":40}},"line":141},"17":{"name":"(anonymous_17)","decl":{"start":{"line":147,"column":10},"end":{"line":147,"column":24}},"loc":{"start":{"line":147,"column":29},"end":{"line":147,"column":null}},"line":147},"18":{"name":"(anonymous_18)","decl":{"start":{"line":148,"column":10},"end":{"line":148,"column":24}},"loc":{"start":{"line":148,"column":29},"end":{"line":148,"column":null}},"line":148},"19":{"name":"(anonymous_19)","decl":{"start":{"line":156,"column":10},"end":{"line":156,"column":22}},"loc":{"start":{"line":156,"column":22},"end":{"line":156,"column":103}},"line":156},"20":{"name":"(anonymous_20)","decl":{"start":{"line":157,"column":10},"end":{"line":157,"column":23}},"loc":{"start":{"line":157,"column":23},"end":{"line":157,"column":98}},"line":157},"21":{"name":"(anonymous_21)","decl":{"start":{"line":168,"column":14},"end":{"line":168,"column":28}},"loc":{"start":{"line":168,"column":33},"end":{"line":168,"column":null}},"line":168},"22":{"name":"(anonymous_22)","decl":{"start":{"line":169,"column":14},"end":{"line":169,"column":28}},"loc":{"start":{"line":169,"column":33},"end":{"line":169,"column":null}},"line":169},"23":{"name":"(anonymous_23)","decl":{"start":{"line":181,"column":14},"end":{"line":181,"column":28}},"loc":{"start":{"line":181,"column":33},"end":{"line":181,"column":null}},"line":181},"24":{"name":"(anonymous_24)","decl":{"start":{"line":182,"column":14},"end":{"line":182,"column":28}},"loc":{"start":{"line":182,"column":33},"end":{"line":182,"column":null}},"line":182},"25":{"name":"(anonymous_25)","decl":{"start":{"line":192,"column":14},"end":{"line":192,"column":28}},"loc":{"start":{"line":192,"column":33},"end":{"line":192,"column":null}},"line":192},"26":{"name":"(anonymous_26)","decl":{"start":{"line":193,"column":14},"end":{"line":193,"column":28}},"loc":{"start":{"line":193,"column":33},"end":{"line":193,"column":null}},"line":193},"27":{"name":"(anonymous_27)","decl":{"start":{"line":205,"column":14},"end":{"line":205,"column":28}},"loc":{"start":{"line":205,"column":33},"end":{"line":205,"column":null}},"line":205},"28":{"name":"(anonymous_28)","decl":{"start":{"line":206,"column":14},"end":{"line":206,"column":28}},"loc":{"start":{"line":206,"column":33},"end":{"line":206,"column":null}},"line":206},"29":{"name":"(anonymous_29)","decl":{"start":{"line":214,"column":36},"end":{"line":214,"column":51}},"loc":{"start":{"line":214,"column":51},"end":{"line":214,"column":139}},"line":214},"30":{"name":"(anonymous_30)","decl":{"start":{"line":215,"column":16},"end":{"line":215,"column":30}},"loc":{"start":{"line":215,"column":35},"end":{"line":215,"column":null}},"line":215},"31":{"name":"(anonymous_31)","decl":{"start":{"line":216,"column":16},"end":{"line":216,"column":30}},"loc":{"start":{"line":216,"column":35},"end":{"line":216,"column":null}},"line":216},"32":{"name":"(anonymous_32)","decl":{"start":{"line":226,"column":36},"end":{"line":226,"column":51}},"loc":{"start":{"line":226,"column":51},"end":{"line":226,"column":139}},"line":226},"33":{"name":"(anonymous_33)","decl":{"start":{"line":227,"column":16},"end":{"line":227,"column":30}},"loc":{"start":{"line":227,"column":35},"end":{"line":227,"column":null}},"line":227},"34":{"name":"(anonymous_34)","decl":{"start":{"line":228,"column":16},"end":{"line":228,"column":30}},"loc":{"start":{"line":228,"column":35},"end":{"line":228,"column":null}},"line":228},"35":{"name":"(anonymous_35)","decl":{"start":{"line":236,"column":34},"end":{"line":236,"column":49}},"loc":{"start":{"line":236,"column":49},"end":{"line":236,"column":null}},"line":236},"36":{"name":"(anonymous_36)","decl":{"start":{"line":238,"column":14},"end":{"line":238,"column":28}},"loc":{"start":{"line":238,"column":33},"end":{"line":238,"column":null}},"line":238},"37":{"name":"(anonymous_37)","decl":{"start":{"line":239,"column":14},"end":{"line":239,"column":28}},"loc":{"start":{"line":239,"column":33},"end":{"line":239,"column":84}},"line":239}},"branchMap":{"0":{"loc":{"start":{"line":7,"column":2},"end":{"line":7,"column":null}},"type":"if","locations":[{"start":{"line":7,"column":2},"end":{"line":7,"column":null}},{"start":{},"end":{}}],"line":7},"1":{"loc":{"start":{"line":9,"column":2},"end":{"line":9,"column":null}},"type":"if","locations":[{"start":{"line":9,"column":2},"end":{"line":9,"column":null}},{"start":{},"end":{}}],"line":9},"2":{"loc":{"start":{"line":9,"column":6},"end":{"line":9,"column":28}},"type":"binary-expr","locations":[{"start":{"line":9,"column":6},"end":{"line":9,"column":18}},{"start":{"line":9,"column":18},"end":{"line":9,"column":28}}],"line":9},"3":{"loc":{"start":{"line":10,"column":2},"end":{"line":10,"column":null}},"type":"if","locations":[{"start":{"line":10,"column":2},"end":{"line":10,"column":null}},{"start":{},"end":{}}],"line":10},"4":{"loc":{"start":{"line":11,"column":17},"end":{"line":11,"column":null}},"type":"cond-expr","locations":[{"start":{"line":11,"column":27},"end":{"line":11,"column":34}},{"start":{"line":11,"column":34},"end":{"line":11,"column":null}}],"line":11},"5":{"loc":{"start":{"line":12,"column":14},"end":{"line":12,"column":null}},"type":"cond-expr","locations":[{"start":{"line":12,"column":24},"end":{"line":12,"column":29}},{"start":{"line":12,"column":29},"end":{"line":12,"column":null}}],"line":12},"6":{"loc":{"start":{"line":12,"column":29},"end":{"line":12,"column":null}},"type":"cond-expr","locations":[{"start":{"line":12,"column":38},"end":{"line":12,"column":47}},{"start":{"line":12,"column":47},"end":{"line":12,"column":null}}],"line":12},"7":{"loc":{"start":{"line":23,"column":60},"end":{"line":23,"column":83}},"type":"default-arg","locations":[{"start":{"line":23,"column":74},"end":{"line":23,"column":83}}],"line":23},"8":{"loc":{"start":{"line":23,"column":83},"end":{"line":23,"column":120}},"type":"default-arg","locations":[{"start":{"line":23,"column":91},"end":{"line":23,"column":120}}],"line":23},"9":{"loc":{"start":{"line":30,"column":18},"end":{"line":30,"column":31}},"type":"binary-expr","locations":[{"start":{"line":30,"column":18},"end":{"line":30,"column":27}},{"start":{"line":30,"column":27},"end":{"line":30,"column":31}}],"line":30},"10":{"loc":{"start":{"line":31,"column":15},"end":{"line":31,"column":null}},"type":"cond-expr","locations":[{"start":{"line":31,"column":26},"end":{"line":31,"column":33}},{"start":{"line":31,"column":33},"end":{"line":31,"column":null}}],"line":31},"11":{"loc":{"start":{"line":32,"column":17},"end":{"line":32,"column":null}},"type":"cond-expr","locations":[{"start":{"line":32,"column":28},"end":{"line":32,"column":35}},{"start":{"line":32,"column":35},"end":{"line":32,"column":null}}],"line":32},"12":{"loc":{"start":{"line":36,"column":6},"end":{"line":36,"column":null}},"type":"if","locations":[{"start":{"line":36,"column":6},"end":{"line":36,"column":null}},{"start":{},"end":{}}],"line":36},"13":{"loc":{"start":{"line":37,"column":6},"end":{"line":37,"column":null}},"type":"if","locations":[{"start":{"line":37,"column":6},"end":{"line":37,"column":null}},{"start":{},"end":{}}],"line":37},"14":{"loc":{"start":{"line":40,"column":4},"end":{"line":40,"column":null}},"type":"if","locations":[{"start":{"line":40,"column":4},"end":{"line":40,"column":null}},{"start":{},"end":{}}],"line":40},"15":{"loc":{"start":{"line":50,"column":33},"end":{"line":50,"column":47}},"type":"binary-expr","locations":[{"start":{"line":50,"column":33},"end":{"line":50,"column":41}},{"start":{"line":50,"column":41},"end":{"line":50,"column":47}}],"line":50},"16":{"loc":{"start":{"line":50,"column":56},"end":{"line":50,"column":67}},"type":"binary-expr","locations":[{"start":{"line":50,"column":56},"end":{"line":50,"column":66}},{"start":{"line":50,"column":66},"end":{"line":50,"column":67}}],"line":50},"17":{"loc":{"start":{"line":51,"column":33},"end":{"line":51,"column":46}},"type":"binary-expr","locations":[{"start":{"line":51,"column":33},"end":{"line":51,"column":41}},{"start":{"line":51,"column":41},"end":{"line":51,"column":46}}],"line":51},"18":{"loc":{"start":{"line":51,"column":60},"end":{"line":51,"column":71}},"type":"binary-expr","locations":[{"start":{"line":51,"column":60},"end":{"line":51,"column":70}},{"start":{"line":51,"column":70},"end":{"line":51,"column":71}}],"line":51},"19":{"loc":{"start":{"line":53,"column":19},"end":{"line":53,"column":35}},"type":"binary-expr","locations":[{"start":{"line":53,"column":19},"end":{"line":53,"column":29}},{"start":{"line":53,"column":29},"end":{"line":53,"column":35}}],"line":53},"20":{"loc":{"start":{"line":54,"column":17},"end":{"line":54,"column":null}},"type":"cond-expr","locations":[{"start":{"line":54,"column":35},"end":{"line":54,"column":66}},{"start":{"line":54,"column":66},"end":{"line":54,"column":null}}],"line":54},"21":{"loc":{"start":{"line":54,"column":25},"end":{"line":54,"column":42}},"type":"binary-expr","locations":[{"start":{"line":54,"column":25},"end":{"line":54,"column":35}},{"start":{"line":54,"column":35},"end":{"line":54,"column":42}}],"line":54},"22":{"loc":{"start":{"line":54,"column":42},"end":{"line":54,"column":55}},"type":"binary-expr","locations":[{"start":{"line":54,"column":42},"end":{"line":54,"column":50}},{"start":{"line":54,"column":50},"end":{"line":54,"column":55}}],"line":54},"23":{"loc":{"start":{"line":54,"column":66},"end":{"line":54,"column":null}},"type":"binary-expr","locations":[{"start":{"line":54,"column":66},"end":{"line":54,"column":74}},{"start":{"line":54,"column":74},"end":{"line":54,"column":null}}],"line":54},"24":{"loc":{"start":{"line":58,"column":19},"end":{"line":58,"column":34}},"type":"binary-expr","locations":[{"start":{"line":58,"column":19},"end":{"line":58,"column":29}},{"start":{"line":58,"column":29},"end":{"line":58,"column":34}}],"line":58},"25":{"loc":{"start":{"line":59,"column":17},"end":{"line":59,"column":null}},"type":"cond-expr","locations":[{"start":{"line":59,"column":35},"end":{"line":59,"column":71}},{"start":{"line":59,"column":71},"end":{"line":59,"column":null}}],"line":59},"26":{"loc":{"start":{"line":59,"column":25},"end":{"line":59,"column":42}},"type":"binary-expr","locations":[{"start":{"line":59,"column":25},"end":{"line":59,"column":35}},{"start":{"line":59,"column":35},"end":{"line":59,"column":42}}],"line":59},"27":{"loc":{"start":{"line":59,"column":42},"end":{"line":59,"column":55}},"type":"binary-expr","locations":[{"start":{"line":59,"column":42},"end":{"line":59,"column":50}},{"start":{"line":59,"column":50},"end":{"line":59,"column":55}}],"line":59},"28":{"loc":{"start":{"line":59,"column":71},"end":{"line":59,"column":null}},"type":"binary-expr","locations":[{"start":{"line":59,"column":71},"end":{"line":59,"column":79}},{"start":{"line":59,"column":79},"end":{"line":59,"column":null}}],"line":59},"29":{"loc":{"start":{"line":72,"column":4},"end":{"line":72,"column":null}},"type":"if","locations":[{"start":{"line":72,"column":4},"end":{"line":72,"column":null}},{"start":{},"end":{}}],"line":72},"30":{"loc":{"start":{"line":74,"column":4},"end":{"line":79,"column":null}},"type":"if","locations":[{"start":{"line":74,"column":4},"end":{"line":79,"column":null}},{"start":{"line":75,"column":9},"end":{"line":79,"column":null}}],"line":74},"31":{"loc":{"start":{"line":75,"column":9},"end":{"line":79,"column":null}},"type":"if","locations":[{"start":{"line":75,"column":9},"end":{"line":79,"column":null}},{"start":{"line":76,"column":9},"end":{"line":79,"column":null}}],"line":75},"32":{"loc":{"start":{"line":76,"column":9},"end":{"line":79,"column":null}},"type":"if","locations":[{"start":{"line":76,"column":9},"end":{"line":79,"column":null}},{"start":{},"end":{}}],"line":76},"33":{"loc":{"start":{"line":83,"column":4},"end":{"line":83,"column":null}},"type":"if","locations":[{"start":{"line":83,"column":4},"end":{"line":83,"column":null}},{"start":{},"end":{}}],"line":83},"34":{"loc":{"start":{"line":87,"column":4},"end":{"line":98,"column":null}},"type":"if","locations":[{"start":{"line":87,"column":4},"end":{"line":98,"column":null}},{"start":{},"end":{}}],"line":87},"35":{"loc":{"start":{"line":89,"column":6},"end":{"line":97,"column":null}},"type":"if","locations":[{"start":{"line":89,"column":6},"end":{"line":97,"column":null}},{"start":{},"end":{}}],"line":89},"36":{"loc":{"start":{"line":91,"column":18},"end":{"line":91,"column":null}},"type":"cond-expr","locations":[{"start":{"line":91,"column":31},"end":{"line":91,"column":54}},{"start":{"line":91,"column":54},"end":{"line":91,"column":null}}],"line":91},"37":{"loc":{"start":{"line":93,"column":8},"end":{"line":94,"column":null}},"type":"if","locations":[{"start":{"line":93,"column":8},"end":{"line":94,"column":null}},{"start":{"line":94,"column":13},"end":{"line":94,"column":null}}],"line":93},"38":{"loc":{"start":{"line":93,"column":26},"end":{"line":93,"column":null}},"type":"cond-expr","locations":[{"start":{"line":93,"column":33},"end":{"line":93,"column":38}},{"start":{"line":93,"column":38},"end":{"line":93,"column":null}}],"line":93},"39":{"loc":{"start":{"line":94,"column":13},"end":{"line":94,"column":null}},"type":"if","locations":[{"start":{"line":94,"column":13},"end":{"line":94,"column":null}},{"start":{},"end":{}}],"line":94},"40":{"loc":{"start":{"line":101,"column":4},"end":{"line":114,"column":null}},"type":"if","locations":[{"start":{"line":101,"column":4},"end":{"line":114,"column":null}},{"start":{"line":106,"column":11},"end":{"line":114,"column":null}}],"line":101},"41":{"loc":{"start":{"line":106,"column":11},"end":{"line":114,"column":null}},"type":"if","locations":[{"start":{"line":106,"column":11},"end":{"line":114,"column":null}},{"start":{"line":111,"column":11},"end":{"line":114,"column":null}}],"line":106},"42":{"loc":{"start":{"line":111,"column":11},"end":{"line":114,"column":null}},"type":"if","locations":[{"start":{"line":111,"column":11},"end":{"line":114,"column":null}},{"start":{},"end":{}}],"line":111},"43":{"loc":{"start":{"line":127,"column":17},"end":{"line":127,"column":null}},"type":"cond-expr","locations":[{"start":{"line":127,"column":32},"end":{"line":127,"column":40}},{"start":{"line":127,"column":40},"end":{"line":127,"column":null}}],"line":127},"44":{"loc":{"start":{"line":131,"column":23},"end":{"line":131,"column":null}},"type":"cond-expr","locations":[{"start":{"line":131,"column":31},"end":{"line":131,"column":43}},{"start":{"line":131,"column":43},"end":{"line":131,"column":null}}],"line":131},"45":{"loc":{"start":{"line":135,"column":19},"end":{"line":135,"column":null}},"type":"cond-expr","locations":[{"start":{"line":135,"column":27},"end":{"line":135,"column":51}},{"start":{"line":135,"column":51},"end":{"line":135,"column":null}}],"line":135},"46":{"loc":{"start":{"line":153,"column":7},"end":{"line":245,"column":null}},"type":"binary-expr","locations":[{"start":{"line":153,"column":7},"end":{"line":153,"column":15}},{"start":{"line":153,"column":15},"end":{"line":245,"column":null}}],"line":153},"47":{"loc":{"start":{"line":156,"column":79},"end":{"line":156,"column":100}},"type":"cond-expr","locations":[{"start":{"line":156,"column":83},"end":{"line":156,"column":98}},{"start":{"line":156,"column":98},"end":{"line":156,"column":100}}],"line":156},"48":{"loc":{"start":{"line":157,"column":80},"end":{"line":157,"column":95}},"type":"cond-expr","locations":[{"start":{"line":157,"column":84},"end":{"line":157,"column":93}},{"start":{"line":157,"column":93},"end":{"line":157,"column":95}}],"line":157},"49":{"loc":{"start":{"line":178,"column":15},"end":{"line":178,"column":null}},"type":"cond-expr","locations":[{"start":{"line":178,"column":32},"end":{"line":178,"column":130}},{"start":{"line":178,"column":130},"end":{"line":178,"column":null}}],"line":178},"50":{"loc":{"start":{"line":178,"column":32},"end":{"line":178,"column":130}},"type":"cond-expr","locations":[{"start":{"line":178,"column":40},"end":{"line":178,"column":97}},{"start":{"line":178,"column":97},"end":{"line":178,"column":130}}],"line":178},"51":{"loc":{"start":{"line":178,"column":47},"end":{"line":178,"column":93}},"type":"cond-expr","locations":[{"start":{"line":178,"column":60},"end":{"line":178,"column":65}},{"start":{"line":178,"column":65},"end":{"line":178,"column":93}}],"line":178},"52":{"loc":{"start":{"line":178,"column":65},"end":{"line":178,"column":93}},"type":"cond-expr","locations":[{"start":{"line":178,"column":77},"end":{"line":178,"column":89}},{"start":{"line":178,"column":89},"end":{"line":178,"column":93}}],"line":178},"53":{"loc":{"start":{"line":202,"column":15},"end":{"line":202,"column":null}},"type":"cond-expr","locations":[{"start":{"line":202,"column":33},"end":{"line":202,"column":67}},{"start":{"line":202,"column":67},"end":{"line":202,"column":null}}],"line":202},"54":{"loc":{"start":{"line":212,"column":11},"end":{"line":231,"column":null}},"type":"binary-expr","locations":[{"start":{"line":212,"column":11},"end":{"line":212,"column":20}},{"start":{"line":212,"column":20},"end":{"line":212,"column":null}},{"start":{"line":213,"column":12},"end":{"line":231,"column":null}}],"line":212},"55":{"loc":{"start":{"line":214,"column":53},"end":{"line":214,"column":136}},"type":"if","locations":[{"start":{"line":214,"column":53},"end":{"line":214,"column":136}},{"start":{"line":214,"column":105},"end":{"line":214,"column":136}}],"line":214},"56":{"loc":{"start":{"line":214,"column":86},"end":{"line":214,"column":97}},"type":"binary-expr","locations":[{"start":{"line":214,"column":86},"end":{"line":214,"column":96}},{"start":{"line":214,"column":96},"end":{"line":214,"column":97}}],"line":214},"57":{"loc":{"start":{"line":214,"column":123},"end":{"line":214,"column":134}},"type":"binary-expr","locations":[{"start":{"line":214,"column":123},"end":{"line":214,"column":133}},{"start":{"line":214,"column":133},"end":{"line":214,"column":134}}],"line":214},"58":{"loc":{"start":{"line":224,"column":17},"end":{"line":224,"column":null}},"type":"cond-expr","locations":[{"start":{"line":224,"column":30},"end":{"line":224,"column":37}},{"start":{"line":224,"column":37},"end":{"line":224,"column":null}}],"line":224},"59":{"loc":{"start":{"line":226,"column":53},"end":{"line":226,"column":136}},"type":"if","locations":[{"start":{"line":226,"column":53},"end":{"line":226,"column":136}},{"start":{"line":226,"column":105},"end":{"line":226,"column":136}}],"line":226},"60":{"loc":{"start":{"line":226,"column":86},"end":{"line":226,"column":97}},"type":"binary-expr","locations":[{"start":{"line":226,"column":86},"end":{"line":226,"column":96}},{"start":{"line":226,"column":96},"end":{"line":226,"column":97}}],"line":226},"61":{"loc":{"start":{"line":226,"column":123},"end":{"line":226,"column":134}},"type":"binary-expr","locations":[{"start":{"line":226,"column":123},"end":{"line":226,"column":133}},{"start":{"line":226,"column":133},"end":{"line":226,"column":134}}],"line":226},"62":{"loc":{"start":{"line":235,"column":11},"end":{"line":241,"column":null}},"type":"binary-expr","locations":[{"start":{"line":235,"column":11},"end":{"line":235,"column":null}},{"start":{"line":236,"column":12},"end":{"line":241,"column":null}}],"line":235}},"s":{"0":73,"1":8,"2":65,"3":65,"4":21,"5":44,"6":30,"7":14,"8":73,"9":73,"10":78,"11":78,"12":78,"13":78,"14":78,"15":78,"16":78,"17":78,"18":78,"19":78,"20":69,"21":10,"22":1,"23":9,"24":8,"25":1,"26":69,"27":22,"28":69,"29":69,"30":78,"31":15,"32":15,"33":15,"34":78,"35":3,"36":78,"37":2,"38":78,"39":3,"40":3,"41":3,"42":78,"43":3,"44":3,"45":3,"46":78,"47":78,"48":4,"49":4,"50":4,"51":1,"52":3,"53":3,"54":1,"55":2,"56":1,"57":1,"58":1,"59":1,"60":78,"61":12,"62":1,"63":11,"64":11,"65":5,"66":5,"67":4,"68":4,"69":4,"70":4,"71":2,"72":2,"73":2,"74":4,"75":4,"76":7,"77":7,"78":2,"79":2,"80":2,"81":2,"82":5,"83":3,"84":3,"85":3,"86":3,"87":2,"88":1,"89":1,"90":78,"91":5,"92":12,"93":12,"94":22,"95":22,"96":13,"97":8,"98":22,"99":22,"100":22,"101":22,"102":3,"103":1,"104":2,"105":1,"106":3,"107":1,"108":1,"109":1,"110":2,"111":1,"112":1,"113":2,"114":1,"115":2,"116":1,"117":1,"118":1,"119":1,"120":1,"121":1,"122":2,"123":1},"f":{"0":73,"1":78,"2":78,"3":69,"4":10,"5":69,"6":15,"7":3,"8":2,"9":3,"10":3,"11":4,"12":12,"13":5,"14":12,"15":22,"16":22,"17":13,"18":8,"19":22,"20":22,"21":3,"22":1,"23":2,"24":1,"25":3,"26":1,"27":1,"28":1,"29":2,"30":2,"31":1,"32":2,"33":1,"34":1,"35":1,"36":2,"37":1},"b":{"0":[8,65],"1":[21,44],"2":[65,56],"3":[30,14],"4":[8,6],"5":[3,11],"6":[8,3],"7":[78],"8":[78],"9":[78,8],"10":[9,69],"11":[32,46],"12":[1,9],"13":[8,1],"14":[22,47],"15":[3,1],"16":[3,1],"17":[2,1],"18":[2,1],"19":[3,1],"20":[1,2],"21":[3,1],"22":[1,0],"23":[2,0],"24":[3,1],"25":[1,2],"26":[3,1],"27":[1,0],"28":[2,0],"29":[1,3],"30":[1,2],"31":[1,1],"32":[1,0],"33":[1,11],"34":[5,6],"35":[4,1],"36":[3,1],"37":[2,2],"38":[1,1],"39":[2,0],"40":[2,5],"41":[3,2],"42":[1,1],"43":[5,73],"44":[24,54],"45":[70,8],"46":[78,22],"47":[22,0],"48":[22,0],"49":[19,3],"50":[5,14],"51":[1,4],"52":[3,1],"53":[17,5],"54":[22,5,5],"55":[1,1],"56":[1,0],"57":[1,0],"58":[3,2],"59":[1,1],"60":[1,0],"61":[1,0],"62":[22,21]},"meta":{"lastBranch":63,"lastFunction":38,"lastStatement":124,"seen":{"f:6:9:6:23":0,"b:7:2:7:Infinity:undefined:undefined:undefined:undefined":0,"s:7:2:7:Infinity":0,"s:7:12:7:Infinity":1,"s:8:17:8:Infinity":2,"b:9:2:9:Infinity:undefined:undefined:undefined:undefined":1,"s:9:2:9:Infinity":3,"b:9:6:9:18:9:18:9:28":2,"s:9:28:9:Infinity":4,"b:10:2:10:Infinity:undefined:undefined:undefined:undefined":3,"s:10:2:10:Infinity":5,"s:10:14:10:Infinity":6,"s:11:17:11:Infinity":7,"b:11:27:11:34:11:34:11:Infinity":4,"s:12:14:12:Infinity":8,"b:12:24:12:29:12:29:12:Infinity":5,"b:12:38:12:47:12:47:12:Infinity":6,"s:13:2:13:Infinity":9,"f:23:24:23:41":1,"b:23:74:23:83":7,"b:23:91:23:120":8,"s:24:8:24:Infinity":10,"f:24:16:24:33":2,"s:24:38:24:60":11,"s:25:15:25:Infinity":12,"s:26:23:26:Infinity":13,"s:27:8:27:Infinity":14,"s:28:8:28:Infinity":15,"s:30:12:30:Infinity":16,"b:30:18:30:27:30:27:30:31":9,"s:31:15:31:Infinity":17,"b:31:26:31:33:31:33:31:Infinity":10,"s:32:17:32:Infinity":18,"b:32:28:32:35:32:35:32:Infinity":11,"s:34:2:42:Infinity":19,"f:34:2:34:18":3,"s:35:10:39:Infinity":20,"f:35:10:35:21":4,"b:36:6:36:Infinity:undefined:undefined:undefined:undefined":12,"s:36:6:36:Infinity":21,"s:36:51:36:Infinity":22,"b:37:6:37:Infinity:undefined:undefined:undefined:undefined":13,"s:37:6:37:Infinity":23,"s:37:55:37:Infinity":24,"s:38:6:38:Infinity":25,"b:40:4:40:Infinity:undefined:undefined:undefined:undefined":14,"s:40:4:40:Infinity":26,"s:40:14:40:Infinity":27,"s:41:4:41:Infinity":28,"f:41:4:41:17":5,"s:41:17:41:Infinity":29,"s:44:8:48:Infinity":30,"f:44:8:44:18":6,"s:45:15:45:Infinity":31,"s:46:15:46:Infinity":32,"s:47:4:47:Infinity":33,"s:50:8:50:Infinity":34,"f:50:8:50:24":7,"s:50:24:50:Infinity":35,"b:50:33:50:41:50:41:50:47":15,"b:50:56:50:66:50:66:50:67":16,"s:51:8:51:Infinity":36,"f:51:8:51:24":8,"s:51:24:51:Infinity":37,"b:51:33:51:41:51:41:51:46":17,"b:51:60:51:70:51:70:51:71":18,"s:52:8:56:Infinity":38,"f:52:8:52:23":9,"s:53:10:53:Infinity":39,"b:53:19:53:29:53:29:53:35":19,"s:54:17:54:Infinity":40,"b:54:35:54:66:54:66:54:Infinity":20,"b:54:25:54:35:54:35:54:42":21,"b:54:42:54:50:54:50:54:55":22,"b:54:66:54:74:54:74:54:Infinity":23,"s:55:4:55:Infinity":41,"s:57:8:61:Infinity":42,"f:57:8:57:23":10,"s:58:10:58:Infinity":43,"b:58:19:58:29:58:29:58:34":24,"s:59:17:59:Infinity":44,"b:59:35:59:71:59:71:59:Infinity":25,"b:59:25:59:35:59:35:59:42":26,"b:59:42:59:50:59:50:59:55":27,"b:59:71:59:79:59:79:59:Infinity":28,"s:60:4:60:Infinity":45,"s:63:40:67:Infinity":46,"s:69:8:80:Infinity":47,"f:69:8:69:23":11,"s:70:16:70:Infinity":48,"s:71:4:71:Infinity":49,"b:72:4:72:Infinity:undefined:undefined:undefined:undefined":29,"s:72:4:72:Infinity":50,"s:72:15:72:Infinity":51,"s:73:18:73:Infinity":52,"b:74:4:79:Infinity:75:9:79:Infinity":30,"s:74:4:79:Infinity":53,"s:74:37:74:Infinity":54,"b:75:9:79:Infinity:76:9:79:Infinity":31,"s:75:9:79:Infinity":55,"s:75:36:75:Infinity":56,"b:76:9:79:Infinity:undefined:undefined:undefined:undefined":32,"s:76:9:79:Infinity":57,"s:77:23:77:Infinity":58,"s:78:6:78:Infinity":59,"s:82:8:115:Infinity":60,"f:82:8:82:27":12,"b:83:4:83:Infinity:undefined:undefined:undefined:undefined":33,"s:83:4:83:Infinity":61,"s:83:16:83:Infinity":62,"s:84:16:84:Infinity":63,"b:87:4:98:Infinity:undefined:undefined:undefined:undefined":34,"s:87:4:98:Infinity":64,"s:88:22:88:Infinity":65,"b:89:6:97:Infinity:undefined:undefined:undefined:undefined":35,"s:89:6:97:Infinity":66,"s:90:16:90:Infinity":67,"s:91:18:91:Infinity":68,"b:91:31:91:54:91:54:91:Infinity":36,"s:92:21:92:Infinity":69,"b:93:8:94:Infinity:94:13:94:Infinity":37,"s:93:8:94:Infinity":70,"s:93:22:93:Infinity":71,"b:93:33:93:38:93:38:93:Infinity":38,"b:94:13:94:Infinity:undefined:undefined:undefined:undefined":39,"s:94:13:94:Infinity":72,"s:94:23:94:Infinity":73,"s:95:8:95:Infinity":74,"s:96:8:96:Infinity":75,"s:100:18:100:Infinity":76,"b:101:4:114:Infinity:106:11:114:Infinity":40,"s:101:4:114:Infinity":77,"s:102:23:102:Infinity":78,"s:103:16:103:Infinity":79,"s:104:16:104:Infinity":80,"s:105:6:105:Infinity":81,"b:106:11:114:Infinity:111:11:114:Infinity":41,"s:106:11:114:Infinity":82,"s:107:16:107:Infinity":83,"s:108:16:108:Infinity":84,"s:109:16:109:Infinity":85,"s:110:6:110:Infinity":86,"b:111:11:114:Infinity:undefined:undefined:undefined:undefined":42,"s:111:11:114:Infinity":87,"s:112:16:112:Infinity":88,"s:113:6:113:Infinity":89,"s:117:2:248:Infinity":90,"b:127:32:127:40:127:40:127:Infinity":43,"f:129:10:129:25":13,"s:129:25:129:Infinity":91,"f:130:10:130:24":14,"s:130:26:130:50":92,"s:130:50:130:63":93,"b:131:31:131:43:131:43:131:Infinity":44,"b:135:27:135:51:135:51:135:Infinity":45,"f:141:10:141:25":15,"s:141:25:141:Infinity":94,"f:141:25:141:33":16,"s:141:38:141:40":95,"f:147:10:147:24":17,"s:147:29:147:Infinity":96,"f:148:10:148:24":18,"s:148:29:148:Infinity":97,"b:153:7:153:15:153:15:245:Infinity":46,"f:156:10:156:22":19,"s:156:34:156:72":98,"s:156:72:156:100":99,"b:156:83:156:98:156:98:156:100":47,"f:157:10:157:23":20,"s:157:35:157:73":100,"s:157:73:157:95":101,"b:157:84:157:93:157:93:157:95":48,"f:168:14:168:28":21,"s:168:33:168:Infinity":102,"f:169:14:169:28":22,"s:169:33:169:Infinity":103,"b:178:32:178:130:178:130:178:Infinity":49,"b:178:40:178:97:178:97:178:130":50,"b:178:60:178:65:178:65:178:93":51,"b:178:77:178:89:178:89:178:93":52,"f:181:14:181:28":23,"s:181:33:181:Infinity":104,"f:182:14:182:28":24,"s:182:33:182:Infinity":105,"f:192:14:192:28":25,"s:192:33:192:Infinity":106,"f:193:14:193:28":26,"s:193:33:193:Infinity":107,"b:202:33:202:67:202:67:202:Infinity":53,"f:205:14:205:28":27,"s:205:33:205:Infinity":108,"f:206:14:206:28":28,"s:206:33:206:Infinity":109,"b:212:11:212:20:212:20:212:Infinity:213:12:231:Infinity":54,"f:214:36:214:51":29,"b:214:53:214:136:214:105:214:136":55,"s:214:53:214:136":110,"s:214:68:214:105":111,"b:214:86:214:96:214:96:214:97":56,"s:214:105:214:136":112,"b:214:123:214:133:214:133:214:134":57,"f:215:16:215:30":30,"s:215:35:215:Infinity":113,"f:216:16:216:30":31,"s:216:35:216:Infinity":114,"b:224:30:224:37:224:37:224:Infinity":58,"f:226:36:226:51":32,"b:226:53:226:136:226:105:226:136":59,"s:226:53:226:136":115,"s:226:68:226:105":116,"b:226:86:226:96:226:96:226:97":60,"s:226:105:226:136":117,"b:226:123:226:133:226:133:226:134":61,"f:227:16:227:30":33,"s:227:35:227:Infinity":118,"f:228:16:228:30":34,"s:228:35:228:Infinity":119,"b:235:11:235:Infinity:236:12:241:Infinity":62,"f:236:34:236:49":35,"s:236:51:236:65":120,"s:236:65:236:80":121,"f:238:14:238:28":36,"s:238:33:238:Infinity":122,"f:239:14:239:28":37,"s:239:33:239:84":123},"fnNames":{}}}
}
