{"C:\\Users\\Hospi\\.local\\bin\\trek-coverage\\client\\src\\components\\Collab\\CollabChatMessages.tsx": {"path":"C:\\Users\\Hospi\\.local\\bin\\trek-coverage\\client\\src\\components\\Collab\\CollabChatMessages.tsx","statementMap":{"0":{"start":{"line":11,"column":570},"end":{"line":11,"column":null}},"1":{"start":{"line":12,"column":2},"end":{"line":245,"column":null}},"2":{"start":{"line":36,"column":24},"end":{"line":36,"column":null}},"3":{"start":{"line":37,"column":28},"end":{"line":37,"column":null}},"4":{"start":{"line":38,"column":28},"end":{"line":38,"column":null}},"5":{"start":{"line":39,"column":31},"end":{"line":39,"column":null}},"6":{"start":{"line":40,"column":34},"end":{"line":40,"column":null}},"7":{"start":{"line":41,"column":18},"end":{"line":41,"column":null}},"8":{"start":{"line":42,"column":31},"end":{"line":42,"column":null}},"9":{"start":{"line":43,"column":29},"end":{"line":43,"column":null}},"10":{"start":{"line":44,"column":29},"end":{"line":44,"column":null}},"11":{"start":{"line":46,"column":12},"end":{"line":63,"column":null}},"12":{"start":{"line":47,"column":14},"end":{"line":61,"column":null}},"13":{"start":{"line":66,"column":23},"end":{"line":68,"column":null}},"14":{"start":{"line":70,"column":12},"end":{"line":239,"column":null}},"15":{"start":{"line":123,"column":42},"end":{"line":123,"column":null}},"16":{"start":{"line":124,"column":42},"end":{"line":124,"column":null}},"17":{"start":{"line":125,"column":44},"end":{"line":125,"column":64}},"18":{"start":{"line":125,"column":64},"end":{"line":125,"column":137}},"19":{"start":{"line":125,"column":77},"end":{"line":125,"column":137}},"20":{"start":{"line":127,"column":36},"end":{"line":127,"column":null}},"21":{"start":{"line":128,"column":40},"end":{"line":128,"column":null}},"22":{"start":{"line":129,"column":24},"end":{"line":133,"column":null}},"23":{"start":{"line":130,"column":26},"end":{"line":130,"column":null}},"24":{"start":{"line":131,"column":40},"end":{"line":131,"column":null}},"25":{"start":{"line":132,"column":26},"end":{"line":132,"column":null}},"26":{"start":{"line":132,"column":37},"end":{"line":132,"column":null}},"27":{"start":{"line":134,"column":24},"end":{"line":134,"column":null}},"28":{"start":{"line":167,"column":28},"end":{"line":167,"column":null}},"29":{"start":{"line":167,"column":103},"end":{"line":167,"column":174}},"30":{"start":{"line":167,"column":127},"end":{"line":167,"column":174}},"31":{"start":{"line":167,"column":144},"end":{"line":167,"column":170}},"32":{"start":{"line":181,"column":47},"end":{"line":181,"column":64}},"33":{"start":{"line":187,"column":47},"end":{"line":187,"column":94}},"34":{"start":{"line":188,"column":47},"end":{"line":188,"column":92}},"35":{"start":{"line":193,"column":49},"end":{"line":193,"column":71}},"36":{"start":{"line":199,"column":49},"end":{"line":199,"column":97}},"37":{"start":{"line":199,"column":97},"end":{"line":199,"column":143}},"38":{"start":{"line":199,"column":143},"end":{"line":199,"column":180}},"39":{"start":{"line":200,"column":49},"end":{"line":200,"column":95}},"40":{"start":{"line":200,"column":95},"end":{"line":200,"column":147}},"41":{"start":{"line":200,"column":147},"end":{"line":200,"column":198}},"42":{"start":{"line":222,"column":47},"end":{"line":222,"column":null}},"43":{"start":{"line":222,"column":65},"end":{"line":222,"column":109}},"44":{"start":{"line":223,"column":28},"end":{"line":224,"column":null}},"45":{"start":{"line":224,"column":120},"end":{"line":224,"column":162}},"46":{"start":{"line":224,"column":133},"end":{"line":224,"column":162}}},"fnMap":{"0":{"name":"ChatMessages","decl":{"start":{"line":10,"column":16},"end":{"line":10,"column":29}},"loc":{"start":{"line":10,"column":41},"end":{"line":247,"column":null}},"line":10},"1":{"name":"(anonymous_1)","decl":{"start":{"line":35,"column":20},"end":{"line":35,"column":25}},"loc":{"start":{"line":35,"column":38},"end":{"line":241,"column":11}},"line":35},"2":{"name":"(anonymous_2)","decl":{"start":{"line":123,"column":22},"end":{"line":123,"column":42}},"loc":{"start":{"line":123,"column":42},"end":{"line":123,"column":null}},"line":123},"3":{"name":"(anonymous_3)","decl":{"start":{"line":124,"column":22},"end":{"line":124,"column":42}},"loc":{"start":{"line":124,"column":42},"end":{"line":124,"column":null}},"line":124},"4":{"name":"(anonymous_4)","decl":{"start":{"line":125,"column":22},"end":{"line":125,"column":37}},"loc":{"start":{"line":125,"column":42},"end":{"line":125,"column":null}},"line":125},"5":{"name":"(anonymous_5)","decl":{"start":{"line":126,"column":22},"end":{"line":126,"column":34}},"loc":{"start":{"line":126,"column":39},"end":{"line":135,"column":null}},"line":126},"6":{"name":"(anonymous_6)","decl":{"start":{"line":166,"column":73},"end":{"line":166,"column":77}},"loc":{"start":{"line":167,"column":28},"end":{"line":167,"column":null}},"line":167},"7":{"name":"(anonymous_7)","decl":{"start":{"line":167,"column":87},"end":{"line":167,"column":101}},"loc":{"start":{"line":167,"column":101},"end":{"line":167,"column":178}},"line":167},"8":{"name":"(anonymous_8)","decl":{"start":{"line":167,"column":127},"end":{"line":167,"column":144}},"loc":{"start":{"line":167,"column":144},"end":{"line":167,"column":170}},"line":167},"9":{"name":"(anonymous_9)","decl":{"start":{"line":181,"column":32},"end":{"line":181,"column":47}},"loc":{"start":{"line":181,"column":47},"end":{"line":181,"column":64}},"line":181},"10":{"name":"(anonymous_10)","decl":{"start":{"line":187,"column":26},"end":{"line":187,"column":40}},"loc":{"start":{"line":187,"column":45},"end":{"line":187,"column":null}},"line":187},"11":{"name":"(anonymous_11)","decl":{"start":{"line":188,"column":26},"end":{"line":188,"column":40}},"loc":{"start":{"line":188,"column":45},"end":{"line":188,"column":null}},"line":188},"12":{"name":"(anonymous_12)","decl":{"start":{"line":193,"column":34},"end":{"line":193,"column":49}},"loc":{"start":{"line":193,"column":49},"end":{"line":193,"column":71}},"line":193},"13":{"name":"(anonymous_13)","decl":{"start":{"line":199,"column":28},"end":{"line":199,"column":42}},"loc":{"start":{"line":199,"column":47},"end":{"line":199,"column":null}},"line":199},"14":{"name":"(anonymous_14)","decl":{"start":{"line":200,"column":28},"end":{"line":200,"column":42}},"loc":{"start":{"line":200,"column":47},"end":{"line":200,"column":null}},"line":200},"15":{"name":"(anonymous_15)","decl":{"start":{"line":221,"column":41},"end":{"line":221,"column":45}},"loc":{"start":{"line":221,"column":50},"end":{"line":226,"column":27}},"line":221},"16":{"name":"(anonymous_16)","decl":{"start":{"line":222,"column":55},"end":{"line":222,"column":60}},"loc":{"start":{"line":222,"column":65},"end":{"line":222,"column":109}},"line":222},"17":{"name":"(anonymous_17)","decl":{"start":{"line":224,"column":103},"end":{"line":224,"column":118}},"loc":{"start":{"line":224,"column":118},"end":{"line":224,"column":166}},"line":224}},"branchMap":{"0":{"loc":{"start":{"line":15,"column":7},"end":{"line":245,"column":null}},"type":"cond-expr","locations":[{"start":{"line":16,"column":8},"end":{"line":18,"column":9}},{"start":{"line":18,"column":8},"end":{"line":245,"column":null}}],"line":15},"1":{"loc":{"start":{"line":22,"column":11},"end":{"line":35,"column":20}},"type":"binary-expr","locations":[{"start":{"line":22,"column":11},"end":{"line":22,"column":null}},{"start":{"line":23,"column":12},"end":{"line":35,"column":20}}],"line":22},"2":{"loc":{"start":{"line":30,"column":17},"end":{"line":30,"column":null}},"type":"cond-expr","locations":[{"start":{"line":30,"column":31},"end":{"line":30,"column":39}},{"start":{"line":30,"column":39},"end":{"line":30,"column":null}}],"line":30},"3":{"loc":{"start":{"line":39,"column":31},"end":{"line":39,"column":null}},"type":"binary-expr","locations":[{"start":{"line":39,"column":31},"end":{"line":39,"column":44}},{"start":{"line":39,"column":44},"end":{"line":39,"column":null}}],"line":39},"4":{"loc":{"start":{"line":40,"column":34},"end":{"line":40,"column":null}},"type":"binary-expr","locations":[{"start":{"line":40,"column":34},"end":{"line":40,"column":46}},{"start":{"line":40,"column":46},"end":{"line":40,"column":null}}],"line":40},"5":{"loc":{"start":{"line":42,"column":31},"end":{"line":42,"column":null}},"type":"binary-expr","locations":[{"start":{"line":42,"column":31},"end":{"line":42,"column":39}},{"start":{"line":42,"column":39},"end":{"line":42,"column":null}}],"line":42},"6":{"loc":{"start":{"line":44,"column":29},"end":{"line":44,"column":null}},"type":"binary-expr","locations":[{"start":{"line":44,"column":29},"end":{"line":44,"column":47}},{"start":{"line":44,"column":47},"end":{"line":44,"column":null}}],"line":44},"7":{"loc":{"start":{"line":46,"column":12},"end":{"line":63,"column":null}},"type":"if","locations":[{"start":{"line":46,"column":12},"end":{"line":63,"column":null}},{"start":{},"end":{}}],"line":46},"8":{"loc":{"start":{"line":49,"column":19},"end":{"line":56,"column":19}},"type":"binary-expr","locations":[{"start":{"line":49,"column":19},"end":{"line":49,"column":null}},{"start":{"line":50,"column":20},"end":{"line":56,"column":19}}],"line":49},"9":{"loc":{"start":{"line":58,"column":38},"end":{"line":58,"column":93}},"type":"binary-expr","locations":[{"start":{"line":58,"column":38},"end":{"line":58,"column":73}},{"start":{"line":58,"column":73},"end":{"line":58,"column":93}}],"line":58},"10":{"loc":{"start":{"line":66,"column":23},"end":{"line":68,"column":null}},"type":"cond-expr","locations":[{"start":{"line":67,"column":16},"end":{"line":67,"column":null}},{"start":{"line":68,"column":16},"end":{"line":68,"column":null}}],"line":66},"11":{"loc":{"start":{"line":67,"column":29},"end":{"line":67,"column":60}},"type":"cond-expr","locations":[{"start":{"line":67,"column":45},"end":{"line":67,"column":53}},{"start":{"line":67,"column":53},"end":{"line":67,"column":60}}],"line":67},"12":{"loc":{"start":{"line":68,"column":34},"end":{"line":68,"column":null}},"type":"cond-expr","locations":[{"start":{"line":68,"column":50},"end":{"line":68,"column":58}},{"start":{"line":68,"column":58},"end":{"line":68,"column":null}}],"line":68},"13":{"loc":{"start":{"line":73,"column":17},"end":{"line":85,"column":17}},"type":"binary-expr","locations":[{"start":{"line":73,"column":17},"end":{"line":73,"column":null}},{"start":{"line":74,"column":18},"end":{"line":85,"column":17}}],"line":73},"14":{"loc":{"start":{"line":86,"column":47},"end":{"line":86,"column":null}},"type":"cond-expr","locations":[{"start":{"line":86,"column":53},"end":{"line":86,"column":66}},{"start":{"line":86,"column":66},"end":{"line":86,"column":null}}],"line":86},"15":{"loc":{"start":{"line":87,"column":33},"end":{"line":87,"column":null}},"type":"cond-expr","locations":[{"start":{"line":87,"column":39},"end":{"line":87,"column":55}},{"start":{"line":87,"column":55},"end":{"line":87,"column":null}}],"line":87},"16":{"loc":{"start":{"line":88,"column":37},"end":{"line":88,"column":null}},"type":"cond-expr","locations":[{"start":{"line":88,"column":50},"end":{"line":88,"column":55}},{"start":{"line":88,"column":55},"end":{"line":88,"column":null}}],"line":88},"17":{"loc":{"start":{"line":89,"column":31},"end":{"line":89,"column":45}},"type":"cond-expr","locations":[{"start":{"line":89,"column":37},"end":{"line":89,"column":42}},{"start":{"line":89,"column":42},"end":{"line":89,"column":45}}],"line":89},"18":{"loc":{"start":{"line":89,"column":59},"end":{"line":89,"column":null}},"type":"cond-expr","locations":[{"start":{"line":89,"column":65},"end":{"line":89,"column":69}},{"start":{"line":89,"column":69},"end":{"line":89,"column":null}}],"line":89},"19":{"loc":{"start":{"line":91,"column":22},"end":{"line":91,"column":null}},"type":"cond-expr","locations":[{"start":{"line":91,"column":48},"end":{"line":91,"column":138}},{"start":{"line":91,"column":138},"end":{"line":91,"column":null}}],"line":91},"20":{"loc":{"start":{"line":94,"column":19},"end":{"line":112,"column":19}},"type":"binary-expr","locations":[{"start":{"line":94,"column":19},"end":{"line":94,"column":null}},{"start":{"line":95,"column":20},"end":{"line":112,"column":19}}],"line":94},"21":{"loc":{"start":{"line":96,"column":23},"end":{"line":106,"column":null}},"type":"binary-expr","locations":[{"start":{"line":96,"column":23},"end":{"line":96,"column":null}},{"start":{"line":97,"column":24},"end":{"line":106,"column":null}}],"line":96},"22":{"loc":{"start":{"line":97,"column":24},"end":{"line":106,"column":null}},"type":"cond-expr","locations":[{"start":{"line":98,"column":26},"end":{"line":100,"column":27}},{"start":{"line":100,"column":26},"end":{"line":106,"column":null}}],"line":97},"23":{"loc":{"start":{"line":105,"column":30},"end":{"line":105,"column":51}},"type":"binary-expr","locations":[{"start":{"line":105,"column":30},"end":{"line":105,"column":46}},{"start":{"line":105,"column":46},"end":{"line":105,"column":51}}],"line":105},"24":{"loc":{"start":{"line":112,"column":86},"end":{"line":112,"column":119}},"type":"cond-expr","locations":[{"start":{"line":112,"column":92},"end":{"line":112,"column":105}},{"start":{"line":112,"column":105},"end":{"line":112,"column":119}}],"line":112},"25":{"loc":{"start":{"line":114,"column":21},"end":{"line":117,"column":null}},"type":"binary-expr","locations":[{"start":{"line":114,"column":21},"end":{"line":114,"column":29}},{"start":{"line":114,"column":29},"end":{"line":114,"column":null}},{"start":{"line":115,"column":22},"end":{"line":117,"column":null}}],"line":114},"26":{"loc":{"start":{"line":125,"column":64},"end":{"line":125,"column":137}},"type":"if","locations":[{"start":{"line":125,"column":64},"end":{"line":125,"column":137}},{"start":{},"end":{}}],"line":125},"27":{"loc":{"start":{"line":128,"column":40},"end":{"line":128,"column":null}},"type":"binary-expr","locations":[{"start":{"line":128,"column":40},"end":{"line":128,"column":83}},{"start":{"line":128,"column":83},"end":{"line":128,"column":null}}],"line":128},"28":{"loc":{"start":{"line":129,"column":24},"end":{"line":133,"column":null}},"type":"if","locations":[{"start":{"line":129,"column":24},"end":{"line":133,"column":null}},{"start":{},"end":{}}],"line":129},"29":{"loc":{"start":{"line":129,"column":28},"end":{"line":129,"column":60}},"type":"binary-expr","locations":[{"start":{"line":129,"column":28},"end":{"line":129,"column":51}},{"start":{"line":129,"column":51},"end":{"line":129,"column":60}}],"line":129},"30":{"loc":{"start":{"line":132,"column":26},"end":{"line":132,"column":null}},"type":"if","locations":[{"start":{"line":132,"column":26},"end":{"line":132,"column":null}},{"start":{},"end":{}}],"line":132},"31":{"loc":{"start":{"line":137,"column":23},"end":{"line":173,"column":23}},"type":"cond-expr","locations":[{"start":{"line":138,"column":24},"end":{"line":142,"column":25}},{"start":{"line":142,"column":24},"end":{"line":173,"column":23}}],"line":137},"32":{"loc":{"start":{"line":143,"column":38},"end":{"line":143,"column":null}},"type":"cond-expr","locations":[{"start":{"line":143,"column":44},"end":{"line":143,"column":56}},{"start":{"line":143,"column":56},"end":{"line":143,"column":null}}],"line":143},"33":{"loc":{"start":{"line":144,"column":33},"end":{"line":144,"column":null}},"type":"cond-expr","locations":[{"start":{"line":144,"column":39},"end":{"line":144,"column":48}},{"start":{"line":144,"column":48},"end":{"line":144,"column":null}}],"line":144},"34":{"loc":{"start":{"line":145,"column":53},"end":{"line":145,"column":null}},"type":"cond-expr","locations":[{"start":{"line":145,"column":64},"end":{"line":145,"column":84}},{"start":{"line":145,"column":84},"end":{"line":145,"column":null}}],"line":145},"35":{"loc":{"start":{"line":149,"column":27},"end":{"line":161,"column":null}},"type":"binary-expr","locations":[{"start":{"line":149,"column":27},"end":{"line":149,"column":null}},{"start":{"line":150,"column":28},"end":{"line":161,"column":null}}],"line":149},"36":{"loc":{"start":{"line":152,"column":42},"end":{"line":152,"column":null}},"type":"cond-expr","locations":[{"start":{"line":152,"column":48},"end":{"line":152,"column":75}},{"start":{"line":152,"column":75},"end":{"line":152,"column":null}}],"line":152},"37":{"loc":{"start":{"line":156,"column":33},"end":{"line":156,"column":null}},"type":"binary-expr","locations":[{"start":{"line":156,"column":33},"end":{"line":156,"column":55}},{"start":{"line":156,"column":55},"end":{"line":156,"column":null}}],"line":156},"38":{"loc":{"start":{"line":159,"column":34},"end":{"line":159,"column":56}},"type":"binary-expr","locations":[{"start":{"line":159,"column":34},"end":{"line":159,"column":52}},{"start":{"line":159,"column":52},"end":{"line":159,"column":56}}],"line":159},"39":{"loc":{"start":{"line":163,"column":27},"end":{"line":165,"column":null}},"type":"cond-expr","locations":[{"start":{"line":164,"column":28},"end":{"line":165,"column":31}},{"start":{"line":165,"column":30},"end":{"line":165,"column":null}}],"line":163},"40":{"loc":{"start":{"line":166,"column":28},"end":{"line":166,"column":61}},"type":"binary-expr","locations":[{"start":{"line":166,"column":28},"end":{"line":166,"column":57}},{"start":{"line":166,"column":57},"end":{"line":166,"column":61}}],"line":166},"41":{"loc":{"start":{"line":167,"column":103},"end":{"line":167,"column":174}},"type":"if","locations":[{"start":{"line":167,"column":103},"end":{"line":167,"column":174}},{"start":{},"end":{}}],"line":167},"42":{"loc":{"start":{"line":176,"column":33},"end":{"line":176,"column":null}},"type":"cond-expr","locations":[{"start":{"line":176,"column":56},"end":{"line":176,"column":60}},{"start":{"line":176,"column":60},"end":{"line":176,"column":null}}],"line":176},"43":{"loc":{"start":{"line":177,"column":39},"end":{"line":177,"column":null}},"type":"cond-expr","locations":[{"start":{"line":177,"column":62},"end":{"line":177,"column":71}},{"start":{"line":177,"column":71},"end":{"line":177,"column":null}}],"line":177},"44":{"loc":{"start":{"line":179,"column":28},"end":{"line":179,"column":null}},"type":"cond-expr","locations":[{"start":{"line":179,"column":34},"end":{"line":179,"column":49}},{"start":{"line":179,"column":49},"end":{"line":179,"column":null}}],"line":179},"45":{"loc":{"start":{"line":192,"column":25},"end":{"line":205,"column":null}},"type":"binary-expr","locations":[{"start":{"line":192,"column":25},"end":{"line":192,"column":32}},{"start":{"line":192,"column":32},"end":{"line":192,"column":null}},{"start":{"line":193,"column":26},"end":{"line":205,"column":null}}],"line":192},"46":{"loc":{"start":{"line":209,"column":21},"end":{"line":228,"column":null}},"type":"binary-expr","locations":[{"start":{"line":209,"column":21},"end":{"line":209,"column":null}},{"start":{"line":210,"column":22},"end":{"line":228,"column":null}}],"line":209},"47":{"loc":{"start":{"line":212,"column":40},"end":{"line":212,"column":null}},"type":"cond-expr","locations":[{"start":{"line":212,"column":46},"end":{"line":212,"column":59}},{"start":{"line":212,"column":59},"end":{"line":212,"column":null}}],"line":212},"48":{"loc":{"start":{"line":213,"column":37},"end":{"line":213,"column":50}},"type":"cond-expr","locations":[{"start":{"line":213,"column":43},"end":{"line":213,"column":47}},{"start":{"line":213,"column":47},"end":{"line":213,"column":50}}],"line":213},"49":{"loc":{"start":{"line":213,"column":64},"end":{"line":213,"column":null}},"type":"cond-expr","locations":[{"start":{"line":213,"column":70},"end":{"line":213,"column":74}},{"start":{"line":213,"column":74},"end":{"line":213,"column":null}}],"line":213},"50":{"loc":{"start":{"line":224,"column":120},"end":{"line":224,"column":162}},"type":"if","locations":[{"start":{"line":224,"column":120},"end":{"line":224,"column":162}},{"start":{},"end":{}}],"line":224},"51":{"loc":{"start":{"line":232,"column":21},"end":{"line":235,"column":null}},"type":"binary-expr","locations":[{"start":{"line":232,"column":21},"end":{"line":232,"column":null}},{"start":{"line":233,"column":22},"end":{"line":235,"column":null}}],"line":232}},"s":{"0":100,"1":100,"2":432,"3":432,"4":432,"5":432,"6":432,"7":432,"8":432,"9":432,"10":432,"11":432,"12":3,"13":429,"14":432,"15":0,"16":0,"17":2,"18":2,"19":2,"20":0,"21":0,"22":0,"23":0,"24":0,"25":0,"26":0,"27":0,"28":1,"29":1,"30":1,"31":0,"32":2,"33":0,"34":0,"35":1,"36":0,"37":0,"38":0,"39":0,"40":0,"41":0,"42":3,"43":3,"44":3,"45":0,"46":0},"f":{"0":100,"1":432,"2":0,"3":0,"4":2,"5":0,"6":1,"7":1,"8":0,"9":2,"10":0,"11":0,"12":1,"13":0,"14":0,"15":3,"16":3,"17":0},"b":{"0":[66,34],"1":[34,3],"2":[1,2],"3":[432,398],"4":[432,398],"5":[432,425],"6":[432,431],"7":[3,429],"8":[3,3],"9":[3,0],"10":[6,423],"11":[6,0],"12":[26,397],"13":[432,32],"14":[6,423],"15":[6,423],"16":[32,397],"17":[6,423],"18":[6,423],"19":[1,428],"20":[432,423],"21":[423,26],"22":[0,26],"23":[26,0],"24":[6,423],"25":[432,423,26],"26":[2,0],"27":[0,0],"28":[0,0],"29":[0,0],"30":[0,0],"31":[1,428],"32":[6,422],"33":[6,422],"34":[1,427],"35":[428,1],"36":[0,1],"37":[1,0],"38":[1,0],"39":[1,427],"40":[428,427],"41":[1,0],"42":[0,429],"43":[0,429],"44":[6,423],"45":[432,6,6],"46":[432,3],"47":[0,3],"48":[0,3],"49":[0,3],"50":[0,0],"51":[432,32]},"meta":{"lastBranch":52,"lastFunction":18,"lastStatement":47,"seen":{"f:10:16:10:29":0,"s:11:570:11:Infinity":0,"s:12:2:245:Infinity":1,"b:16:8:18:9:18:8:245:Infinity":0,"b:22:11:22:Infinity:23:12:35:20":1,"b:30:31:30:39:30:39:30:Infinity":2,"f:35:20:35:25":1,"s:36:24:36:Infinity":2,"s:37:28:37:Infinity":3,"s:38:28:38:Infinity":4,"s:39:31:39:Infinity":5,"b:39:31:39:44:39:44:39:Infinity":3,"s:40:34:40:Infinity":6,"b:40:34:40:46:40:46:40:Infinity":4,"s:41:18:41:Infinity":7,"s:42:31:42:Infinity":8,"b:42:31:42:39:42:39:42:Infinity":5,"s:43:29:43:Infinity":9,"s:44:29:44:Infinity":10,"b:44:29:44:47:44:47:44:Infinity":6,"b:46:12:63:Infinity:undefined:undefined:undefined:undefined":7,"s:46:12:63:Infinity":11,"s:47:14:61:Infinity":12,"b:49:19:49:Infinity:50:20:56:19":8,"b:58:38:58:73:58:73:58:93":9,"s:66:23:68:Infinity":13,"b:67:16:67:Infinity:68:16:68:Infinity":10,"b:67:45:67:53:67:53:67:60":11,"b:68:50:68:58:68:58:68:Infinity":12,"s:70:12:239:Infinity":14,"b:73:17:73:Infinity:74:18:85:17":13,"b:86:53:86:66:86:66:86:Infinity":14,"b:87:39:87:55:87:55:87:Infinity":15,"b:88:50:88:55:88:55:88:Infinity":16,"b:89:37:89:42:89:42:89:45":17,"b:89:65:89:69:89:69:89:Infinity":18,"b:91:48:91:138:91:138:91:Infinity":19,"b:94:19:94:Infinity:95:20:112:19":20,"b:96:23:96:Infinity:97:24:106:Infinity":21,"b:98:26:100:27:100:26:106:Infinity":22,"b:105:30:105:46:105:46:105:51":23,"b:112:92:112:105:112:105:112:119":24,"b:114:21:114:29:114:29:114:Infinity:115:22:117:Infinity":25,"f:123:22:123:42":2,"s:123:42:123:Infinity":15,"f:124:22:124:42":3,"s:124:42:124:Infinity":16,"f:125:22:125:37":4,"s:125:44:125:64":17,"b:125:64:125:137:undefined:undefined:undefined:undefined":26,"s:125:64:125:137":18,"s:125:77:125:137":19,"f:126:22:126:34":5,"s:127:36:127:Infinity":20,"s:128:40:128:Infinity":21,"b:128:40:128:83:128:83:128:Infinity":27,"b:129:24:133:Infinity:undefined:undefined:undefined:undefined":28,"s:129:24:133:Infinity":22,"b:129:28:129:51:129:51:129:60":29,"s:130:26:130:Infinity":23,"s:131:40:131:Infinity":24,"b:132:26:132:Infinity:undefined:undefined:undefined:undefined":30,"s:132:26:132:Infinity":25,"s:132:37:132:Infinity":26,"s:134:24:134:Infinity":27,"b:138:24:142:25:142:24:173:23":31,"b:143:44:143:56:143:56:143:Infinity":32,"b:144:39:144:48:144:48:144:Infinity":33,"b:145:64:145:84:145:84:145:Infinity":34,"b:149:27:149:Infinity:150:28:161:Infinity":35,"b:152:48:152:75:152:75:152:Infinity":36,"b:156:33:156:55:156:55:156:Infinity":37,"b:159:34:159:52:159:52:159:56":38,"b:164:28:165:31:165:30:165:Infinity":39,"b:166:28:166:57:166:57:166:61":40,"f:166:73:166:77":6,"s:167:28:167:Infinity":28,"f:167:87:167:101":7,"b:167:103:167:174:undefined:undefined:undefined:undefined":41,"s:167:103:167:174":29,"s:167:127:167:174":30,"f:167:127:167:144":8,"s:167:144:167:170":31,"b:176:56:176:60:176:60:176:Infinity":42,"b:177:62:177:71:177:71:177:Infinity":43,"b:179:34:179:49:179:49:179:Infinity":44,"f:181:32:181:47":9,"s:181:47:181:64":32,"f:187:26:187:40":10,"s:187:47:187:94":33,"f:188:26:188:40":11,"s:188:47:188:92":34,"b:192:25:192:32:192:32:192:Infinity:193:26:205:Infinity":45,"f:193:34:193:49":12,"s:193:49:193:71":35,"f:199:28:199:42":13,"s:199:49:199:97":36,"s:199:97:199:143":37,"s:199:143:199:180":38,"f:200:28:200:42":14,"s:200:49:200:95":39,"s:200:95:200:147":40,"s:200:147:200:198":41,"b:209:21:209:Infinity:210:22:228:Infinity":46,"b:212:46:212:59:212:59:212:Infinity":47,"b:213:43:213:47:213:47:213:50":48,"b:213:70:213:74:213:74:213:Infinity":49,"f:221:41:221:45":15,"s:222:47:222:Infinity":42,"f:222:55:222:60":16,"s:222:65:222:109":43,"s:223:28:224:Infinity":44,"f:224:103:224:118":17,"b:224:120:224:162:undefined:undefined:undefined:undefined":50,"s:224:120:224:162":45,"s:224:133:224:162":46,"b:232:21:232:Infinity:233:22:235:Infinity":51},"fnNames":{}}}
,"C:\\Users\\Hospi\\.local\\bin\\trek-coverage\\client\\src\\components\\Collab\\CollabNotes.tsx": {"path":"C:\\Users\\Hospi\\.local\\bin\\trek-coverage\\client\\src\\components\\Collab\\CollabNotes.tsx","statementMap":{"0":{"start":{"line":36,"column":10},"end":{"line":36,"column":null}},"1":{"start":{"line":37,"column":8},"end":{"line":37,"column":null}},"2":{"start":{"line":38,"column":8},"end":{"line":38,"column":null}},"3":{"start":{"line":39,"column":8},"end":{"line":39,"column":null}},"4":{"start":{"line":39,"column":35},"end":{"line":39,"column":41}},"5":{"start":{"line":40,"column":18},"end":{"line":40,"column":null}},"6":{"start":{"line":41,"column":16},"end":{"line":41,"column":null}},"7":{"start":{"line":42,"column":18},"end":{"line":42,"column":null}},"8":{"start":{"line":43,"column":23},"end":{"line":43,"column":null}},"9":{"start":{"line":44,"column":22},"end":{"line":44,"column":null}},"10":{"start":{"line":45,"column":22},"end":{"line":45,"column":null}},"11":{"start":{"line":46,"column":22},"end":{"line":46,"column":null}},"12":{"start":{"line":47,"column":23},"end":{"line":47,"column":null}},"13":{"start":{"line":48,"column":25},"end":{"line":48,"column":null}},"14":{"start":{"line":49,"column":30},"end":{"line":49,"column":null}},"15":{"start":{"line":52,"column":26},"end":{"line":54,"column":null}},"16":{"start":{"line":53,"column":4},"end":{"line":53,"column":null}},"17":{"start":{"line":53,"column":10},"end":{"line":53,"column":81}},"18":{"start":{"line":53,"column":91},"end":{"line":53,"column":101}},"19":{"start":{"line":55,"column":8},"end":{"line":58,"column":null}},"20":{"start":{"line":56,"column":4},"end":{"line":56,"column":null}},"21":{"start":{"line":57,"column":4},"end":{"line":57,"column":null}},"22":{"start":{"line":61,"column":8},"end":{"line":67,"column":null}},"23":{"start":{"line":62,"column":16},"end":{"line":62,"column":null}},"24":{"start":{"line":63,"column":4},"end":{"line":65,"column":null}},"25":{"start":{"line":64,"column":6},"end":{"line":64,"column":null}},"26":{"start":{"line":64,"column":33},"end":{"line":64,"column":null}},"27":{"start":{"line":66,"column":4},"end":{"line":66,"column":null}},"28":{"start":{"line":69,"column":8},"end":{"line":73,"column":null}},"29":{"start":{"line":70,"column":4},"end":{"line":70,"column":null}},"30":{"start":{"line":70,"column":14},"end":{"line":70,"column":null}},"31":{"start":{"line":71,"column":4},"end":{"line":71,"column":null}},"32":{"start":{"line":71,"column":29},"end":{"line":71,"column":null}},"33":{"start":{"line":72,"column":4},"end":{"line":72,"column":null}},"34":{"start":{"line":76,"column":2},"end":{"line":85,"column":null}},"35":{"start":{"line":77,"column":4},"end":{"line":77,"column":null}},"36":{"start":{"line":77,"column":17},"end":{"line":77,"column":null}},"37":{"start":{"line":78,"column":20},"end":{"line":78,"column":null}},"38":{"start":{"line":79,"column":4},"end":{"line":79,"column":null}},"39":{"start":{"line":80,"column":4},"end":{"line":83,"column":null}},"40":{"start":{"line":81,"column":22},"end":{"line":81,"column":74}},"41":{"start":{"line":81,"column":38},"end":{"line":81,"column":74}},"42":{"start":{"line":82,"column":21},"end":{"line":82,"column":50}},"43":{"start":{"line":82,"column":37},"end":{"line":82,"column":50}},"44":{"start":{"line":83,"column":23},"end":{"line":83,"column":57}},"45":{"start":{"line":83,"column":39},"end":{"line":83,"column":57}},"46":{"start":{"line":84,"column":4},"end":{"line":84,"column":null}},"47":{"start":{"line":84,"column":19},"end":{"line":84,"column":36}},"48":{"start":{"line":88,"column":2},"end":{"line":113,"column":null}},"49":{"start":{"line":89,"column":4},"end":{"line":89,"column":null}},"50":{"start":{"line":89,"column":17},"end":{"line":89,"column":null}},"51":{"start":{"line":91,"column":10},"end":{"line":109,"column":null}},"52":{"start":{"line":92,"column":6},"end":{"line":97,"column":null}},"53":{"start":{"line":93,"column":8},"end":{"line":96,"column":null}},"54":{"start":{"line":94,"column":10},"end":{"line":94,"column":null}},"55":{"start":{"line":94,"column":29},"end":{"line":94,"column":49}},"56":{"start":{"line":94,"column":52},"end":{"line":94,"column":null}},"57":{"start":{"line":95,"column":10},"end":{"line":95,"column":null}},"58":{"start":{"line":98,"column":6},"end":{"line":102,"column":null}},"59":{"start":{"line":99,"column":8},"end":{"line":101,"column":null}},"60":{"start":{"line":100,"column":10},"end":{"line":100,"column":null}},"61":{"start":{"line":100,"column":25},"end":{"line":100,"column":74}},"62":{"start":{"line":103,"column":6},"end":{"line":108,"column":null}},"63":{"start":{"line":104,"column":26},"end":{"line":104,"column":null}},"64":{"start":{"line":105,"column":8},"end":{"line":107,"column":null}},"65":{"start":{"line":106,"column":10},"end":{"line":106,"column":null}},"66":{"start":{"line":106,"column":27},"end":{"line":106,"column":63}},"67":{"start":{"line":106,"column":44},"end":{"line":106,"column":62}},"68":{"start":{"line":111,"column":4},"end":{"line":111,"column":null}},"69":{"start":{"line":112,"column":4},"end":{"line":112,"column":null}},"70":{"start":{"line":116,"column":8},"end":{"line":146,"column":null}},"71":{"start":{"line":117,"column":25},"end":{"line":117,"column":null}},"72":{"start":{"line":118,"column":4},"end":{"line":118,"column":null}},"73":{"start":{"line":120,"column":4},"end":{"line":125,"column":null}},"74":{"start":{"line":121,"column":6},"end":{"line":121,"column":null}},"75":{"start":{"line":123,"column":6},"end":{"line":123,"column":null}},"76":{"start":{"line":124,"column":6},"end":{"line":124,"column":null}},"77":{"start":{"line":126,"column":4},"end":{"line":145,"column":null}},"78":{"start":{"line":127,"column":19},"end":{"line":127,"column":null}},"79":{"start":{"line":129,"column":6},"end":{"line":140,"column":null}},"80":{"start":{"line":130,"column":8},"end":{"line":134,"column":null}},"81":{"start":{"line":131,"column":21},"end":{"line":131,"column":null}},"82":{"start":{"line":132,"column":10},"end":{"line":132,"column":null}},"83":{"start":{"line":133,"column":10},"end":{"line":133,"column":null}},"84":{"start":{"line":133,"column":16},"end":{"line":133,"column":68}},"85":{"start":{"line":133,"column":84},"end":{"line":133,"column":141}},"86":{"start":{"line":133,"column":141},"end":{"line":133,"column":172}},"87":{"start":{"line":136,"column":22},"end":{"line":136,"column":null}},"88":{"start":{"line":137,"column":8},"end":{"line":137,"column":null}},"89":{"start":{"line":137,"column":26},"end":{"line":137,"column":null}},"90":{"start":{"line":138,"column":8},"end":{"line":138,"column":null}},"91":{"start":{"line":139,"column":8},"end":{"line":139,"column":null}},"92":{"start":{"line":141,"column":6},"end":{"line":144,"column":null}},"93":{"start":{"line":142,"column":8},"end":{"line":142,"column":null}},"94":{"start":{"line":142,"column":27},"end":{"line":142,"column":43}},"95":{"start":{"line":142,"column":46},"end":{"line":142,"column":null}},"96":{"start":{"line":143,"column":8},"end":{"line":143,"column":null}},"97":{"start":{"line":148,"column":8},"end":{"line":162,"column":null}},"98":{"start":{"line":150,"column":4},"end":{"line":155,"column":null}},"99":{"start":{"line":151,"column":6},"end":{"line":151,"column":null}},"100":{"start":{"line":153,"column":6},"end":{"line":153,"column":null}},"101":{"start":{"line":154,"column":6},"end":{"line":154,"column":null}},"102":{"start":{"line":156,"column":20},"end":{"line":156,"column":null}},"103":{"start":{"line":157,"column":4},"end":{"line":161,"column":null}},"104":{"start":{"line":158,"column":6},"end":{"line":160,"column":null}},"105":{"start":{"line":159,"column":8},"end":{"line":159,"column":null}},"106":{"start":{"line":159,"column":23},"end":{"line":159,"column":66}},"107":{"start":{"line":164,"column":8},"end":{"line":182,"column":null}},"108":{"start":{"line":166,"column":4},"end":{"line":173,"column":null}},"109":{"start":{"line":167,"column":25},"end":{"line":167,"column":null}},"110":{"start":{"line":167,"column":43},"end":{"line":167,"column":61}},"111":{"start":{"line":168,"column":6},"end":{"line":172,"column":null}},"112":{"start":{"line":169,"column":8},"end":{"line":171,"column":null}},"113":{"start":{"line":170,"column":10},"end":{"line":170,"column":null}},"114":{"start":{"line":175,"column":22},"end":{"line":175,"column":null}},"115":{"start":{"line":176,"column":4},"end":{"line":180,"column":null}},"116":{"start":{"line":177,"column":6},"end":{"line":179,"column":null}},"117":{"start":{"line":177,"column":27},"end":{"line":177,"column":45}},"118":{"start":{"line":178,"column":8},"end":{"line":178,"column":null}},"119":{"start":{"line":181,"column":4},"end":{"line":181,"column":null}},"120":{"start":{"line":184,"column":8},"end":{"line":199,"column":null}},"121":{"start":{"line":185,"column":4},"end":{"line":185,"column":null}},"122":{"start":{"line":185,"column":22},"end":{"line":185,"column":null}},"123":{"start":{"line":186,"column":25},"end":{"line":186,"column":null}},"124":{"start":{"line":187,"column":4},"end":{"line":187,"column":null}},"125":{"start":{"line":188,"column":4},"end":{"line":188,"column":null}},"126":{"start":{"line":189,"column":4},"end":{"line":198,"column":null}},"127":{"start":{"line":190,"column":6},"end":{"line":194,"column":null}},"128":{"start":{"line":191,"column":19},"end":{"line":191,"column":null}},"129":{"start":{"line":192,"column":8},"end":{"line":192,"column":null}},"130":{"start":{"line":193,"column":8},"end":{"line":193,"column":null}},"131":{"start":{"line":193,"column":14},"end":{"line":193,"column":73}},"132":{"start":{"line":193,"column":83},"end":{"line":193,"column":114}},"133":{"start":{"line":195,"column":20},"end":{"line":195,"column":null}},"134":{"start":{"line":196,"column":6},"end":{"line":196,"column":null}},"135":{"start":{"line":196,"column":24},"end":{"line":196,"column":null}},"136":{"start":{"line":197,"column":6},"end":{"line":197,"column":null}},"137":{"start":{"line":201,"column":8},"end":{"line":204,"column":null}},"138":{"start":{"line":202,"column":4},"end":{"line":202,"column":null}},"139":{"start":{"line":202,"column":10},"end":{"line":202,"column":65}},"140":{"start":{"line":202,"column":75},"end":{"line":202,"column":106}},"141":{"start":{"line":203,"column":4},"end":{"line":203,"column":null}},"142":{"start":{"line":206,"column":8},"end":{"line":215,"column":null}},"143":{"start":{"line":207,"column":4},"end":{"line":212,"column":null}},"144":{"start":{"line":208,"column":6},"end":{"line":208,"column":null}},"145":{"start":{"line":210,"column":6},"end":{"line":210,"column":null}},"146":{"start":{"line":211,"column":6},"end":{"line":211,"column":null}},"147":{"start":{"line":213,"column":4},"end":{"line":213,"column":null}},"148":{"start":{"line":213,"column":21},"end":{"line":213,"column":54}},"149":{"start":{"line":213,"column":38},"end":{"line":213,"column":53}},"150":{"start":{"line":214,"column":4},"end":{"line":214,"column":null}},"151":{"start":{"line":218,"column":21},"end":{"line":218,"column":null}},"152":{"start":{"line":218,"column":48},"end":{"line":218,"column":58}},"153":{"start":{"line":220,"column":22},"end":{"line":228,"column":null}},"154":{"start":{"line":221,"column":17},"end":{"line":221,"column":73}},"155":{"start":{"line":223,"column":6},"end":{"line":223,"column":null}},"156":{"start":{"line":223,"column":33},"end":{"line":223,"column":null}},"157":{"start":{"line":224,"column":6},"end":{"line":224,"column":null}},"158":{"start":{"line":224,"column":33},"end":{"line":224,"column":null}},"159":{"start":{"line":225,"column":17},"end":{"line":225,"column":null}},"160":{"start":{"line":226,"column":17},"end":{"line":226,"column":null}},"161":{"start":{"line":227,"column":6},"end":{"line":227,"column":null}},"162":{"start":{"line":230,"column":2},"end":{"line":238,"column":null}},"163":{"start":{"line":244,"column":2},"end":{"line":259,"column":null}},"164":{"start":{"line":264,"column":2},"end":{"line":286,"column":null}},"165":{"start":{"line":274,"column":43},"end":{"line":274,"column":66}},"166":{"start":{"line":276,"column":29},"end":{"line":276,"column":null}},"167":{"start":{"line":277,"column":29},"end":{"line":277,"column":null}},"168":{"start":{"line":280,"column":43},"end":{"line":280,"column":null}},"169":{"start":{"line":291,"column":2},"end":{"line":320,"column":null}},"170":{"start":{"line":294,"column":23},"end":{"line":294,"column":null}},"171":{"start":{"line":306,"column":8},"end":{"line":318,"column":null}},"172":{"start":{"line":308,"column":25},"end":{"line":308,"column":null}},"173":{"start":{"line":308,"column":51},"end":{"line":308,"column":76}},"174":{"start":{"line":328,"column":6},"end":{"line":328,"column":null}},"175":{"start":{"line":329,"column":2},"end":{"line":359,"column":null}},"176":{"start":{"line":342,"column":12},"end":{"line":355,"column":null}},"177":{"start":{"line":364,"column":104},"end":{"line":364,"column":null}},"178":{"start":{"line":365,"column":2},"end":{"line":365,"column":null}},"179":{"start":{"line":365,"column":20},"end":{"line":365,"column":null}},"180":{"start":{"line":366,"column":2},"end":{"line":456,"column":null}},"181":{"start":{"line":374,"column":21},"end":{"line":374,"column":null}},"182":{"start":{"line":383,"column":22},"end":{"line":383,"column":null}},"183":{"start":{"line":401,"column":49},"end":{"line":401,"column":71}},"184":{"start":{"line":401,"column":71},"end":{"line":401,"column":99}},"185":{"start":{"line":403,"column":33},"end":{"line":403,"column":null}},"186":{"start":{"line":404,"column":33},"end":{"line":404,"column":null}},"187":{"start":{"line":407,"column":35},"end":{"line":407,"column":null}},"188":{"start":{"line":409,"column":33},"end":{"line":409,"column":null}},"189":{"start":{"line":410,"column":33},"end":{"line":410,"column":null}},"190":{"start":{"line":422,"column":34},"end":{"line":422,"column":null}},"191":{"start":{"line":423,"column":24},"end":{"line":423,"column":null}},"192":{"start":{"line":424,"column":18},"end":{"line":446,"column":null}},"193":{"start":{"line":429,"column":41},"end":{"line":429,"column":null}},"194":{"start":{"line":430,"column":47},"end":{"line":430,"column":96}},"195":{"start":{"line":430,"column":96},"end":{"line":430,"column":159}},"196":{"start":{"line":431,"column":47},"end":{"line":431,"column":93}},"197":{"start":{"line":431,"column":93},"end":{"line":431,"column":134}},"198":{"start":{"line":433,"column":68},"end":{"line":433,"column":null}},"199":{"start":{"line":440,"column":47},"end":{"line":440,"column":96}},"200":{"start":{"line":440,"column":96},"end":{"line":440,"column":159}},"201":{"start":{"line":441,"column":47},"end":{"line":441,"column":93}},"202":{"start":{"line":441,"column":93},"end":{"line":441,"column":134}},"203":{"start":{"line":460,"column":12},"end":{"line":460,"column":null}},"204":{"start":{"line":467,"column":6},"end":{"line":467,"column":null}},"205":{"start":{"line":469,"column":2},"end":{"line":469,"column":null}},"206":{"start":{"line":469,"column":15},"end":{"line":469,"column":null}},"207":{"start":{"line":471,"column":2},"end":{"line":533,"column":null}},"208":{"start":{"line":483,"column":25},"end":{"line":483,"column":null}},"209":{"start":{"line":496,"column":25},"end":{"line":496,"column":null}},"210":{"start":{"line":506,"column":59},"end":{"line":506,"column":82}},"211":{"start":{"line":510,"column":25},"end":{"line":510,"column":null}},"212":{"start":{"line":516,"column":29},"end":{"line":516,"column":null}},"213":{"start":{"line":516,"column":47},"end":{"line":516,"column":69}},"214":{"start":{"line":517,"column":12},"end":{"line":519,"column":null}},"215":{"start":{"line":518,"column":14},"end":{"line":518,"column":null}},"216":{"start":{"line":528,"column":23},"end":{"line":528,"column":null}},"217":{"start":{"line":529,"column":27},"end":{"line":529,"column":99}},"218":{"start":{"line":529,"column":61},"end":{"line":529,"column":99}}},"fnMap":{"0":{"name":"useCollabNotes","decl":{"start":{"line":35,"column":9},"end":{"line":35,"column":24}},"loc":{"start":{"line":35,"column":67},"end":{"line":239,"column":null}},"line":35},"1":{"name":"(anonymous_1)","decl":{"start":{"line":39,"column":15},"end":{"line":39,"column":29}},"loc":{"start":{"line":39,"column":35},"end":{"line":39,"column":41}},"line":39},"2":{"name":"(anonymous_2)","decl":{"start":{"line":52,"column":48},"end":{"line":52,"column":63}},"loc":{"start":{"line":52,"column":63},"end":{"line":54,"column":3}},"line":52},"3":{"name":"(anonymous_3)","decl":{"start":{"line":55,"column":8},"end":{"line":55,"column":31}},"loc":{"start":{"line":55,"column":39},"end":{"line":58,"column":null}},"line":55},"4":{"name":"(anonymous_4)","decl":{"start":{"line":61,"column":25},"end":{"line":61,"column":39}},"loc":{"start":{"line":61,"column":39},"end":{"line":67,"column":5}},"line":61},"5":{"name":"(anonymous_5)","decl":{"start":{"line":69,"column":8},"end":{"line":69,"column":28}},"loc":{"start":{"line":69,"column":36},"end":{"line":73,"column":null}},"line":69},"6":{"name":"(anonymous_6)","decl":{"start":{"line":76,"column":2},"end":{"line":76,"column":18}},"loc":{"start":{"line":76,"column":18},"end":{"line":85,"column":5}},"line":76},"7":{"name":"(anonymous_7)","decl":{"start":{"line":81,"column":7},"end":{"line":81,"column":12}},"loc":{"start":{"line":81,"column":20},"end":{"line":81,"column":75}},"line":81},"8":{"name":"(anonymous_8)","decl":{"start":{"line":82,"column":7},"end":{"line":82,"column":19}},"loc":{"start":{"line":82,"column":19},"end":{"line":82,"column":51}},"line":82},"9":{"name":"(anonymous_9)","decl":{"start":{"line":83,"column":7},"end":{"line":83,"column":21}},"loc":{"start":{"line":83,"column":21},"end":{"line":83,"column":58}},"line":83},"10":{"name":"(anonymous_10)","decl":{"start":{"line":84,"column":4},"end":{"line":84,"column":17}},"loc":{"start":{"line":84,"column":17},"end":{"line":84,"column":null}},"line":84},"11":{"name":"(anonymous_11)","decl":{"start":{"line":88,"column":2},"end":{"line":88,"column":18}},"loc":{"start":{"line":88,"column":18},"end":{"line":113,"column":5}},"line":88},"12":{"name":"(anonymous_12)","decl":{"start":{"line":91,"column":10},"end":{"line":91,"column":21}},"loc":{"start":{"line":91,"column":29},"end":{"line":109,"column":null}},"line":91},"13":{"name":"(anonymous_13)","decl":{"start":{"line":93,"column":8},"end":{"line":93,"column":17}},"loc":{"start":{"line":93,"column":25},"end":{"line":96,"column":9}},"line":93},"14":{"name":"(anonymous_14)","decl":{"start":{"line":94,"column":19},"end":{"line":94,"column":24}},"loc":{"start":{"line":94,"column":29},"end":{"line":94,"column":49}},"line":94},"15":{"name":"(anonymous_15)","decl":{"start":{"line":99,"column":8},"end":{"line":99,"column":17}},"loc":{"start":{"line":100,"column":10},"end":{"line":100,"column":null}},"line":100},"16":{"name":"(anonymous_16)","decl":{"start":{"line":100,"column":15},"end":{"line":100,"column":19}},"loc":{"start":{"line":100,"column":25},"end":{"line":100,"column":74}},"line":100},"17":{"name":"(anonymous_17)","decl":{"start":{"line":106,"column":10},"end":{"line":106,"column":19}},"loc":{"start":{"line":106,"column":27},"end":{"line":106,"column":63}},"line":106},"18":{"name":"(anonymous_18)","decl":{"start":{"line":106,"column":32},"end":{"line":106,"column":39}},"loc":{"start":{"line":106,"column":44},"end":{"line":106,"column":62}},"line":106},"19":{"name":"(anonymous_19)","decl":{"start":{"line":112,"column":4},"end":{"line":112,"column":17}},"loc":{"start":{"line":112,"column":4},"end":{"line":112,"column":null}},"line":112},"20":{"name":"(anonymous_20)","decl":{"start":{"line":116,"column":39},"end":{"line":116,"column":46}},"loc":{"start":{"line":116,"column":55},"end":{"line":146,"column":5}},"line":116},"21":{"name":"(anonymous_21)","decl":{"start":{"line":141,"column":6},"end":{"line":141,"column":15}},"loc":{"start":{"line":141,"column":23},"end":{"line":144,"column":7}},"line":141},"22":{"name":"(anonymous_22)","decl":{"start":{"line":142,"column":17},"end":{"line":142,"column":22}},"loc":{"start":{"line":142,"column":27},"end":{"line":142,"column":43}},"line":142},"23":{"name":"(anonymous_23)","decl":{"start":{"line":148,"column":39},"end":{"line":148,"column":46}},"loc":{"start":{"line":148,"column":63},"end":{"line":162,"column":5}},"line":148},"24":{"name":"(anonymous_24)","decl":{"start":{"line":158,"column":6},"end":{"line":158,"column":15}},"loc":{"start":{"line":159,"column":8},"end":{"line":159,"column":null}},"line":159},"25":{"name":"(anonymous_25)","decl":{"start":{"line":159,"column":13},"end":{"line":159,"column":17}},"loc":{"start":{"line":159,"column":23},"end":{"line":159,"column":66}},"line":159},"26":{"name":"(anonymous_26)","decl":{"start":{"line":164,"column":41},"end":{"line":164,"column":48}},"loc":{"start":{"line":164,"column":59},"end":{"line":182,"column":5}},"line":164},"27":{"name":"(anonymous_27)","decl":{"start":{"line":167,"column":31},"end":{"line":167,"column":38}},"loc":{"start":{"line":167,"column":43},"end":{"line":167,"column":61}},"line":167},"28":{"name":"(anonymous_28)","decl":{"start":{"line":177,"column":17},"end":{"line":177,"column":22}},"loc":{"start":{"line":177,"column":27},"end":{"line":177,"column":45}},"line":177},"29":{"name":"(anonymous_29)","decl":{"start":{"line":184,"column":39},"end":{"line":184,"column":46}},"loc":{"start":{"line":184,"column":55},"end":{"line":199,"column":5}},"line":184},"30":{"name":"(anonymous_30)","decl":{"start":{"line":201,"column":43},"end":{"line":201,"column":50}},"loc":{"start":{"line":201,"column":69},"end":{"line":204,"column":5}},"line":201},"31":{"name":"(anonymous_31)","decl":{"start":{"line":206,"column":39},"end":{"line":206,"column":46}},"loc":{"start":{"line":206,"column":57},"end":{"line":215,"column":5}},"line":206},"32":{"name":"(anonymous_32)","decl":{"start":{"line":213,"column":4},"end":{"line":213,"column":13}},"loc":{"start":{"line":213,"column":21},"end":{"line":213,"column":54}},"line":213},"33":{"name":"(anonymous_33)","decl":{"start":{"line":213,"column":26},"end":{"line":213,"column":33}},"loc":{"start":{"line":213,"column":38},"end":{"line":213,"column":53}},"line":213},"34":{"name":"(anonymous_34)","decl":{"start":{"line":218,"column":39},"end":{"line":218,"column":43}},"loc":{"start":{"line":218,"column":48},"end":{"line":218,"column":58}},"line":218},"35":{"name":"(anonymous_35)","decl":{"start":{"line":221,"column":5},"end":{"line":221,"column":12}},"loc":{"start":{"line":221,"column":17},"end":{"line":221,"column":73}},"line":221},"36":{"name":"(anonymous_36)","decl":{"start":{"line":222,"column":5},"end":{"line":222,"column":11}},"loc":{"start":{"line":222,"column":20},"end":{"line":228,"column":5}},"line":222},"37":{"name":"CollabNotesLoading","decl":{"start":{"line":243,"column":9},"end":{"line":243,"column":28}},"loc":{"start":{"line":243,"column":47},"end":{"line":261,"column":null}},"line":243},"38":{"name":"CollabNotesHeader","decl":{"start":{"line":263,"column":9},"end":{"line":263,"column":27}},"loc":{"start":{"line":263,"column":89},"end":{"line":288,"column":null}},"line":263},"39":{"name":"(anonymous_39)","decl":{"start":{"line":274,"column":28},"end":{"line":274,"column":43}},"loc":{"start":{"line":274,"column":43},"end":{"line":274,"column":66}},"line":274},"40":{"name":"(anonymous_40)","decl":{"start":{"line":276,"column":10},"end":{"line":276,"column":24}},"loc":{"start":{"line":276,"column":29},"end":{"line":276,"column":null}},"line":276},"41":{"name":"(anonymous_41)","decl":{"start":{"line":277,"column":10},"end":{"line":277,"column":24}},"loc":{"start":{"line":277,"column":29},"end":{"line":277,"column":null}},"line":277},"42":{"name":"(anonymous_42)","decl":{"start":{"line":280,"column":28},"end":{"line":280,"column":43}},"loc":{"start":{"line":280,"column":43},"end":{"line":280,"column":null}},"line":280},"43":{"name":"CollabCategoryPills","decl":{"start":{"line":290,"column":9},"end":{"line":290,"column":29}},"loc":{"start":{"line":290,"column":95},"end":{"line":322,"column":null}},"line":290},"44":{"name":"(anonymous_44)","decl":{"start":{"line":294,"column":8},"end":{"line":294,"column":23}},"loc":{"start":{"line":294,"column":23},"end":{"line":294,"column":null}},"line":294},"45":{"name":"(anonymous_45)","decl":{"start":{"line":305,"column":18},"end":{"line":305,"column":22}},"loc":{"start":{"line":306,"column":8},"end":{"line":318,"column":null}},"line":306},"46":{"name":"(anonymous_46)","decl":{"start":{"line":308,"column":10},"end":{"line":308,"column":25}},"loc":{"start":{"line":308,"column":25},"end":{"line":308,"column":null}},"line":308},"47":{"name":"(anonymous_47)","decl":{"start":{"line":308,"column":25},"end":{"line":308,"column":43}},"loc":{"start":{"line":308,"column":51},"end":{"line":308,"column":76}},"line":308},"48":{"name":"CollabNotesGrid","decl":{"start":{"line":324,"column":9},"end":{"line":324,"column":25}},"loc":{"start":{"line":324,"column":40},"end":{"line":361,"column":null}},"line":324},"49":{"name":"(anonymous_49)","decl":{"start":{"line":341,"column":23},"end":{"line":341,"column":27}},"loc":{"start":{"line":342,"column":12},"end":{"line":355,"column":null}},"line":342},"50":{"name":"ViewNoteModal","decl":{"start":{"line":363,"column":9},"end":{"line":363,"column":23}},"loc":{"start":{"line":363,"column":38},"end":{"line":457,"column":null}},"line":363},"51":{"name":"(anonymous_51)","decl":{"start":{"line":374,"column":6},"end":{"line":374,"column":21}},"loc":{"start":{"line":374,"column":21},"end":{"line":374,"column":null}},"line":374},"52":{"name":"(anonymous_52)","decl":{"start":{"line":383,"column":8},"end":{"line":383,"column":17}},"loc":{"start":{"line":383,"column":22},"end":{"line":383,"column":null}},"line":383},"53":{"name":"(anonymous_53)","decl":{"start":{"line":401,"column":32},"end":{"line":401,"column":47}},"loc":{"start":{"line":401,"column":47},"end":{"line":401,"column":null}},"line":401},"54":{"name":"(anonymous_54)","decl":{"start":{"line":403,"column":14},"end":{"line":403,"column":28}},"loc":{"start":{"line":403,"column":33},"end":{"line":403,"column":null}},"line":403},"55":{"name":"(anonymous_55)","decl":{"start":{"line":404,"column":14},"end":{"line":404,"column":28}},"loc":{"start":{"line":404,"column":33},"end":{"line":404,"column":null}},"line":404},"56":{"name":"(anonymous_56)","decl":{"start":{"line":407,"column":20},"end":{"line":407,"column":35}},"loc":{"start":{"line":407,"column":35},"end":{"line":407,"column":null}},"line":407},"57":{"name":"(anonymous_57)","decl":{"start":{"line":409,"column":14},"end":{"line":409,"column":28}},"loc":{"start":{"line":409,"column":33},"end":{"line":409,"column":null}},"line":409},"58":{"name":"(anonymous_58)","decl":{"start":{"line":410,"column":14},"end":{"line":410,"column":28}},"loc":{"start":{"line":410,"column":33},"end":{"line":410,"column":null}},"line":410},"59":{"name":"(anonymous_59)","decl":{"start":{"line":421,"column":49},"end":{"line":421,"column":53}},"loc":{"start":{"line":421,"column":58},"end":{"line":448,"column":17}},"line":421},"60":{"name":"(anonymous_60)","decl":{"start":{"line":429,"column":26},"end":{"line":429,"column":41}},"loc":{"start":{"line":429,"column":41},"end":{"line":429,"column":null}},"line":429},"61":{"name":"(anonymous_61)","decl":{"start":{"line":430,"column":26},"end":{"line":430,"column":40}},"loc":{"start":{"line":430,"column":45},"end":{"line":430,"column":null}},"line":430},"62":{"name":"(anonymous_62)","decl":{"start":{"line":431,"column":26},"end":{"line":431,"column":40}},"loc":{"start":{"line":431,"column":45},"end":{"line":431,"column":138}},"line":431},"63":{"name":"(anonymous_63)","decl":{"start":{"line":433,"column":53},"end":{"line":433,"column":68}},"loc":{"start":{"line":433,"column":68},"end":{"line":433,"column":null}},"line":433},"64":{"name":"(anonymous_64)","decl":{"start":{"line":440,"column":26},"end":{"line":440,"column":40}},"loc":{"start":{"line":440,"column":45},"end":{"line":440,"column":null}},"line":440},"65":{"name":"(anonymous_65)","decl":{"start":{"line":441,"column":26},"end":{"line":441,"column":40}},"loc":{"start":{"line":441,"column":45},"end":{"line":441,"column":null}},"line":441},"66":{"name":"CollabNotes","decl":{"start":{"line":459,"column":24},"end":{"line":459,"column":36}},"loc":{"start":{"line":459,"column":61},"end":{"line":535,"column":null}},"line":459},"67":{"name":"(anonymous_67)","decl":{"start":{"line":483,"column":10},"end":{"line":483,"column":25}},"loc":{"start":{"line":483,"column":25},"end":{"line":483,"column":null}},"line":483},"68":{"name":"(anonymous_68)","decl":{"start":{"line":496,"column":10},"end":{"line":496,"column":25}},"loc":{"start":{"line":496,"column":25},"end":{"line":496,"column":null}},"line":496},"69":{"name":"(anonymous_69)","decl":{"start":{"line":506,"column":44},"end":{"line":506,"column":59}},"loc":{"start":{"line":506,"column":59},"end":{"line":506,"column":82}},"line":506},"70":{"name":"(anonymous_70)","decl":{"start":{"line":510,"column":10},"end":{"line":510,"column":25}},"loc":{"start":{"line":510,"column":25},"end":{"line":510,"column":null}},"line":510},"71":{"name":"(anonymous_71)","decl":{"start":{"line":514,"column":28},"end":{"line":514,"column":35}},"loc":{"start":{"line":514,"column":56},"end":{"line":520,"column":null}},"line":514},"72":{"name":"(anonymous_72)","decl":{"start":{"line":516,"column":35},"end":{"line":516,"column":42}},"loc":{"start":{"line":516,"column":47},"end":{"line":516,"column":69}},"line":516},"73":{"name":"(anonymous_73)","decl":{"start":{"line":528,"column":8},"end":{"line":528,"column":23}},"loc":{"start":{"line":528,"column":23},"end":{"line":528,"column":null}},"line":528},"74":{"name":"(anonymous_74)","decl":{"start":{"line":529,"column":8},"end":{"line":529,"column":25}},"loc":{"start":{"line":529,"column":25},"end":{"line":529,"column":null}},"line":529}},"branchMap":{"0":{"loc":{"start":{"line":53,"column":17},"end":{"line":53,"column":81}},"type":"binary-expr","locations":[{"start":{"line":53,"column":17},"end":{"line":53,"column":78}},{"start":{"line":53,"column":78},"end":{"line":53,"column":81}}],"line":53},"1":{"loc":{"start":{"line":64,"column":6},"end":{"line":64,"column":null}},"type":"if","locations":[{"start":{"line":64,"column":6},"end":{"line":64,"column":null}},{"start":{},"end":{}}],"line":64},"2":{"loc":{"start":{"line":64,"column":10},"end":{"line":64,"column":33}},"type":"binary-expr","locations":[{"start":{"line":64,"column":10},"end":{"line":64,"column":24}},{"start":{"line":64,"column":24},"end":{"line":64,"column":33}}],"line":64},"3":{"loc":{"start":{"line":70,"column":4},"end":{"line":70,"column":null}},"type":"if","locations":[{"start":{"line":70,"column":4},"end":{"line":70,"column":null}},{"start":{},"end":{}}],"line":70},"4":{"loc":{"start":{"line":71,"column":4},"end":{"line":71,"column":null}},"type":"if","locations":[{"start":{"line":71,"column":4},"end":{"line":71,"column":null}},{"start":{},"end":{}}],"line":71},"5":{"loc":{"start":{"line":77,"column":4},"end":{"line":77,"column":null}},"type":"if","locations":[{"start":{"line":77,"column":4},"end":{"line":77,"column":null}},{"start":{},"end":{}}],"line":77},"6":{"loc":{"start":{"line":81,"column":22},"end":{"line":81,"column":74}},"type":"if","locations":[{"start":{"line":81,"column":22},"end":{"line":81,"column":74}},{"start":{},"end":{}}],"line":81},"7":{"loc":{"start":{"line":81,"column":47},"end":{"line":81,"column":72}},"type":"binary-expr","locations":[{"start":{"line":81,"column":47},"end":{"line":81,"column":62}},{"start":{"line":81,"column":62},"end":{"line":81,"column":70}},{"start":{"line":81,"column":70},"end":{"line":81,"column":72}}],"line":81},"8":{"loc":{"start":{"line":82,"column":21},"end":{"line":82,"column":50}},"type":"if","locations":[{"start":{"line":82,"column":21},"end":{"line":82,"column":50}},{"start":{},"end":{}}],"line":82},"9":{"loc":{"start":{"line":83,"column":23},"end":{"line":83,"column":57}},"type":"if","locations":[{"start":{"line":83,"column":23},"end":{"line":83,"column":57}},{"start":{},"end":{}}],"line":83},"10":{"loc":{"start":{"line":89,"column":4},"end":{"line":89,"column":null}},"type":"if","locations":[{"start":{"line":89,"column":4},"end":{"line":89,"column":null}},{"start":{},"end":{}}],"line":89},"11":{"loc":{"start":{"line":92,"column":6},"end":{"line":97,"column":null}},"type":"if","locations":[{"start":{"line":92,"column":6},"end":{"line":97,"column":null}},{"start":{},"end":{}}],"line":92},"12":{"loc":{"start":{"line":92,"column":10},"end":{"line":92,"column":58}},"type":"binary-expr","locations":[{"start":{"line":92,"column":10},"end":{"line":92,"column":48}},{"start":{"line":92,"column":48},"end":{"line":92,"column":58}}],"line":92},"13":{"loc":{"start":{"line":94,"column":10},"end":{"line":94,"column":null}},"type":"if","locations":[{"start":{"line":94,"column":10},"end":{"line":94,"column":null}},{"start":{},"end":{}}],"line":94},"14":{"loc":{"start":{"line":98,"column":6},"end":{"line":102,"column":null}},"type":"if","locations":[{"start":{"line":98,"column":6},"end":{"line":102,"column":null}},{"start":{},"end":{}}],"line":98},"15":{"loc":{"start":{"line":98,"column":10},"end":{"line":98,"column":58}},"type":"binary-expr","locations":[{"start":{"line":98,"column":10},"end":{"line":98,"column":48}},{"start":{"line":98,"column":48},"end":{"line":98,"column":58}}],"line":98},"16":{"loc":{"start":{"line":100,"column":25},"end":{"line":100,"column":74}},"type":"cond-expr","locations":[{"start":{"line":100,"column":48},"end":{"line":100,"column":72}},{"start":{"line":100,"column":72},"end":{"line":100,"column":74}}],"line":100},"17":{"loc":{"start":{"line":103,"column":6},"end":{"line":108,"column":null}},"type":"if","locations":[{"start":{"line":103,"column":6},"end":{"line":108,"column":null}},{"start":{},"end":{}}],"line":103},"18":{"loc":{"start":{"line":104,"column":26},"end":{"line":104,"column":null}},"type":"binary-expr","locations":[{"start":{"line":104,"column":26},"end":{"line":104,"column":40}},{"start":{"line":104,"column":40},"end":{"line":104,"column":null}}],"line":104},"19":{"loc":{"start":{"line":105,"column":8},"end":{"line":107,"column":null}},"type":"if","locations":[{"start":{"line":105,"column":8},"end":{"line":107,"column":null}},{"start":{},"end":{}}],"line":105},"20":{"loc":{"start":{"line":117,"column":25},"end":{"line":117,"column":null}},"type":"binary-expr","locations":[{"start":{"line":117,"column":25},"end":{"line":117,"column":47}},{"start":{"line":117,"column":47},"end":{"line":117,"column":null}}],"line":117},"21":{"loc":{"start":{"line":126,"column":4},"end":{"line":145,"column":null}},"type":"if","locations":[{"start":{"line":126,"column":4},"end":{"line":145,"column":null}},{"start":{},"end":{}}],"line":126},"22":{"loc":{"start":{"line":127,"column":19},"end":{"line":127,"column":null}},"type":"binary-expr","locations":[{"start":{"line":127,"column":19},"end":{"line":127,"column":35}},{"start":{"line":127,"column":35},"end":{"line":127,"column":null}}],"line":127},"23":{"loc":{"start":{"line":129,"column":6},"end":{"line":140,"column":null}},"type":"if","locations":[{"start":{"line":129,"column":6},"end":{"line":140,"column":null}},{"start":{},"end":{}}],"line":129},"24":{"loc":{"start":{"line":129,"column":10},"end":{"line":129,"column":46}},"type":"binary-expr","locations":[{"start":{"line":129,"column":10},"end":{"line":129,"column":37}},{"start":{"line":129,"column":37},"end":{"line":129,"column":46}}],"line":129},"25":{"loc":{"start":{"line":137,"column":8},"end":{"line":137,"column":null}},"type":"if","locations":[{"start":{"line":137,"column":8},"end":{"line":137,"column":null}},{"start":{},"end":{}}],"line":137},"26":{"loc":{"start":{"line":142,"column":8},"end":{"line":142,"column":null}},"type":"if","locations":[{"start":{"line":142,"column":8},"end":{"line":142,"column":null}},{"start":{},"end":{}}],"line":142},"27":{"loc":{"start":{"line":156,"column":20},"end":{"line":156,"column":null}},"type":"binary-expr","locations":[{"start":{"line":156,"column":20},"end":{"line":156,"column":36}},{"start":{"line":156,"column":36},"end":{"line":156,"column":null}}],"line":156},"28":{"loc":{"start":{"line":157,"column":4},"end":{"line":161,"column":null}},"type":"if","locations":[{"start":{"line":157,"column":4},"end":{"line":161,"column":null}},{"start":{},"end":{}}],"line":157},"29":{"loc":{"start":{"line":159,"column":23},"end":{"line":159,"column":66}},"type":"cond-expr","locations":[{"start":{"line":159,"column":41},"end":{"line":159,"column":64}},{"start":{"line":159,"column":64},"end":{"line":159,"column":66}}],"line":159},"30":{"loc":{"start":{"line":168,"column":6},"end":{"line":172,"column":null}},"type":"if","locations":[{"start":{"line":168,"column":6},"end":{"line":172,"column":null}},{"start":{},"end":{}}],"line":168},"31":{"loc":{"start":{"line":168,"column":10},"end":{"line":168,"column":66}},"type":"binary-expr","locations":[{"start":{"line":168,"column":10},"end":{"line":168,"column":35}},{"start":{"line":168,"column":35},"end":{"line":168,"column":66}}],"line":168},"32":{"loc":{"start":{"line":177,"column":6},"end":{"line":179,"column":null}},"type":"if","locations":[{"start":{"line":177,"column":6},"end":{"line":179,"column":null}},{"start":{},"end":{}}],"line":177},"33":{"loc":{"start":{"line":185,"column":4},"end":{"line":185,"column":null}},"type":"if","locations":[{"start":{"line":185,"column":4},"end":{"line":185,"column":null}},{"start":{},"end":{}}],"line":185},"34":{"loc":{"start":{"line":186,"column":25},"end":{"line":186,"column":null}},"type":"binary-expr","locations":[{"start":{"line":186,"column":25},"end":{"line":186,"column":47}},{"start":{"line":186,"column":47},"end":{"line":186,"column":null}}],"line":186},"35":{"loc":{"start":{"line":189,"column":4},"end":{"line":198,"column":null}},"type":"if","locations":[{"start":{"line":189,"column":4},"end":{"line":198,"column":null}},{"start":{},"end":{}}],"line":189},"36":{"loc":{"start":{"line":196,"column":6},"end":{"line":196,"column":null}},"type":"if","locations":[{"start":{"line":196,"column":6},"end":{"line":196,"column":null}},{"start":{},"end":{}}],"line":196},"37":{"loc":{"start":{"line":221,"column":17},"end":{"line":221,"column":73}},"type":"binary-expr","locations":[{"start":{"line":221,"column":17},"end":{"line":221,"column":44}},{"start":{"line":221,"column":44},"end":{"line":221,"column":73}}],"line":221},"38":{"loc":{"start":{"line":223,"column":6},"end":{"line":223,"column":null}},"type":"if","locations":[{"start":{"line":223,"column":6},"end":{"line":223,"column":null}},{"start":{},"end":{}}],"line":223},"39":{"loc":{"start":{"line":223,"column":10},"end":{"line":223,"column":33}},"type":"binary-expr","locations":[{"start":{"line":223,"column":10},"end":{"line":223,"column":22}},{"start":{"line":223,"column":22},"end":{"line":223,"column":33}}],"line":223},"40":{"loc":{"start":{"line":224,"column":6},"end":{"line":224,"column":null}},"type":"if","locations":[{"start":{"line":224,"column":6},"end":{"line":224,"column":null}},{"start":{},"end":{}}],"line":224},"41":{"loc":{"start":{"line":224,"column":10},"end":{"line":224,"column":33}},"type":"binary-expr","locations":[{"start":{"line":224,"column":10},"end":{"line":224,"column":23}},{"start":{"line":224,"column":23},"end":{"line":224,"column":33}}],"line":224},"42":{"loc":{"start":{"line":225,"column":26},"end":{"line":225,"column":59}},"type":"binary-expr","locations":[{"start":{"line":225,"column":26},"end":{"line":225,"column":42}},{"start":{"line":225,"column":42},"end":{"line":225,"column":58}},{"start":{"line":225,"column":58},"end":{"line":225,"column":59}}],"line":225},"43":{"loc":{"start":{"line":226,"column":26},"end":{"line":226,"column":59}},"type":"binary-expr","locations":[{"start":{"line":226,"column":26},"end":{"line":226,"column":42}},{"start":{"line":226,"column":42},"end":{"line":226,"column":58}},{"start":{"line":226,"column":58},"end":{"line":226,"column":59}}],"line":226},"44":{"loc":{"start":{"line":274,"column":9},"end":{"line":280,"column":20}},"type":"binary-expr","locations":[{"start":{"line":274,"column":9},"end":{"line":274,"column":20}},{"start":{"line":274,"column":20},"end":{"line":280,"column":20}}],"line":274},"45":{"loc":{"start":{"line":274,"column":73},"end":{"line":274,"column":null}},"type":"binary-expr","locations":[{"start":{"line":274,"column":73},"end":{"line":274,"column":111}},{"start":{"line":274,"column":111},"end":{"line":274,"column":null}}],"line":274},"46":{"loc":{"start":{"line":280,"column":9},"end":{"line":285,"column":null}},"type":"binary-expr","locations":[{"start":{"line":280,"column":9},"end":{"line":280,"column":20}},{"start":{"line":280,"column":20},"end":{"line":285,"column":null}}],"line":280},"47":{"loc":{"start":{"line":297,"column":18},"end":{"line":297,"column":null}},"type":"cond-expr","locations":[{"start":{"line":297,"column":44},"end":{"line":297,"column":72}},{"start":{"line":297,"column":72},"end":{"line":297,"column":null}}],"line":297},"48":{"loc":{"start":{"line":298,"column":22},"end":{"line":298,"column":null}},"type":"cond-expr","locations":[{"start":{"line":298,"column":48},"end":{"line":298,"column":66}},{"start":{"line":298,"column":66},"end":{"line":298,"column":null}}],"line":298},"49":{"loc":{"start":{"line":299,"column":17},"end":{"line":299,"column":null}},"type":"cond-expr","locations":[{"start":{"line":299,"column":43},"end":{"line":299,"column":66}},{"start":{"line":299,"column":66},"end":{"line":299,"column":null}}],"line":299},"50":{"loc":{"start":{"line":308,"column":51},"end":{"line":308,"column":76}},"type":"cond-expr","locations":[{"start":{"line":308,"column":66},"end":{"line":308,"column":73}},{"start":{"line":308,"column":73},"end":{"line":308,"column":76}}],"line":308},"51":{"loc":{"start":{"line":311,"column":20},"end":{"line":311,"column":null}},"type":"cond-expr","locations":[{"start":{"line":311,"column":45},"end":{"line":311,"column":73}},{"start":{"line":311,"column":73},"end":{"line":311,"column":null}}],"line":311},"52":{"loc":{"start":{"line":312,"column":24},"end":{"line":312,"column":null}},"type":"cond-expr","locations":[{"start":{"line":312,"column":49},"end":{"line":312,"column":67}},{"start":{"line":312,"column":67},"end":{"line":312,"column":null}}],"line":312},"53":{"loc":{"start":{"line":313,"column":19},"end":{"line":313,"column":null}},"type":"cond-expr","locations":[{"start":{"line":313,"column":44},"end":{"line":313,"column":67}},{"start":{"line":313,"column":67},"end":{"line":313,"column":null}}],"line":313},"54":{"loc":{"start":{"line":331,"column":7},"end":{"line":357,"column":null}},"type":"cond-expr","locations":[{"start":{"line":333,"column":8},"end":{"line":336,"column":9}},{"start":{"line":336,"column":8},"end":{"line":357,"column":null}}],"line":331},"55":{"loc":{"start":{"line":338,"column":31},"end":{"line":338,"column":null}},"type":"cond-expr","locations":[{"start":{"line":338,"column":57},"end":{"line":338,"column":65}},{"start":{"line":338,"column":65},"end":{"line":338,"column":null}}],"line":338},"56":{"loc":{"start":{"line":365,"column":2},"end":{"line":365,"column":null}},"type":"if","locations":[{"start":{"line":365,"column":2},"end":{"line":365,"column":null}},{"start":{},"end":{}}],"line":365},"57":{"loc":{"start":{"line":391,"column":13},"end":{"line":399,"column":null}},"type":"binary-expr","locations":[{"start":{"line":391,"column":13},"end":{"line":391,"column":null}},{"start":{"line":392,"column":14},"end":{"line":399,"column":null}}],"line":391},"58":{"loc":{"start":{"line":401,"column":13},"end":{"line":407,"column":13}},"type":"binary-expr","locations":[{"start":{"line":401,"column":13},"end":{"line":401,"column":24}},{"start":{"line":401,"column":24},"end":{"line":407,"column":13}}],"line":401},"59":{"loc":{"start":{"line":416,"column":63},"end":{"line":416,"column":99}},"type":"binary-expr","locations":[{"start":{"line":416,"column":63},"end":{"line":416,"column":86}},{"start":{"line":416,"column":86},"end":{"line":416,"column":99}}],"line":416},"60":{"loc":{"start":{"line":417,"column":12},"end":{"line":452,"column":null}},"type":"binary-expr","locations":[{"start":{"line":417,"column":12},"end":{"line":417,"column":null}},{"start":{"line":418,"column":12},"end":{"line":452,"column":null}}],"line":417},"61":{"loc":{"start":{"line":417,"column":12},"end":{"line":417,"column":43}},"type":"binary-expr","locations":[{"start":{"line":417,"column":12},"end":{"line":417,"column":39}},{"start":{"line":417,"column":39},"end":{"line":417,"column":43}}],"line":417},"62":{"loc":{"start":{"line":421,"column":18},"end":{"line":421,"column":49}},"type":"binary-expr","locations":[{"start":{"line":421,"column":18},"end":{"line":421,"column":45}},{"start":{"line":421,"column":45},"end":{"line":421,"column":49}}],"line":421},"63":{"loc":{"start":{"line":423,"column":24},"end":{"line":423,"column":null}},"type":"binary-expr","locations":[{"start":{"line":423,"column":24},"end":{"line":423,"column":89}},{"start":{"line":423,"column":89},"end":{"line":423,"column":null}}],"line":423},"64":{"loc":{"start":{"line":423,"column":31},"end":{"line":423,"column":54}},"type":"binary-expr","locations":[{"start":{"line":423,"column":31},"end":{"line":423,"column":50}},{"start":{"line":423,"column":50},"end":{"line":423,"column":54}}],"line":423},"65":{"loc":{"start":{"line":426,"column":23},"end":{"line":445,"column":23}},"type":"cond-expr","locations":[{"start":{"line":427,"column":24},"end":{"line":433,"column":25}},{"start":{"line":433,"column":24},"end":{"line":445,"column":23}}],"line":426},"66":{"loc":{"start":{"line":436,"column":40},"end":{"line":436,"column":null}},"type":"cond-expr","locations":[{"start":{"line":436,"column":76},"end":{"line":436,"column":90}},{"start":{"line":436,"column":90},"end":{"line":436,"column":null}}],"line":436},"67":{"loc":{"start":{"line":442,"column":118},"end":{"line":442,"column":187}},"type":"cond-expr","locations":[{"start":{"line":442,"column":154},"end":{"line":442,"column":166}},{"start":{"line":442,"column":166},"end":{"line":442,"column":187}}],"line":442},"68":{"loc":{"start":{"line":469,"column":2},"end":{"line":469,"column":null}},"type":"if","locations":[{"start":{"line":469,"column":2},"end":{"line":469,"column":null}},{"start":{},"end":{}}],"line":469},"69":{"loc":{"start":{"line":474,"column":7},"end":{"line":474,"column":null}},"type":"binary-expr","locations":[{"start":{"line":474,"column":7},"end":{"line":474,"column":32}},{"start":{"line":474,"column":32},"end":{"line":474,"column":null}}],"line":474},"70":{"loc":{"start":{"line":477,"column":7},"end":{"line":477,"column":null}},"type":"binary-expr","locations":[{"start":{"line":477,"column":7},"end":{"line":477,"column":22}},{"start":{"line":477,"column":22},"end":{"line":477,"column":null}}],"line":477},"71":{"loc":{"start":{"line":479,"column":7},"end":{"line":489,"column":null}},"type":"binary-expr","locations":[{"start":{"line":479,"column":7},"end":{"line":479,"column":null}},{"start":{"line":480,"column":8},"end":{"line":489,"column":null}}],"line":479},"72":{"loc":{"start":{"line":492,"column":7},"end":{"line":503,"column":null}},"type":"binary-expr","locations":[{"start":{"line":492,"column":7},"end":{"line":492,"column":null}},{"start":{"line":493,"column":8},"end":{"line":503,"column":null}}],"line":492},"73":{"loc":{"start":{"line":508,"column":7},"end":{"line":522,"column":null}},"type":"binary-expr","locations":[{"start":{"line":508,"column":7},"end":{"line":508,"column":null}},{"start":{"line":509,"column":8},"end":{"line":522,"column":null}}],"line":508},"74":{"loc":{"start":{"line":529,"column":27},"end":{"line":529,"column":99}},"type":"if","locations":[{"start":{"line":529,"column":27},"end":{"line":529,"column":99}},{"start":{},"end":{}}],"line":529}},"s":{"0":164,"1":164,"2":164,"3":164,"4":164,"5":164,"6":164,"7":164,"8":164,"9":164,"10":164,"11":164,"12":164,"13":164,"14":164,"15":164,"16":57,"17":57,"18":0,"19":164,"20":3,"21":3,"22":164,"23":123,"24":123,"25":56,"26":19,"27":123,"28":164,"29":119,"30":77,"31":42,"32":42,"33":0,"34":164,"35":57,"36":0,"37":57,"38":57,"39":57,"40":57,"41":55,"42":0,"43":0,"44":57,"45":55,"46":57,"47":57,"48":164,"49":57,"50":0,"51":57,"52":3,"53":1,"54":1,"55":0,"56":0,"57":1,"58":3,"59":1,"60":1,"61":1,"62":3,"63":1,"64":1,"65":1,"66":1,"67":1,"68":57,"69":57,"70":164,"71":2,"72":2,"73":2,"74":2,"75":0,"76":0,"77":2,"78":2,"79":2,"80":0,"81":0,"82":0,"83":0,"84":0,"85":0,"86":0,"87":0,"88":0,"89":0,"90":0,"91":0,"92":2,"93":2,"94":0,"95":0,"96":2,"97":164,"98":3,"99":3,"100":0,"101":0,"102":3,"103":3,"104":3,"105":3,"106":3,"107":164,"108":3,"109":3,"110":3,"111":3,"112":0,"113":0,"114":3,"115":3,"116":3,"117":3,"118":1,"119":3,"120":164,"121":1,"122":0,"123":1,"124":1,"125":1,"126":1,"127":0,"128":0,"129":0,"130":0,"131":0,"132":0,"133":0,"134":0,"135":0,"136":0,"137":164,"138":1,"139":1,"140":0,"141":1,"142":164,"143":1,"144":1,"145":0,"146":0,"147":1,"148":1,"149":1,"150":1,"151":164,"152":90,"153":164,"154":90,"155":5,"156":1,"157":4,"158":0,"159":4,"160":5,"161":5,"162":164,"163":57,"164":107,"165":11,"166":11,"167":7,"168":5,"169":32,"170":1,"171":37,"172":2,"173":2,"174":107,"175":107,"176":88,"177":7,"178":7,"179":0,"180":7,"181":0,"182":2,"183":1,"184":1,"185":1,"186":0,"187":1,"188":1,"189":0,"190":2,"191":2,"192":2,"193":0,"194":0,"195":0,"196":0,"197":0,"198":0,"199":0,"200":0,"201":0,"202":0,"203":164,"204":164,"205":164,"206":57,"207":107,"208":3,"209":1,"210":1,"211":4,"212":1,"213":1,"214":1,"215":1,"216":1,"217":1,"218":1},"f":{"0":164,"1":164,"2":57,"3":3,"4":123,"5":119,"6":57,"7":57,"8":0,"9":57,"10":57,"11":57,"12":3,"13":1,"14":0,"15":1,"16":1,"17":1,"18":1,"19":57,"20":2,"21":2,"22":0,"23":3,"24":3,"25":3,"26":3,"27":3,"28":3,"29":1,"30":1,"31":1,"32":1,"33":1,"34":90,"35":90,"36":5,"37":57,"38":107,"39":11,"40":11,"41":7,"42":5,"43":32,"44":1,"45":37,"46":2,"47":2,"48":107,"49":88,"50":7,"51":0,"52":2,"53":1,"54":1,"55":0,"56":1,"57":1,"58":0,"59":2,"60":0,"61":0,"62":0,"63":0,"64":0,"65":0,"66":164,"67":3,"68":1,"69":1,"70":4,"71":1,"72":1,"73":1,"74":1},"b":{"0":[57,57],"1":[19,37],"2":[56,19],"3":[77,42],"4":[42,0],"5":[0,57],"6":[55,2],"7":[55,0,0],"8":[0,0],"9":[55,2],"10":[0,57],"11":[1,2],"12":[3,1],"13":[0,1],"14":[1,2],"15":[3,1],"16":[1,0],"17":[1,2],"18":[1,0],"19":[1,0],"20":[2,0],"21":[2,0],"22":[2,0],"23":[0,2],"24":[2,0],"25":[0,0],"26":[0,2],"27":[3,0],"28":[3,0],"29":[3,0],"30":[0,3],"31":[3,2],"32":[1,2],"33":[0,1],"34":[1,0],"35":[0,1],"36":[0,0],"37":[90,4],"38":[1,4],"39":[5,1],"40":[0,4],"41":[4,4],"42":[4,0,0],"43":[5,0,0],"44":[107,107],"45":[107,0],"46":[107,107],"47":[30,2],"48":[30,2],"49":[30,2],"50":[0,2],"51":[2,35],"52":[2,35],"53":[2,35],"54":[24,83],"55":[0,83],"56":[0,7],"57":[7,2],"58":[7,7],"59":[7,0],"60":[7,2],"61":[7,2],"62":[2,0],"63":[2,0],"64":[2,0],"65":[1,1],"66":[1,0],"67":[1,0],"68":[57,107],"69":[107,32],"70":[164,7],"71":[164,5],"72":[164,5],"73":[164,13],"74":[1,0]},"meta":{"lastBranch":75,"lastFunction":75,"lastStatement":219,"seen":{"f:35:9:35:24":0,"s:36:10:36:Infinity":0,"s:37:8:37:Infinity":1,"s:38:8:38:Infinity":2,"s:39:8:39:Infinity":3,"f:39:15:39:29":1,"s:39:35:39:41":4,"s:40:18:40:Infinity":5,"s:41:16:41:Infinity":6,"s:42:18:42:Infinity":7,"s:43:23:43:Infinity":8,"s:44:22:44:Infinity":9,"s:45:22:45:Infinity":10,"s:46:22:46:Infinity":11,"s:47:23:47:Infinity":12,"s:48:25:48:Infinity":13,"s:49:30:49:Infinity":14,"s:52:26:54:Infinity":15,"f:52:48:52:63":2,"s:53:4:53:Infinity":16,"s:53:10:53:81":17,"b:53:17:53:78:53:78:53:81":0,"s:53:91:53:101":18,"s:55:8:58:Infinity":19,"f:55:8:55:31":3,"s:56:4:56:Infinity":20,"s:57:4:57:Infinity":21,"s:61:8:67:Infinity":22,"f:61:25:61:39":4,"s:62:16:62:Infinity":23,"s:63:4:65:Infinity":24,"b:64:6:64:Infinity:undefined:undefined:undefined:undefined":1,"s:64:6:64:Infinity":25,"b:64:10:64:24:64:24:64:33":2,"s:64:33:64:Infinity":26,"s:66:4:66:Infinity":27,"s:69:8:73:Infinity":28,"f:69:8:69:28":5,"b:70:4:70:Infinity:undefined:undefined:undefined:undefined":3,"s:70:4:70:Infinity":29,"s:70:14:70:Infinity":30,"b:71:4:71:Infinity:undefined:undefined:undefined:undefined":4,"s:71:4:71:Infinity":31,"s:71:29:71:Infinity":32,"s:72:4:72:Infinity":33,"s:76:2:85:Infinity":34,"f:76:2:76:18":6,"b:77:4:77:Infinity:undefined:undefined:undefined:undefined":5,"s:77:4:77:Infinity":35,"s:77:17:77:Infinity":36,"s:78:20:78:Infinity":37,"s:79:4:79:Infinity":38,"s:80:4:83:Infinity":39,"f:81:7:81:12":7,"b:81:22:81:74:undefined:undefined:undefined:undefined":6,"s:81:22:81:74":40,"s:81:38:81:74":41,"b:81:47:81:62:81:62:81:70:81:70:81:72":7,"f:82:7:82:19":8,"b:82:21:82:50:undefined:undefined:undefined:undefined":8,"s:82:21:82:50":42,"s:82:37:82:50":43,"f:83:7:83:21":9,"b:83:23:83:57:undefined:undefined:undefined:undefined":9,"s:83:23:83:57":44,"s:83:39:83:57":45,"s:84:4:84:Infinity":46,"f:84:4:84:17":10,"s:84:19:84:36":47,"s:88:2:113:Infinity":48,"f:88:2:88:18":11,"b:89:4:89:Infinity:undefined:undefined:undefined:undefined":10,"s:89:4:89:Infinity":49,"s:89:17:89:Infinity":50,"s:91:10:109:Infinity":51,"f:91:10:91:21":12,"b:92:6:97:Infinity:undefined:undefined:undefined:undefined":11,"s:92:6:97:Infinity":52,"b:92:10:92:48:92:48:92:58":12,"s:93:8:96:Infinity":53,"f:93:8:93:17":13,"b:94:10:94:Infinity:undefined:undefined:undefined:undefined":13,"s:94:10:94:Infinity":54,"f:94:19:94:24":14,"s:94:29:94:49":55,"s:94:52:94:Infinity":56,"s:95:10:95:Infinity":57,"b:98:6:102:Infinity:undefined:undefined:undefined:undefined":14,"s:98:6:102:Infinity":58,"b:98:10:98:48:98:48:98:58":15,"s:99:8:101:Infinity":59,"f:99:8:99:17":15,"s:100:10:100:Infinity":60,"f:100:15:100:19":16,"s:100:25:100:74":61,"b:100:48:100:72:100:72:100:74":16,"b:103:6:108:Infinity:undefined:undefined:undefined:undefined":17,"s:103:6:108:Infinity":62,"s:104:26:104:Infinity":63,"b:104:26:104:40:104:40:104:Infinity":18,"b:105:8:107:Infinity:undefined:undefined:undefined:undefined":19,"s:105:8:107:Infinity":64,"s:106:10:106:Infinity":65,"f:106:10:106:19":17,"s:106:27:106:63":66,"f:106:32:106:39":18,"s:106:44:106:62":67,"s:111:4:111:Infinity":68,"s:112:4:112:Infinity":69,"f:112:4:112:17":19,"s:116:8:146:Infinity":70,"f:116:39:116:46":20,"s:117:25:117:Infinity":71,"b:117:25:117:47:117:47:117:Infinity":20,"s:118:4:118:Infinity":72,"s:120:4:125:Infinity":73,"s:121:6:121:Infinity":74,"s:123:6:123:Infinity":75,"s:124:6:124:Infinity":76,"b:126:4:145:Infinity:undefined:undefined:undefined:undefined":21,"s:126:4:145:Infinity":77,"s:127:19:127:Infinity":78,"b:127:19:127:35:127:35:127:Infinity":22,"b:129:6:140:Infinity:undefined:undefined:undefined:undefined":23,"s:129:6:140:Infinity":79,"b:129:10:129:37:129:37:129:46":24,"s:130:8:134:Infinity":80,"s:131:21:131:
[...]
66},"57":{"loc":{"start":{"line":367,"column":6},"end":{"line":369,"column":null}},"type":"if","locations":[{"start":{"line":367,"column":6},"end":{"line":369,"column":null}},{"start":{},"end":{}}],"line":367},"58":{"loc":{"start":{"line":367,"column":10},"end":{"line":367,"column":58}},"type":"binary-expr","locations":[{"start":{"line":367,"column":10},"end":{"line":367,"column":48}},{"start":{"line":367,"column":48},"end":{"line":367,"column":58}}],"line":367},"59":{"loc":{"start":{"line":368,"column":25},"end":{"line":368,"column":90}},"type":"cond-expr","locations":[{"start":{"line":368,"column":64},"end":{"line":368,"column":71}},{"start":{"line":368,"column":71},"end":{"line":368,"column":90}}],"line":368},"60":{"loc":{"start":{"line":370,"column":6},"end":{"line":372,"column":null}},"type":"if","locations":[{"start":{"line":370,"column":6},"end":{"line":372,"column":null}},{"start":{},"end":{}}],"line":370},"61":{"loc":{"start":{"line":370,"column":10},"end":{"line":370,"column":56}},"type":"binary-expr","locations":[{"start":{"line":370,"column":10},"end":{"line":370,"column":46}},{"start":{"line":370,"column":46},"end":{"line":370,"column":56}}],"line":370},"62":{"loc":{"start":{"line":371,"column":39},"end":{"line":371,"column":74}},"type":"cond-expr","locations":[{"start":{"line":371,"column":62},"end":{"line":371,"column":73}},{"start":{"line":371,"column":73},"end":{"line":371,"column":74}}],"line":371},"63":{"loc":{"start":{"line":373,"column":6},"end":{"line":375,"column":null}},"type":"if","locations":[{"start":{"line":373,"column":6},"end":{"line":375,"column":null}},{"start":{},"end":{}}],"line":373},"64":{"loc":{"start":{"line":373,"column":10},"end":{"line":373,"column":57}},"type":"binary-expr","locations":[{"start":{"line":373,"column":10},"end":{"line":373,"column":47}},{"start":{"line":373,"column":47},"end":{"line":373,"column":57}}],"line":373},"65":{"loc":{"start":{"line":374,"column":39},"end":{"line":374,"column":104}},"type":"cond-expr","locations":[{"start":{"line":374,"column":62},"end":{"line":374,"column":103}},{"start":{"line":374,"column":103},"end":{"line":374,"column":104}}],"line":374},"66":{"loc":{"start":{"line":376,"column":6},"end":{"line":379,"column":null}},"type":"if","locations":[{"start":{"line":376,"column":6},"end":{"line":379,"column":null}},{"start":{},"end":{}}],"line":376},"67":{"loc":{"start":{"line":377,"column":19},"end":{"line":377,"column":null}},"type":"binary-expr","locations":[{"start":{"line":377,"column":19},"end":{"line":377,"column":33}},{"start":{"line":377,"column":33},"end":{"line":377,"column":null}}],"line":377},"68":{"loc":{"start":{"line":378,"column":8},"end":{"line":378,"column":null}},"type":"if","locations":[{"start":{"line":378,"column":8},"end":{"line":378,"column":null}},{"start":{},"end":{}}],"line":378},"69":{"loc":{"start":{"line":388,"column":22},"end":{"line":388,"column":null}},"type":"binary-expr","locations":[{"start":{"line":388,"column":22},"end":{"line":388,"column":37}},{"start":{"line":388,"column":37},"end":{"line":388,"column":null}}],"line":388},"70":{"loc":{"start":{"line":389,"column":23},"end":{"line":389,"column":86}},"type":"cond-expr","locations":[{"start":{"line":389,"column":61},"end":{"line":389,"column":68}},{"start":{"line":389,"column":68},"end":{"line":389,"column":86}}],"line":389},"71":{"loc":{"start":{"line":400,"column":22},"end":{"line":400,"column":null}},"type":"binary-expr","locations":[{"start":{"line":400,"column":22},"end":{"line":400,"column":37}},{"start":{"line":400,"column":37},"end":{"line":400,"column":null}}],"line":400},"72":{"loc":{"start":{"line":401,"column":37},"end":{"line":401,"column":70}},"type":"cond-expr","locations":[{"start":{"line":401,"column":59},"end":{"line":401,"column":69}},{"start":{"line":401,"column":69},"end":{"line":401,"column":70}}],"line":401},"73":{"loc":{"start":{"line":410,"column":37},"end":{"line":410,"column":84}},"type":"cond-expr","locations":[{"start":{"line":410,"column":55},"end":{"line":410,"column":83}},{"start":{"line":410,"column":83},"end":{"line":410,"column":84}}],"line":410},"74":{"loc":{"start":{"line":425,"column":40},"end":{"line":425,"column":78}},"type":"binary-expr","locations":[{"start":{"line":425,"column":40},"end":{"line":425,"column":56}},{"start":{"line":425,"column":56},"end":{"line":425,"column":78}}],"line":425},"75":{"loc":{"start":{"line":426,"column":40},"end":{"line":426,"column":76}},"type":"binary-expr","locations":[{"start":{"line":426,"column":40},"end":{"line":426,"column":55}},{"start":{"line":426,"column":55},"end":{"line":426,"column":76}}],"line":426},"76":{"loc":{"start":{"line":431,"column":4},"end":{"line":431,"column":null}},"type":"if","locations":[{"start":{"line":431,"column":4},"end":{"line":431,"column":null}},{"start":{},"end":{}}],"line":431},"77":{"loc":{"start":{"line":431,"column":25},"end":{"line":431,"column":51}},"type":"binary-expr","locations":[{"start":{"line":431,"column":25},"end":{"line":431,"column":39}},{"start":{"line":431,"column":39},"end":{"line":431,"column":51}}],"line":431},"78":{"loc":{"start":{"line":436,"column":2},"end":{"line":443,"column":null}},"type":"if","locations":[{"start":{"line":436,"column":2},"end":{"line":443,"column":null}},{"start":{},"end":{}}],"line":436},"79":{"loc":{"start":{"line":453,"column":9},"end":{"line":462,"column":null}},"type":"binary-expr","locations":[{"start":{"line":453,"column":9},"end":{"line":453,"column":null}},{"start":{"line":454,"column":10},"end":{"line":462,"column":null}}],"line":453},"80":{"loc":{"start":{"line":466,"column":9},"end":{"line":485,"column":null}},"type":"cond-expr","locations":[{"start":{"line":467,"column":10},"end":{"line":469,"column":11}},{"start":{"line":469,"column":10},"end":{"line":485,"column":null}}],"line":466},"81":{"loc":{"start":{"line":470,"column":13},"end":{"line":472,"column":null}},"type":"binary-expr","locations":[{"start":{"line":470,"column":13},"end":{"line":470,"column":39}},{"start":{"line":470,"column":39},"end":{"line":472,"column":null}}],"line":470},"82":{"loc":{"start":{"line":473,"column":13},"end":{"line":485,"column":null}},"type":"binary-expr","locations":[{"start":{"line":473,"column":13},"end":{"line":473,"column":null}},{"start":{"line":474,"column":14},"end":{"line":485,"column":null}}],"line":473},"83":{"loc":{"start":{"line":475,"column":17},"end":{"line":480,"column":29}},"type":"binary-expr","locations":[{"start":{"line":475,"column":17},"end":{"line":475,"column":null}},{"start":{"line":476,"column":18},"end":{"line":480,"column":29}}],"line":475},"84":{"loc":{"start":{"line":477,"column":21},"end":{"line":477,"column":null}},"type":"binary-expr","locations":[{"start":{"line":477,"column":21},"end":{"line":477,"column":56}},{"start":{"line":477,"column":56},"end":{"line":477,"column":null}}],"line":477},"85":{"loc":{"start":{"line":490,"column":7},"end":{"line":490,"column":null}},"type":"binary-expr","locations":[{"start":{"line":490,"column":7},"end":{"line":490,"column":19}},{"start":{"line":490,"column":19},"end":{"line":490,"column":null}}],"line":490}},"s":{"0":1,"1":10,"2":10,"3":0,"4":0,"5":0,"6":0,"7":0,"8":0,"9":0,"10":0,"11":0,"12":0,"13":0,"14":24,"15":24,"16":0,"17":10,"18":20,"19":59,"20":59,"21":59,"22":59,"23":59,"24":1,"25":1,"26":59,"27":0,"28":0,"29":0,"30":59,"31":28,"32":28,"33":56,"34":59,"35":59,"36":1,"37":1,"38":0,"39":1,"40":1,"41":1,"42":2,"43":1,"44":1,"45":59,"46":8,"47":25,"48":119,"49":28,"50":0,"51":0,"52":1,"53":1,"54":1,"55":1,"56":0,"57":0,"58":0,"59":0,"60":0,"61":10,"62":10,"63":10,"64":10,"65":19,"66":1,"67":10,"68":0,"69":0,"70":0,"71":1,"72":1,"73":0,"74":20,"75":20,"76":20,"77":1,"78":20,"79":20,"80":1,"81":1,"82":1,"83":0,"84":1,"85":38,"86":38,"87":38,"88":38,"89":38,"90":38,"91":38,"92":38,"93":38,"94":38,"95":15,"96":15,"97":15,"98":38,"99":15,"100":2,"101":0,"102":2,"103":1,"104":1,"105":0,"106":2,"107":0,"108":0,"109":0,"110":2,"111":0,"112":0,"113":0,"114":2,"115":1,"116":1,"117":1,"118":1,"119":1,"120":15,"121":15,"122":38,"123":1,"124":1,"125":1,"126":1,"127":1,"128":0,"129":1,"130":0,"131":0,"132":38,"133":1,"134":1,"135":1,"136":1,"137":1,"138":1,"139":0,"140":38,"141":0,"142":0,"143":0,"144":0,"145":0,"146":0,"147":38,"148":1,"149":1,"150":1,"151":1,"152":1,"153":0,"154":38,"155":10,"156":38,"157":10,"158":38,"159":38,"160":34,"161":10,"162":34,"163":0,"164":0,"165":0,"166":0,"167":0,"168":38,"169":15,"170":23,"171":4,"172":8,"173":2,"174":1},"f":{"0":10,"1":24,"2":10,"3":20,"4":59,"5":1,"6":1,"7":0,"8":0,"9":0,"10":28,"11":28,"12":56,"13":1,"14":2,"15":8,"16":25,"17":119,"18":28,"19":0,"20":0,"21":1,"22":0,"23":0,"24":10,"25":19,"26":1,"27":0,"28":0,"29":0,"30":1,"31":1,"32":0,"33":20,"34":1,"35":1,"36":1,"37":0,"38":1,"39":38,"40":38,"41":15,"42":15,"43":0,"44":15,"45":15,"46":2,"47":1,"48":0,"49":0,"50":0,"51":0,"52":0,"53":1,"54":1,"55":15,"56":1,"57":1,"58":0,"59":1,"60":1,"61":1,"62":0,"63":0,"64":0,"65":1,"66":1,"67":1,"68":10,"69":10,"70":34,"71":10,"72":0,"73":0,"74":0,"75":4,"76":8,"77":2,"78":1},"b":{"0":[10,0],"1":[0,0],"2":[0,0],"3":[0,0],"4":[24,0],"5":[10,0],"6":[20,19],"7":[28,28],"8":[59,54,17],"9":[0,1],"10":[59,0],"11":[119,3],"12":[0,59],"13":[0,59],"14":[16,43],"15":[16,43],"16":[16,43],"17":[1,58],"18":[0,0],"19":[0,1],"20":[0,1],"21":[1,0],"22":[1,0],"23":[10,8],"24":[10,0],"25":[19,0],"26":[2,8],"27":[10,2],"28":[10,0,0],"29":[10,0],"30":[1,9],"31":[10,10],"32":[10,8],"33":[10,0],"34":[20,19],"35":[2,18],"36":[20,0],"37":[20,4,4],"38":[1,1],"39":[4,16],"40":[1,0],"41":[1,19],"42":[0,19],"43":[1,19],"44":[1,19],"45":[20,1],"46":[1,19],"47":[20,19],"48":[0,20],"49":[20,1,0,1],"50":[1,0],"51":[1,0],"52":[20,18,6],"53":[1,5],"54":[0,15],"55":[15,0],"56":[0,2],"57":[1,1],"58":[2,1],"59":[0,1],"60":[0,2],"61":[2,0],"62":[0,0],"63":[0,2],"64":[2,0],"65":[0,0],"66":[1,1],"67":[1,0],"68":[1,0],"69":[1,0],"70":[0,1],"71":[1,0],"72":[1,0],"73":[0,0],"74":[10,8],"75":[10,8],"76":[34,0],"77":[10,0],"78":[15,23],"79":[23,23],"80":[13,10],"81":[10,8],"82":[10,2],"83":[2,0],"84":[0,0],"85":[38,4]},"meta":{"lastBranch":86,"lastFunction":79,"lastStatement":175,"seen":{"s:36:13:36:Infinity":0,"f:38:9:38:23":0,"b:39:2:39:Infinity:undefined:undefined:undefined:undefined":0,"s:39:2:39:Infinity":1,"s:39:17:39:Infinity":2,"s:40:15:40:Infinity":3,"b:41:2:41:Infinity:undefined:undefined:undefined:undefined":1,"s:41:2:41:Infinity":4,"s:41:17:41:Infinity":5,"s:42:15:42:Infinity":6,"s:43:14:43:Infinity":7,"s:44:15:44:Infinity":8,"b:45:2:45:Infinity:undefined:undefined:undefined:undefined":2,"s:45:2:45:Infinity":9,"s:45:16:45:Infinity":10,"b:46:2:46:Infinity:undefined:undefined:undefined:undefined":3,"s:46:2:46:Infinity":11,"s:46:15:46:Infinity":12,"s:47:2:47:Infinity":13,"f:50:9:50:19":1,"b:51:2:51:Infinity:undefined:undefined:undefined:undefined":4,"s:51:2:51:Infinity":14,"s:51:17:51:Infinity":15,"s:52:2:52:Infinity":16,"f:55:9:55:20":2,"s:56:2:56:Infinity":17,"b:56:10:56:26:56:26:56:30":5,"f:56:30:56:38":3,"s:56:47:56:76":18,"b:56:52:56:72:56:72:56:76":6,"f:66:9:66:25":4,"s:67:19:67:Infinity":19,"s:68:18:68:Infinity":20,"s:69:22:69:Infinity":21,"s:70:21:70:Infinity":22,"s:72:8:72:Infinity":23,"f:72:8:72:26":5,"s:72:26:72:Infinity":24,"f:72:26:72:37":6,"s:72:45:72:58":25,"s:73:8:73:Infinity":26,"f:73:8:73:24":7,"s:73:30:73:Infinity":27,"f:73:30:73:41":8,"s:73:49:73:79":28,"f:73:54:73:62":9,"s:73:71:73:78":29,"s:74:8:74:Infinity":30,"f:74:8:74:24":10,"s:74:33:74:Infinity":31,"f:74:33:74:44":11,"s:74:52:74:87":32,"f:74:57:74:62":12,"s:74:71:74:86":33,"b:74:81:74:85:74:85:74:86":7,"s:76:20:76:Infinity":34,"b:76:20:76:39:76:39:76:84:76:84:76:Infinity":8,"s:78:23:88:Infinity":35,"f:78:23:78:30":13,"s:79:4:79:Infinity":36,"b:80:4:80:Infinity:undefined:undefined:undefined:undefined":9,"s:80:4:80:Infinity":37,"s:80:20:80:Infinity":38,"s:81:4:81:Infinity":39,"s:82:4:87:Infinity":40,"s:85:6:85:Infinity":41,"f:85:67:85:74":14,"s:85:79:85:87":42,"s:86:6:86:Infinity":43,"s:87:25:87:46":44,"s:90:2:146:Infinity":45,"f:92:179:92:188":15,"s:92:193:92:214":46,"f:101:46:101:56":16,"s:101:61:101:90":47,"b:101:103:101:144:101:144:101:165":10,"f:108:23:108:28":17,"s:109:16:115:Infinity":48,"f:110:37:110:47":18,"s:110:52:110:85":49,"b:112:19:112:Infinity:113:20:115:Infinity":11,"f:113:42:113:57":19,"s:113:57:113:74":50,"f:125:17:125:32":20,"s:125:32:125:62":51,"b:127:40:127:52:127:52:127:77":12,"b:130:147:130:168:130:168:130:184":13,"b:137:90:137:108:137:108:137:Infinity":14,"b:138:31:138:54:138:54:138:75":15,"b:138:178:138:190:138:190:138:201":16,"b:140:26:140:34:140:34:140:Infinity":17,"f:155:9:155:19":21,"s:156:16:156:Infinity":52,"s:157:14:157:Infinity":53,"s:158:14:158:Infinity":54,"s:160:2:191:Infinity":55,"f:163:8:163:28":22,"b:164:10:167:Infinity:undefined:undefined:undefined:undefined":18,"s:164:10:167:Infinity":56,"s:165:25:165:Infinity":57,"s:166:12:166:Infinity":58,"s:168:10:168:Infinity":59,"f:170:8:170:28":23,"s:170:28:170:Infinity":60,"b:175:69:175:74:175:74:175:77":19,"b:177:28:177:130:177:124:177:Infinity":20,"b:177:124:177:142:177:142:177:147":21,"b:179:7:179:16:179:16:190:Infinity":22,"f:206:9:206:18":24,"s:207:16:207:Infinity":61,"s:208:19:208:Infinity":62,"b:208:19:208:37:208:37:208:Infinity":23,"s:209:20:209:Infinity":63,"s:210:8:210:Infinity":64,"b:210:20:210:36:210:36:210:40":24,"f:210:40:210:45":25,"s:210:45:210:122":65,"b:210:51:210:63:210:63:210:67":25,"f:210:67:210:72":26,"s:210:77:210:121":66,"s:212:2:337:Infinity":67,"b:220:31:220:55:220:55:220:Infinity":26,"b:227:13:227:Infinity:228:14:230:Infinity":27,"b:232:13:232:26:232:26:232:Infinity:233:14:235:Infinity":28,"b:237:13:237:Infinity:238:14:240:Infinity":29,"b:243:37:243:46:243:46:243:Infinity":30,"b:248:9:248:Infinity:249:10:266:Infinity":31,"b:250:13:250:Infinity:251:14:258:13":32,"f:251:22:251:37":27,"s:251:37:251:55":68,"f:253:16:253:30":28,"s:253:35:253:Infinity":69,"f:254:16:254:30":29,"s:254:35:254:Infinity":70,"f:258:20:258:35":30,"s:258:35:258:54":71,"f:260:14:260:28":31,"s:260:33:260:Infinity":72,"f:261:14:261:28":32,"s:261:33:261:Infinity":73,"b:270:10:270:26:270:26:270:30":33,"f:270:30:270:35":33,"s:271:24:271:Infinity":74,"b:271:24:271:46:271:46:271:Infinity":34,"s:272:22:272:Infinity":75,"b:272:34:272:70:272:70:272:Infinity":35,"s:273:16:273:Infinity":76,"b:273:26:273:40:273:40:273:44":36,"f:273:44:273:49":34,"s:273:54:273:98":77,"s:274:27:274:Infinity":78,"b:274:27:274:39:274:39:274:118:274:118:274:Infinity":37,"s:276:10:333:Infinity":79,"f:277:30:277:45":35,"s:277:45:277:Infinity":80,"b:277:45:277:58:277:58:277:Infinity":38,"b:281:91:281:103:281:103:281:Infinity":39,"f:285:14:285:28":36,"b:285:35:285:98:undefined:undefined:undefined:undefined":40,"s:285:35:285:98":81,"s:285:50:285:98":82,"f:286:14:286:28":37,"s:286:33:286:Infinity":83,"b:292:37:292:51:292:51:292:Infinity":41,"b:292:62:292:76:292:76:292:Infinity":42,"b:299:33:299:55:299:55:299:Infinity":43,"b:300:37:300:49:300:49:300:Infinity":44,"b:304:17:304:27:304:27:304:Infinity":45,"b:309:108:309:114:309:114:309:Infinity":46,"b:309:87:309:97:309:97:309:108":47,"b:312:43:312:49:312:49:312:Infinity":48,"b:316:16:316:49:316:49:316:61:316:61:316:Infinity:317:16:321:Infinity":49,"b:318:20:318:34:318:34:318:38":50,"f:318:50:318:55":38,"s:319:20:319:Infinity":84,"b:319:36:319:49:319:49:319:53":51,"b:325:16:325:28:325:28:325:Infinity:326:16:331:Infinity":52,"b:327:101:327:113:327:113:327:Infinity":53,"f:347:24:347:36":39,"s:348:10:348:Infinity":85,"s:349:8:349:Infinity":86,"s:350:8:350:Infinity":87,"s:351:8:351:Infinity":88,"f:351:15:351:29":40,"s:351:35:351:41":89,"s:352:18:352:Infinity":90,"s:353:16:353:Infinity":91,"s:354:18:354:Infinity":92,"s:355:19:355:Infinity":93,"s:357:2:361:Infinity":94,"f:357:2:357:18":41,"s:358:4:360:Infinity":95,"f:358:31:358:36":42,"s:359:6:359:Infinity":96,"b:359:37:359:44:359:44:359:60":54,"b:359:44:359:58:359:58:359:60":55,"f:360:7:360:19":43,"f:360:23:360:37":44,"s:360:37:360:54":97,"s:364:2:383:Infinity":98,"f:364:2:364:18":45,"s:365:10:380:Infinity":99,"f:365:10:365:21":46,"b:366:6:366:Infinity:undefined:undefined:undefined:undefined":56,"s:366:6:366:Infinity":100,"s:366:22:366:Infinity":101,"b:367:6:369:Infinity:undefined:undefined:undefined:undefined":57,"s:367:6:369:Infinity":102,"b:367:10:367:48:367:48:367:58":58,"s:368:8:368:Infinity":103,"f:368:8:368:17":47,"s:368:25:368:90":104,"b:368:64:368:71:368:71:368:90":59,"f:368:30:368:35":48,"s:368:40:368:60":105,"b:370:6:372:Infinity:undefined:undefined:undefined:undefined":60,"s:370:6:372:Infinity":106,"b:370:10:370:46:370:46:370:56":61,"s:371:8:371:Infinity":107,"f:371:8:371:17":49,"s:371:25:371:75":108,"f:371:30:371:34":50,"s:371:39:371:74":109,"b:371:62:371:73:371:73:371:74":62,"b:373:6:375:Infinity:undefined:undefined:undefined:undefined":63,"s:373:6:375:Infinity":110,"b:373:10:373:47:373:47:373:57":64,"s:374:8:374:Infinity":111,"f:374:8:374:17":51,"s:374:25:374:105":112,"f:374:30:374:34":52,"s:374:39:374:104":113,"b:374:62:374:103:374:103:374:104":65,"b:376:6:379:Infinity:undefined:undefined:undefined:undefined":66,"s:376:6:379:Infinity":114,"s:377:19:377:Infinity":115,"b:377:19:377:33:377:33:377:Infinity":67,"b:378:8:378:Infinity:undefined:undefined:undefined:undefined":68,"s:378:8:378:Infinity":116,"s:378:16:378:Infinity":117,"f:378:16:378:25":53,"s:378:33:378:62":118,"f:378:38:378:45":54,"s:378:50:378:61":119,"s:381:4:381:Infinity":120,"s:382:4:382:Infinity":121,"f:382:4:382:17":55,"s:385:8:395:Infinity":122,"f:385:35:385:42":56,"s:386:4:394:Infinity":123,"s:387:21:387:Infinity":124,"s:388:22:388:Infinity":125,"b:388:22:388:37:388:37:388:Infinity":69,"s:389:6:389:Infinity":126,"f:389:6:389:15":57,"s:389:23:389:86":127,"b:389:61:389:68:389:68:389:86":70,"f:389:28:389:33":58,"s:389:38:389:57":128,"s:390:6:390:Infinity":129,"s:392:6:392:Infinity":130,"s:393:6:393:Infinity":131,"s:397:8:405:Infinity":132,"f:397:33:397:40":59,"s:398:4:404:Infinity":133,"s:399:21:399:Infinity":134,"s:400:22:400:Infinity":135,"b:400:22:400:37:400:37:400:Infinity":71,"s:401:6:401:Infinity":136,"f:401:6:401:15":60,"s:401:23:401:71":137,"f:401:28:401:32":61,"s:401:37:401:70":138,"b:401:59:401:69:401:69:401:70":72,"s:403:6:403:Infinity":139,"s:407:8:414:Infinity":140,"f:407:34:407:41":62,"s:408:4:413:Infinity":141,"s:409:6:409:Infinity":142,"s:410:6:410:Infinity":143,"f:410:6:410:15":63,"s:410:23:410:85":144,"f:410:28:410:32":64,"s:410:37:410:84":145,"b:410:55:410:83:410:83:410:84":73,"s:412:6:412:Infinity":146,"s:416:8:423:Infinity":147,"f:416:35:416:42":65,"s:417:4:422:Infinity":148,"s:418:6:418:Infinity":149,"s:419:6:419:Infinity":150,"f:419:6:419:15":66,"s:419:23:419:56":151,"f:419:28:419:35":67,"s:419:40:419:55":152,"s:421:6:421:Infinity":153,"s:425:22:425:Infinity":154,"f:425:28:425:35":68,"s:425:40:425:78":155,"b:425:40:425:56:425:56:425:78":74,"s:426:22:426:Infinity":156,"f:426:28:426:35":69,"s:426:40:426:76":157,"b:426:40:426:55:426:55:426:76":75,"s:429:11:429:Infinity":158,"s:430:2:434:Infinity":159,"f:430:2:430:18":70,"b:431:4:431:Infinity:undefined:undefined:undefined:undefined":76,"s:431:4:431:Infinity":160,"f:431:15:431:20":71,"s:431:25:431:51":161,"b:431:25:431:39:431:39:431:51":77,"s:431:54:431:Infinity":162,"s:432:15:432:Infinity":163,"f:432:15:432:33":72,"s:432:33:432:54":164,"f:432:33:432:41":73,"s:432:46:432:51":165,"s:433:4:433:Infinity":166,"f:433:4:433:17":74,"s:433:17:433:Infinity":167,"b:436:2:443:Infinity:undefined:undefined:undefined:undefined":78,"s:436:2:443:Infinity":168,"s:437:4:441:Infinity":169,"s:445:2:491:Infinity":170,"b:453:9:453:Infinity:454:10:462:Infinity":79,"f:454:18:454:33":75,"s:454:33:454:52":171,"b:467:10:469:11:469:10:485:Infinity":80,"b:470:13:470:39:470:39:472:Infinity":81,"f:470:51:470:55":76,"s:471:14:471:Infinity":172,"b:473:13:473:Infinity:474:14:485:Infinity":82,"b:475:17:475:Infinity:476:18:480:29":83,"b:477:21:477:56:477:56:477:Infinity":84,"f:480:29:480:33":77,"s:481:18:481:Infinity":173,"b:490:7:490:19:490:19:490:Infinity":85,"f:490:36:490:51":78,"s:490:51:490:71":174},"fnNames":{}}}
}
