{"C:\\Users\\Hospi\\.local\\bin\\trek-coverage\\client\\src\\components\\Layout\\Navbar.tsx": {"path":"C:\\Users\\Hospi\\.local\\bin\\trek-coverage\\client\\src\\components\\Layout\\Navbar.tsx","statementMap":{"0":{"start":{"line":14,"column":48},"end":{"line":14,"column":null}},"1":{"start":{"line":33,"column":38},"end":{"line":33,"column":null}},"2":{"start":{"line":34,"column":20},"end":{"line":34,"column":null}},"3":{"start":{"line":35,"column":29},"end":{"line":35,"column":null}},"4":{"start":{"line":36,"column":13},"end":{"line":36,"column":null}},"5":{"start":{"line":37,"column":8},"end":{"line":37,"column":null}},"6":{"start":{"line":38,"column":8},"end":{"line":38,"column":null}},"7":{"start":{"line":39,"column":23},"end":{"line":39,"column":null}},"8":{"start":{"line":40,"column":19},"end":{"line":40,"column":null}},"9":{"start":{"line":41,"column":19},"end":{"line":41,"column":null}},"10":{"start":{"line":42,"column":15},"end":{"line":42,"column":null}},"11":{"start":{"line":44,"column":2},"end":{"line":53,"column":null}},"12":{"start":{"line":45,"column":10},"end":{"line":45,"column":null}},"13":{"start":{"line":45,"column":27},"end":{"line":45,"column":null}},"14":{"start":{"line":46,"column":4},"end":{"line":46,"column":null}},"15":{"start":{"line":47,"column":4},"end":{"line":47,"column":null}},"16":{"start":{"line":48,"column":4},"end":{"line":48,"column":null}},"17":{"start":{"line":49,"column":4},"end":{"line":52,"column":null}},"18":{"start":{"line":50,"column":6},"end":{"line":50,"column":null}},"19":{"start":{"line":51,"column":6},"end":{"line":51,"column":null}},"20":{"start":{"line":56,"column":23},"end":{"line":56,"column":null}},"21":{"start":{"line":56,"column":54},"end":{"line":56,"column":86}},"22":{"start":{"line":57,"column":8},"end":{"line":57,"column":null}},"23":{"start":{"line":57,"column":42},"end":{"line":57,"column":51}},"24":{"start":{"line":57,"column":65},"end":{"line":57,"column":82}},"25":{"start":{"line":59,"column":2},"end":{"line":61,"column":null}},"26":{"start":{"line":60,"column":4},"end":{"line":60,"column":null}},"27":{"start":{"line":60,"column":14},"end":{"line":60,"column":null}},"28":{"start":{"line":63,"column":8},"end":{"line":66,"column":null}},"29":{"start":{"line":64,"column":4},"end":{"line":64,"column":null}},"30":{"start":{"line":65,"column":4},"end":{"line":65,"column":null}},"31":{"start":{"line":72,"column":8},"end":{"line":72,"column":null}},"32":{"start":{"line":73,"column":2},"end":{"line":78,"column":null}},"33":{"start":{"line":73,"column":2},"end":{"line":78,"column":5}},"34":{"start":{"line":74,"column":4},"end":{"line":77,"column":null}},"35":{"start":{"line":75,"column":6},"end":{"line":75,"column":null}},"36":{"start":{"line":76,"column":6},"end":{"line":76,"column":null}},"37":{"start":{"line":80,"column":8},"end":{"line":88,"column":null}},"38":{"start":{"line":81,"column":4},"end":{"line":81,"column":null}},"39":{"start":{"line":82,"column":4},"end":{"line":82,"column":null}},"40":{"start":{"line":83,"column":4},"end":{"line":83,"column":null}},"41":{"start":{"line":83,"column":47},"end":{"line":83,"column":null}},"42":{"start":{"line":84,"column":4},"end":{"line":87,"column":null}},"43":{"start":{"line":85,"column":6},"end":{"line":85,"column":null}},"44":{"start":{"line":86,"column":6},"end":{"line":86,"column":null}},"45":{"start":{"line":90,"column":8},"end":{"line":94,"column":null}},"46":{"start":{"line":91,"column":16},"end":{"line":91,"column":null}},"47":{"start":{"line":92,"column":23},"end":{"line":92,"column":null}},"48":{"start":{"line":93,"column":4},"end":{"line":93,"column":null}},"49":{"start":{"line":96,"column":2},"end":{"line":323,"column":null}},"50":{"start":{"line":117,"column":31},"end":{"line":117,"column":null}},"51":{"start":{"line":118,"column":31},"end":{"line":118,"column":null}},"52":{"start":{"line":153,"column":38},"end":{"line":153,"column":136}},"53":{"start":{"line":154,"column":37},"end":{"line":154,"column":136}},"54":{"start":{"line":156,"column":29},"end":{"line":156,"column":null}},"55":{"start":{"line":157,"column":12},"end":{"line":170,"column":null}},"56":{"start":{"line":166,"column":37},"end":{"line":166,"column":104}},"57":{"start":{"line":166,"column":52},"end":{"line":166,"column":104}},"58":{"start":{"line":167,"column":37},"end":{"line":167,"column":102}},"59":{"start":{"line":167,"column":52},"end":{"line":167,"column":102}},"60":{"start":{"line":198,"column":29},"end":{"line":198,"column":null}},"61":{"start":{"line":199,"column":29},"end":{"line":199,"column":null}},"62":{"start":{"line":218,"column":27},"end":{"line":218,"column":null}},"63":{"start":{"line":219,"column":27},"end":{"line":219,"column":null}},"64":{"start":{"line":233,"column":33},"end":{"line":233,"column":null}},"65":{"start":{"line":235,"column":31},"end":{"line":235,"column":null}},"66":{"start":{"line":236,"column":31},"end":{"line":236,"column":null}},"67":{"start":{"line":253,"column":88},"end":{"line":253,"column":113}},"68":{"start":{"line":266,"column":54},"end":{"line":266,"column":null}},"69":{"start":{"line":268,"column":39},"end":{"line":268,"column":null}},"70":{"start":{"line":269,"column":39},"end":{"line":269,"column":null}},"71":{"start":{"line":274,"column":50},"end":{"line":274,"column":null}},"72":{"start":{"line":276,"column":39},"end":{"line":276,"column":null}},"73":{"start":{"line":277,"column":39},"end":{"line":277,"column":null}},"74":{"start":{"line":283,"column":53},"end":{"line":283,"column":null}},"75":{"start":{"line":285,"column":41},"end":{"line":285,"column":null}},"76":{"start":{"line":286,"column":41},"end":{"line":286,"column":null}},"77":{"start":{"line":308,"column":45},"end":{"line":308,"column":null}},"78":{"start":{"line":309,"column":45},"end":{"line":309,"column":null}}},"fnMap":{"0":{"name":"Navbar","decl":{"start":{"line":32,"column":24},"end":{"line":32,"column":31}},"loc":{"start":{"line":32,"column":114},"end":{"line":325,"column":null}},"line":32},"1":{"name":"(anonymous_1)","decl":{"start":{"line":44,"column":2},"end":{"line":44,"column":18}},"loc":{"start":{"line":44,"column":18},"end":{"line":53,"column":5}},"line":44},"2":{"name":"(anonymous_2)","decl":{"start":{"line":45,"column":10},"end":{"line":45,"column":27}},"loc":{"start":{"line":45,"column":27},"end":{"line":45,"column":null}},"line":45},"3":{"name":"(anonymous_3)","decl":{"start":{"line":49,"column":4},"end":{"line":49,"column":17}},"loc":{"start":{"line":49,"column":17},"end":{"line":52,"column":null}},"line":49},"4":{"name":"(anonymous_4)","decl":{"start":{"line":56,"column":33},"end":{"line":56,"column":41}},"loc":{"start":{"line":56,"column":54},"end":{"line":56,"column":86}},"line":56},"5":{"name":"(anonymous_5)","decl":{"start":{"line":57,"column":22},"end":{"line":57,"column":37}},"loc":{"start":{"line":57,"column":42},"end":{"line":57,"column":51}},"line":57},"6":{"name":"(anonymous_6)","decl":{"start":{"line":57,"column":53},"end":{"line":57,"column":60}},"loc":{"start":{"line":57,"column":65},"end":{"line":57,"column":82}},"line":57},"7":{"name":"(anonymous_7)","decl":{"start":{"line":59,"column":2},"end":{"line":59,"column":18}},"loc":{"start":{"line":59,"column":18},"end":{"line":61,"column":5}},"line":59},"8":{"name":"(anonymous_8)","decl":{"start":{"line":63,"column":8},"end":{"line":63,"column":29}},"loc":{"start":{"line":63,"column":29},"end":{"line":66,"column":null}},"line":63},"9":{"name":"(anonymous_9)","decl":{"start":{"line":73,"column":2},"end":{"line":73,"column":24}},"loc":{"start":{"line":73,"column":2},"end":{"line":78,"column":5}},"line":73},"10":{"name":"(anonymous_10)","decl":{"start":{"line":80,"column":8},"end":{"line":80,"column":31}},"loc":{"start":{"line":80,"column":31},"end":{"line":88,"column":null}},"line":80},"11":{"name":"(anonymous_11)","decl":{"start":{"line":82,"column":56},"end":{"line":82,"column":68}},"loc":{"start":{"line":82,"column":68},"end":{"line":82,"column":70}},"line":82},"12":{"name":"(anonymous_12)","decl":{"start":{"line":84,"column":42},"end":{"line":84,"column":59}},"loc":{"start":{"line":84,"column":59},"end":{"line":87,"column":7}},"line":84},"13":{"name":"(anonymous_13)","decl":{"start":{"line":90,"column":8},"end":{"line":90,"column":24}},"loc":{"start":{"line":90,"column":49},"end":{"line":94,"column":null}},"line":90},"14":{"name":"(anonymous_14)","decl":{"start":{"line":117,"column":12},"end":{"line":117,"column":26}},"loc":{"start":{"line":117,"column":31},"end":{"line":117,"column":null}},"line":117},"15":{"name":"(anonymous_15)","decl":{"start":{"line":118,"column":12},"end":{"line":118,"column":26}},"loc":{"start":{"line":118,"column":31},"end":{"line":118,"column":null}},"line":118},"16":{"name":"(anonymous_16)","decl":{"start":{"line":153,"column":28},"end":{"line":153,"column":32}},"loc":{"start":{"line":153,"column":38},"end":{"line":153,"column":136}},"line":153},"17":{"name":"(anonymous_17)","decl":{"start":{"line":154,"column":27},"end":{"line":154,"column":31}},"loc":{"start":{"line":154,"column":37},"end":{"line":154,"column":136}},"line":154},"18":{"name":"(anonymous_18)","decl":{"start":{"line":155,"column":12},"end":{"line":155,"column":16}},"loc":{"start":{"line":155,"column":23},"end":{"line":172,"column":11}},"line":155},"19":{"name":"(anonymous_19)","decl":{"start":{"line":166,"column":16},"end":{"line":166,"column":30}},"loc":{"start":{"line":166,"column":35},"end":{"line":166,"column":null}},"line":166},"20":{"name":"(anonymous_20)","decl":{"start":{"line":167,"column":16},"end":{"line":167,"column":30}},"loc":{"start":{"line":167,"column":35},"end":{"line":167,"column":null}},"line":167},"21":{"name":"(anonymous_21)","decl":{"start":{"line":198,"column":10},"end":{"line":198,"column":24}},"loc":{"start":{"line":198,"column":29},"end":{"line":198,"column":null}},"line":198},"22":{"name":"(anonymous_22)","decl":{"start":{"line":199,"column":10},"end":{"line":199,"column":24}},"loc":{"start":{"line":199,"column":29},"end":{"line":199,"column":null}},"line":199},"23":{"name":"(anonymous_23)","decl":{"start":{"line":218,"column":8},"end":{"line":218,"column":22}},"loc":{"start":{"line":218,"column":27},"end":{"line":218,"column":null}},"line":218},"24":{"name":"(anonymous_24)","decl":{"start":{"line":219,"column":8},"end":{"line":219,"column":22}},"loc":{"start":{"line":219,"column":27},"end":{"line":219,"column":null}},"line":219},"25":{"name":"(anonymous_25)","decl":{"start":{"line":233,"column":18},"end":{"line":233,"column":33}},"loc":{"start":{"line":233,"column":33},"end":{"line":233,"column":null}},"line":233},"26":{"name":"(anonymous_26)","decl":{"start":{"line":235,"column":12},"end":{"line":235,"column":26}},"loc":{"start":{"line":235,"column":31},"end":{"line":235,"column":null}},"line":235},"27":{"name":"(anonymous_27)","decl":{"start":{"line":236,"column":12},"end":{"line":236,"column":26}},"loc":{"start":{"line":236,"column":31},"end":{"line":236,"column":null}},"line":236},"28":{"name":"(anonymous_28)","decl":{"start":{"line":253,"column":73},"end":{"line":253,"column":88}},"loc":{"start":{"line":253,"column":88},"end":{"line":253,"column":113}},"line":253},"29":{"name":"(anonymous_29)","decl":{"start":{"line":266,"column":39},"end":{"line":266,"column":54}},"loc":{"start":{"line":266,"column":54},"end":{"line":266,"column":null}},"line":266},"30":{"name":"(anonymous_30)","decl":{"start":{"line":268,"column":20},"end":{"line":268,"column":34}},"loc":{"start":{"line":268,"column":39},"end":{"line":268,"column":null}},"line":268},"31":{"name":"(anonymous_31)","decl":{"start":{"line":269,"column":20},"end":{"line":269,"column":34}},"loc":{"start":{"line":269,"column":39},"end":{"line":269,"column":null}},"line":269},"32":{"name":"(anonymous_32)","decl":{"start":{"line":274,"column":35},"end":{"line":274,"column":50}},"loc":{"start":{"line":274,"column":50},"end":{"line":274,"column":null}},"line":274},"33":{"name":"(anonymous_33)","decl":{"start":{"line":276,"column":20},"end":{"line":276,"column":34}},"loc":{"start":{"line":276,"column":39},"end":{"line":276,"column":null}},"line":276},"34":{"name":"(anonymous_34)","decl":{"start":{"line":277,"column":20},"end":{"line":277,"column":34}},"loc":{"start":{"line":277,"column":39},"end":{"line":277,"column":null}},"line":277},"35":{"name":"(anonymous_35)","decl":{"start":{"line":283,"column":38},"end":{"line":283,"column":53}},"loc":{"start":{"line":283,"column":53},"end":{"line":283,"column":null}},"line":283},"36":{"name":"(anonymous_36)","decl":{"start":{"line":285,"column":22},"end":{"line":285,"column":36}},"loc":{"start":{"line":285,"column":41},"end":{"line":285,"column":null}},"line":285},"37":{"name":"(anonymous_37)","decl":{"start":{"line":286,"column":22},"end":{"line":286,"column":36}},"loc":{"start":{"line":286,"column":41},"end":{"line":286,"column":null}},"line":286},"38":{"name":"(anonymous_38)","decl":{"start":{"line":308,"column":26},"end":{"line":308,"column":40}},"loc":{"start":{"line":308,"column":45},"end":{"line":308,"column":null}},"line":308},"39":{"name":"(anonymous_39)","decl":{"start":{"line":309,"column":26},"end":{"line":309,"column":40}},"loc":{"start":{"line":309,"column":45},"end":{"line":309,"column":null}},"line":309}},"branchMap":{"0":{"loc":{"start":{"line":42,"column":15},"end":{"line":42,"column":null}},"type":"binary-expr","locations":[{"start":{"line":42,"column":15},"end":{"line":42,"column":36}},{"start":{"line":42,"column":36},"end":{"line":42,"column":60}},{"start":{"line":42,"column":60},"end":{"line":42,"column":83}},{"start":{"line":42,"column":83},"end":{"line":42,"column":null}}],"line":42},"1":{"loc":{"start":{"line":45,"column":39},"end":{"line":45,"column":95}},"type":"binary-expr","locations":[{"start":{"line":45,"column":39},"end":{"line":45,"column":62}},{"start":{"line":45,"column":56},"end":{"line":45,"column":95}}],"line":45},"2":{"loc":{"start":{"line":45,"column":62},"end":{"line":45,"column":94}},"type":"binary-expr","locations":[{"start":{"line":45,"column":62},"end":{"line":45,"column":89}},{"start":{"line":45,"column":89},"end":{"line":45,"column":94}}],"line":45},"3":{"loc":{"start":{"line":56,"column":54},"end":{"line":56,"column":86}},"type":"binary-expr","locations":[{"start":{"line":56,"column":54},"end":{"line":56,"column":77}},{"start":{"line":56,"column":77},"end":{"line":56,"column":86}}],"line":56},"4":{"loc":{"start":{"line":60,"column":4},"end":{"line":60,"column":null}},"type":"if","locations":[{"start":{"line":60,"column":4},"end":{"line":60,"column":null}},{"start":{},"end":{}}],"line":60},"5":{"loc":{"start":{"line":74,"column":4},"end":{"line":77,"column":null}},"type":"if","locations":[{"start":{"line":74,"column":4},"end":{"line":77,"column":null}},{"start":{},"end":{}}],"line":74},"6":{"loc":{"start":{"line":82,"column":31},"end":{"line":82,"column":54}},"type":"cond-expr","locations":[{"start":{"line":82,"column":38},"end":{"line":82,"column":48}},{"start":{"line":82,"column":48},"end":{"line":82,"column":54}}],"line":82},"7":{"loc":{"start":{"line":83,"column":4},"end":{"line":83,"column":null}},"type":"if","locations":[{"start":{"line":83,"column":4},"end":{"line":83,"column":null}},{"start":{},"end":{}}],"line":83},"8":{"loc":{"start":{"line":93,"column":11},"end":{"line":93,"column":null}},"type":"cond-expr","locations":[{"start":{"line":93,"column":32},"end":{"line":93,"column":45}},{"start":{"line":93,"column":45},"end":{"line":93,"column":null}}],"line":93},"9":{"loc":{"start":{"line":98,"column":18},"end":{"line":100,"column":null}},"type":"cond-expr","locations":[{"start":{"line":99,"column":11},"end":{"line":99,"column":null}},{"start":{"line":100,"column":11},"end":{"line":100,"column":null}}],"line":98},"10":{"loc":{"start":{"line":99,"column":11},"end":{"line":99,"column":null}},"type":"cond-expr","locations":[{"start":{"line":99,"column":22},"end":{"line":99,"column":44}},{"start":{"line":99,"column":44},"end":{"line":99,"column":null}}],"line":99},"11":{"loc":{"start":{"line":100,"column":11},"end":{"line":100,"column":null}},"type":"cond-expr","locations":[{"start":{"line":100,"column":22},"end":{"line":100,"column":49}},{"start":{"line":100,"column":49},"end":{"line":100,"column":null}}],"line":100},"12":{"loc":{"start":{"line":101,"column":22},"end":{"line":101,"column":null}},"type":"cond-expr","locations":[{"start":{"line":101,"column":33},"end":{"line":101,"column":63}},{"start":{"line":101,"column":63},"end":{"line":101,"column":null}}],"line":101},"13":{"loc":{"start":{"line":102,"column":28},"end":{"line":102,"column":null}},"type":"cond-expr","locations":[{"start":{"line":102,"column":39},"end":{"line":102,"column":69}},{"start":{"line":102,"column":69},"end":{"line":102,"column":null}}],"line":102},"14":{"loc":{"start":{"line":103,"column":33},"end":{"line":103,"column":null}},"type":"cond-expr","locations":[{"start":{"line":103,"column":40},"end":{"line":103,"column":67}},{"start":{"line":103,"column":67},"end":{"line":103,"column":null}}],"line":103},"15":{"loc":{"start":{"line":104,"column":17},"end":{"line":106,"column":null}},"type":"cond-expr","locations":[{"start":{"line":105,"column":11},"end":{"line":105,"column":null}},{"start":{"line":106,"column":11},"end":{"line":106,"column":null}}],"line":104},"16":{"loc":{"start":{"line":105,"column":11},"end":{"line":105,"column":null}},"type":"cond-expr","locations":[{"start":{"line":105,"column":18},"end":{"line":105,"column":50}},{"start":{"line":105,"column":50},"end":{"line":105,"column":null}}],"line":105},"17":{"loc":{"start":{"line":106,"column":11},"end":{"line":106,"column":null}},"type":"cond-expr","locations":[{"start":{"line":106,"column":18},"end":{"line":106,"column":49}},{"start":{"line":106,"column":49},"end":{"line":106,"column":null}}],"line":106},"18":{"loc":{"start":{"line":114,"column":9},"end":{"line":121,"column":null}},"type":"binary-expr","locations":[{"start":{"line":114,"column":9},"end":{"line":114,"column":null}},{"start":{"line":115,"column":10},"end":{"line":121,"column":null}}],"line":114},"19":{"loc":{"start":{"line":125,"column":20},"end":{"line":125,"column":77}},"type":"cond-expr","locations":[{"start":{"line":125,"column":27},"end":{"line":125,"column":53}},{"start":{"line":125,"column":53},"end":{"line":125,"column":77}}],"line":125},"20":{"loc":{"start":{"line":126,"column":20},"end":{"line":126,"column":65}},"type":"cond-expr","locations":[{"start":{"line":126,"column":27},"end":{"line":126,"column":47}},{"start":{"line":126,"column":47},"end":{"line":126,"column":65}}],"line":126},"21":{"loc":{"start":{"line":129,"column":9},"end":{"line":135,"column":null}},"type":"binary-expr","locations":[{"start":{"line":129,"column":9},"end":{"line":129,"column":null}},{"start":{"line":130,"column":10},"end":{"line":135,"column":null}}],"line":129},"22":{"loc":{"start":{"line":141,"column":8},"end":{"line":173,"column":null}},"type":"binary-expr","locations":[{"start":{"line":141,"column":8},"end":{"line":141,"column":35}},{"start":{"line":141,"column":35},"end":{"line":141,"column":62}},{"start":{"line":141,"column":62},"end":{"line":141,"column":null}},{"start":{"line":142,"column":8},"end":{"line":173,"column":null}}],"line":141},"23":{"loc":{"start":{"line":147,"column":24},"end":{"line":147,"column":null}},"type":"cond-expr","locations":[{"start":{"line":147,"column":31},"end":{"line":147,"column":58}},{"start":{"line":147,"column":58},"end":{"line":147,"column":null}}],"line":147},"24":{"loc":{"start":{"line":149,"column":33},"end":{"line":149,"column":null}},"type":"cond-expr","locations":[{"start":{"line":149,"column":40},"end":{"line":149,"column":67}},{"start":{"line":149,"column":67},"end":{"line":149,"column":null}}],"line":149},"25":{"loc":{"start":{"line":153,"column":98},"end":{"line":153,"column":134}},"type":"binary-expr","locations":[{"start":{"line":153,"column":98},"end":{"line":153,"column":121}},{"start":{"line":153,"column":121},"end":{"line":153,"column":134}}],"line":153},"26":{"loc":{"start":{"line":162,"column":25},"end":{"line":162,"column":null}},"type":"cond-expr","locations":[{"start":{"line":162,"column":36},"end":{"line":162,"column":60}},{"start":{"line":162,"column":60},"end":{"line":162,"column":null}}],"line":162},"27":{"loc":{"start":{"line":163,"column":30},"end":{"line":163,"column":null}},"type":"cond-expr","locations":[{"start":{"line":163,"column":41},"end":{"line":163,"column":60}},{"start":{"line":163,"column":60},"end":{"line":163,"column":null}}],"line":163},"28":{"loc":{"start":{"line":164,"column":29},"end":{"line":164,"column":null}},"type":"cond-expr","locations":[{"start":{"line":164,"column":40},"end":{"line":164,"column":99}},{"start":{"line":164,"column":99},"end":{"line":164,"column":null}}],"line":164},"29":{"loc":{"start":{"line":166,"column":37},"end":{"line":166,"column":104}},"type":"if","locations":[{"start":{"line":166,"column":37},"end":{"line":166,"column":104}},{"start":{},"end":{}}],"line":166},"30":{"loc":{"start":{"line":167,"column":37},"end":{"line":167,"column":102}},"type":"if","locations":[{"start":{"line":167,"column":37},"end":{"line":167,"column":102}},{"start":{},"end":{}}],"line":167},"31":{"loc":{"start":{"line":180,"column":7},"end":{"line":188,"column":null}},"type":"binary-expr","locations":[{"start":{"line":180,"column":7},"end":{"line":180,"column":null}},{"start":{"line":181,"column":8},"end":{"line":188,"column":null}}],"line":180},"32":{"loc":{"start":{"line":195,"column":7},"end":{"line":202,"column":null}},"type":"binary-expr","locations":[{"start":{"line":195,"column":7},"end":{"line":195,"column":null}},{"start":{"line":196,"column":8},"end":{"line":202,"column":null}}],"line":195},"33":{"loc":{"start":{"line":206,"column":7},"end":{"line":212,"column":null}},"type":"binary-expr","locations":[{"start":{"line":206,"column":7},"end":{"line":206,"column":23}},{"start":{"line":206,"column":23},"end":{"line":206,"column":null}},{"start":{"line":207,"column":8},"end":{"line":212,"column":null}}],"line":206},"34":{"loc":{"start":{"line":216,"column":46},"end":{"line":216,"column":null}},"type":"cond-expr","locations":[{"start":{"line":216,"column":53},"end":{"line":216,"column":74}},{"start":{"line":216,"column":74},"end":{"line":216,"column":null}}],"line":216},"35":{"loc":{"start":{"line":221,"column":28},"end":{"line":221,"column":42}},"type":"cond-expr","locations":[{"start":{"line":221,"column":35},"end":{"line":221,"column":39}},{"start":{"line":221,"column":39},"end":{"line":221,"column":42}}],"line":221},"36":{"loc":{"start":{"line":221,"column":53},"end":{"line":221,"column":114}},"type":"cond-expr","locations":[{"start":{"line":221,"column":60},"end":{"line":221,"column":86}},{"start":{"line":221,"column":86},"end":{"line":221,"column":114}}],"line":221},"37":{"loc":{"start":{"line":223,"column":28},"end":{"line":223,"column":42}},"type":"cond-expr","locations":[{"start":{"line":223,"column":35},"end":{"line":223,"column":39}},{"start":{"line":223,"column":39},"end":{"line":223,"column":42}}],"line":223},"38":{"loc":{"start":{"line":223,"column":53},"end":{"line":223,"column":113}},"type":"cond-expr","locations":[{"start":{"line":223,"column":60},"end":{"line":223,"column":89}},{"start":{"line":223,"column":89},"end":{"line":223,"column":113}}],"line":223},"39":{"loc":{"start":{"line":227,"column":7},"end":{"line":227,"column":null}},"type":"binary-expr","locations":[{"start":{"line":227,"column":7},"end":{"line":227,"column":15}},{"start":{"line":227,"column":15},"end":{"line":227,"column":25}},{"start":{"line":227,"column":25},"end":{"line":227,"column":null}}],"line":227},"40":{"loc":{"start":{"line":228,"column":7},"end":{"line":228,"column":null}},"type":"binary-expr","locations":[{"start":{"line":228,"column":7},"end":{"line":228,"column":15}},{"start":{"line":228,"column":15},"end":{"line":228,"column":26}},{"start":{"line":228,"column":26},"end":{"line":228,"column":null}}],"line":228},"41":{"loc":{"start":{"line":231,"column":7},"end":{"line":321,"column":null}},"type":"binary-expr","locations":[{"start":{"line":231,"column":7},"end":{"line":231,"column":null}},{"start":{"line":232,"column":8},"end":{"line":321,"column":null}}],"line":231},"42":{"loc":{"start":{"line":237,"column":13},"end":{"line":243,"column":null}},"type":"cond-expr","locations":[{"start":{"line":238,"column":14},"end":{"line":240,"column":15}},{"start":{"line":240,"column":14},"end":{"line":243,"column":null}}],"line":237},"43":{"loc":{"start":{"line":241,"column":37},"end":{"line":241,"column":67}},"type":"cond-expr","locations":[{"start":{"line":241,"column":44},"end":{"line":241,"column":56}},{"start":{"line":241,"column":56},"end":{"line":241,"column":67}}],"line":241},"44":{"loc":{"start":{"line":241,"column":74},"end":{"line":241,"column":103}},"type":"cond-expr","locations":[{"start":{"line":241,"column":81},"end":{"line":241,"column":93}},{"start":{"line":241,"column":93},"end":{"line":241,"column":103}}],"line":241},"45":{"loc":{"start":{"line":251,"column":11},"end":{"line":320,"column":null}},"type":"binary-expr","locations":[{"start":{"line":251,"column":11},"end":{"line":251,"column":27}},{"start":{"line":251,"column":27},"end":{"line":320,"column":null}}],"line":251},"46":{"loc":{"start":{"line":258,"column":19},"end":{"line":261,"column":null}},"type":"binary-expr","locations":[{"start":{"line":258,"column":19},"end":{"line":258,"column":null}},{"start":{"line":259,"column":20},"end":{"line":261,"column":null}}],"line":258},"47":{"loc":{"start":{"line":282,"column":19},"end":{"line":289,"column":null}},"type":"binary-expr","locations":[{"start":{"line":282,"column":19},"end":{"line":282,"column":null}},{"start":{"line":283,"column":20},"end":{"line":289,"column":null}}],"line":282},"48":{"loc":{"start":{"line":299,"column":19},"end":{"line":316,"column":null}},"type":"binary-expr","locations":[{"start":{"line":299,"column":19},"end":{"line":299,"column":null}},{"start":{"line":300,"column":20},"end":{"line":316,"column":null}}],"line":299},"49":{"loc":{"start":{"line":303,"column":36},"end":{"line":303,"column":81}},"type":"cond-expr","locations":[{"start":{"line":303,"column":43},"end":{"line":303,"column":63}},{"start":{"line":303,"column":63},"end":{"line":303,"column":81}}],"line":303}},"s":{"0":1,"1":123,"2":123,"3":123,"4":123,"5":123,"6":123,"7":123,"8":123,"9":123,"10":123,"11":123,"12":51,"13":54,"14":51,"15":51,"16":51,"17":51,"18":51,"19":51,"20":123,"21":8,"22":123,"23":123,"24":39,"25":123,"26":55,"27":54,"28":123,"29":1,"30":1,"31":123,"32":123,"33":51,"34":51,"35":4,"36":4,"37":123,"38":6,"39":6,"40":6,"41":1,"42":6,"43":1,"44":1,"45":123,"46":4,"47":4,"48":4,"49":123,"50":2,"51":1,"52":4,"53":38,"54":81,"55":81,"56":2,"57":1,"58":2,"59":1,"60":2,"61":1,"62":3,"63":1,"64":17,"65":17,"66":5,"67":1,"68":1,"69":2,"70":1,"71":1,"72":2,"73":1,"74":1,"75":2,"76":1,"77":1,"78":1},"f":{"0":123,"1":51,"2":54,"3":51,"4":8,"5":123,"6":39,"7":55,"8":1,"9":102,"10":6,"11":1,"12":1,"13":4,"14":2,"15":1,"16":4,"17":38,"18":81,"19":2,"20":2,"21":2,"22":1,"23":3,"24":1,"25":17,"26":17,"27":5,"28":1,"29":1,"30":2,"31":1,"32":1,"33":2,"34":1,"35":1,"36":2,"37":1,"38":1,"39":1},"b":{"0":[123,123,112,1],"1":[54,52],"2":[52,51],"3":[8,7],"4":[54,1],"5":[4,47],"6":[1,5],"7":[1,5],"8":[3,1],"9":[11,112],"10":[2,9],"11":[4,108],"12":[6,117],"13":[6,117],"14":[11,112],"15":[6,117],"16":[2,4],"17":[9,108],"18":[123,5],"19":[11,112],"20":[11,112],"21":[123,3],"22":[123,118,41,39],"23":[7,32],"24":[7,32],"25":[4,1],"26":[1,80],"27":[1,80],"28":[1,80],"29":[1,1],"30":[1,1],"31":[123,3],"32":[123,5],"33":[123,2,1],"34":[11,112],"35":[11,112],"36":[11,112],"37":[11,112],"38":[11,112],"39":[123,122,1],"40":[123,122,121],"41":[123,122],"42":[1,121],"43":[11,110],"44":[11,110],"45":[122,19],"46":[19,7],"47":[19,7],"48":[19,19],"49":[1,18]},"meta":{"lastBranch":50,"lastFunction":40,"lastStatement":79,"seen":{"s:14:48:14:Infinity":0,"f:32:24:32:31":0,"s:33:38:33:Infinity":1,"s:34:20:34:Infinity":2,"s:35:29:35:Infinity":3,"s:36:13:36:Infinity":4,"s:37:8:37:Infinity":5,"s:38:8:38:Infinity":6,"s:39:23:39:Infinity":7,"s:40:19:40:Infinity":8,"s:41:19:41:Infinity":9,"s:42:15:42:Infinity":10,"b:42:15:42:36:42:36:42:60:42:60:42:83:42:83:42:Infinity":0,"s:44:2:53:Infinity":11,"f:44:2:44:18":1,"s:45:10:45:Infinity":12,"f:45:10:45:27":2,"s:45:27:45:Infinity":13,"b:45:39:45:62:45:56:45:95":1,"b:45:62:45:89:45:89:45:94":2,"s:46:4:46:Infinity":14,"s:47:4:47:Infinity":15,"s:48:4:48:Infinity":16,"s:49:4:52:Infinity":17,"f:49:4:49:17":3,"s:50:6:50:Infinity":18,"s:51:6:51:Infinity":19,"s:56:23:56:Infinity":20,"f:56:33:56:41":4,"s:56:54:56:86":21,"b:56:54:56:77:56:77:56:86":3,"s:57:8:57:Infinity":22,"f:57:22:57:37":5,"s:57:42:57:51":23,"f:57:53:57:60":6,"s:57:65:57:82":24,"s:59:2:61:Infinity":25,"f:59:2:59:18":7,"b:60:4:60:Infinity:undefined:undefined:undefined:undefined":4,"s:60:4:60:Infinity":26,"s:60:14:60:Infinity":27,"s:63:8:66:Infinity":28,"f:63:8:63:29":8,"s:64:4:64:Infinity":29,"s:65:4:65:Infinity":30,"s:72:8:72:Infinity":31,"s:73:2:78:Infinity":32,"f:73:2:73:24":9,"s:73:2:78:5":33,"b:74:4:77:Infinity:undefined:undefined:undefined:undefined":5,"s:74:4:77:Infinity":34,"s:75:6:75:Infinity":35,"s:76:6:76:Infinity":36,"s:80:8:88:Infinity":37,"f:80:8:80:31":10,"s:81:4:81:Infinity":38,"s:82:4:82:Infinity":39,"b:82:38:82:48:82:48:82:54":6,"f:82:56:82:68":11,"b:83:4:83:Infinity:undefined:undefined:undefined:undefined":7,"s:83:4:83:Infinity":40,"s:83:47:83:Infinity":41,"s:84:4:87:Infinity":42,"f:84:42:84:59":12,"s:85:6:85:Infinity":43,"s:86:6:86:Infinity":44,"s:90:8:94:Infinity":45,"f:90:8:90:24":13,"s:91:16:91:Infinity":46,"s:92:23:92:Infinity":47,"s:93:4:93:Infinity":48,"b:93:32:93:45:93:45:93:Infinity":8,"s:96:2:323:Infinity":49,"b:99:11:99:Infinity:100:11:100:Infinity":9,"b:99:22:99:44:99:44:99:Infinity":10,"b:100:22:100:49:100:49:100:Infinity":11,"b:101:33:101:63:101:63:101:Infinity":12,"b:102:39:102:69:102:69:102:Infinity":13,"b:103:40:103:67:103:67:103:Infinity":14,"b:105:11:105:Infinity:106:11:106:Infinity":15,"b:105:18:105:50:105:50:105:Infinity":16,"b:106:18:106:49:106:49:106:Infinity":17,"b:114:9:114:Infinity:115:10:121:Infinity":18,"f:117:12:117:26":14,"s:117:31:117:Infinity":50,"f:118:12:118:26":15,"s:118:31:118:Infinity":51,"b:125:27:125:53:125:53:125:77":19,"b:126:27:126:47:126:47:126:65":20,"b:129:9:129:Infinity:130:10:135:Infinity":21,"b:141:8:141:35:141:35:141:62:141:62:141:Infinity:142:8:173:Infinity":22,"b:147:31:147:58:147:58:147:Infinity":23,"b:149:40:149:67:149:67:149:Infinity":24,"f:153:28:153:32":16,"s:153:38:153:136":52,"b:153:98:153:121:153:121:153:134":25,"f:154:27:154:31":17,"s:154:37:154:136":53,"f:155:12:155:16":18,"s:156:29:156:Infinity":54,"s:157:12:170:Infinity":55,"b:162:36:162:60:162:60:162:Infinity":26,"b:163:41:163:60:163:60:163:Infinity":27,"b:164:40:164:99:164:99:164:Infinity":28,"f:166:16:166:30":19,"b:166:37:166:104:undefined:undefined:undefined:undefined":29,"s:166:37:166:104":56,"s:166:52:166:104":57,"f:167:16:167:30":20,"b:167:37:167:102:undefined:undefined:undefined:undefined":30,"s:167:37:167:102":58,"s:167:52:167:102":59,"b:180:7:180:Infinity:181:8:188:Infinity":31,"b:195:7:195:Infinity:196:8:202:Infinity":32,"f:198:10:198:24":21,"s:198:29:198:Infinity":60,"f:199:10:199:24":22,"s:199:29:199:Infinity":61,"b:206:7:206:23:206:23:206:Infinity:207:8:212:Infinity":33,"b:216:53:216:74:216:74:216:Infinity":34,"f:218:8:218:22":23,"s:218:27:218:Infinity":62,"f:219:8:219:22":24,"s:219:27:219:Infinity":63,"b:221:35:221:39:221:39:221:42":35,"b:221:60:221:86:221:86:221:114":36,"b:223:35:223:39:223:39:223:42":37,"b:223:60:223:89:223:89:223:113":38,"b:227:7:227:15:227:15:227:25:227:25:227:Infinity":39,"b:228:7:228:15:228:15:228:26:228:26:228:Infinity":40,"b:231:7:231:Infinity:232:8:321:Infinity":41,"f:233:18:233:33":25,"s:233:33:233:Infinity":64,"f:235:12:235:26":26,"s:235:31:235:Infinity":65,"f:236:12:236:26":27,"s:236:31:236:Infinity":66,"b:238:14:240:15:240:14:243:Infinity":42,"b:241:44:241:56:241:56:241:67":43,"b:241:81:241:93:241:93:241:103":44,"b:251:11:251:27:251:27:320:Infinity":45,"f:253:73:253:88":28,"s:253:88:253:113":67,"b:258:19:258:Infinity:259:20:261:Infinity":46,"f:266:39:266:54":29,"s:266:54:266:Infinity":68,"f:268:20:268:34":30,"s:268:39:268:Infinity":69,"f:269:20:269:34":31,"s:269:39:269:Infinity":70,"f:274:35:274:50":32,"s:274:50:274:Infinity":71,"f:276:20:276:34":33,"s:276:39:276:Infinity":72,"f:277:20:277:34":34,"s:277:39:277:Infinity":73,"b:282:19:282:Infinity:283:20:289:Infinity":47,"f:283:38:283:53":35,"s:283:53:283:Infinity":74,"f:285:22:285:36":36,"s:285:41:285:Infinity":75,"f:286:22:286:36":37,"s:286:41:286:Infinity":76,"b:299:19:299:Infinity:300:20:316:Infinity":48,"b:303:43:303:63:303:63:303:81":49,"f:308:26:308:40":38,"s:308:45:308:Infinity":77,"f:309:26:309:40":39,"s:309:45:309:Infinity":78},"fnNames":{}}}
}
