{"C:\\Users\\Hospi\\.local\\bin\\trek-coverage\\client\\src\\mobile\\screens\\journey\\MJourneyEntrySheet.tsx": {"path":"C:\\Users\\Hospi\\.local\\bin\\trek-coverage\\client\\src\\mobile\\screens\\journey\\MJourneyEntrySheet.tsx","statementMap":{"0":{"start":{"line":16,"column":18},"end":{"line":16,"column":null}},"1":{"start":{"line":17,"column":18},"end":{"line":17,"column":null}},"2":{"start":{"line":46,"column":10},"end":{"line":46,"column":null}},"3":{"start":{"line":47,"column":8},"end":{"line":47,"column":null}},"4":{"start":{"line":49,"column":16},"end":{"line":49,"column":null}},"5":{"start":{"line":50,"column":16},"end":{"line":50,"column":null}},"6":{"start":{"line":51,"column":20},"end":{"line":51,"column":null}},"7":{"start":{"line":52,"column":20},"end":{"line":52,"column":null}},"8":{"start":{"line":53,"column":23},"end":{"line":53,"column":null}},"9":{"start":{"line":54,"column":22},"end":{"line":54,"column":null}},"10":{"start":{"line":55,"column":22},"end":{"line":55,"column":null}},"11":{"start":{"line":56,"column":24},"end":{"line":56,"column":null}},"12":{"start":{"line":57,"column":26},"end":{"line":57,"column":null}},"13":{"start":{"line":58,"column":30},"end":{"line":58,"column":null}},"14":{"start":{"line":59,"column":8},"end":{"line":59,"column":null}},"15":{"start":{"line":60,"column":15},"end":{"line":60,"column":null}},"16":{"start":{"line":61,"column":18},"end":{"line":61,"column":null}},"17":{"start":{"line":62,"column":15},"end":{"line":62,"column":null}},"18":{"start":{"line":63,"column":15},"end":{"line":63,"column":null}},"19":{"start":{"line":64,"column":15},"end":{"line":64,"column":null}},"20":{"start":{"line":65,"column":19},"end":{"line":65,"column":null}},"21":{"start":{"line":66,"column":17},"end":{"line":66,"column":null}},"22":{"start":{"line":67,"column":23},"end":{"line":67,"column":null}},"23":{"start":{"line":68,"column":25},"end":{"line":68,"column":null}},"24":{"start":{"line":69,"column":26},"end":{"line":69,"column":null}},"25":{"start":{"line":70,"column":17},"end":{"line":70,"column":null}},"26":{"start":{"line":71,"column":22},"end":{"line":71,"column":null}},"27":{"start":{"line":72,"column":19},"end":{"line":72,"column":null}},"28":{"start":{"line":73,"column":24},"end":{"line":73,"column":null}},"29":{"start":{"line":74,"column":25},"end":{"line":74,"column":null}},"30":{"start":{"line":75,"column":8},"end":{"line":75,"column":null}},"31":{"start":{"line":76,"column":8},"end":{"line":76,"column":null}},"32":{"start":{"line":78,"column":2},"end":{"line":113,"column":null}},"33":{"start":{"line":79,"column":4},"end":{"line":79,"column":null}},"34":{"start":{"line":79,"column":95},"end":{"line":79,"column":null}},"35":{"start":{"line":80,"column":4},"end":{"line":83,"column":null}},"36":{"start":{"line":81,"column":6},"end":{"line":81,"column":null}},"37":{"start":{"line":82,"column":6},"end":{"line":82,"column":null}},"38":{"start":{"line":85,"column":17},"end":{"line":85,"column":null}},"39":{"start":{"line":86,"column":4},"end":{"line":86,"column":null}},"40":{"start":{"line":87,"column":4},"end":{"line":110,"column":null}},"41":{"start":{"line":88,"column":18},"end":{"line":88,"column":null}},"42":{"start":{"line":89,"column":18},"end":{"line":89,"column":null}},"43":{"start":{"line":90,"column":6},"end":{"line":90,"column":null}},"44":{"start":{"line":90,"column":19},"end":{"line":90,"column":null}},"45":{"start":{"line":91,"column":6},"end":{"line":91,"column":null}},"46":{"start":{"line":92,"column":6},"end":{"line":92,"column":null}},"47":{"start":{"line":94,"column":43},"end":{"line":97,"column":null}},"48":{"start":{"line":98,"column":6},"end":{"line":98,"column":null}},"49":{"start":{"line":98,"column":19},"end":{"line":98,"column":null}},"50":{"start":{"line":99,"column":6},"end":{"line":101,"column":null}},"51":{"start":{"line":100,"column":8},"end":{"line":100,"column":null}},"52":{"start":{"line":102,"column":6},"end":{"line":104,"column":null}},"53":{"start":{"line":103,"column":8},"end":{"line":103,"column":null}},"54":{"start":{"line":103,"column":30},"end":{"line":103,"column":122}},"55":{"start":{"line":105,"column":6},"end":{"line":105,"column":null}},"56":{"start":{"line":107,"column":6},"end":{"line":107,"column":null}},"57":{"start":{"line":107,"column":19},"end":{"line":107,"column":null}},"58":{"start":{"line":108,"column":6},"end":{"line":108,"column":null}},"59":{"start":{"line":109,"column":6},"end":{"line":109,"column":null}},"60":{"start":{"line":112,"column":4},"end":{"line":112,"column":null}},"61":{"start":{"line":112,"column":19},"end":{"line":112,"column":34}},"62":{"start":{"line":116,"column":4},"end":{"line":127,"column":null}},"63":{"start":{"line":129,"column":8},"end":{"line":132,"column":null}},"64":{"start":{"line":130,"column":4},"end":{"line":130,"column":null}},"65":{"start":{"line":130,"column":108},"end":{"line":130,"column":null}},"66":{"start":{"line":131,"column":4},"end":{"line":131,"column":null}},"67":{"start":{"line":134,"column":21},"end":{"line":179,"column":null}},"68":{"start":{"line":135,"column":4},"end":{"line":135,"column":null}},"69":{"start":{"line":136,"column":4},"end":{"line":178,"column":null}},"70":{"start":{"line":137,"column":22},"end":{"line":152,"column":null}},"71":{"start":{"line":147,"column":33},"end":{"line":147,"column":43}},"72":{"start":{"line":148,"column":44},"end":{"line":148,"column":52}},"73":{"start":{"line":148,"column":78},"end":{"line":148,"column":86}},"74":{"start":{"line":153,"column":6},"end":{"line":169,"column":null}},"75":{"start":{"line":154,"column":25},"end":{"line":154,"column":null}},"76":{"start":{"line":155,"column":8},"end":{"line":155,"column":null}},"77":{"start":{"line":156,"column":8},"end":{"line":168,"column":null}},"78":{"start":{"line":157,"column":29},"end":{"line":159,"column":null}},"79":{"start":{"line":158,"column":29},"end":{"line":158,"column":null}},"80":{"start":{"line":160,"column":10},"end":{"line":160,"column":null}},"81":{"start":{"line":161,"column":10},"end":{"line":163,"column":null}},"82":{"start":{"line":162,"column":12},"end":{"line":162,"column":null}},"83":{"start":{"line":165,"column":10},"end":{"line":165,"column":null}},"84":{"start":{"line":167,"column":10},"end":{"line":167,"column":null}},"85":{"start":{"line":170,"column":6},"end":{"line":174,"column":null}},"86":{"start":{"line":171,"column":8},"end":{"line":173,"column":null}},"87":{"start":{"line":172,"column":10},"end":{"line":172,"column":null}},"88":{"start":{"line":172,"column":16},"end":{"line":172,"column":61}},"89":{"start":{"line":175,"column":6},"end":{"line":175,"column":null}},"90":{"start":{"line":177,"column":6},"end":{"line":177,"column":null}},"91":{"start":{"line":181,"column":27},"end":{"line":186,"column":null}},"92":{"start":{"line":182,"column":18},"end":{"line":182,"column":null}},"93":{"start":{"line":183,"column":4},"end":{"line":183,"column":null}},"94":{"start":{"line":183,"column":24},"end":{"line":183,"column":null}},"95":{"start":{"line":184,"column":23},"end":{"line":184,"column":null}},"96":{"start":{"line":185,"column":4},"end":{"line":185,"column":null}},"97":{"start":{"line":185,"column":28},"end":{"line":185,"column":52}},"98":{"start":{"line":188,"column":8},"end":{"line":206,"column":null}},"99":{"start":{"line":189,"column":4},"end":{"line":189,"column":null}},"100":{"start":{"line":190,"column":4},"end":{"line":190,"column":null}},"101":{"start":{"line":191,"column":4},"end":{"line":191,"column":null}},"102":{"start":{"line":191,"column":34},"end":{"line":191,"column":null}},"103":{"start":{"line":192,"column":4},"end":{"line":195,"column":null}},"104":{"start":{"line":193,"column":6},"end":{"line":193,"column":null}},"105":{"start":{"line":194,"column":6},"end":{"line":194,"column":null}},"106":{"start":{"line":196,"column":4},"end":{"line":205,"column":null}},"107":{"start":{"line":197,"column":6},"end":{"line":204,"column":null}},"108":{"start":{"line":198,"column":20},"end":{"line":198,"column":null}},"109":{"start":{"line":199,"column":8},"end":{"line":201,"column":null}},"110":{"start":{"line":199,"column":150},"end":{"line":201,"column":10}},"111":{"start":{"line":203,"column":8},"end":{"line":203,"column":null}},"112":{"start":{"line":208,"column":8},"end":{"line":213,"column":null}},"113":{"start":{"line":209,"column":18},"end":{"line":209,"column":null}},"114":{"start":{"line":210,"column":4},"end":{"line":210,"column":null}},"115":{"start":{"line":210,"column":16},"end":{"line":210,"column":null}},"116":{"start":{"line":211,"column":4},"end":{"line":211,"column":null}},"117":{"start":{"line":211,"column":31},"end":{"line":211,"column":null}},"118":{"start":{"line":211,"column":47},"end":{"line":211,"column":63}},"119":{"start":{"line":212,"column":4},"end":{"line":212,"column":null}},"120":{"start":{"line":215,"column":33},"end":{"line":215,"column":null}},"121":{"start":{"line":215,"column":60},"end":{"line":215,"column":93}},"122":{"start":{"line":215,"column":78},"end":{"line":215,"column":92}},"123":{"start":{"line":217,"column":18},"end":{"line":217,"column":null}},"124":{"start":{"line":218,"column":21},"end":{"line":218,"column":null}},"125":{"start":{"line":220,"column":2},"end":{"line":665,"column":null}},"126":{"start":{"line":243,"column":27},"end":{"line":243,"column":null}},"127":{"start":{"line":251,"column":149},"end":{"line":251,"column":191}},"128":{"start":{"line":252,"column":134},"end":{"line":252,"column":176}},"129":{"start":{"line":256,"column":16},"end":{"line":256,"column":null}},"130":{"start":{"line":274,"column":31},"end":{"line":274,"column":null}},"131":{"start":{"line":274,"column":96},"end":{"line":274,"column":98}},"132":{"start":{"line":291,"column":20},"end":{"line":309,"column":null}},"133":{"start":{"line":297,"column":24},"end":{"line":305,"column":null}},"134":{"start":{"line":298,"column":26},"end":{"line":301,"column":null}},"135":{"start":{"line":299,"column":43},"end":{"line":299,"column":null}},"136":{"start":{"line":300,"column":28},"end":{"line":300,"column":null}},"137":{"start":{"line":300,"column":40},"end":{"line":300,"column":null}},"138":{"start":{"line":300,"column":58},"end":{"line":300,"column":75}},"139":{"start":{"line":303,"column":26},"end":{"line":303,"column":null}},"140":{"start":{"line":303,"column":52},"end":{"line":303,"column":68}},"141":{"start":{"line":304,"column":26},"end":{"line":304,"column":null}},"142":{"start":{"line":304,"column":44},"end":{"line":304,"column":57}},"143":{"start":{"line":325,"column":14},"end":{"line":361,"column":null}},"144":{"start":{"line":331,"column":22},"end":{"line":337,"column":null}},"145":{"start":{"line":332,"column":37},"end":{"line":332,"column":null}},"146":{"start":{"line":333,"column":40},"end":{"line":333,"column":null}},"147":{"start":{"line":334,"column":24},"end":{"line":334,"column":null}},"148":{"start":{"line":335,"column":24},"end":{"line":335,"column":null}},"149":{"start":{"line":335,"column":50},"end":{"line":335,"column":115}},"150":{"start":{"line":336,"column":24},"end":{"line":336,"column":null}},"151":{"start":{"line":348,"column":22},"end":{"line":348,"column":null}},"152":{"start":{"line":348,"column":40},"end":{"line":348,"column":71}},"153":{"start":{"line":348,"column":57},"end":{"line":348,"column":70}},"154":{"start":{"line":349,"column":22},"end":{"line":353,"column":null}},"155":{"start":{"line":350,"column":24},"end":{"line":350,"column":null}},"156":{"start":{"line":350,"column":30},"end":{"line":350,"column":75}},"157":{"start":{"line":352,"column":24},"end":{"line":352,"column":null}},"158":{"start":{"line":352,"column":50},"end":{"line":352,"column":80}},"159":{"start":{"line":352,"column":68},"end":{"line":352,"column":79}},"160":{"start":{"line":364,"column":14},"end":{"line":374,"column":null}},"161":{"start":{"line":368,"column":33},"end":{"line":368,"column":null}},"162":{"start":{"line":368,"column":57},"end":{"line":368,"column":87}},"163":{"start":{"line":368,"column":79},"end":{"line":368,"column":86}},"164":{"start":{"line":390,"column":29},"end":{"line":390,"column":null}},"165":{"start":{"line":407,"column":18},"end":{"line":421,"column":null}},"166":{"start":{"line":412,"column":52},"end":{"line":412,"column":63}},"167":{"start":{"line":412,"column":63},"end":{"line":412,"column":89}},"168":{"start":{"line":412,"column":89},"end":{"line":412,"column":103}},"169":{"start":{"line":417,"column":59},"end":{"line":417,"column":100}},"170":{"start":{"line":417,"column":89},"end":{"line":417,"column":96}},"171":{"start":{"line":426,"column":35},"end":{"line":426,"column":null}},"172":{"start":{"line":440,"column":18},"end":{"line":454,"column":null}},"173":{"start":{"line":445,"column":52},"end":{"line":445,"column":63}},"174":{"start":{"line":445,"column":63},"end":{"line":445,"column":89}},"175":{"start":{"line":445,"column":89},"end":{"line":445,"column":103}},"176":{"start":{"line":450,"column":59},"end":{"line":450,"column":100}},"177":{"start":{"line":450,"column":89},"end":{"line":450,"column":96}},"178":{"start":{"line":459,"column":35},"end":{"line":459,"column":null}},"179":{"start":{"line":481,"column":31},"end":{"line":481,"column":null}},"180":{"start":{"line":493,"column":31},"end":{"line":493,"column":null}},"181":{"start":{"line":507,"column":29},"end":{"line":507,"column":null}},"182":{"start":{"line":508,"column":31},"end":{"line":508,"column":92}},"183":{"start":{"line":508,"column":63},"end":{"line":508,"column":92}},"184":{"start":{"line":517,"column":16},"end":{"line":535,"column":null}},"185":{"start":{"line":521,"column":20},"end":{"line":521,"column":null}},"186":{"start":{"line":522,"column":20},"end":{"line":522,"column":null}},"187":{"start":{"line":523,"column":20},"end":{"line":523,"column":null}},"188":{"start":{"line":524,"column":20},"end":{"line":524,"column":null}},"189":{"start":{"line":525,"column":20},"end":{"line":525,"column":null}},"190":{"start":{"line":526,"column":20},"end":{"line":526,"column":null}},"191":{"start":{"line":548,"column":29},"end":{"line":548,"column":null}},"192":{"start":{"line":549,"column":14},"end":{"line":562,"column":null}},"193":{"start":{"line":554,"column":33},"end":{"line":554,"column":null}},"194":{"start":{"line":572,"column":27},"end":{"line":572,"column":null}},"195":{"start":{"line":573,"column":12},"end":{"line":587,"column":null}},"196":{"start":{"line":578,"column":31},"end":{"line":578,"column":null}},"197":{"start":{"line":598,"column":16},"end":{"line":605,"column":null}},"198":{"start":{"line":601,"column":57},"end":{"line":601,"column":103}},"199":{"start":{"line":601,"column":73},"end":{"line":601,"column":100}},"200":{"start":{"line":601,"column":90},"end":{"line":601,"column":99}},"201":{"start":{"line":610,"column":33},"end":{"line":610,"column":null}},"202":{"start":{"line":612,"column":20},"end":{"line":615,"column":null}},"203":{"start":{"line":613,"column":22},"end":{"line":613,"column":null}},"204":{"start":{"line":614,"column":22},"end":{"line":614,"column":null}},"205":{"start":{"line":641,"column":27},"end":{"line":641,"column":null}}},"fnMap":{"0":{"name":"MJourneyEntrySheet","decl":{"start":{"line":43,"column":24},"end":{"line":43,"column":43}},"loc":{"start":{"line":45,"column":28},"end":{"line":667,"column":null}},"line":45},"1":{"name":"(anonymous_1)","decl":{"start":{"line":78,"column":2},"end":{"line":78,"column":18}},"loc":{"start":{"line":78,"column":18},"end":{"line":113,"column":5}},"line":78},"2":{"name":"(anonymous_2)","decl":{"start":{"line":87,"column":45},"end":{"line":87,"column":51}},"loc":{"start":{"line":87,"column":63},"end":{"line":106,"column":7}},"line":87},"3":{"name":"(anonymous_3)","decl":{"start":{"line":103,"column":8},"end":{"line":103,"column":19}},"loc":{"start":{"line":103,"column":30},"end":{"line":103,"column":122}},"line":103},"4":{"name":"(anonymous_4)","decl":{"start":{"line":106,"column":4},"end":{"line":106,"column":7}},"loc":{"start":{"line":106,"column":16},"end":{"line":110,"column":7}},"line":106},"5":{"name":"(anonymous_5)","decl":{"start":{"line":112,"column":4},"end":{"line":112,"column":17}},"loc":{"start":{"line":112,"column":17},"end":{"line":112,"column":null}},"line":112},"6":{"name":"(anonymous_6)","decl":{"start":{"line":129,"column":8},"end":{"line":129,"column":28}},"loc":{"start":{"line":129,"column":28},"end":{"line":132,"column":null}},"line":129},"7":{"name":"(anonymous_7)","decl":{"start":{"line":134,"column":21},"end":{"line":134,"column":33}},"loc":{"start":{"line":134,"column":33},"end":{"line":179,"column":null}},"line":134},"8":{"name":"(anonymous_8)","decl":{"start":{"line":147,"column":19},"end":{"line":147,"column":26}},"loc":{"start":{"line":147,"column":33},"end":{"line":147,"column":43}},"line":147},"9":{"name":"(anonymous_9)","decl":{"start":{"line":148,"column":32},"end":{"line":148,"column":39}},"loc":{"start":{"line":148,"column":44},"end":{"line":148,"column":52}},"line":148},"10":{"name":"(anonymous_10)","decl":{"start":{"line":148,"column":66},"end":{"line":148,"column":73}},"loc":{"start":{"line":148,"column":78},"end":{"line":148,"column":86}},"line":148},"11":{"name":"(anonymous_11)","decl":{"start":{"line":158,"column":12},"end":{"line":158,"column":24}},"loc":{"start":{"line":158,"column":29},"end":{"line":158,"column":null}},"line":158},"12":{"name":"(anonymous_12)","decl":{"start":{"line":181,"column":27},"end":{"line":181,"column":34}},"loc":{"start":{"line":181,"column":77},"end":{"line":186,"column":null}},"line":181},"13":{"name":"(anonymous_13)","decl":{"start":{"line":185,"column":4},"end":{"line":185,"column":20}},"loc":{"start":{"line":185,"column":28},"end":{"line":185,"column":52}},"line":185},"14":{"name":"(anonymous_14)","decl":{"start":{"line":188,"column":8},"end":{"line":188,"column":26}},"loc":{"start":{"line":188,"column":44},"end":{"line":206,"column":null}},"line":188},"15":{"name":"(anonymous_15)","decl":{"start":{"line":196,"column":42},"end":{"line":196,"column":54}},"loc":{"start":{"line":196,"column":54},"end":{"line":205,"column":7}},"line":196},"16":{"name":"(anonymous_16)","decl":{"start":{"line":199,"column":58},"end":{"line":199,"column":63}},"loc":{"start":{"line":199,"column":150},"end":{"line":201,"column":10}},"line":199},"17":{"name":"(anonymous_17)","decl":{"start":{"line":208,"column":8},"end":{"line":208,"column":23}},"loc":{"start":{"line":208,"column":23},"end":{"line":213,"column":null}},"line":208},"18":{"name":"(anonymous_18)","decl":{"start":{"line":211,"column":31},"end":{"line":211,"column":39}},"loc":{"start":{"line":211,"column":47},"end":{"line":211,"column":63}},"line":211},"19":{"name":"(anonymous_19)","decl":{"start":{"line":215,"column":47},"end":{"line":215,"column":54}},"loc":{"start":{"line":215,"column":60},"end":{"line":215,"column":93}},"line":215},"20":{"name":"(anonymous_20)","decl":{"start":{"line":215,"column":68},"end":{"line":215,"column":73}},"loc":{"start":{"line":215,"column":78},"end":{"line":215,"column":92}},"line":215},"21":{"name":"(anonymous_21)","decl":{"start":{"line":243,"column":12},"end":{"line":243,"column":22}},"loc":{"start":{"line":243,"column":27},"end":{"line":243,"column":null}},"line":243},"22":{"name":"(anonymous_22)","decl":{"start":{"line":251,"column":133},"end":{"line":251,"column":142}},"loc":{"start":{"line":251,"column":147},"end":{"line":251,"column":195}},"line":251},"23":{"name":"(anonymous_23)","decl":{"start":{"line":252,"column":118},"end":{"line":252,"column":127}},"loc":{"start":{"line":252,"column":132},"end":{"line":252,"column":180}},"line":252},"24":{"name":"(anonymous_24)","decl":{"start":{"line":256,"column":16},"end":{"line":256,"column":32}},"loc":{"start":{"line":256,"column":16},"end":{"line":256,"column":null}},"line":256},"25":{"name":"(anonymous_25)","decl":{"start":{"line":274,"column":16},"end":{"line":274,"column":31}},"loc":{"start":{"line":274,"column":31},"end":{"line":274,"column":null}},"line":274},"26":{"name":"(anonymous_26)","decl":{"start":{"line":274,"column":72},"end":{"line":274,"column":91}},"loc":{"start":{"line":274,"column":96},"end":{"line":274,"column":98}},"line":274},"27":{"name":"(anonymous_27)","decl":{"start":{"line":290,"column":42},"end":{"line":290,"column":46}},"loc":{"start":{"line":291,"column":20},"end":{"line":309,"column":null}},"line":291},"28":{"name":"(anonymous_28)","decl":{"start":{"line":296,"column":31},"end":{"line":296,"column":43}},"loc":{"start":{"line":296,"column":43},"end":{"line":306,"column":null}},"line":296},"29":{"name":"(anonymous_29)","decl":{"start":{"line":300,"column":40},"end":{"line":300,"column":50}},"loc":{"start":{"line":300,"column":58},"end":{"line":300,"column":75}},"line":300},"30":{"name":"(anonymous_30)","decl":{"start":{"line":303,"column":26},"end":{"line":303,"column":44}},"loc":{"start":{"line":303,"column":52},"end":{"line":303,"column":68}},"line":303},"31":{"name":"(anonymous_31)","decl":{"start":{"line":304,"column":26},"end":{"line":304,"column":36}},"loc":{"start":{"line":304,"column":44},"end":{"line":304,"column":57}},"line":304},"32":{"name":"(anonymous_32)","decl":{"start":{"line":324,"column":20},"end":{"line":324,"column":25}},"loc":{"start":{"line":325,"column":14},"end":{"line":361,"column":null}},"line":325},"33":{"name":"(anonymous_33)","decl":{"start":{"line":330,"column":20},"end":{"line":330,"column":35}},"loc":{"start":{"line":330,"column":35},"end":{"line":338,"column":null}},"line":330},"34":{"name":"(anonymous_34)","decl":{"start":{"line":331,"column":22},"end":{"line":331,"column":32}},"loc":{"start":{"line":331,"column":40},"end":{"line":337,"column":23}},"line":331},"35":{"name":"(anonymous_35)","decl":{"start":{"line":335,"column":29},"end":{"line":335,"column":38}},"loc":{"start":{"line":335,"column":48},"end":{"line":335,"column":116}},"line":335},"36":{"name":"(anonymous_36)","decl":{"start":{"line":335,"column":99},"end":{"line":335,"column":111}},"loc":{"start":{"line":335,"column":111},"end":{"line":335,"column":113}},"line":335},"37":{"name":"(anonymous_37)","decl":{"start":{"line":347,"column":29},"end":{"line":347,"column":41}},"loc":{"start":{"line":347,"column":41},"end":{"line":354,"column":null}},"line":347},"38":{"name":"(anonymous_38)","decl":{"start":{"line":348,"column":22},"end":{"line":348,"column":32}},"loc":{"start":{"line":348,"column":40},"end":{"line":348,"column":71}},"line":348},"39":{"name":"(anonymous_39)","decl":{"start":{"line":348,"column":45},"end":{"line":348,"column":52}},"loc":{"start":{"line":348,"column":57},"end":{"line":348,"column":70}},"line":348},"40":{"name":"(anonymous_40)","decl":{"start":{"line":352,"column":24},"end":{"line":352,"column":42}},"loc":{"start":{"line":352,"column":50},"end":{"line":352,"column":80}},"line":352},"41":{"name":"(anonymous_41)","decl":{"start":{"line":352,"column":55},"end":{"line":352,"column":62}},"loc":{"start":{"line":352,"column":68},"end":{"line":352,"column":79}},"line":352},"42":{"name":"(anonymous_42)","decl":{"start":{"line":363,"column":26},"end":{"line":363,"column":31}},"loc":{"start":{"line":364,"column":14},"end":{"line":374,"column":null}},"line":364},"43":{"name":"(anonymous_43)","decl":{"start":{"line":368,"column":18},"end":{"line":368,"column":33}},"loc":{"start":{"line":368,"column":33},"end":{"line":368,"column":null}},"line":368},"44":{"name":"(anonymous_44)","decl":{"start":{"line":368,"column":33},"end":{"line":368,"column":49}},"loc":{"start":{"line":368,"column":57},"end":{"line":368,"column":87}},"line":368},"45":{"name":"(anonymous_45)","decl":{"start":{"line":368,"column":62},"end":{"line":368,"column":70}},"loc":{"start":{"line":368,"column":79},"end":{"line":368,"column":86}},"line":368},"46":{"name":"(anonymous_46)","decl":{"start":{"line":390,"column":14},"end":{"line":390,"column":24}},"loc":{"start":{"line":390,"column":29},"end":{"line":390,"column":null}},"line":390},"47":{"name":"(anonymous_47)","decl":{"start":{"line":406,"column":22},"end":{"line":406,"column":27}},"loc":{"start":{"line":407,"column":18},"end":{"line":421,"column":null}},"line":407},"48":{"name":"(anonymous_48)","decl":{"start":{"line":412,"column":22},"end":{"line":412,"column":32}},"loc":{"start":{"line":412,"column":37},"end":{"line":412,"column":null}},"line":412},"49":{"name":"(anonymous_49)","decl":{"start":{"line":417,"column":44},"end":{"line":417,"column":59}},"loc":{"start":{"line":417,"column":59},"end":{"line":417,"column":100}},"line":417},"50":{"name":"(anonymous_50)","decl":{"start":{"line":417,"column":72},"end":{"line":417,"column":80}},"loc":{"start":{"line":417,"column":89},"end":{"line":417,"column":96}},"line":417},"51":{"name":"(anonymous_51)","decl":{"start":{"line":426,"column":20},"end":{"line":426,"column":35}},"loc":{"start":{"line":426,"column":35},"end":{"line":426,"column":null}},"line":426},"52":{"name":"(anonymous_52)","decl":{"start":{"line":439,"column":22},"end":{"line":439,"column":27}},"loc":{"start":{"line":440,"column":18},"end":{"line":454,"column":null}},"line":440},"53":{"name":"(anonymous_53)","decl":{"start":{"line":445,"column":22},"end":{"line":445,"column":32}},"loc":{"start":{"line":445,"column":37},"end":{"line":445,"column":null}},"line":445},"54":{"name":"(anonymous_54)","decl":{"start":{"line":450,"column":44},"end":{"line":450,"column":59}},"loc":{"start":{"line":450,"column":59},"end":{"line":450,"column":100}},"line":450},"55":{"name":"(anonymous_55)","decl":{"start":{"line":450,"column":72},"end":{"line":450,"column":80}},"loc":{"start":{"line":450,"column":89},"end":{"line":450,"column":96}},"line":450},"56":{"name":"(anonymous_56)","decl":{"start":{"line":459,"column":20},"end":{"line":459,"column":35}},"loc":{"start":{"line":459,"column":35},"end":{"line":459,"column":null}},"line":459},"57":{"name":"(anonymous_57)","decl":{"start":{"line":481,"column":16},"end":{"line":481,"column":26}},"loc":{"start":{"line":481,"column":31},"end":{"line":481,"column":null}},"line":481},"58":{"name":"(anonymous_58)","decl":{"start":{"line":493,"column":16},"end":{"line":493,"column":26}},"loc":{"start":{"line":493,"column":31},"end":{"line":493,"column":null}},"line":493},"59":{"name":"(anonymous_59)","decl":{"start":{"line":507,"column":14},"end":{"line":507,"column":24}},"loc":{"start":{"line":507,"column":29},"end":{"line":507,"column":null}},"line":507},"60":{"name":"(anonymous_60)","decl":{"start":{"line":508,"column":14},"end":{"line":508,"column":29}},"loc":{"start":{"line":508,"column":29},"end":{"line":508,"column":null}},"line":508},"61":{"name":"(anonymous_61)","decl":{"start":{"line":516,"column":31},"end":{"line":516,"column":36}},"loc":{"start":{"line":517,"column":16},"end":{"line":535,"column":null}},"line":517},"62":{"name":"(anonymous_62)","decl":{"start":{"line":520,"column":18},"end":{"line":520,"column":33}},"loc":{"start":{"line":520,"column":33},"end":{"line":527,"column":null}},"line":520},"63":{"name":"(anonymous_63)","decl":{"start":{"line":547,"column":26},"end":{"line":547,"column":30}},"loc":{"start":{"line":547,"column":35},"end":{"line":564,"column":13}},"line":547},"64":{"name":"(anonymous_64)","decl":{"start":{"line":554,"column":18},"end":{"line":554,"column":33}},"loc":{"start":{"line":554,"column":33},"end":{"line":554,"column":null}},"line":554},"65":{"name":"(anonymous_65)","decl":{"start":{"line":571,"column":27},"end":{"line":571,"column":31}},"loc":{"start":{"line":571,"column":36},"end":{"line":589,"column":11}},"line":571},"66":{"name":"(anonymous_66)","decl":{"start":{"line":578,"column":16},"end":{"line":578,"column":31}},"loc":{"start":{"line":578,"column":31},"end":{"line":578,"column":null}},"line":578},"67":{"name":"(anonymous_67)","decl":{"start":{"line":597,"column":20},"end":{"line":597,"column":24}},"loc":{"start":{"line":598,"column":16},"end":{"line":605,"column":null}},"line":598},"68":{"name":"(anonymous_68)","decl":{"start":{"line":601,"column":42},"end":{"line":601,"column":57}},"loc":{"start":{"line":601,"column":57},"end":{"line":601,"column":103}},"line":601},"69":{"name":"(anonymous_69)","decl":{"start":{"line":601,"column":57},"end":{"line":601,"column":65}},"loc":{"start":{"line":601,"column":73},"end":{"line":601,"column":100}},"line":601},"70":{"name":"(anonymous_70)","decl":{"start":{"line":601,"column":78},"end":{"line":601,"column":85}},"loc":{"start":{"line":601,"column":90},"end":{"line":601,"column":99}},"line":601},"71":{"name":"(anonymous_71)","decl":{"start":{"line":610,"column":18},"end":{"line":610,"column":28}},"loc":{"start":{"line":610,"column":33},"end":{"line":610,"column":null}},"line":610},"72":{"name":"(anonymous_72)","decl":{"start":{"line":611,"column":18},"end":{"line":611,"column":29}},"loc":{"start":{"line":611,"column":34},"end":{"line":616,"column":null}},"line":611},"73":{"name":"(anonymous_73)","decl":{"start":{"line":641,"column":12},"end":{"line":641,"column":27}},"loc":{"start":{"line":641,"column":27},"end":{"line":641,"column":null}},"line":641}},"branchMap":{"0":{"loc":{"start":{"line":44,"column":24},"end":{"line":44,"column":46}},"type":"default-arg","locations":[{"start":{"line":44,"column":39},"end":{"line":44,"column":46}}],"line":44},"1":{"loc":{"start":{"line":44,"column":46},"end":{"line":44,"column":64}},"type":"default-arg","locations":[{"start":{"line":44,"column":57},"end":{"line":44,"column":64}}],"line":44},"2":{"loc":{"start":{"line":49,"column":37},"end":{"line":49,"column":54}},"type":"binary-expr","locations":[{"start":{"line":49,"column":37},"end":{"line":49,"column":52}},{"start":{"line":49,"column":52},"end":{"line":49,"column":54}}],"line":49},"3":{"loc":{"start":{"line":50,"column":37},"end":{"line":50,"column":54}},"type":"binary-expr","locations":[{"start":{"line":50,"column":37},"end":{"line":50,"column":52}},{"start":{"line":50,"column":52},"end":{"line":50,"column":54}}],"line":50},"4":{"loc":{"start":{"line":51,"column":45},"end":{"line":51,"column":103}},"type":"binary-expr","locations":[{"start":{"line":51,"column":45},"end":{"line":51,"column":65}},{"start":{"line":51,"column":65},"end":{"line":51,"column":103}}],"line":51},"5":{"loc":{"start":{"line":52,"column":45},"end":{"line":52,"column":80}},"type":"binary-expr","locations":[{"start":{"line":52,"column":45},"end":{"line":52,"column":78}},{"start":{"line":52,"column":78},"end":{"line":52,"column":80}}],"line":52},"6":{"loc":{"start":{"line":53,"column":51},"end":{"line":53,"column":76}},"type":"binary-expr","locations":[{"start":{"line":53,"column":51},"end":{"line":53,"column":74}},{"start":{"line":53,"column":74},"end":{"line":53,"column":76}}],"line":53},"7":{"loc":{"start":{"line":54,"column":64},"end":{"line":54,"column":90}},"type":"binary-expr","locations":[{"start":{"line":54,"column":64},"end":{"line":54,"column":86}},{"start":{"line":54,"column":86},"end":{"line":54,"column":90}}],"line":54},"8":{"loc":{"start":{"line":55,"column":64},"end":{"line":55,"column":90}},"type":"binary-expr","locations":[{"start":{"line":55,"column":64},"end":{"line":55,"column":86}},{"start":{"line":55,"column":86},"end":{"line":55,"column":90}}],"line":55},"9":{"loc":{"start":{"line":60,"column":35},"end":{"line":60,"column":51}},"type":"binary-expr","locations":[{"start":{"line":60,"column":35},"end":{"line":60,"column":49}},{"start":{"line":60,"column":49},"end":{"line":60,"column":51}}],"line":60},"10":{"loc":{"start":{"line":61,"column":41},"end":{"line":61,"column":60}},"type":"binary-expr","locations":[{"start":{"line":61,"column":41},"end":{"line":61,"column":58}},{"start":{"line":61,"column":58},"end":{"line":61,"column":60}}],"line":61},"11":{"loc":{"start":{"line":62,"column":45},"end":{"line":62,"column":72}},"type":"binary-expr","locations":[{"start":{"line":62,"column":45},"end":{"line":62,"column":70}},{"start":{"line":62,"column":70},"end":{"line":62,"column":72}}],"line":62},"12":{"loc":{"start":{"line":63,"column":45},"end":{"line":63,"column":72}},"type":"binary-expr","locations":[{"start":{"line":63,"column":45},"end":{"line":63,"column":70}},{"start":{"line":63,"column":70},"end":{"line":63,"column":72}}],"line":63},"13":{"loc":{"start":{"line":64,"column":45},"end":{"line":64,"column":61}},"type":"binary-expr","locations":[{"start":{"line":64,"column":45},"end":{"line":64,"column":59}},{"start":{"line":64,"column":59},"end":{"line":64,"column":61}}],"line":64},"14":{"loc":{"start":{"line":66,"column":72},"end":{"line":66,"column":90}},"type":"binary-expr","locations":[{"start":{"line":66,"column":72},"end":{"line":66,"column":88}},{"start":{"line":66,"column":88},"end":{"line":66,"column":90}}],"line":66},"15":{"loc":{"start":{"line":79,"column":4},"end":{"line":79,"column":null}},"type":"if","locations":[{"start":{"line":79,"column":4},"end":{"line":79,"column":null}},{"start":{},"end":{}}],"line":79},"16":{"loc":{"start":{"line":79,"column":8},"end":{"line":79,"column":95}},"type":"binary-expr","locations":[{"start":{"line":79,"column":8},"end":{"line":79,"column":25}},{"start":{"line":79,"column":25},"end":{"line":79,"column":37}},{"start":{"line":79,"column":37},"end":{"line":79,"column":67}},{"start":{"line":79,"column":67},"end":{"line":79,"column":95}}],"line":79},"17":{"loc":{"start":{"line":80,"column":4},"end":{"line":83,"column":null}},"type":"if","locations":[{"start":{"line":80,"column":4},"end":{"line":83,"column":null}},{"start":{},"end":{}}],"line":80},"18":{"loc":{"start":{"line":90,"column":6},"end":{"line":90,"column":null}},"type":"if","locations":[{"start":{"line":90,"column":6},"end":{"line":90,"column":null}},{"start":{},"end":{}}],"line":90},"19":{"loc":{"start":{"line":98,"column":6},"end":{"line":98,"column":null}},"type":"if","locations":[{"start":{"line":98,"column":6},"end":{"line":98,"column":null}},{"start":{},"end":{}}],"line":98},"20":{"loc":{"start":{"line":99,"column":6},"end":{"line":101,"column":null}},"type":"if","locations":[{"start":{"line":99,"column":6},"end":{"line":101,"column":null}},{"start":{},"end":{}}],"line":99},"21":{"loc":{"start":{"line":100,"column":24},"end":{"line":100,"column":81}},"type":"binary-expr","locations":[{"start":{"line":100,"column":24},"end":{"line":100,"column":50}},{"start":{"line":100,"column":50},"end":{"line":100,"column":79}},{"start":{"line":100,"column":79},"end":{"line":100,"column":81}}],"line":100},"22":{"loc":{"start":{"line":102,"column":6},"end":{"line":104,"column":null}},"type":"if","locations":[{"start":{"line":102,"column":6},"end":{"line":104,"column":null}},{"start":{},"end":{}}],"line":102},"23":{"loc":{"start":{"line":102,"column":10},"end":{"line":102,"column":78}},"type":"binary-expr","locations":[{"start":{"line":102,"column":10},"end":{"line":102,"column":50}},{"start":{"line":102,"column":50},"end":{"line":102,"column":78}}],"line":102},"24":{"loc":{"start":{"line":103,"column":30},"end":{"line":103,"column":122}},"type":"binary-expr","locations":[{"start":{"line":103,"column":30},"end":{"line":103,"column":41}},{"start":{"line":103,"column":30},"end":{"line":103,"column":122}}],"line":103},"25":{"loc":{"start":{"line":107,"column":6},"end":{"line":107,"column":null}},"type":"if","locations":[{"start":{"line":107,"column":6},"end":{"line":107,"column":null}},{"start":{},"end":{}}],"line":107},"26":{"loc":{"start":{"line":108,"column":23},"end":{"line":108,"column":57}},"type":"binary-expr","locations":[{"start":{"line":108,"column":23},"end":{"line":108,"column":40}},{"start":{"line":108,"column":40},"end":{"line":108,"column":57}}],"line":108},"27":{"loc":{"start":{"line":116,"column":4},"end":{"line":127,"column":null}},"type":"binary-expr","locations":[{"start":{"line":116,"column":4},"end":{"line":116,"column":null}},{"start":{"line":117,"column":4},"end":{"line":117,"column":null}},{"start":{"line":118,"column":4},"end":{"line":118,"column":null}},{"start":{"line":119,"column":4},"end":{"line":119,"column":null}},{"start":{"line":120,"column":4},"end":{"line":120,"column":null}},{"start":{"line":121,"column":4},"end":{"line":121,"column":null}},{"start":{"line":122,"column":4},"end":{"line":122,"column":null}},{"start":{"line":123,"column":4},"end":{"line":123,"column":null}},{"start":{"line":124,"column":4},"end":{"line":124,"column":null}},{"start":{"line":125,"column":4},"end":{"line":125,"column":null}},{"start":{"line":126,"column":4},"end":{"line":126,"column":null}},{"start":{"line":127,"column":4},"end":{"line":127,"column":null}}],"line":116},"28":{"loc":{"start":{"line":130,"column":4},"end":{"line":130,"column":null}},"type":"if","locations":[{"start":{"line":130,"column":4},"end":{"line":130,"column":null}},{"start":{},"end":{}}],"line":130},"29":{"loc":{"start":{"line":130,"column":8},"end":{"line":130,"column":108}},"type":"binary-expr","locations":[{"start":{"line":130,"column":8},"end":{"line":130,"column":24}},{"start":{"line":130,"column":24},"end":{"line":130,"column":37}},{"start":{"line":130,"column":37},"end":{"line":130,"column":48}},{"start":{"line":130,"column":48},"end":{"line":130,"column":108}}],"line":130},"30":{"loc":{"start":{"line":138,"column":15},"end":{"line":138,"column":null}},"type":"binary-expr","locations":[{"start":{"line":138,"column":15},"end":{"line":138,"column":24}},{"start":{"line":138,"column":24},"end":{"line":138,"column":null}}],"line":138},"31":{"loc":{"start":{"line":139,"column":15},"end":{"line":139,"column":null}},"type":"binary-expr","locations":[{"start":{"line":139,"column":15},"end":{"line":139,"column":24}},{"start":{"line":139,"column":24},"end":{"line":139,"column":null}}],"line":139},"32":{"loc":{"start":{"line":141,"column":20},"end":{"line":141,"column":null}},"type":"binary-expr","locations":[{"start":{"line":141,"column":20},"end":{"line":141,"column":33}},{"start":{"line":141,"column":33},"end":{"line":141,"column":null}}],"line":141},"33":{"loc":{"start":{"line":142,"column":23},"end":{"line":142,"column":null}},"type":"binary-expr","locations":[{"start":{"line":142,"column":23},"end":{"line":142,"column":39}},{"start":{"line":142,"column":39},"end":{"line":142,"column":null}}],"line":142},"34":{"loc":{"start":{"line":145,"column":14},"end":{"line":145,"column":null}},"type":"binary-expr","locations":[{"start":{"line":145,"column":14},"end":{"line":145,"column":22}},{"start":{"line":145,"column":22},"end":{"line":145,"column":null}}],"line":145},"35":{"loc":{"start":{"line":146,"column":17},"end":{"line":146,"column":null}},"type":"binary-expr","locations":[{"start":{"line":146,"column":17},"end":{"line":146,"column":28}},{"start":{"line":146,"column":28},"end":{"line":146,"column":null}}],"line":146},"36":{"loc":{"start":{"line":149,"column":14},"end":{"line":151,"column":null}},"type":"cond-expr","locations":[{"start":{"line":150,"column":12},"end":{"line":150,"column":null}},{"start":{"line":151,"column":12},"end":{"line":151,"column":null}}],"line":149},"37":{"loc":{"start":{"line":149,"column":14},"end":{"line":149,"column":null}},"type":"binary-expr","locations":[{"start":{"line":149,"column":14},"end":{"line":149,"column":44}},{"start":{"line":149,"column":44},"end":{"line":149,"column":60}},{"start":{"line":149,"column":60},"end":{"line":149,"column":87}},{"start":{"line":149,"column":87},"end":{"line":149,"column":null}}],"line":149},"38":{"loc":{"start":{"line":153,"column":6},"end":{"line":169,"column":null}},"type":"if","locations":[{"start":{"line":153,"column":6},"end":{"line":169,"column":null}},{"start":{},"end":{}}],"line":153},"39":{"loc":{"start":{"line":153,"column":10},"end":{"line":153,"column":46}},"type":"binary-expr","locations":[{"start":{"line":153,"column":10},"end":{"line":153,"column":37}},{"start":{"line":153,"column":37},"end":{"line":153,"column":46}}],"line":153},"40":{"loc":{"start":{"line":161,"column":10},"end":{"line":163,"column":null}},"type":"if","locations":[{"start":{"line":161,"column":10},"end":{"line":163,"column":null}},{"start":{},"end":{}}],"line":161},"41":{"loc":{"start":{"line":170,"column":6},"end":{"line":174,"column":null}},"type":"if","locations":[{"start":{"line":170,"column":6},"end":{"line":174,"column":null}},{"start":{},"end":{}}],"line":170},"42":{"loc":{"start":{"line":170,"column":10},"end":{"line":170,"column":48}},"type":"binary-expr","locations":[{"start":{"line":170,"column":10},"end":{"line":170,"column":39}},{"start":{"line":170,"column":39},"end":{"line":170,"column":48}}],"line":170},"43":{"loc":{"start":{"line":183,"column":4},"end":{"line":183,"column":null}},"type":"if","locations":[{"start":{"line":183,"column":4},"end":{"line":183,"column":null}},{"start":{},"end":{}}],"line":183},"44":{"loc":{"start":{"line":191,"column":4},"end":{"line":191,"column":null}},"type":"if","locations":[{"start":{"line":191,"column":4},"end":{"line":191,"column":null}},{"start":{},"end":{}}],"line":191},"45":{"loc":{"start":{"line":192,"column":4},"end":{"line":195,"column":null}},"type":"if","locations":[{"start":{"line":192,"column":4},"end":{"line":195,"column":null}},{"start":{},"end":{}}],"line":192},"46":{"loc":{"start":{"line":199,"column":28},"end":{"line":199,"column":46}},"type":"binary-expr","locations":[{"start":{"line":199,"column":28},"end":{"line":199,"column":42}},{"start":{"line":199,"column":42},"end":{"line":199,"column":46}}],"line":199},"47":{"loc":{"start":{"line":210,"column":4},"end":{"line":210,"column":null}},"type":"if","locations":[{"start":{"line":210,"column":4},"end":{"line":210,"column":null}},{"start":{},"end":{}}],"line":210},"48":{"loc":{"start":{"line":211,"column":4},"end":{"line":211,"column":null}},"type":"if","locations":[{"start":{"line":211,"column":4},"end":{"line":211,"column":null}},{"start":{},"end":{}}],"line":211},"49":{"loc":{"start":{"line":226,"column":17},"end":{"line":226,"column":null}},"type":"cond-expr","locations":[{"start":{"line":226,"column":34},"end":{"line":226,"column":65}},{"start":{"line":226,"column":65},"end":{"line":226,"column":null}}],"line":226},"50":{"loc":{"start":{"line":230,"column":11},"end":{"line":230,"column":null}},"type":"cond-expr","locations":[{"start":{"line":230,"column":28},"end":{"line":230,"column":59}},{"start":{"line":230,"column":59},"end":{"line":230,"column":null}}],"line":230},"51":{"loc":{"start":{"line":238,"column":9},"end":{"line":246,"column":null}},"type":"binary-expr","locations":[{"start":{"line":238,"column":9},"end":{"line":238,"column":26}},{"start":{"line":238,"column":26},"end":{"line":246,"column":null}}],"line":238},"52":{"loc":{"start":{"line":238,"column":26},"end":{"line":246,"column":null}},"type":"cond-expr","locations":[{"start":{"line":239,"column":10},"end":{"line":241,"column":11}},{"start":{"line":241,"column":10},"end":{"line":246,"column":null}}],"line":238},"53":{"loc":{"start":{"line":239,"column":73},"end":{"line":239,"column":124}},"type":"binary-expr","locations":[{"start":{"line":239,"column":73},"end":{"line":239,"column":82}},{"start":{"line":239,"column":82},"end":{"line":239,"column":124}}],"line":239},"54":{"loc":{"start":{"line":249,"column":9},"end":{"line":319,"column":null}},"type":"binary-expr","locations":[{"start":{"line":249,"column":9},"end":{"line":249,"column":null}},{"start":{"line":250,"column":10},"end":{"line":319,"column":null}}],"line":249},"55":{"loc":{"start":{"line":256,"column":32},"end":{"line":256,"column":67}},"type":"cond-expr","locations":[{"start":{"line":256,"column":46},"end":{"line":256,"column":58}},{"start":{"line":256,"column":58},"end":{"line":256,"column":67}}],"line":256},"56":{"loc":{"start":{"line":260,"column":17},"end":{"line":269,"column":null}},"type":"cond-expr","locations":[{"start":{"line":261,"column":18},"end":{"line":266,"column":null}},{"start":{"line":266,"column":18},"end":{"line":269,"column":null}}],"line":260},"57":{"loc":{"start":{"line":267,"column":21},"end":{"line":268,"column":35}},"type":"cond-expr","locations":[{"start":{"line":267,"column":35},"end":{"line":267,"column":77}},{"start":{"line":267,"column":76},"end":{"line":268,"column":35}}],"line":267},"58":{"loc":{"start":{"line":268,"column":21},"end":{"line":268,"column":null}},"type":"cond-expr","locations":[{"start":{"line":268,"column":35},"end":{"line":268,"column":60}},{"start":{"line":268,"column":60},"end":{"line":268,"column":null}}],"line":268},"59":{"loc":{"start":{"line":274,"column":31},"end":{"line":274,"column":null}},"type":"cond-expr","locations":[{"start":{"line":274,"column":45},"end":{"line":274,"column":72}},{"start":{"line":274,"column":72},"end":{"line":274,"column":null}}],"line":274},"60":{"loc":{"start":{"line":275,"column":26},"end":{"line":275,"column":null}},"type":"binary-expr","locations":[{"start":{"line":275,"column":26},"end":{"line":275,"column":42}},{"start":{"line":275,"column":42},"end":{"line":275,"column":null}}],"line":275},"61":{"loc":{"start":{"line":277,"column":18},"end":{"line":279,"column":null}},"type":"cond-expr","locations":[{"start":{"line":278,"column":22},"end":{"line":278,"column":null}},{"start":{"line":279,"column":22},"end":{"line":279,"column":null}}],"line":277},"62":{"loc":{"start":{"line":277,"column":18},"end":{"line":277,"column":null}},"type":"binary-expr","locations":[{"start":{"line":277,"column":18},"end":{"line":277,"column":34}},{"start":{"line":277,"column":34},"end":{"line":277,"column":null}}],"line":277},"63":{"loc":{"start":{"line":283,"column":17},"end":{"line":283,"column":null}},"type":"cond-expr","locations":[{"start":{"line":283,"column":31},"end":{"line":283,"column":60}},{"start":{"line":283,"column":60},"end":{"line":283,"column":null}}],"line":283},"64":{"loc":{"start":{"line":287,"column":13},"end":{"line":317,"column":null}},"type":"binary-expr","locations":[{"start":{"line":287,"column":13},"end":{"line":287,"column":29}},{"start":{"line":287,"column":29},"end":{"line":287,"column":null}},{"start":{"line":288,"column":14},"end":{"line":317,"column":null}}],"line":287},"65":{"loc":{"start":{"line":297,"column":24},"end":{"line":305,"column":null}},"type":"if","locations":[{"start":{"line":297,"column":24},"end":{"line":305,"column":null}},{"start":{"line":302,"column":31},"end":{"line":305,"column":null}}],"line":297},"66":{"loc":{"start":{"line":300,"column":28},"end":{"line":300,"column":null}},"type":"if","locations":[{"start":{"line":300,"column":28},"end":{"line":300,"column":null}},{"start":{},"end":{}}],"line":300},"67":{"loc":{"start":{"line":311,"column":19},"end":{"line":316,"column":null}},"type":"binary-expr","locations":[{"start":{"line":311,"column":19},"end":{"line":311,"column":null}},{"start":{"line":312,"column":20},"end":{"line":316,"column":null}}],"line":311},"68":{"loc":{"start":{"line":322,"column":10},"end":{"line":376,"column":null}},"type":"binary-expr","locations":[{"start":{"line":322,"column":10},"end":{"line":322,"column":31}},{"start":{"line":322,"column":31},"end":{"line":322,"column":null}},{"start":{"line":323,"column":10},"end":{"line":376,"column":null}}],"line":322},"69":{"loc":{"start":{"line":327,"column":17},"end":{"line":342,"column":null}},"type":"binary-expr","locations":[{"start":{"line":327,"column":17},"end":{"line":327,"column":30}},{"start":{"line":327,"column":30},"end":{"line":327,"column":41}},{"start":{"line":327,"column":41},"end":{"line":327,"column":null}},{"start":{"line":328,"column":18},"end":{"line":342,"column":null}}],"line":327},"70":{"loc":{"start":{"line":344,"column":17},"end":{"line":359,"column":null}},"type":"binary-expr","locations":[{"start":{"line":344,"column":17},"end":{"line":344,"column":null}},{"start":{"line":345,"column":18},"end":{"line":359,"column":null}}],"line":344},"71":{"loc":{"start":{"line":349,"column":22},"end":{"line":353,"column":null}},"type":"if","locations":[{"start":{"line":349,"column":22},"end":{"line":353,"column":null}},{"start":{"line":351,"column":29},"end":{"line":353,"column":null}}],"line":349},"72":{"loc":{"start":{"line":379,"column":9},"end":{"line":470,"column":null}},"type":"binary-expr","locations":[{"start":{"line":379,"column":9},"end":{"line":379,"column":25}},{"start":{"line":379,"column":25},"end":{"line":470,"column":null}}],"line":379},"73":{"loc":{"start":{"line":380,"column":11},"end":{"line":397,"column":13}},"type":"cond-expr","locations":[{"start":{"line":381,"column":12},"end":{"line":387,"column":13}},{"start":{"line":387,"column":12},"end":{"line":397,"column":13}}],"line":380},"74":{"loc":{"start":{"line":381,"column":12},"end":{"line":387,"column":13}},"type":"binary-expr","locations":[{"start":{"line":381,"column":12},"end":{"line":381,"column":null}},{"start":{"line":382,"column":14},"end":{"line":387,"column":13}}],"line":381},"75":{"loc":{"start":{"line":397,"column":12},"end":{"line":470,"column":null}},"type":"binary-expr","locations":[{"start":{"line":397,"column":12},"end":{"line":397,"column":25}},{"start":{"line":397,"column":25},"end":{"line":397,"column":44}},{"start":{"line":397,"column":44},"end":{"line":397,"column":null}},{"start":{"line":398,"column":10},"end":{"line":470,"column":null}}],"line":397},"76":{"loc":{"start":{"line":416,"column":21},"end":{"line":419,"column":null}},"type":"binary-expr","locations":[{"start":{"line":416,"column":21},"end":{"line":416,"column":null}},{"start":{"line":417,"column":22},"end":{"line":419,"column":null}}],"line":416},"77":{"loc":{"start":{"line":423,"column":17},"end":{"line":431,"column":null}},"type":"binary-expr","locations":[{"start":{"line":423,"column":17},"end":{"line":423,"column":null}},{"start":{"line":424,"column":18},"end":{"line":431,"column":null}}],"line":423},"78":{"loc":{"start":{"line":449,"column":21},"end":{"line":452,"column":null}},"type":"binary-expr","locations":[{"start":{"line":449,"column":21},"end":{"line":449,"column":null}},{"start":{"line":450,"column":22},"end":{"line":452,"column":null}}],"line":449},"79":{"loc":{"start":{"line":456,"column":17},"end":{"line":464,"column":null}},"type":"binary-expr","locations":[{"start":{"line":456,"column":17},"end":{"line":456,"column":null}},{"start":{"line":457,"column":18},"end":{"line":464,"column":null}}],"line":456},"80":{"loc":{"start":{"line":505,"column":21},"end":{"line":505,"column":null}},"type":"binary-expr","locations":[{"start":{"line":505,"column":21},"end":{"line":505,"column":38}},{"start":{"line":505,"column":38},"end":{"line":505,"column":null}}],"line":505},"81":{"loc":{"start":{"line":508,"column":31},"end":{"line":508,"column":92}},"type":"if","locations":[{"start":{"line":508,"column":31},"end":{"line":508,"column":92}},{"start":{},"end":{}}],"line":508},"82":{"loc":{"start":{"line":512,"column":13},"end":{"line":513,"column":null}},"type":"binary-expr","locations":[{"start":{"line":512,"column":13},"end":{"line":512,"column":36}},{"start":{"line":512,"column":36},"end":{"line":513,"column":null}}],"line":512},"83":{"loc":{"start":{"line":514,"column":11},"end":{"line":537,"column":null}},"type":"binary-expr","locations":[{"start":{"line":514,"column":11},"end":{"line":514,"column":34}},{"start":{"line":514,"column":34},"end":{"line":514,"column":null}},{"start":{"line":515,"column":12},"end":{"line":537,"column":null}}],"line":514},"84":{"loc":{"start":{"line":533,"column":21},"end":{"line":534,"column":null}},"type":"binary-expr","locations":[{"start":{"line":533,"column":21},"end":{"line":533,"column":34}},{"start":{"line":533,"column":34},"end":{"line":534,"column":null}}],"line":533},"85":{"loc":{"start":{"line":539,"column":11},"end":{"line":539,"column":null}},"type":"binary-expr","locations":[{"start":{"line":539,"column":11},"end":{"line":539,"column":23}},{"start":{"line":539,"column":23},"end":{"line":539,"column":null}}],"line":539},"86":{"loc":{"start":{"line":540,"column":11},"end":{"line":540,"column":null}},"type":"binary-expr","locations":[{"start":{"line":540,"column":11},"end":{"line":540,"column":28}},{"start":{"line":540,"column":28},"end":{"line":540,"column":null}}],"line":540},"87":{"loc":{"start":{"line":544,"column":9},"end":{"line":566,"column":null}},"type":"binary-expr","locations":[{"start":{"line":544,"column":9},"end":{"line":544,"column":25}},{"start":{"line":544,"column":25},"end":{"line":566,"column":null}}],"line":544},"88":{"loc":{"start":{"line":554,"column":41},"end":{"line":554,"column":59}},"type":"cond-expr","locations":[{"start":{"line":554,"column":50},"end":{"line":554,"column":55}},{"start":{"line":554,"column":55},"end":{"line":554,"column":59}}],"line":554},"89":{"loc":{"start":{"line":556,"column":20},"end":{"line":556,"column":null}},"type":"cond-expr","locations":[{"start":{"line":556,"column":29},"end":{"line":556,"column":34}},{"start":{"line":556,"column":34},"end":{"line":556,"column":null}}],"line":556},"90":{"loc":{"start":{"line":558,"column":25},"end":{"line":558,"column":null}},"type":"cond-expr","locations":[{"start":{"line":558,"column":34},"end":{"line":558,"column":112}},{"start":{"line":558,"column":112},"end":{"line":558,"column":null}}],"line":558},"91":{"loc":{"start":{"line":578,"column":42},"end":{"line":578,"column":60}},"type":"cond-expr","locations":[{"start":{"line":578,"column":51},"end":{"line":578,"column":56}},{"start":{"line":578,"column":56},"end":{"line":578,"column":60}}],"line":578},"92":{"loc":{"start":{"line":580,"column":18},"end":{"line":582,"column":null}},"type":"cond-expr","locations":[{"start":{"line":581,"column":22},"end":{"line":581,"column":null}},{"start":{"line":582,"column":22},"end":{"line":582,"column":null}}],"line":580},"93":{"loc":{"start":{"line":593,"column":9},"end":{"line":623,"column":null}},"type":"binary-expr","locations":[{"start":{"line":593,"column":9},"end":{"line":593,"column":26}},{"start":{"line":593,"column":26},"end":{"line":593,"column":39}},{"start":{"line":593,"column":39},"end":{"line":593,"column":null}},{"start":{"line":594,"column":10},"end":{"line":623,"column":null}}],"line":593},"94":{"loc":{"start":{"line":600,"column":19},"end":{"line":605,"column":null}},"type":"binary-expr","locations":[{"start":{"line":600,"column":19},"end":{"line":600,"column":null}},{"start":{"line":601,"column":20},"end":{"line":605,"column":null}}],"line":600},"95":{"loc":{"start":{"line":607,"column":15},"end":{"line":622,"column":null}},"type":"binary-expr","locations":[{"start":{"line":607,"column":15},"end":{"line":607,"column":null}},{"start":{"line":608,"column":16},"end":{"line":622,"column":null}}],"line":607},"96":{"loc":{"start":{"line":612,"column":20},"end":{"line":615,"column":null}},"type":"if","locations":[{"start":{"line":612,"column":20},"end":{"line":615,"column":null}},{"start":{},"end":{}}],"line":612},"97":{"loc":{"start":{"line":612,"column":24},"end":{"line":612,"column":60}},"type":"binary-expr","locations":[{"start":{"line":612,"column":24},"end":{"line":612,"column":45}},{"start":{"line":612,"column":45},"end":{"line":612,"column":60}}],"line":612},"98":{"loc":{"start":{"line":628,"column":9},"end":{"line":636,"column":null}},"type":"binary-expr","locations":[{"start":{"line":628,"column":9},"end":{"line":628,"column":22}},{"start":{"line":628,"column":22},"end":{"line":628,"column":null}},{"start":{"line":629,"column":10},"end":{"line":636,"column":null}}],"line":628},"99":{"loc":{"start":{"line":638,"column":9},"end":{"line":645,"column":null}},"type":"binary-expr","locations":[{"start":{"line":638,"column":9},"end":{"line":638,"column":22}},{"start":{"line":638,"column":22},"end":{"line":638,"column":null}},{"start":{"line":639,"column":10},"end":{"line":645,"column":null}}],"line":638},"100":{"loc":{"start":{"line":654,"column":9},"end":{"line":662,"column":null}},"type":"binary-expr","locations":[{"start":{"line":654,"column":9},"end":{"line":654,"column":null}},{"start":{"line":655,"column":10},"end":{"line":662,"column":null}}],"line":654},"101":{"loc":{"start":{"line":661,"column":13},"end":{"line":661,"column":null}},"type":"cond-expr","locations":[{"start":{"line":661,"column":22},"end":{"line":661,"column":43}},{"start":{"line":661,"column":43},"end":{"line":661,"column":null}}],"line":661}},"s":{"0":1,"1":1,"2":199,"3":199,"4":199,"5":199,"6":199,"7":199,"8":199,"9":199,"10":199,"11":199,"12":199,"13":199,"14":199,"15":199,"16":199,"17":199,"18":199,"19":199,"20":199,"21":199,"22":199,"23":199,"24":199,"25":199,"26":199,"27":199,"28":199,"29":199,"30":199,"31":199,"32":199,"33":43,"34":32,"35":11,"36":1,"37":1,"38":10,"39":10,"40":10,"41":9,"42":9,"43":9,"44":1,"45":8,"46":8,"47":8,"48":8,"49":1,"50":7,"51":6,"52":7,"53":2,"54":2,"55":7,"56":3,"57":1,"58":2,"59":3,"60":10,"61":10,"62":199,"63":199,"64":5,"65":1,"66":4,"67":199,"68":15,"69":15,"70":15,"71":3,"72":4,"73":3,"74":15,"75":3,"76":3,"77":3,"78":3,"79":1,"80":2,"81":2,"82":1,"83":1,"84":3,"85":15,"86":1,"87":1,"88":1,"89":15,"90":15,"91":199,"92":5,"93":5,"94":1,"95":4,"96":4,"97":4,"98":199,"99":6,"100":6,"101":6,"102":2,"103":6,"104":1,"105":1,"106":5,"107":4,"108":4,"109":3,"110":3,"111":1,"112":199,"113":4,"114":4,"115":1,"116":3,"117":3,"118":2,"119":3,"120":199,"121":19,"122":7,"123":199,"124":199,"125":199,"126":5,"127":1,"128":2,"129":2,"130":6,"131":5,"132":8,"133":5,"134":3,"135":3,"136":2,"137":2,"138":1,"139":2,"140":2,"141":2,"142":2,"143":16,"144":2,"145":2,"146":2,"147":2,"148":2,"149":4,"150":2,"151":2,"152":2,"153":2,"154":2,"155":1,"156":1,"157":1,"158":1,"159":1,"160":10,"161":1,"162":1,"163":1,"164":17,"165":94,"166":11,"167":11,"168":11,"169":1,"170":2,"171":2,"172":60,"173":17,"174":17,"175":17,"176":1,"177":2,"178":1,"179":1,"180":1,"181":6,"182":2,"183":1,"184":4,"185":1,"186":1,"187":1,"188":1,"189":1,"190":1,"191":664,"192":664,"193":2,"194":1194,"195":1194,"196":2,"197":33,"198":1,"199":1,"200":2,"201":12,"202":15,"203":3,"204":3,"205":1},"f":{"0":199,"1":43,"2":9,"3":2,"4":3,"5":10,"6":5,"7":15,"8":3,"9":4,"10":3,"11":1,"12":5,"13":4,"14":6,"15":4,"16":3,"17":4,"18":2,"19":19,"20":7,"21":5,"22":1,"23":2,"24":2,"25":6,"26":5,"27":8,"28":5,"29":1,"30":2,"31":2,"32":16,"33":2,"34":2,"35":4,"36":2,"37":2,"38":2,"39":2,"40":1,"41":1,"42":10,"43":1,"44":1,"45":1,"46":17,"47":94,"48":11,"49":1,"50":2,"51":2,"52":60,"53":17,"54":1,"55":2,"56":1,"57":1,"58":1,"59":6,"60":2,"61":4,"62":1,"63":664,"64":2,"65":1194,"66":2,"67":33,"68":1,"69":1,"70":2,"71":12,"72":15,"73":1},"b":{"0":[199],"1":[199],"2":[199,190],"3":[199,197],"4":[199,1],"5":[199,174],"6":[199,196],"7":[199,196],"8":[199,196],"9":[199,192],"10":[199,192],"11":[199,173],"12":[199,173],"13":[199,193],"14":[199,2],"15":[32,11],"16":[43,12,12,11],"17":[1,10],"18":[1,8],"19":[1,7],"20":[6,1],"21":[6,3,3],"22":[2,5],"23":[7,7],"24":[2,2],"25":[1,2],"26":[2,1],"27":[199,149,139,136,136,129,125,124,102,102,99,89],"28":[1,4],"29":[5,4,3,2],"30":[15,13],"31":[15,13],"32":[15,12],"33":[15,13],"34":[15,14],"35":[15,13],"36":[1,14],"37":[15,2,1,1],"38":[3,12],"39":[15,3],"40":[1,1],"41":[1,14],"42":[15,1],"43":[1,4],"44":[2,4],"45":[1,5],"46":[3,1],"47":[1,3],"48":[2,1],"49":[113,86],"50":[113,86],"51":[199,166],"52":[3,163],"53":[3,1],"54":[199,196],"55":[1,1],"56":[1,195],"57":[33,162],"58":[33,162],"59":[1,5],"60":[196,163],"61":[13,183],"62":[196,163],"63":[33,163],"64":[196,163,13],"65":[3,2],"66":[1,1],"67":[13,5],"68":[199,188,21],"69":[16,14,4,4],"70":[16,14],"71":[1,1],"72":[199,166],"73":[3,163],"74":[3,1],"75":[166,3,2,164],"76":[94,93],"77":[164,163],"78":[60,59],"79":[164,163],"80":[199,188],"81":[1,1],"82":[199,25],"83":[199,11,3],"84":[4,3],"85":[199,10],"86":[199,5],"87":[199,166],"88":[1,1],"89":[7,657],"90":[7,657],"91":[1,1],"92":[11,1183],"93":[199,166,3,164],"94":[33,32],"95":[164,163],"96":[3,12],"97":[15,13],"98":[199,196,1],"99":[199,196,33],"100":[199,196],"101":[16,180]},"meta":{"lastBranch":102,"lastFunction":74,"lastStatement":206,"seen":{"s:16:18:16:Infinity":0,"s:17:18:17:Infinity":1,"f:43:24:43:43":0,"b:44:39:44:46":0,"b:44:57:44:64":1,"s:46:10:46:Infinity":2,"s:47:8:47:Infinity":3,"s:49:16:49:Infinity":4,"b:49:37:49:52:49:52:49:54":2,"s:50:16:50:Infinity":5,"b:50:37:50:52:50:52:50:54":3,"s:51:20:51:Infinity":6,"b:51:45:51:65:51:65:51:103":4,"s:52:20:52:Infinity":7,"b:52:45:52:78:52:78:52:80":5,"s:53:23:53:Infinity":8,"b:53:51:53:74:53:74:53:76":6,"s:54:22:54:Infinity":9,"b:54:64:54:86:54:86:54:90":7,"s:55:22:55:Infinity":10,"b:55:64:55:86:55:86:55:90":8,"s:56:24:56:Infinity":11,"s:57:26:57:Infinity":12,"s:58:30:58:Infinity":13,"s:59:8:59:Infinity":14,"s:60:15:60:Infinity":15,"b:60:35:60:49:60:49:60:51":9,"s:61:18:61:Infinity":16,"b:61:41:61:58:61:58:61:60":10,"s:62:15:62:Infinity":17,"b:62:45:62:70:62:70:62:72":11,"s:63:15:63:Infinity":18,"b:63:45:63:70:63:70:63:72":12,"s:64:15:64:Infinity":19,"b:64:45:64:59:64:59:64:61":13,"s:65:19:65:Infinity":20,"s:66:17:66:Infinity":21,"b:66:72:66:88:66:88:66:90":14,"s:67:23:67:Infinity":22,"s:68:25:68:Infinity":23,"s:69:26:69:Infinity":24,"s:70:17:70:Infinity":25,"s:71:22:71:Infinity":26,"s:72:19:72:Infinity":27,"s:73:24:73:Infinity":28,"s:74:25:74:Infinity":29,"s:75:8:75:Infinity":30,"s:76:8:76:Infinity":31,"s:78:2:113:Infinity":32,"f:78:2:78:18":1,"b:79:4:79:Infinity:undefined:undefined:undefined:undefined":15,"s:79:4:79:Infinity":33,"b:79:8:79:25:79:25:79:37:79:37:79:67:79:67:79:95":16,"s:79:95:79:Infinity":34,"b:80:4:83:Infinity:undefined:undefined:undefined:undefined":17,"s:80:4:83:Infinity":35,"s:81:6:81:Infinity":36,"s:82:6:82:Infinity":37,"s:85:17:85:Infinity":38,"s:86:4:86:Infinity":39,"s:87:4:110:Infinity":40,"f:87:45:87:51":2,"s:88:18:88:Infinity":41,"s:89:18:89:Infinity":42,"b:90:6:90:Infinity:undefined:undefined:undefined:undefined":18,"s:90:6:90:Infinity":43,"s:90:19:90:Infinity":44,"s:91:6:91:Infinity":45,"s:92:6:92:Infinity":46,"s:94:43:97:Infinity":47,"b:98:6:98:Infinity:undefined:undefined:undefined:undefined":19,"s:98:6:98:Infinity":48,"s:98:19:98:Infinity":49,"b:99:6:101:Infinity:undefined:undefined:undefined:undefined":20,"s:99:6:101:Infinity":50,"s:100:8:100:Infinity":51,"b:100:24:100:50:100:50:100:79:100:79:100:81":21,"b:102:6:104:Infinity:undefined:undefined:undefined:undefined":22,"s:102:6:104:Infinity":52,"b:102:10:102:50:102:50:102:78":23,"s:103:8:103:Infinity":53,"f:103:8:103:19":3,"s:103:30:103:122":54,"b:103:30:103:41:103:30:103:122":24,"s:105:6:105:Infinity":55,"f:106:4:106:7":4,"b:107:6:107:Infinity:undefined:undefined:undefined:undefined":25,"s:107:6:107:Infinity":56,"s:107:19:107:Infinity":57,"s:108:6:108:Infinity":58,"b:108:23:108:40:108:40:108:57":26,"s:109:6:109:Infinity":59,"s:112:4:112:Infinity":60,"f:112:4:112:17":5,"s:112:19:112:34":61,"s:116:4:127:Infinity":62,"b:116:4:116:Infinity:117:4:117:Infinity:118:4:118:Infinity:119:4:119:Infinity:120:4:120:Infinity:121:4:121:Infinity:122:4:122:Infinity:123:4:123:Infinity:124:4:124:Infinity:125:4:125:Infinity:126:4:126:Infinity:127:4:127:Infinity":27,"s:129:8:132:Infinity":63,"f:129:8:129:28":6,"b:130:4:130:Infinity:undefined:undefined:undefined:undefined":28,"s:130:4:130:Infinity":64,"b:130:8:130:24:130:24:130:37:130:37:130:48:130:48:130:108":29,"s:130:108:130:Infinity":65,"s:131:4:131:Infinity":66,"s:134:21:179:Infinity":67,"f:134:21:134:33":7,"s:135:4:135:Infinity":68,"s:136:4:178:Infinity":69,"s:137:22:152:Infinity":70,"b:138:15:138:24:138:24:138:Infinity":30,"b:139:15:139:24:139:24:139:Infinity":31,"b:141:20:141:33:141:33:141:Infinity":32,"b:142:23:142:39:142:39:142:Infinity":33,"b:145:14:145:22:145:22:145:Infinity":34,"b:146:17:146:28:146:28:146:Infinity":35,"f:147:19:147:26":8,"s:147:33:147:43":71,"f:148:32:148:39":9,"s:148:44:148:52":72,"f:148:66:148:73":10,"s:148:78:148:86":73,"b:150:12:150:Infinity:151:12:151:Infinity":36,"b:149:14:149:44:149:44:149:60:149:60:149:87:149:87:149:Infinity":37,"b:153:6:169:Infinity:undefined:undefined:undefined:undefined":38,"s:153:6:169:Infinity":74,"b:153:10:153:37:153:37:153:46":39,"s:154:25:154:Infinity":75,"s:155:8:155:Infinity":76,"s:156:8:168:Infinity":77,"s:157:29:159:Infinity":78,"f:158:12:158:24":11,"s:158:29:158:Infinity":79,"s:160:10:160:Infinity":80,"b:161:10:163:Infinity:undefined:undefined:undefined:undefined":40,"s:161:10:163:Infinity":81,"s:162:12:162:Infinity":82,"s:165:10:165:Infinity":83,"s:167:10:167:Infinity":84,"b:170:6:174:Infinity:undefined:undefined:undefined:undefined":41,"s:170:6:174:Infinity":85,"b:170:10:170:39:170:39:170:48":42,"s:171:8:173:Infinity":86,"s:172:10:172:Infinity":87,"s:172:16:172:61":88,"s:175:6:175:Infinity":89,"s:177:6:177:Infinity":90,"s:181:27:186:Infinity":91,"f:181:27:181:34":12,"s:182:18:182:Infinity":92,"b:183:4:183:Infinity:undefined:undefined:undefined:undefined":43,"s:183:4:183:Infinity":93,"s:183:24:183:Infinity":94,"s:184:23:184:Infinity":95,"s:185:4:185:Infinity":96,"f:185:4:185:20":13,"s:185:28:185:52":97,"s:188:8:206:Infinity":98,"f:188:8:188:26":14,"s:189:4:189:Infinity":99,"s:190:4:190:Infinity":100,"b:191:4:191:Infinity:undefined:undefined:undefined:undefined":44,"s:191:4:191:Infinity":101,"s:191:34:191:Infinity":102,"b:192:4:195:Infinity:undefined:undefined:undefined:undefined":45,"s:192:4:195:Infinity":103,"s:193:6:193:Infinity":104,"s:194:6:194:Infinity":105,"s:196:4:205:Infinity":106,"f:196:42:196:54":15,"s:197:6:204:Infinity":107,"s:198:20:198:Infinity":108,"s:199:8:201:Infinity":109,"b:199:28:199:42:199:42:199:46":46,"f:199:58:199:63":16,"s:199:150:201:10":110,"s:203:8:203:Infinity":111,"s:208:8:213:Infinity":112,"f:208:8:208:23":17,"s:209:18:209:Infinity":113,"b:210:4:210:Infinity:undefined:undefined:undefined:undefined":47,"s:210:4:210:Infinity":114,"s:210:16:210:Infinity":115,"b:211:4:211:Infinity:undefined:undefined:undefined:undefined":48,"s:211:4:211:Infinity":116,"s:211:31:211:Infinity":117,"f:211:31:211:39":18,"s:211:47:211:63":118,"s:212:4:212:Infinity":119,"s:215:33:215:Infinity":120,"f:215:47:215:54":19,"s:215:60:215:93":121,"f:215:68:215:73":20,"s:215:78:215:92":122,"s:217:18:217:Infinity":123,"s:218:21:218:Infinity":124,"s:220:2:665:Infinity":125,"b:226:34:226:65:226:65:226:Infinity":49,"b:230:28:230:59:230:59:230:Infinity":50,"b:238:9:238:26:238:26:246:Infinity":51,"b:239:10:241:11:241:10:246:Infinity":52,"b:239:73:239:82:239:82:239:124":53,"f:243:12:243:22":21,"s:243:27:243:Infinity":126,"b:249:9:249:Infinity:250:10:319:Infinity":54,"f:251:133:251:142":22,"s:251:149:251:191":127,"f:252:118:252:127":23,"s:252:134:252:176":128,"f:256:16:256:32":24,"s:256:16:256:Infinity":129,"b:256:46:256:58:256:58:256:67":55,"b:261:18:266:Infinity:266:18:269:Infinity":56,"b:267:35:267:77:267:76:268:35":57,"b:268:35:268:60:268:60:268:Infinity":58,"f:274:16:274:31":25,"s:274:31:274:Infinity":130,"b:274:45:274:72:274:72:274:Infinity":59,"f:274:72:274:91":26,"s:274:96:274:98":131,"b:275:26:275:42:275:42:275:Infinity":60,"b:278:22:278:Infinity:279:22:279:Infinity":61,"b:277:18:277:34:277:34:277:Infinity":62,"b:283:31:283:60:283:60:283:Infinity":63,"b:287:13:287:29:287:29:287:Infinity:288:14:317:Infinity":64,"f:290:42:290:46":27,"s:291:20:309:Infinity":132,"f:296:31:296:43":28,"b:297:24:305:Infinity:302:31:305:Infinity":65,"s:297:24:305:Infinity":133,"s:298:26:301:Infinity":134,"s:299:43:299:Infinity":135,"b:300:28:300:Infinity:undefined:undefined:undefined:undefined":66,"s:300:28:300:Infinity":136,"s:300:40:300:Infinity":137,"f:300:40:300:50":29,"s:300:58:300:75":138,"s:303:26:303:Infinity":139,"f:303:26:303:44":30,"s:303:52:303:68":140,"s:304:26:304:Infinity":141,"f:304:26:304:36":31,"s:304:44:304:57":142,"b:311:19:311:Infinity:312:20:316:Infinity":67,"b:322:10:322:31:322:31:322:Infinity:323:10:376:Infinity":68,"f:324:20:324:25":32,"s:325:14:361:Infinity":143,"b:327:17:327:30:327:30:327:41:327:41:327:Infinity:328:18:342:Infinity":69,"f:330:20:330:35":33,"s:331:22:337:Infinity":144,"f:331:22:331:32":34,"s:332:37:332:Infinity":145,"s:333:40:333:Infinity":146,"s:334:24:334:Infinity":147,"s:335:24:335:Infinity":148,"f:335:29:335:38":35,"s:335:50:335:115":149,"f:335:99:335:111":36,"s:336:24:336:Infinity":150,"b:344:17:344:Infinity:345:18:359:Infinity":70,"f:347:29:347:41":37,"s:348:22:348:Infinity":151,"f:348:22:348:32":38,"s:348:40:348:71":152,"f:348:45:348:52":39,"s:348:57:348:70":153,"b:349:22:353:Infinity:351:29:353:Infinity":71,"s:349:22:353:Infinity":154,"s:350:24:350:Infinity":155,"s:350:30:350:75":156,"s:352:24:352:Infinity":157,"f:352:24:352:42":40,"s:352:50:352:80":158,"f:352:55:352:62":41,"s:352:68:352:79":159,"f:363:26:363:31":42,"s:364:14:374:Infinity":160,"f:368:18:368:33":43,"s:368:33:368:Infinity":161,"f:368:33:368:49":44,"s:368:57:368:87":162,"f:368:62:368:70":45,"s:368:79:368:86":163,"b:379:9:379:25:379:25:470:Infinity":72,"b:381:12:387:13:387:12:397:13":73,"b:381:12:381:Infinity:382:14:387:13":74,"f:390:14:390:24":46,"s:390:29:390:Infinity":164,"b:397:12:397:25:397:25:397:44:397:44:397:Infinity:398:10:470:Infinity":75,"f:406:22:406:27":47,"s:407:18:421:Infinity":165,"f:412:22:412:32":48,"s:412:52:412:63":166,"s:412:63:412:89":167,"s:412:89:412:103":168,"b:416:21:416:Infinity:417:22:419:Infinity":76,"f:417:44:417:59":49,"s:417:59:417:100":169,"f:417:72:417:80":50,"s:417:89:417:96":170,"b:423:17:423:Infinity:424:18:431:Infinity":77,"f:426:20:426:35":51,"s:426:35:426:Infinity":171,"f:439:22:439:27":52,"s:440:18:454:Infinity":172,"f:445:22:445:32":53,"s:445:52:445:63":173,"s:445:63:445:89":174,"s:445:89:445:103":175,"b:449:21:449:Infinity:450:22:452:Infinity":78,"f:450:44:450:59":54,"s:450:59:450:100":176,"f:450:72:450:80":55,"s:450:89:450:96":177,"b:456:17:456:Infinity:457:18:464:Infinity":79,"f:459:20:459:35":56,"s:459:35:459:Infinity":178,"f:481:16:481:26":57,"s:481:31:481:Infinity":179,"f:493:16:493:26":58,"s:493:31:493:Infinity":180,"b:505:21:505:38:505:38:505:Infinity":80,"f:507:14:507:24":59,"s:507:29:507:Infinity":181,"f:508:14:508:29":60,"b:508:31:508:92:undefined:undefined:undefined:undefined":81,"s:508:31:508:92":182,"s:508:63:508:92":183,"b:512:13:512:36:512:36:513:Infinity":82,"b:514:11:514:34:514:34:514:Infinity:515:12:537:Infinity":83,"f:516:31:516:36":61,"s:517:16:535:Infinity":184,"f:520:18:520:33":62,"s:521:20:521:Infinity":185,"s:522:20:522:Infinity":186,"s:523:20:523:Infinity":187,"s:524:20:524:Infinity":188,"s:525:20:525:Infinity":189,"s:526:20:526:Infinity":190,"b:533:21:533:34:533:34:534:Infinity":84,"b:539:11:539:23:539:23:539:Infinity":85,"b:540:11:540:28:540:28:540:Infinity":86,"b:544:9:544:25:544:25:566:Infinity":87,"f:547:26:547:30":63,"s:548:29:548:Infinity":191,"s:549:14:562:Infinity":192,"f:554:18:554:33":64,"s:554:33:554:Infinity":193,"b:554:50:554:55:554:55:554:59":88,"b:556:29:556:34:556:34:556:Infinity":89,"b:558:34:558:112:558:112:558:Infinity":90,"f:571:27:571:31":65,"s:572:27:572:Infinity":194,"s:573:12:587:Infinity":195,"f:578:16:578:31":66,"s:578:31:578:Infinity":196,"b:578:51:578:56:578:56:578:60":91,"b:581:22:581:Infinity:582:22:582:Infinity":92,"b:593:9:593:26:593:26:593:39:593:39:593:Infinity:594:10:623:Infinity":93,"f:597:20:597:24":67,"s:598:16:605:Infinity":197,"b:600:19:600:Infinity:601:20:605:Infinity":94,"f:601:42:601:57":68,"s:601:57:601:103":198,"f:601:57:601:65":69,"s:601:73:601:100":199,"f:601:78:601:85":70,"s:601:90:601:99":200,"b:607:15:607:Infinity:608:16:622:Infinity":95,"f:610:18:610:28":71,"s:610:33:610:Infinity":201,"f:611:18:611:29":72,"b:612:20:615:Infinity:undefined:undefined:undefined:undefined":96,"s:612:20:615:Infinity":202,"b:612:24:612:45:612:45:612:60":97,"s:613:22:613:Infinity":203,"s:614:22:614:Infinity":204,"b:628:9:628:22:628:22:628:Infinity:629:10:636:Infinity":98,"b:638:9:638:22:638:22:638:Infinity:639:10:645:Infinity":99,"f:641:12:641:27":73,"s:641:27:641:Infinity":205,"b:654:9:654:Infinity:655:10:662:Infinity":100,"b:661:22:661:43:661:43:661:Infinity":101},"fnNames":{}}}
}
